[ 2017-11-23T09:21:09+08:00 ] ::1 /Jzc/index.php/Home/shop/selected
INFO: [ app_init ] --START--
INFO: Run Behavior\BuildLiteBehavior [ RunTime:0.000000s ]
INFO: [ app_init ] --END-- [ RunTime:0.003000s ]
INFO: [ app_begin ] --START--
INFO: Run Behavior\ReadHtmlCacheBehavior [ RunTime:0.008000s ]
INFO: [ app_begin ] --END-- [ RunTime:0.008000s ]
NOTIC: [8] Undefined index: colorId D:\xampp\htdocs\Jzc\Application\Home\Controller\ShopController.class.php 第 415 行.
NOTIC: [8] Undefined index: standardId D:\xampp\htdocs\Jzc\Application\Home\Controller\ShopController.class.php 第 418 行.
NOTIC: [8] Undefined index: capacityId D:\xampp\htdocs\Jzc\Application\Home\Controller\ShopController.class.php 第 419 行.
NOTIC: [8] Undefined index: norms D:\xampp\htdocs\Jzc\Application\Home\Controller\ShopController.class.php 第 421 行.
NOTIC: [8192] mysql_connect(): The mysql extension is deprecated and will be removed in the future: use mysqli or PDO instead D:\xampp\htdocs\Jzc\ThinkPHP\Library\Think\Db\Driver\Mysql.class.php 第 52 行.
SQL: SHOW COLUMNS FROM `yaj_goodsconfig` [ RunTime:0.008000s ]
SQL: SELECT `price`,`stock`,`productimg` FROM `yaj_goodsconfig` WHERE `gid` = 2 LIMIT 1   [ RunTime:0.009000s ]
INFO: [ app_end ] --START--
INFO: Run Behavior\ShowPageTraceBehavior [ RunTime:0.027000s ]
INFO: [ app_end ] --END-- [ RunTime:0.027000s ]

[ 2017-11-23T09:51:26+08:00 ] ::1 /Jzc/index.php/Home/shop/shopping
INFO: [ app_init ] --START--
INFO: Run Behavior\BuildLiteBehavior [ RunTime:0.000000s ]
INFO: [ app_init ] --END-- [ RunTime:0.000000s ]
INFO: [ app_begin ] --START--
INFO: Run Behavior\ReadHtmlCacheBehavior [ RunTime:0.001000s ]
INFO: [ app_begin ] --END-- [ RunTime:0.001000s ]

[ 2017-11-23T09:51:49+08:00 ] ::1 /Jzc/index.php/Home/shop/shopping
INFO: [ app_init ] --START--
INFO: Run Behavior\BuildLiteBehavior [ RunTime:0.000000s ]
INFO: [ app_init ] --END-- [ RunTime:0.001000s ]
INFO: [ app_begin ] --START--
INFO: Run Behavior\ReadHtmlCacheBehavior [ RunTime:0.001000s ]
INFO: [ app_begin ] --END-- [ RunTime:0.001000s ]

[ 2017-11-23T09:51:59+08:00 ] ::1 /Jzc/index.php/Home/shop/selected
INFO: [ app_init ] --START--
INFO: Run Behavior\BuildLiteBehavior [ RunTime:0.000000s ]
INFO: [ app_init ] --END-- [ RunTime:0.000000s ]
INFO: [ app_begin ] --START--
INFO: Run Behavior\ReadHtmlCacheBehavior [ RunTime:0.000000s ]
INFO: [ app_begin ] --END-- [ RunTime:0.000000s ]

[ 2017-11-23T09:52:10+08:00 ] ::1 /Jzc/index.php/Home/shop/selected
INFO: [ app_init ] --START--
INFO: Run Behavior\BuildLiteBehavior [ RunTime:0.000000s ]
INFO: [ app_init ] --END-- [ RunTime:0.000000s ]
INFO: [ app_begin ] --START--
INFO: Run Behavior\ReadHtmlCacheBehavior [ RunTime:0.001000s ]
INFO: [ app_begin ] --END-- [ RunTime:0.001000s ]
NOTIC: [8] Undefined index: colorId D:\xampp\htdocs\Jzc\Application\Home\Controller\ShopController.class.php 第 415 行.
NOTIC: [8] Undefined index: standardId D:\xampp\htdocs\Jzc\Application\Home\Controller\ShopController.class.php 第 418 行.
NOTIC: [8] Undefined index: capacityId D:\xampp\htdocs\Jzc\Application\Home\Controller\ShopController.class.php 第 419 行.
NOTIC: [8] Undefined index: norms D:\xampp\htdocs\Jzc\Application\Home\Controller\ShopController.class.php 第 421 行.
NOTIC: [8192] mysql_connect(): The mysql extension is deprecated and will be removed in the future: use mysqli or PDO instead D:\xampp\htdocs\Jzc\ThinkPHP\Library\Think\Db\Driver\Mysql.class.php 第 52 行.
SQL: SHOW COLUMNS FROM `yaj_goodsconfig` [ RunTime:0.006000s ]
SQL: SELECT `price`,`stock`,`productimg` FROM `yaj_goodsconfig` WHERE `gid` = 2 LIMIT 1   [ RunTime:0.006000s ]
INFO: [ app_end ] --START--
INFO: Run Behavior\ShowPageTraceBehavior [ RunTime:0.001000s ]
INFO: [ app_end ] --END-- [ RunTime:0.001000s ]

[ 2017-11-23T09:52:44+08:00 ] ::1 /Jzc/index.php/Home/shop/shopping_cat
INFO: [ app_init ] --START--
INFO: Run Behavior\BuildLiteBehavior [ RunTime:0.000000s ]
INFO: [ app_init ] --END-- [ RunTime:0.001000s ]
INFO: [ app_begin ] --START--
INFO: Run Behavior\ReadHtmlCacheBehavior [ RunTime:0.000000s ]
INFO: [ app_begin ] --END-- [ RunTime:0.000000s ]

[ 2017-11-23T09:53:43+08:00 ] ::1 /Jzc/index.php/Home/shop/shopping_cat
INFO: [ app_init ] --START--
INFO: Run Behavior\BuildLiteBehavior [ RunTime:0.000000s ]
INFO: [ app_init ] --END-- [ RunTime:0.000000s ]
INFO: [ app_begin ] --START--
INFO: Run Behavior\ReadHtmlCacheBehavior [ RunTime:0.000000s ]
INFO: [ app_begin ] --END-- [ RunTime:0.000000s ]

[ 2017-11-23T09:53:51+08:00 ] ::1 /Jzc/index.php/Home/shop/shopping_cat
INFO: [ app_init ] --START--
INFO: Run Behavior\BuildLiteBehavior [ RunTime:0.000000s ]
INFO: [ app_init ] --END-- [ RunTime:0.000000s ]
INFO: [ app_begin ] --START--
INFO: Run Behavior\ReadHtmlCacheBehavior [ RunTime:0.000000s ]
INFO: [ app_begin ] --END-- [ RunTime:0.000000s ]
INFO: [ app_end ] --START--
INFO: Run Behavior\ShowPageTraceBehavior [ RunTime:0.000000s ]
INFO: [ app_end ] --END-- [ RunTime:0.000000s ]

[ 2017-11-23T09:55:25+08:00 ] ::1 /Jzc/index.php/Home/shop/shopping_cat
INFO: [ app_init ] --START--
INFO: Run Behavior\BuildLiteBehavior [ RunTime:0.000000s ]
INFO: [ app_init ] --END-- [ RunTime:0.000000s ]
INFO: [ app_begin ] --START--
INFO: Run Behavior\ReadHtmlCacheBehavior [ RunTime:0.000000s ]
INFO: [ app_begin ] --END-- [ RunTime:0.000000s ]

[ 2017-11-23T09:55:57+08:00 ] ::1 /Jzc/index.php/Home/shop/shopping_cat
INFO: [ app_init ] --START--
INFO: Run Behavior\BuildLiteBehavior [ RunTime:0.000000s ]
INFO: [ app_init ] --END-- [ RunTime:0.000000s ]
INFO: [ app_begin ] --START--
INFO: Run Behavior\ReadHtmlCacheBehavior [ RunTime:0.000000s ]
INFO: [ app_begin ] --END-- [ RunTime:0.001000s ]

[ 2017-11-23T09:56:12+08:00 ] ::1 /Jzc/index.php/Home/shop/shopping_cat
INFO: [ app_init ] --START--
INFO: Run Behavior\BuildLiteBehavior [ RunTime:0.000000s ]
INFO: [ app_init ] --END-- [ RunTime:0.000000s ]
INFO: [ app_begin ] --START--
INFO: Run Behavior\ReadHtmlCacheBehavior [ RunTime:0.000000s ]
INFO: [ app_begin ] --END-- [ RunTime:0.000000s ]
NOTIC: [8192] mysql_connect(): The mysql extension is deprecated and will be removed in the future: use mysqli or PDO instead D:\xampp\htdocs\Jzc\ThinkPHP\Library\Think\Db\Driver\Mysql.class.php 第 52 行.
SQL: SHOW COLUMNS FROM `yaj_collect` [ RunTime:0.007000s ]
SQL: SELECT * FROM `yaj_collect`  [ RunTime:0.006000s ]
INFO: [ app_end ] --START--
INFO: Run Behavior\ShowPageTraceBehavior [ RunTime:0.001000s ]
INFO: [ app_end ] --END-- [ RunTime:0.001000s ]

[ 2017-11-23T09:56:59+08:00 ] ::1 /Jzc/index.php/Home/shop/shopping_cat
INFO: [ app_init ] --START--
INFO: Run Behavior\BuildLiteBehavior [ RunTime:0.000000s ]
INFO: [ app_init ] --END-- [ RunTime:0.001000s ]
INFO: [ app_begin ] --START--
INFO: Run Behavior\ReadHtmlCacheBehavior [ RunTime:0.000000s ]
INFO: [ app_begin ] --END-- [ RunTime:0.000000s ]

[ 2017-11-23T09:57:16+08:00 ] ::1 /Jzc/index.php/Home/shop/shopping_cat
INFO: [ app_init ] --START--
INFO: Run Behavior\BuildLiteBehavior [ RunTime:0.000000s ]
INFO: [ app_init ] --END-- [ RunTime:0.000000s ]
INFO: [ app_begin ] --START--
INFO: Run Behavior\ReadHtmlCacheBehavior [ RunTime:0.001000s ]
INFO: [ app_begin ] --END-- [ RunTime:0.001000s ]
NOTIC: [8192] mysql_connect(): The mysql extension is deprecated and will be removed in the future: use mysqli or PDO instead D:\xampp\htdocs\Jzc\ThinkPHP\Library\Think\Db\Driver\Mysql.class.php 第 52 行.
SQL: SHOW COLUMNS FROM `yaj_collect` [ RunTime:0.006000s ]
SQL: SELECT * FROM `yaj_collect` WHERE `uid` = 54  [ RunTime:0.006000s ]
INFO: [ app_end ] --START--
INFO: Run Behavior\ShowPageTraceBehavior [ RunTime:0.000000s ]
INFO: [ app_end ] --END-- [ RunTime:0.000000s ]

[ 2017-11-23T09:57:31+08:00 ] ::1 /Jzc/index.php/Home/shop/shopping_cat
INFO: [ app_init ] --START--
INFO: Run Behavior\BuildLiteBehavior [ RunTime:0.000000s ]
INFO: [ app_init ] --END-- [ RunTime:0.000000s ]
INFO: [ app_begin ] --START--
INFO: Run Behavior\ReadHtmlCacheBehavior [ RunTime:0.001000s ]
INFO: [ app_begin ] --END-- [ RunTime:0.001000s ]
NOTIC: [8192] mysql_connect(): The mysql extension is deprecated and will be removed in the future: use mysqli or PDO instead D:\xampp\htdocs\Jzc\ThinkPHP\Library\Think\Db\Driver\Mysql.class.php 第 52 行.
SQL: SHOW COLUMNS FROM `yaj_collect` [ RunTime:0.006000s ]
SQL: SELECT * FROM `yaj_collect` WHERE `uid` = 54 AND `type` = 4  [ RunTime:0.007000s ]
INFO: [ app_end ] --START--
INFO: Run Behavior\ShowPageTraceBehavior [ RunTime:0.000000s ]
INFO: [ app_end ] --END-- [ RunTime:0.000000s ]

[ 2017-11-23T09:57:44+08:00 ] ::1 /Jzc/index.php/Home/shop/shopping_cat
INFO: [ app_init ] --START--
INFO: Run Behavior\BuildLiteBehavior [ RunTime:0.000000s ]
INFO: [ app_init ] --END-- [ RunTime:0.001000s ]
INFO: [ app_begin ] --START--
INFO: Run Behavior\ReadHtmlCacheBehavior [ RunTime:0.000000s ]
INFO: [ app_begin ] --END-- [ RunTime:0.000000s ]
NOTIC: [8192] mysql_connect(): The mysql extension is deprecated and will be removed in the future: use mysqli or PDO instead D:\xampp\htdocs\Jzc\ThinkPHP\Library\Think\Db\Driver\Mysql.class.php 第 52 行.
SQL: SHOW COLUMNS FROM `yaj_collect` [ RunTime:0.006000s ]
SQL: SELECT `collect_id` FROM `yaj_collect` WHERE `uid` = 54 AND `type` = 4  [ RunTime:0.005000s ]
INFO: [ app_end ] --START--
INFO: Run Behavior\ShowPageTraceBehavior [ RunTime:0.001000s ]
INFO: [ app_end ] --END-- [ RunTime:0.001000s ]

[ 2017-11-23T10:00:31+08:00 ] ::1 /Jzc/index.php/Home/shop/shopping_cat
INFO: [ app_init ] --START--
INFO: Run Behavior\BuildLiteBehavior [ RunTime:0.000000s ]
INFO: [ app_init ] --END-- [ RunTime:0.000000s ]
INFO: [ app_begin ] --START--
INFO: Run Behavior\ReadHtmlCacheBehavior [ RunTime:0.000000s ]
INFO: [ app_begin ] --END-- [ RunTime:0.000000s ]
NOTIC: [8192] mysql_connect(): The mysql extension is deprecated and will be removed in the future: use mysqli or PDO instead D:\xampp\htdocs\Jzc\ThinkPHP\Library\Think\Db\Driver\Mysql.class.php 第 52 行.
SQL: SHOW COLUMNS FROM `yaj_collect` [ RunTime:0.006000s ]
SQL: SELECT `collect_id` FROM `yaj_collect` WHERE `uid` = 54 AND `type` = 4  [ RunTime:0.005000s ]

[ 2017-11-23T10:01:29+08:00 ] ::1 /Jzc/index.php/Home/shop/shopping_cat
INFO: [ app_init ] --START--
INFO: Run Behavior\BuildLiteBehavior [ RunTime:0.000000s ]
INFO: [ app_init ] --END-- [ RunTime:0.000000s ]
INFO: [ app_begin ] --START--
INFO: Run Behavior\ReadHtmlCacheBehavior [ RunTime:0.001000s ]
INFO: [ app_begin ] --END-- [ RunTime:0.001000s ]
NOTIC: [8192] mysql_connect(): The mysql extension is deprecated and will be removed in the future: use mysqli or PDO instead D:\xampp\htdocs\Jzc\ThinkPHP\Library\Think\Db\Driver\Mysql.class.php 第 52 行.
SQL: SHOW COLUMNS FROM `yaj_collect` [ RunTime:0.006000s ]
SQL: SELECT `collect_id` FROM `yaj_collect` WHERE `uid` = 54 AND `type` = 4  [ RunTime:0.006000s ]
SQL: SHOW COLUMNS FROM `yaj_goods` [ RunTime:0.007000s ]
SQL: SELECT * FROM `yaj_goods` WHERE `id` = 3  [ RunTime:0.009000s ]
SQL: SELECT * FROM `yaj_goods` WHERE `id` = 5  [ RunTime:0.008000s ]
SQL: SELECT * FROM `yaj_goods` WHERE `id` = 6  [ RunTime:0.006000s ]
INFO: [ app_end ] --START--
INFO: Run Behavior\ShowPageTraceBehavior [ RunTime:0.001000s ]
INFO: [ app_end ] --END-- [ RunTime:0.001000s ]

[ 2017-11-23T10:01:53+08:00 ] ::1 /Jzc/index.php/Home/shop/shopping_cat
INFO: [ app_init ] --START--
INFO: Run Behavior\BuildLiteBehavior [ RunTime:0.000000s ]
INFO: [ app_init ] --END-- [ RunTime:0.000000s ]
INFO: [ app_begin ] --START--
INFO: Run Behavior\ReadHtmlCacheBehavior [ RunTime:0.001000s ]
INFO: [ app_begin ] --END-- [ RunTime:0.001000s ]
NOTIC: [8192] mysql_connect(): The mysql extension is deprecated and will be removed in the future: use mysqli or PDO instead D:\xampp\htdocs\Jzc\ThinkPHP\Library\Think\Db\Driver\Mysql.class.php 第 52 行.
SQL: SHOW COLUMNS FROM `yaj_collect` [ RunTime:0.007000s ]
SQL: SELECT `collect_id` FROM `yaj_collect` WHERE `uid` = 54 AND `type` = 4  [ RunTime:0.006000s ]
SQL: SHOW COLUMNS FROM `yaj_goods` [ RunTime:0.006000s ]
SQL: SELECT * FROM `yaj_goods` WHERE `id` = 3  [ RunTime:0.006000s ]
SQL: SELECT * FROM `yaj_goods` WHERE `id` = 5  [ RunTime:0.006000s ]
SQL: SELECT * FROM `yaj_goods` WHERE `id` = 6  [ RunTime:0.007000s ]
INFO: [ app_end ] --START--
INFO: Run Behavior\ShowPageTraceBehavior [ RunTime:0.001000s ]
INFO: [ app_end ] --END-- [ RunTime:0.001000s ]

[ 2017-11-23T10:02:07+08:00 ] ::1 /Jzc/index.php/Home/shop/shopping_cat
INFO: [ app_init ] --START--
INFO: Run Behavior\BuildLiteBehavior [ RunTime:0.000000s ]
INFO: [ app_init ] --END-- [ RunTime:0.000000s ]
INFO: [ app_begin ] --START--
INFO: Run Behavior\ReadHtmlCacheBehavior [ RunTime:0.001000s ]
INFO: [ app_begin ] --END-- [ RunTime:0.001000s ]
NOTIC: [8192] mysql_connect(): The mysql extension is deprecated and will be removed in the future: use mysqli or PDO instead D:\xampp\htdocs\Jzc\ThinkPHP\Library\Think\Db\Driver\Mysql.class.php 第 52 行.
SQL: SHOW COLUMNS FROM `yaj_collect` [ RunTime:0.006000s ]
SQL: SELECT `collect_id` FROM `yaj_collect` WHERE `uid` = 54 AND `type` = 4  [ RunTime:0.006000s ]
SQL: SHOW COLUMNS FROM `yaj_goods` [ RunTime:0.007000s ]
SQL: SELECT * FROM `yaj_goods` WHERE `id` = 3  [ RunTime:0.006000s ]
SQL: SELECT * FROM `yaj_goods` WHERE `id` = 5  [ RunTime:0.006000s ]
SQL: SELECT * FROM `yaj_goods` WHERE `id` = 6  [ RunTime:0.010000s ]
INFO: [ app_end ] --START--
INFO: Run Behavior\ShowPageTraceBehavior [ RunTime:0.000000s ]
INFO: [ app_end ] --END-- [ RunTime:0.000000s ]

[ 2017-11-23T10:13:04+08:00 ] ::1 /Jzc/index.php/Home/shop/shopping_cat
INFO: [ app_init ] --START--
INFO: Run Behavior\BuildLiteBehavior [ RunTime:0.000000s ]
INFO: [ app_init ] --END-- [ RunTime:0.001000s ]
INFO: [ app_begin ] --START--
INFO: Run Behavior\ReadHtmlCacheBehavior [ RunTime:0.001000s ]
INFO: [ app_begin ] --END-- [ RunTime:0.001000s ]
NOTIC: [8192] mysql_connect(): The mysql extension is deprecated and will be removed in the future: use mysqli or PDO instead D:\xampp\htdocs\Jzc\ThinkPHP\Library\Think\Db\Driver\Mysql.class.php 第 52 行.
SQL: SHOW COLUMNS FROM `yaj_collect` [ RunTime:0.006000s ]
SQL: SELECT `collect_id` FROM `yaj_collect` WHERE `uid` = 54 AND `type` = 4  [ RunTime:0.005000s ]
SQL: SHOW COLUMNS FROM `yaj_goods` [ RunTime:0.009000s ]
SQL: SELECT `id`,`name`,`img`,`promote_price`,`price` FROM `yaj_goods` WHERE `id` = 3  [ RunTime:0.006000s ]
SQL: SELECT `id`,`name`,`img`,`promote_price`,`price` FROM `yaj_goods` WHERE `id` = 5  [ RunTime:0.006000s ]
SQL: SELECT `id`,`name`,`img`,`promote_price`,`price` FROM `yaj_goods` WHERE `id` = 6  [ RunTime:0.006000s ]
INFO: [ app_end ] --START--
INFO: Run Behavior\ShowPageTraceBehavior [ RunTime:0.001000s ]
INFO: [ app_end ] --END-- [ RunTime:0.001000s ]

[ 2017-11-23T14:25:11+08:00 ] ::1 /Jzc/index.php/Home/shop/goodslist
INFO: [ app_init ] --START--
INFO: Run Behavior\BuildLiteBehavior [ RunTime:0.000000s ]
INFO: [ app_init ] --END-- [ RunTime:0.001000s ]
INFO: [ app_begin ] --START--
INFO: Run Behavior\ReadHtmlCacheBehavior [ RunTime:0.001000s ]
INFO: [ app_begin ] --END-- [ RunTime:0.001000s ]
NOTIC: [8] Undefined index: page D:\xampp\htdocs\Jzc\Application\Home\Controller\ShopController.class.php 第 200 行.
NOTIC: [8] Undefined index: type D:\xampp\htdocs\Jzc\Application\Home\Controller\ShopController.class.php 第 201 行.
NOTIC: [8] Undefined index: search D:\xampp\htdocs\Jzc\Application\Home\Controller\ShopController.class.php 第 204 行.
NOTIC: [8] Undefined index: id D:\xampp\htdocs\Jzc\Application\Home\Controller\ShopController.class.php 第 238 行.
NOTIC: [8192] mysql_connect(): The mysql extension is deprecated and will be removed in the future: use mysqli or PDO instead D:\xampp\htdocs\Jzc\ThinkPHP\Library\Think\Db\Driver\Mysql.class.php 第 52 行.
SQL: SHOW COLUMNS FROM `yaj_goods` [ RunTime:0.007000s ]
SQL: SELECT `id`,`name`,`img`,`promote_price`,`price` FROM `yaj_goods` WHERE `state` = 1 ORDER BY is_best desc,add_time desc LIMIT 0,15   [ RunTime:0.007000s ]
SQL: SELECT `id`,`name`,`img`,`promote_price`,`price` FROM `yaj_goods` WHERE `state` = 1 ORDER BY is_best desc,add_time desc,sales desc LIMIT 0,15   [ RunTime:0.006000s ]
NOTIC: [8] Undefined index: asc D:\xampp\htdocs\Jzc\Application\Home\Controller\ShopController.class.php 第 247 行.
SQL: SELECT COUNT(*) AS tp_count FROM `yaj_goods` WHERE `state` = 1 LIMIT 1   [ RunTime:0.006000s ]
INFO: [ app_end ] --START--
INFO: Run Behavior\ShowPageTraceBehavior [ RunTime:0.002000s ]
INFO: [ app_end ] --END-- [ RunTime:0.002000s ]

[ 2017-11-23T14:31:34+08:00 ] ::1 /Jzc/index.php/Home/shop/goodslist
INFO: [ app_init ] --START--
INFO: Run Behavior\BuildLiteBehavior [ RunTime:0.000000s ]
INFO: [ app_init ] --END-- [ RunTime:0.000000s ]
INFO: [ app_begin ] --START--
INFO: Run Behavior\ReadHtmlCacheBehavior [ RunTime:0.000000s ]
INFO: [ app_begin ] --END-- [ RunTime:0.000000s ]
NOTIC: [8] Undefined index: page D:\xampp\htdocs\Jzc\Application\Home\Controller\ShopController.class.php 第 200 行.
NOTIC: [8] Undefined index: type D:\xampp\htdocs\Jzc\Application\Home\Controller\ShopController.class.php 第 201 行.
NOTIC: [8] Undefined index: search D:\xampp\htdocs\Jzc\Application\Home\Controller\ShopController.class.php 第 204 行.
NOTIC: [8192] mysql_connect(): The mysql extension is deprecated and will be removed in the future: use mysqli or PDO instead D:\xampp\htdocs\Jzc\ThinkPHP\Library\Think\Db\Driver\Mysql.class.php 第 52 行.
SQL: SHOW COLUMNS FROM `yaj_goods` [ RunTime:0.007000s ]
SQL: SELECT `id`,`name`,`img`,`promote_price`,`price` FROM `yaj_goods` WHERE `state` = 1 AND `root_id` = 2 ORDER BY is_best desc,add_time desc LIMIT 0,15   [ RunTime:0.008000s ]
SQL: SELECT `id`,`name`,`img`,`promote_price`,`price` FROM `yaj_goods` WHERE `state` = 1 AND `root_id` = 2 ORDER BY is_best desc,add_time desc,sales desc LIMIT 0,15   [ RunTime:0.006000s ]
NOTIC: [8] Undefined index: asc D:\xampp\htdocs\Jzc\Application\Home\Controller\ShopController.class.php 第 247 行.
NOTIC: [2] Invalid argument supplied for foreach() D:\xampp\htdocs\Jzc\Application\Home\Controller\ShopController.class.php 第 250 行.
SQL: SELECT COUNT(*) AS tp_count FROM `yaj_goods` WHERE `state` = 1 AND `root_id` = 2 LIMIT 1   [ RunTime:0.006000s ]
INFO: [ app_end ] --START--
INFO: Run Behavior\ShowPageTraceBehavior [ RunTime:0.001000s ]
INFO: [ app_end ] --END-- [ RunTime:0.001000s ]

[ 2017-11-23T14:33:48+08:00 ] ::1 /Jzc/index.php/Home/shop/goodslist
INFO: [ app_init ] --START--
INFO: Run Behavior\BuildLiteBehavior [ RunTime:0.000000s ]
INFO: [ app_init ] --END-- [ RunTime:0.000000s ]
INFO: [ app_begin ] --START--
INFO: Run Behavior\ReadHtmlCacheBehavior [ RunTime:0.000000s ]
INFO: [ app_begin ] --END-- [ RunTime:0.000000s ]
NOTIC: [8] Undefined index: page D:\xampp\htdocs\Jzc\Application\Home\Controller\ShopController.class.php 第 200 行.
NOTIC: [8] Undefined index: type D:\xampp\htdocs\Jzc\Application\Home\Controller\ShopController.class.php 第 201 行.
NOTIC: [8] Undefined index: search D:\xampp\htdocs\Jzc\Application\Home\Controller\ShopController.class.php 第 204 行.
NOTIC: [8192] mysql_connect(): The mysql extension is deprecated and will be removed in the future: use mysqli or PDO instead D:\xampp\htdocs\Jzc\ThinkPHP\Library\Think\Db\Driver\Mysql.class.php 第 52 行.
SQL: SHOW COLUMNS FROM `yaj_goods` [ RunTime:0.006000s ]
SQL: SELECT `id`,`name`,`img`,`promote_price`,`price` FROM `yaj_goods` WHERE `state` = 1 AND `root_id` = 8 ORDER BY is_best desc,add_time desc LIMIT 0,15   [ RunTime:0.005000s ]
SQL: SELECT `id`,`name`,`img`,`promote_price`,`price` FROM `yaj_goods` WHERE `state` = 1 AND `root_id` = 8 ORDER BY is_best desc,add_time desc,sales desc LIMIT 0,15   [ RunTime:0.006000s ]
NOTIC: [8] Undefined index: asc D:\xampp\htdocs\Jzc\Application\Home\Controller\ShopController.class.php 第 247 行.
SQL: SELECT COUNT(*) AS tp_count FROM `yaj_goods` WHERE `state` = 1 AND `root_id` = 8 LIMIT 1   [ RunTime:0.005000s ]
INFO: [ app_end ] --START--
INFO: Run Behavior\ShowPageTraceBehavior [ RunTime:0.002000s ]
INFO: [ app_end ] --END-- [ RunTime:0.002000s ]

[ 2017-11-23T15:16:15+08:00 ] 192.168.31.96 /Jzc/index.php/home/share/calssify
INFO: [ app_init ] --START--
INFO: Run Behavior\BuildLiteBehavior [ RunTime:0.000000s ]
INFO: [ app_init ] --END-- [ RunTime:0.000000s ]
INFO: [ app_begin ] --START--
INFO: Run Behavior\ReadHtmlCacheBehavior [ RunTime:0.001000s ]
INFO: [ app_begin ] --END-- [ RunTime:0.001000s ]
NOTIC: [8192] mysql_connect(): The mysql extension is deprecated and will be removed in the future: use mysqli or PDO instead D:\xampp\htdocs\Jzc\ThinkPHP\Library\Think\Db\Driver\Mysql.class.php 第 52 行.
SQL: SHOW COLUMNS FROM `yaj_share_calssify` [ RunTime:0.006000s ]
SQL: SELECT `name`,`type` FROM `yaj_share_calssify`  [ RunTime:0.005000s ]
INFO: [ app_end ] --START--
INFO: Run Behavior\ShowPageTraceBehavior [ RunTime:0.001000s ]
INFO: [ app_end ] --END-- [ RunTime:0.001000s ]

[ 2017-11-23T15:32:15+08:00 ] ::1 /Jzc/index.php/Home/share/calssify
INFO: [ app_init ] --START--
INFO: Run Behavior\BuildLiteBehavior [ RunTime:0.000000s ]
INFO: [ app_init ] --END-- [ RunTime:0.000000s ]
INFO: [ app_begin ] --START--
INFO: Run Behavior\ReadHtmlCacheBehavior [ RunTime:0.000000s ]
INFO: [ app_begin ] --END-- [ RunTime:0.000000s ]
NOTIC: [8192] mysql_connect(): The mysql extension is deprecated and will be removed in the future: use mysqli or PDO instead D:\xampp\htdocs\Jzc\ThinkPHP\Library\Think\Db\Driver\Mysql.class.php 第 52 行.
SQL: SHOW COLUMNS FROM `yaj_share_calssify` [ RunTime:0.006000s ]
SQL: SELECT `name`,`type` FROM `yaj_share_calssify`  [ RunTime:0.006000s ]
INFO: [ app_end ] --START--
INFO: Run Behavior\ShowPageTraceBehavior [ RunTime:0.002000s ]
INFO: [ app_end ] --END-- [ RunTime:0.002000s ]

[ 2017-11-23T15:36:45+08:00 ] 192.168.31.96 /Jzc/index.php/home/shop/index
INFO: [ app_init ] --START--
INFO: Run Behavior\BuildLiteBehavior [ RunTime:0.000000s ]
INFO: [ app_init ] --END-- [ RunTime:0.001000s ]
INFO: [ app_begin ] --START--
INFO: Run Behavior\ReadHtmlCacheBehavior [ RunTime:0.001000s ]
INFO: [ app_begin ] --END-- [ RunTime:0.001000s ]
NOTIC: [8] Undefined index: page D:\xampp\htdocs\Jzc\Application\Home\Controller\ShopController.class.php 第 14 行.
NOTIC: [8192] mysql_connect(): The mysql extension is deprecated and will be removed in the future: use mysqli or PDO instead D:\xampp\htdocs\Jzc\ThinkPHP\Library\Think\Db\Driver\Mysql.class.php 第 52 行.
SQL: SHOW COLUMNS FROM `yaj_goods_banner` [ RunTime:0.006000s ]
SQL: SELECT `img` FROM `yaj_goods_banner` WHERE `type` = 1 LIMIT 1   [ RunTime:0.007000s ]
SQL: SHOW COLUMNS FROM `yaj_classify` [ RunTime:0.007000s ]
SQL: SELECT `id`,`name`,`img` FROM `yaj_classify` WHERE `pid` = 0 AND `state` = 1 AND `is_show` = 1 LIMIT 3   [ RunTime:0.006000s ]
SQL: SELECT `id`,`img` FROM `yaj_goods_banner` WHERE `type` = 2 AND `state` = 1 ORDER BY addtime  [ RunTime:0.007000s ]
SQL: SHOW COLUMNS FROM `yaj_goods_make` [ RunTime:0.012000s ]
SQL: SELECT `id`,`img`,`price`,`unit`,`name`,`brand` FROM `yaj_goods_make` WHERE `state` = 1 ORDER BY addtime  [ RunTime:0.006000s ]
SQL: SHOW COLUMNS FROM `yaj_collect` [ RunTime:0.007000s ]
NOTIC: [8] Undefined index: uid D:\xampp\htdocs\Jzc\Application\Home\Controller\ShopController.class.php 第 35 行.
SQL: SELECT `collect_id` FROM `yaj_collect` WHERE `uid` = null AND `type` = 4 LIMIT 3   [ RunTime:0.006000s ]
NOTIC: [8] Undefined variable: map D:\xampp\htdocs\Jzc\Application\Home\Controller\ShopController.class.php 第 45 行.
SQL: SELECT count(*) as count,`collect_id` FROM `yaj_collect` GROUP BY collect_id ORDER BY count desc LIMIT 3   [ RunTime:0.007000s ]
NOTIC: [2] Invalid argument supplied for foreach() D:\xampp\htdocs\Jzc\Application\Home\Controller\ShopController.class.php 第 46 行.
SQL: SHOW COLUMNS FROM `yaj_goods` [ RunTime:0.008000s ]
SQL: SELECT `id` FROM `yaj_goods` WHERE `state` = 1 AND `id` = 3  [ RunTime:0.006000s ]
SQL: SELECT `id` FROM `yaj_goods` WHERE `state` = 1 AND `id` = 5  [ RunTime:0.007000s ]
SQL: SELECT `id` FROM `yaj_goods` WHERE `state` = 1 AND `id` = 6  [ RunTime:0.006000s ]
SQL: SELECT `collect_id` FROM `yaj_collect`  [ RunTime:0.007000s ]
SQL: SELECT `id` FROM `yaj_goods` WHERE `id` NOT IN ('1','2','3','5','3','3','6','5')  [ RunTime:0.006000s ]
SQL: SELECT `id`,`name`,`presentation`,`price`,`classifyId` FROM `yaj_goods` WHERE `id` = 3 LIMIT 0,5   [ RunTime:0.007000s ]
SQL: SELECT `id`,`name`,`presentation`,`price`,`classifyId` FROM `yaj_goods` WHERE `id` = 5 LIMIT 0,5   [ RunTime:0.006000s ]
SQL: SELECT `id`,`name`,`presentation`,`price`,`classifyId` FROM `yaj_goods` WHERE `id` = 6 LIMIT 0,5   [ RunTime:0.006000s ]
SQL: SELECT `id`,`name`,`presentation`,`price`,`classifyId` FROM `yaj_goods` WHERE `id` = 4 LIMIT 0,5   [ RunTime:0.008000s ]
SQL: SELECT `id`,`name`,`presentation`,`price`,`classifyId` FROM `yaj_goods` WHERE `id` = 7 LIMIT 0,5   [ RunTime:0.007000s ]
SQL: SELECT `id`,`name`,`presentation`,`price`,`classifyId` FROM `yaj_goods` WHERE `id` = 8 LIMIT 0,5   [ RunTime:0.006000s ]
SQL: SELECT `name` FROM `yaj_classify` WHERE `id` = 33 LIMIT 1   [ RunTime:0.016000s ]
SQL: SELECT `name` FROM `yaj_classify` WHERE `id` = 33 LIMIT 1   [ RunTime:0.006000s ]
SQL: SELECT `name` FROM `yaj_classify` WHERE `id` = 33 LIMIT 1   [ RunTime:0.006000s ]
SQL: SELECT `name` FROM `yaj_classify` WHERE `id` = 33 LIMIT 1   [ RunTime:0.007000s ]
SQL: SELECT `name` FROM `yaj_classify` WHERE `id` = 33 LIMIT 1   [ RunTime:0.006000s ]
SQL: SELECT `name` FROM `yaj_classify` WHERE `id` = 33 LIMIT 1   [ RunTime:0.006000s ]
INFO: [ app_end ] --START--
INFO: Run Behavior\ShowPageTraceBehavior [ RunTime:0.001000s ]
INFO: [ app_end ] --END-- [ RunTime:0.001000s ]

[ 2017-11-23T16:29:28+08:00 ] ::1 /Jzc/index.php/Home/share/share_show
INFO: [ app_init ] --START--
INFO: Run Behavior\BuildLiteBehavior [ RunTime:0.000000s ]
INFO: [ app_init ] --END-- [ RunTime:0.000000s ]
INFO: [ app_begin ] --START--
INFO: Run Behavior\ReadHtmlCacheBehavior [ RunTime:0.000000s ]
INFO: [ app_begin ] --END-- [ RunTime:0.000000s ]
NOTIC: [8] Undefined index: search D:\xampp\htdocs\Jzc\Application\Home\Controller\ShareController.class.php 第 76 行.
NOTIC: [8] Undefined index: name D:\xampp\htdocs\Jzc\Application\Home\Controller\ShareController.class.php 第 84 行.
NOTIC: [8] Undefined index: name D:\xampp\htdocs\Jzc\Application\Home\Controller\ShareController.class.php 第 128 行.
NOTIC: [8192] mysql_connect(): The mysql extension is deprecated and will be removed in the future: use mysqli or PDO instead D:\xampp\htdocs\Jzc\ThinkPHP\Library\Think\Db\Driver\Mysql.class.php 第 52 行.
SQL: SHOW COLUMNS FROM `yaj_share` [ RunTime:0.005000s ]
NOTIC: [8] Undefined index: name D:\xampp\htdocs\Jzc\Application\Home\Controller\ShareController.class.php 第 136 行.
SQL: SELECT `id`,`uid`,`title`,`content`,`addtime`,`label`,`type`,`praise`,`help` FROM `yaj_share` WHERE `type` = null ORDER BY addtime desc LIMIT 0,5   [ RunTime:0.005000s ]
NOTIC: [2] Invalid argument supplied for foreach() D:\xampp\htdocs\Jzc\Application\Home\Controller\ShareController.class.php 第 142 行.
NOTIC: [2] Invalid argument supplied for foreach() D:\xampp\htdocs\Jzc\Application\Home\Controller\ShareController.class.php 第 148 行.
INFO: [ app_end ] --START--
INFO: Run Behavior\ShowPageTraceBehavior [ RunTime:0.000000s ]
INFO: [ app_end ] --END-- [ RunTime:0.001000s ]

[ 2017-11-23T16:30:27+08:00 ] ::1 /Jzc/index.php/Home/share/share_show
INFO: [ app_init ] --START--
INFO: Run Behavior\BuildLiteBehavior [ RunTime:0.000000s ]
INFO: [ app_init ] --END-- [ RunTime:0.000000s ]
INFO: [ app_begin ] --START--
INFO: Run Behavior\ReadHtmlCacheBehavior [ RunTime:0.001000s ]
INFO: [ app_begin ] --END-- [ RunTime:0.001000s ]
NOTIC: [8] Undefined index: search D:\xampp\htdocs\Jzc\Application\Home\Controller\ShareController.class.php 第 76 行.
NOTIC: [8] Undefined index: name D:\xampp\htdocs\Jzc\Application\Home\Controller\ShareController.class.php 第 84 行.
NOTIC: [8] Undefined index: name D:\xampp\htdocs\Jzc\Application\Home\Controller\ShareController.class.php 第 128 行.
NOTIC: [8192] mysql_connect(): The mysql extension is deprecated and will be removed in the future: use mysqli or PDO instead D:\xampp\htdocs\Jzc\ThinkPHP\Library\Think\Db\Driver\Mysql.class.php 第 52 行.
SQL: SHOW COLUMNS FROM `yaj_share` [ RunTime:0.006000s ]
NOTIC: [8] Undefined index: name D:\xampp\htdocs\Jzc\Application\Home\Controller\ShareController.class.php 第 136 行.
SQL: SELECT `id`,`uid`,`title`,`content`,`addtime`,`label`,`type`,`praise`,`help` FROM `yaj_share` WHERE `type` = null ORDER BY addtime desc LIMIT 0,5   [ RunTime:0.006000s ]
NOTIC: [2] Invalid argument supplied for foreach() D:\xampp\htdocs\Jzc\Application\Home\Controller\ShareController.class.php 第 142 行.
NOTIC: [2] Invalid argument supplied for foreach() D:\xampp\htdocs\Jzc\Application\Home\Controller\ShareController.class.php 第 148 行.
INFO: [ app_end ] --START--
INFO: Run Behavior\ShowPageTraceBehavior [ RunTime:0.002000s ]
INFO: [ app_end ] --END-- [ RunTime:0.002000s ]

[ 2017-11-23T16:30:41+08:00 ] ::1 /Jzc/index.php/Home/share/share_show
INFO: [ app_init ] --START--
INFO: Run Behavior\BuildLiteBehavior [ RunTime:0.000000s ]
INFO: [ app_init ] --END-- [ RunTime:0.000000s ]
INFO: [ app_begin ] --START--
INFO: Run Behavior\ReadHtmlCacheBehavior [ RunTime:0.001000s ]
INFO: [ app_begin ] --END-- [ RunTime:0.001000s ]
NOTIC: [8] Undefined index: search D:\xampp\htdocs\Jzc\Application\Home\Controller\ShareController.class.php 第 76 行.
NOTIC: [8192] mysql_connect(): The mysql extension is deprecated and will be removed in the future: use mysqli or PDO instead D:\xampp\htdocs\Jzc\ThinkPHP\Library\Think\Db\Driver\Mysql.class.php 第 52 行.
SQL: SHOW COLUMNS FROM `yaj_share_num` [ RunTime:0.006000s ]
SQL: SELECT `label` FROM `yaj_share_num` WHERE `uid` = 22 ORDER BY num desc LIMIT 9   [ RunTime:0.005000s ]
SQL: SHOW COLUMNS FROM `yaj_share` [ RunTime:0.005000s ]
NOTIC: [8] Undefined variable: map D:\xampp\htdocs\Jzc\Application\Home\Controller\ShareController.class.php 第 88 行.
SQL: SELECT `id`,`label` FROM `yaj_share` ORDER BY addtime desc  [ RunTime:0.004000s ]
NOTIC: [2] Invalid argument supplied for foreach() D:\xampp\htdocs\Jzc\Application\Home\Controller\ShareController.class.php 第 94 行.
NOTIC: [2] Invalid argument supplied for foreach() D:\xampp\htdocs\Jzc\Application\Home\Controller\ShareController.class.php 第 94 行.
NOTIC: [2] Invalid argument supplied for foreach() D:\xampp\htdocs\Jzc\Application\Home\Controller\ShareController.class.php 第 94 行.
NOTIC: [2] Invalid argument supplied for foreach() D:\xampp\htdocs\Jzc\Application\Home\Controller\ShareController.class.php 第 94 行.
NOTIC: [2] Invalid argument supplied for foreach() D:\xampp\htdocs\Jzc\Application\Home\Controller\ShareController.class.php 第 94 行.
NOTIC: [2] Invalid argument supplied for foreach() D:\xampp\htdocs\Jzc\Application\Home\Controller\ShareController.class.php 第 94 行.
NOTIC: [2] Invalid argument supplied for foreach() D:\xampp\htdocs\Jzc\Application\Home\Controller\ShareController.class.php 第 94 行.
NOTIC: [2] Invalid argument supplied for foreach() D:\xampp\htdocs\Jzc\Application\Home\Controller\ShareController.class.php 第 94 行.
NOTIC: [2] Invalid argument supplied for foreach() D:\xampp\htdocs\Jzc\Application\Home\Controller\ShareController.class.php 第 94 行.
NOTIC: [2] Invalid argument supplied for foreach() D:\xampp\htdocs\Jzc\Application\Home\Controller\ShareController.class.php 第 94 行.
NOTIC: [2] Invalid argument supplied for foreach() D:\xampp\htdocs\Jzc\Application\Home\Controller\ShareController.class.php 第 94 行.
NOTIC: [2] Invalid argument supplied for foreach() D:\xampp\htdocs\Jzc\Application\Home\Controller\ShareController.class.php 第 94 行.
NOTIC: [2] Invalid argument supplied for foreach() D:\xampp\htdocs\Jzc\Application\Home\Controller\ShareController.class.php 第 94 行.
NOTIC: [2] Invalid argument supplied for foreach() D:\xampp\htdocs\Jzc\Application\Home\Controller\ShareController.class.php 第 94 行.
NOTIC: [8] Undefined variable: id D:\xampp\htdocs\Jzc\Application\Home\Controller\ShareController.class.php 第 107 行.
SQL: SELECT `id`,`uid`,`title`,`content`,`addtime`,`label`,`type`,`praise`,`help` FROM `yaj_share` WHERE `id` = 16 LIMIT 1   [ RunTime:0.004000s ]
NOTIC: [8] Undefined variable: value D:\xampp\htdocs\Jzc\Application\Home\Controller\ShareController.class.php 第 117 行.
SQL: SELECT `id`,`uid`,`title`,`content`,`addtime`,`label`,`type`,`praise`,`help` FROM `yaj_share` WHERE `id` = 15 LIMIT 1   [ RunTime:0.004000s ]
SQL: SELECT `id`,`uid`,`title`,`content`,`addtime`,`label`,`type`,`praise`,`help` FROM `yaj_share` WHERE `id` = 14 LIMIT 1   [ RunTime:0.005000s ]
SQL: SELECT `id`,`uid`,`title`,`content`,`addtime`,`label`,`type`,`praise`,`help` FROM `yaj_share` WHERE `id` = 13 LIMIT 1   [ RunTime:0.005000s ]
SQL: SELECT `id`,`uid`,`title`,`content`,`addtime`,`label`,`type`,`praise`,`help` FROM `yaj_share` WHERE `id` = 12 LIMIT 1   [ RunTime:0.005000s ]
SQL: SELECT `id`,`uid`,`title`,`content`,`addtime`,`label`,`type`,`praise`,`help` FROM `yaj_share` WHERE `id` = 11 LIMIT 1   [ RunTime:0.013000s ]
SQL: SELECT `id`,`uid`,`title`,`content`,`addtime`,`label`,`type`,`praise`,`help` FROM `yaj_share` WHERE `id` = 10 LIMIT 1   [ RunTime:0.006000s ]
SQL: SELECT `id`,`uid`,`title`,`content`,`addtime`,`label`,`type`,`praise`,`help` FROM `yaj_share` WHERE `id` = 9 LIMIT 1   [ RunTime:0.006000s ]
SQL: SELECT `id`,`uid`,`title`,`content`,`addtime`,`label`,`type`,`praise`,`help` FROM `yaj_share` WHERE `id` = 8 LIMIT 1   [ RunTime:0.005000s ]
SQL: SELECT `id`,`uid`,`title`,`content`,`addtime`,`label`,`type`,`praise`,`help` FROM `yaj_share` WHERE `id` = 7 LIMIT 1   [ RunTime:0.005000s ]
SQL: SELECT `id`,`uid`,`title`,`content`,`addtime`,`label`,`type`,`praise`,`help` FROM `yaj_share` WHERE `id` = 6 LIMIT 1   [ RunTime:0.010000s ]
SQL: SELECT `id`,`uid`,`title`,`content`,`addtime`,`label`,`type`,`praise`,`help` FROM `yaj_share` WHERE `id` = 5 LIMIT 1   [ RunTime:0.006000s ]
SQL: SELECT `id`,`uid`,`title`,`content`,`addtime`,`label`,`type`,`praise`,`help` FROM `yaj_share` WHERE `id` = 2 LIMIT 1   [ RunTime:0.007000s ]
SQL: SELECT `id`,`uid`,`title`,`content`,`addtime`,`label`,`type`,`praise`,`help` FROM `yaj_share` WHERE `id` = 3 LIMIT 1   [ RunTime:0.006000s ]
SQL: SHOW COLUMNS FROM `yaj_user` [ RunTime:0.005000s ]
SQL: SELECT `username`,`userpic`,`type` FROM `yaj_user` WHERE `id` = 28 LIMIT 1   [ RunTime:0.005000s ]
SQL: SHOW COLUMNS FROM `yaj_share_img` [ RunTime:0.005000s ]
SQL: SELECT `id` FROM `yaj_share_img` WHERE `pid` = 16 LIMIT 1   [ RunTime:0.005000s ]
SQL: SELECT `img` FROM `yaj_share_img` WHERE `pid` = 16 AND `type` = 1  [ RunTime:0.005000s ]
SQL: SELECT COUNT(*) AS tp_count FROM `yaj_share_img` WHERE `pid` = 16 AND `type` = 1 LIMIT 1   [ RunTime:0.004000s ]
SQL: SELECT `username`,`userpic`,`type` FROM `yaj_user` WHERE `id` = 28 LIMIT 1   [ RunTime:0.004000s ]
SQL: SELECT `id` FROM `yaj_share_img` WHERE `pid` = 15 LIMIT 1   [ RunTime:0.005000s ]
SQL: SELECT `img` FROM `yaj_share_img` WHERE `pid` = 15 AND `type` = 1  [ RunTime:0.008000s ]
SQL: SELECT COUNT(*) AS tp_count FROM `yaj_share_img` WHERE `pid` = 15 AND `type` = 1 LIMIT 1   [ RunTime:0.009000s ]
SQL: SELECT `username`,`userpic`,`type` FROM `yaj_user` WHERE `id` = 28 LIMIT 1   [ RunTime:0.005000s ]
SQL: SELECT `id` FROM `yaj_share_img` WHERE `pid` = 14 LIMIT 1   [ RunTime:0.005000s ]
SQL: SELECT `img` FROM `yaj_share_img` WHERE `pid` = 14 AND `type` = 1  [ RunTime:0.005000s ]
SQL: SELECT COUNT(*) AS tp_count FROM `yaj_share_img` WHERE `pid` = 14 AND `type` = 1 LIMIT 1   [ RunTime:0.006000s ]
SQL: SELECT `username`,`userpic`,`type` FROM `yaj_user` WHERE `id` = 28 LIMIT 1   [ RunTime:0.018000s ]
SQL: SELECT `id` FROM `yaj_share_img` WHERE `pid` = 13 LIMIT 1   [ RunTime:0.007000s ]
SQL: SELECT `img` FROM `yaj_share_img` WHERE `pid` = 13 AND `type` = 1  [ RunTime:0.005000s ]
SQL: SELECT COUNT(*) AS tp_count FROM `yaj_share_img` WHERE `pid` = 13 AND `type` = 1 LIMIT 1   [ RunTime:0.007000s ]
SQL: SELECT `username`,`userpic`,`type` FROM `yaj_user` WHERE `id` = 28 LIMIT 1   [ RunTime:0.007000s ]
SQL: SELECT `id` FROM `yaj_share_img` WHERE `pid` = 12 LIMIT 1   [ RunTime:0.006000s ]
SQL: SELECT `img` FROM `yaj_share_img` WHERE `pid` = 12 AND `type` = 1  [ RunTime:0.006000s ]
SQL: SELECT COUNT(*) AS tp_count FROM `yaj_share_img` WHERE `pid` = 12 AND `type` = 1 LIMIT 1   [ RunTime:0.010000s ]
SQL: SELECT `username`,`userpic`,`type` FROM `yaj_user` WHERE `id` = 28 LIMIT 1   [ RunTime:0.008000s ]
SQL: SELECT `id` FROM `yaj_share_img` WHERE `pid` = 11 LIMIT 1   [ RunTime:0.005000s ]
SQL: SELECT `img` FROM `yaj_share_img` WHERE `pid` = 11 AND `type` = 1  [ RunTime:0.011000s ]
SQL: SELECT COUNT(*) AS tp_count FROM `yaj_share_img` WHERE `pid` = 11 AND `type` = 1 LIMIT 1   [ RunTime:0.007000s ]
SQL: SELECT `username`,`userpic`,`type` FROM `yaj_user` WHERE `id` = 28 LIMIT 1   [ RunTime:0.009000s ]
SQL: SELECT `id` FROM `yaj_share_img` WHERE `pid` = 10 LIMIT 1   [ RunTime:0.007000s ]
SQL: SELECT `img` FROM `yaj_share_img` WHERE `pid` = 10 AND `type` = 1  [ RunTime:0.005000s ]
SQL: SELECT COUNT(*) AS tp_count FROM `yaj_share_img` WHERE `pid` = 10 AND `type` = 1 LIMIT 1   [ RunTime:0.005000s ]
SQL: SELECT `username`,`userpic`,`type` FROM `yaj_user` WHERE `id` = 28 LIMIT 1   [ RunTime:0.005000s ]
SQL: SELECT `id` FROM `yaj_share_img` WHERE `pid` = 9 LIMIT 1   [ RunTime:0.005000s ]
SQL: SELECT `img` FROM `yaj_share_img` WHERE `pid` = 9 AND `type` = 1  [ RunTime:0.006000s ]
SQL: SELECT COUNT(*) AS tp_count FROM `yaj_share_img` WHERE `pid` = 9 AND `type` = 1 LIMIT 1   [ RunTime:0.005000s ]
SQL: SELECT `username`,`userpic`,`type` FROM `yaj_user` WHERE `id` = 28 LIMIT 1   [ RunTime:0.011000s ]
SQL: SELECT `id` FROM `yaj_share_img` WHERE `pid` = 8 LIMIT 1   [ RunTime:0.006000s ]
SQL: SELECT `img` FROM `yaj_share_img` WHERE `pid` = 8 AND `type` = 1  [ RunTime:0.005000s ]
SQL: SELECT COUNT(*) AS tp_count FROM `yaj_share_img` WHERE `pid` = 8 AND `type` = 1 LIMIT 1   [ RunTime:0.009000s ]
SQL: SELECT `username`,`userpic`,`type` FROM `yaj_user` WHERE `id` = 28 LIMIT 1   [ RunTime:0.005000s ]
SQL: SELECT `id` FROM `yaj_share_img` WHERE `pid` = 7 LIMIT 1   [ RunTime:0.005000s ]
SQL: SELECT `img` FROM `yaj_share_img` WHERE `pid` = 7 AND `type` = 1  [ RunTime:0.007000s ]
SQL: SELECT COUNT(*) AS tp_count FROM `yaj_share_img` WHERE `pid` = 7 AND `type` = 1 LIMIT 1   [ RunTime:0.005000s ]
SQL: SELECT `username`,`userpic`,`type` FROM `yaj_user` WHERE `id` = 28 LIMIT 1   [ RunTime:0.006000s ]
SQL: SELECT `id` FROM `yaj_share_img` WHERE `pid` = 6 LIMIT 1   [ RunTime:0.005000s ]
SQL: SELECT `img` FROM `yaj_share_img` WHERE `pid` = 6 AND `type` = 1  [ RunTime:0.006000s ]
SQL: SELECT COUNT(*) AS tp_count FROM `yaj_share_img` WHERE `pid` = 6 AND `type` = 1 LIMIT 1   [ RunTime:0.007000s ]
SQL: SELECT `username`,`userpic`,`type` FROM `yaj_user` WHERE `id` = 28 LIMIT 1   [ RunTime:0.005000s ]
SQL: SELECT `id` FROM `yaj_share_img` WHERE `pid` = 5 LIMIT 1   [ RunTime:0.006000s ]
SQL: SELECT `img` FROM `yaj_share_img` WHERE `pid` = 5 AND `type` = 1  [ RunTime:0.005000s ]
SQL: SELECT COUNT(*) AS tp_count FROM `yaj_share_img` WHERE `pid` = 5 AND `type` = 1 LIMIT 1   [ RunTime:0.005000s ]
SQL: SELECT `username`,`userpic`,`type` FROM `yaj_user` WHERE `id` = 22 LIMIT 1   [ RunTime:0.005000s ]
SQL: SELECT `id` FROM `yaj_share_img` WHERE `pid` = 2 LIMIT 1   [ RunTime:0.006000s ]
SQL: SELECT `img` FROM `yaj_share_img` WHERE `pid` = 2 AND `type` = 1  [ RunTime:0.005000s ]
SQL: SELECT COUNT(*) AS tp_count FROM `yaj_share_img` WHERE `pid` = 2 AND `type` = 1 LIMIT 1   [ RunTime:0.028000s ]
SQL: SELECT `username`,`userpic`,`type` FROM `yaj_user` WHERE `id` = 22 LIMIT 1   [ RunTime:0.005000s ]
SQL: SELECT `id` FROM `yaj_share_img` WHERE `pid` = 3 LIMIT 1   [ RunTime:0.005000s ]
SQL: SELECT `img` FROM `yaj_share_img` WHERE `pid` = 3 AND `type` = 1  [ RunTime:0.005000s ]
SQL: SELECT COUNT(*) AS tp_count FROM `yaj_share_img` WHERE `pid` = 3 AND `type` = 1 LIMIT 1   [ RunTime:0.006000s ]
INFO: [ app_end ] --START--
INFO: Run Behavior\ShowPageTraceBehavior [ RunTime:0.002000s ]
INFO: [ app_end ] --END-- [ RunTime:0.002000s ]

[ 2017-11-23T16:46:53+08:00 ] 192.168.31.96 /Jzc/index.php/home/share/share_show
INFO: [ app_init ] --START--
INFO: Run Behavior\BuildLiteBehavior [ RunTime:0.000000s ]
INFO: [ app_init ] --END-- [ RunTime:0.001000s ]
INFO: [ app_begin ] --START--
INFO: Run Behavior\ReadHtmlCacheBehavior [ RunTime:0.002000s ]
INFO: [ app_begin ] --END-- [ RunTime:0.002000s ]
NOTIC: [8] Undefined index: search D:\xampp\htdocs\Jzc\Application\Home\Controller\ShareController.class.php 第 76 行.
NOTIC: [8192] mysql_connect(): The mysql extension is deprecated and will be removed in the future: use mysqli or PDO instead D:\xampp\htdocs\Jzc\ThinkPHP\Library\Think\Db\Driver\Mysql.class.php 第 52 行.
SQL: SHOW COLUMNS FROM `yaj_share_collect` [ RunTime:0.015000s ]
SQL: SELECT `collect_id` FROM `yaj_share_collect` WHERE `uid` = 28 AND `type` = 3 ORDER BY addtime desc  [ RunTime:0.005000s ]
SQL: SHOW COLUMNS FROM `yaj_share` [ RunTime:0.006000s ]
SQL: SELECT `id`,`uid`,`title`,`content`,`addtime`,`label`,`type`,`praise`,`help` FROM `yaj_share` WHERE `id` = 13 ORDER BY addtime desc LIMIT 0,5   [ RunTime:0.006000s ]
SQL: SELECT `id`,`uid`,`title`,`content`,`addtime`,`label`,`type`,`praise`,`help` FROM `yaj_share` WHERE `id` = 14 ORDER BY addtime desc LIMIT 0,5   [ RunTime:0.016000s ]
SQL: SELECT `id`,`uid`,`title`,`content`,`addtime`,`label`,`type`,`praise`,`help` FROM `yaj_share` WHERE `id` = 14 ORDER BY addtime desc LIMIT 0,5   [ RunTime:0.009000s ]
SQL: SHOW COLUMNS FROM `yaj_user` [ RunTime:0.006000s ]
SQL: SELECT `username`,`userpic`,`type` FROM `yaj_user` WHERE `id` = 28 LIMIT 1   [ RunTime:0.005000s ]
SQL: SHOW COLUMNS FROM `yaj_share_img` [ RunTime:0.007000s ]
SQL: SELECT `id` FROM `yaj_share_img` WHERE `pid` = 13 LIMIT 1   [ RunTime:0.005000s ]
SQL: SELECT `img` FROM `yaj_share_img` WHERE `pid` = 13 AND `type` = 1  [ RunTime:0.005000s ]
SQL: SELECT COUNT(*) AS tp_count FROM `yaj_share_img` WHERE `pid` = 13 AND `type` = 1 LIMIT 1   [ RunTime:0.004000s ]
SQL: SELECT `username`,`userpic`,`type` FROM `yaj_user` WHERE `id` = 28 LIMIT 1   [ RunTime:0.006000s ]
SQL: SELECT `id` FROM `yaj_share_img` WHERE `pid` = 14 LIMIT 1   [ RunTime:0.006000s ]
SQL: SELECT `img` FROM `yaj_share_img` WHERE `pid` = 14 AND `type` = 1  [ RunTime:0.005000s ]
SQL: SELECT COUNT(*) AS tp_count FROM `yaj_share_img` WHERE `pid` = 14 AND `type` = 1 LIMIT 1   [ RunTime:0.007000s ]
SQL: SELECT `username`,`userpic`,`type` FROM `yaj_user` WHERE `id` = 28 LIMIT 1   [ RunTime:0.006000s ]
SQL: SELECT `id` FROM `yaj_share_img` WHERE `pid` = 14 LIMIT 1   [ RunTime:0.006000s ]
SQL: SELECT `img` FROM `yaj_share_img` WHERE `pid` = 14 AND `type` = 1  [ RunTime:0.005000s ]
SQL: SELECT COUNT(*) AS tp_count FROM `yaj_share_img` WHERE `pid` = 14 AND `type` = 1 LIMIT 1   [ RunTime:0.005000s ]
INFO: [ app_end ] --START--
INFO: Run Behavior\ShowPageTraceBehavior [ RunTime:0.001000s ]
INFO: [ app_end ] --END-- [ RunTime:0.001000s ]

