[ 2017-11-24T10:17:20+08:00 ] ::1 /Jzc/index.php/Home/share/share_show
INFO: [ app_init ] --START--
INFO: Run Behavior\BuildLiteBehavior [ RunTime:0.000000s ]
INFO: [ app_init ] --END-- [ RunTime:0.021000s ]
INFO: [ app_begin ] --START--
INFO: Run Behavior\ReadHtmlCacheBehavior [ RunTime:0.006000s ]
INFO: [ app_begin ] --END-- [ RunTime:0.006000s ]
NOTIC: [8] Undefined index: search D:\xampp\htdocs\Jzc\Application\Home\Controller\ShareController.class.php 第 76 行.
NOTIC: [8192] mysql_connect(): The mysql extension is deprecated and will be removed in the future: use mysqli or PDO instead D:\xampp\htdocs\Jzc\ThinkPHP\Library\Think\Db\Driver\Mysql.class.php 第 52 行.
SQL: SHOW COLUMNS FROM `yaj_share_num` [ RunTime:0.007000s ]
SQL: SELECT `label` FROM `yaj_share_num` WHERE `uid` = 22 ORDER BY num desc LIMIT 9   [ RunTime:0.006000s ]
SQL: SHOW COLUMNS FROM `yaj_share` [ RunTime:0.006000s ]
NOTIC: [8] Undefined variable: map D:\xampp\htdocs\Jzc\Application\Home\Controller\ShareController.class.php 第 88 行.
SQL: SELECT `id`,`label` FROM `yaj_share` ORDER BY addtime desc  [ RunTime:0.006000s ]
NOTIC: [2] Invalid argument supplied for foreach() D:\xampp\htdocs\Jzc\Application\Home\Controller\ShareController.class.php 第 94 行.
NOTIC: [2] Invalid argument supplied for foreach() D:\xampp\htdocs\Jzc\Application\Home\Controller\ShareController.class.php 第 94 行.
NOTIC: [2] Invalid argument supplied for foreach() D:\xampp\htdocs\Jzc\Application\Home\Controller\ShareController.class.php 第 94 行.
NOTIC: [2] Invalid argument supplied for foreach() D:\xampp\htdocs\Jzc\Application\Home\Controller\ShareController.class.php 第 94 行.
NOTIC: [2] Invalid argument supplied for foreach() D:\xampp\htdocs\Jzc\Application\Home\Controller\ShareController.class.php 第 94 行.
NOTIC: [2] Invalid argument supplied for foreach() D:\xampp\htdocs\Jzc\Application\Home\Controller\ShareController.class.php 第 94 行.
NOTIC: [2] Invalid argument supplied for foreach() D:\xampp\htdocs\Jzc\Application\Home\Controller\ShareController.class.php 第 94 行.
NOTIC: [2] Invalid argument supplied for foreach() D:\xampp\htdocs\Jzc\Application\Home\Controller\ShareController.class.php 第 94 行.
NOTIC: [2] Invalid argument supplied for foreach() D:\xampp\htdocs\Jzc\Application\Home\Controller\ShareController.class.php 第 94 行.
NOTIC: [2] Invalid argument supplied for foreach() D:\xampp\htdocs\Jzc\Application\Home\Controller\ShareController.class.php 第 94 行.
NOTIC: [2] Invalid argument supplied for foreach() D:\xampp\htdocs\Jzc\Application\Home\Controller\ShareController.class.php 第 94 行.
NOTIC: [2] Invalid argument supplied for foreach() D:\xampp\htdocs\Jzc\Application\Home\Controller\ShareController.class.php 第 94 行.
NOTIC: [2] Invalid argument supplied for foreach() D:\xampp\htdocs\Jzc\Application\Home\Controller\ShareController.class.php 第 94 行.
NOTIC: [2] Invalid argument supplied for foreach() D:\xampp\htdocs\Jzc\Application\Home\Controller\ShareController.class.php 第 94 行.
NOTIC: [8] Undefined variable: id D:\xampp\htdocs\Jzc\Application\Home\Controller\ShareController.class.php 第 107 行.
SQL: SELECT `id`,`uid`,`title`,`content`,`addtime`,`label`,`type`,`praise`,`help` FROM `yaj_share` WHERE `id` = 16 LIMIT 1   [ RunTime:0.006000s ]
NOTIC: [8] Undefined variable: value D:\xampp\htdocs\Jzc\Application\Home\Controller\ShareController.class.php 第 117 行.
SQL: SELECT `id`,`uid`,`title`,`content`,`addtime`,`label`,`type`,`praise`,`help` FROM `yaj_share` WHERE `id` = 15 LIMIT 1   [ RunTime:0.007000s ]
SQL: SELECT `id`,`uid`,`title`,`content`,`addtime`,`label`,`type`,`praise`,`help` FROM `yaj_share` WHERE `id` = 14 LIMIT 1   [ RunTime:0.007000s ]
SQL: SELECT `id`,`uid`,`title`,`content`,`addtime`,`label`,`type`,`praise`,`help` FROM `yaj_share` WHERE `id` = 13 LIMIT 1   [ RunTime:0.006000s ]
SQL: SELECT `id`,`uid`,`title`,`content`,`addtime`,`label`,`type`,`praise`,`help` FROM `yaj_share` WHERE `id` = 12 LIMIT 1   [ RunTime:0.006000s ]
SQL: SELECT `id`,`uid`,`title`,`content`,`addtime`,`label`,`type`,`praise`,`help` FROM `yaj_share` WHERE `id` = 11 LIMIT 1   [ RunTime:0.010000s ]
SQL: SELECT `id`,`uid`,`title`,`content`,`addtime`,`label`,`type`,`praise`,`help` FROM `yaj_share` WHERE `id` = 10 LIMIT 1   [ RunTime:0.008000s ]
SQL: SELECT `id`,`uid`,`title`,`content`,`addtime`,`label`,`type`,`praise`,`help` FROM `yaj_share` WHERE `id` = 9 LIMIT 1   [ RunTime:0.007000s ]
SQL: SELECT `id`,`uid`,`title`,`content`,`addtime`,`label`,`type`,`praise`,`help` FROM `yaj_share` WHERE `id` = 8 LIMIT 1   [ RunTime:0.006000s ]
SQL: SELECT `id`,`uid`,`title`,`content`,`addtime`,`label`,`type`,`praise`,`help` FROM `yaj_share` WHERE `id` = 7 LIMIT 1   [ RunTime:0.006000s ]
SQL: SELECT `id`,`uid`,`title`,`content`,`addtime`,`label`,`type`,`praise`,`help` FROM `yaj_share` WHERE `id` = 6 LIMIT 1   [ RunTime:0.007000s ]
SQL: SELECT `id`,`uid`,`title`,`content`,`addtime`,`label`,`type`,`praise`,`help` FROM `yaj_share` WHERE `id` = 5 LIMIT 1   [ RunTime:0.007000s ]
SQL: SELECT `id`,`uid`,`title`,`content`,`addtime`,`label`,`type`,`praise`,`help` FROM `yaj_share` WHERE `id` = 2 LIMIT 1   [ RunTime:0.006000s ]
SQL: SELECT `id`,`uid`,`title`,`content`,`addtime`,`label`,`type`,`praise`,`help` FROM `yaj_share` WHERE `id` = 3 LIMIT 1   [ RunTime:0.007000s ]
SQL: SHOW COLUMNS FROM `yaj_user` [ RunTime:0.008000s ]
SQL: SELECT `username`,`userpic`,`type` FROM `yaj_user` WHERE `id` = 28 LIMIT 1   [ RunTime:0.006000s ]
SQL: SHOW COLUMNS FROM `yaj_share_img` [ RunTime:0.006000s ]
SQL: SELECT `id` FROM `yaj_share_img` WHERE `pid` = 16 LIMIT 1   [ RunTime:0.007000s ]
SQL: SELECT `img` FROM `yaj_share_img` WHERE `pid` = 16 AND `type` = 1  [ RunTime:0.006000s ]
SQL: SELECT COUNT(*) AS tp_count FROM `yaj_share_img` WHERE `pid` = 16 AND `type` = 1 LIMIT 1   [ RunTime:0.005000s ]
SQL: SELECT `username`,`userpic`,`type` FROM `yaj_user` WHERE `id` = 28 LIMIT 1   [ RunTime:0.007000s ]
SQL: SELECT `id` FROM `yaj_share_img` WHERE `pid` = 15 LIMIT 1   [ RunTime:0.009000s ]
SQL: SELECT `img` FROM `yaj_share_img` WHERE `pid` = 15 AND `type` = 1  [ RunTime:0.006000s ]
SQL: SELECT COUNT(*) AS tp_count FROM `yaj_share_img` WHERE `pid` = 15 AND `type` = 1 LIMIT 1   [ RunTime:0.005000s ]
SQL: SELECT `username`,`userpic`,`type` FROM `yaj_user` WHERE `id` = 28 LIMIT 1   [ RunTime:0.005000s ]
SQL: SELECT `id` FROM `yaj_share_img` WHERE `pid` = 14 LIMIT 1   [ RunTime:0.005000s ]
SQL: SELECT `img` FROM `yaj_share_img` WHERE `pid` = 14 AND `type` = 1  [ RunTime:0.005000s ]
SQL: SELECT COUNT(*) AS tp_count FROM `yaj_share_img` WHERE `pid` = 14 AND `type` = 1 LIMIT 1   [ RunTime:0.006000s ]
SQL: SELECT `username`,`userpic`,`type` FROM `yaj_user` WHERE `id` = 28 LIMIT 1   [ RunTime:0.008000s ]
SQL: SELECT `id` FROM `yaj_share_img` WHERE `pid` = 13 LIMIT 1   [ RunTime:0.006000s ]
SQL: SELECT `img` FROM `yaj_share_img` WHERE `pid` = 13 AND `type` = 1  [ RunTime:0.012000s ]
SQL: SELECT COUNT(*) AS tp_count FROM `yaj_share_img` WHERE `pid` = 13 AND `type` = 1 LIMIT 1   [ RunTime:0.006000s ]
SQL: SELECT `username`,`userpic`,`type` FROM `yaj_user` WHERE `id` = 28 LIMIT 1   [ RunTime:0.010000s ]
SQL: SELECT `id` FROM `yaj_share_img` WHERE `pid` = 12 LIMIT 1   [ RunTime:0.006000s ]
SQL: SELECT `img` FROM `yaj_share_img` WHERE `pid` = 12 AND `type` = 1  [ RunTime:0.006000s ]
SQL: SELECT COUNT(*) AS tp_count FROM `yaj_share_img` WHERE `pid` = 12 AND `type` = 1 LIMIT 1   [ RunTime:0.007000s ]
SQL: SELECT `username`,`userpic`,`type` FROM `yaj_user` WHERE `id` = 28 LIMIT 1   [ RunTime:0.006000s ]
SQL: SELECT `id` FROM `yaj_share_img` WHERE `pid` = 11 LIMIT 1   [ RunTime:0.006000s ]
SQL: SELECT `img` FROM `yaj_share_img` WHERE `pid` = 11 AND `type` = 1  [ RunTime:0.005000s ]
SQL: SELECT COUNT(*) AS tp_count FROM `yaj_share_img` WHERE `pid` = 11 AND `type` = 1 LIMIT 1   [ RunTime:0.007000s ]
SQL: SELECT `username`,`userpic`,`type` FROM `yaj_user` WHERE `id` = 28 LIMIT 1   [ RunTime:0.006000s ]
SQL: SELECT `id` FROM `yaj_share_img` WHERE `pid` = 10 LIMIT 1   [ RunTime:0.007000s ]
SQL: SELECT `img` FROM `yaj_share_img` WHERE `pid` = 10 AND `type` = 1  [ RunTime:0.006000s ]
SQL: SELECT COUNT(*) AS tp_count FROM `yaj_share_img` WHERE `pid` = 10 AND `type` = 1 LIMIT 1   [ RunTime:0.010000s ]
SQL: SELECT `username`,`userpic`,`type` FROM `yaj_user` WHERE `id` = 28 LIMIT 1   [ RunTime:0.006000s ]
SQL: SELECT `id` FROM `yaj_share_img` WHERE `pid` = 9 LIMIT 1   [ RunTime:0.006000s ]
SQL: SELECT `img` FROM `yaj_share_img` WHERE `pid` = 9 AND `type` = 1  [ RunTime:0.006000s ]
SQL: SELECT COUNT(*) AS tp_count FROM `yaj_share_img` WHERE `pid` = 9 AND `type` = 1 LIMIT 1   [ RunTime:0.006000s ]
SQL: SELECT `username`,`userpic`,`type` FROM `yaj_user` WHERE `id` = 28 LIMIT 1   [ RunTime:0.009000s ]
SQL: SELECT `id` FROM `yaj_share_img` WHERE `pid` = 8 LIMIT 1   [ RunTime:0.011000s ]
SQL: SELECT `img` FROM `yaj_share_img` WHERE `pid` = 8 AND `type` = 1  [ RunTime:0.007000s ]
SQL: SELECT COUNT(*) AS tp_count FROM `yaj_share_img` WHERE `pid` = 8 AND `type` = 1 LIMIT 1   [ RunTime:0.007000s ]
SQL: SELECT `username`,`userpic`,`type` FROM `yaj_user` WHERE `id` = 28 LIMIT 1   [ RunTime:0.006000s ]
SQL: SELECT `id` FROM `yaj_share_img` WHERE `pid` = 7 LIMIT 1   [ RunTime:0.007000s ]
SQL: SELECT `img` FROM `yaj_share_img` WHERE `pid` = 7 AND `type` = 1  [ RunTime:0.005000s ]
SQL: SELECT COUNT(*) AS tp_count FROM `yaj_share_img` WHERE `pid` = 7 AND `type` = 1 LIMIT 1   [ RunTime:0.007000s ]
SQL: SELECT `username`,`userpic`,`type` FROM `yaj_user` WHERE `id` = 28 LIMIT 1   [ RunTime:0.006000s ]
SQL: SELECT `id` FROM `yaj_share_img` WHERE `pid` = 6 LIMIT 1   [ RunTime:0.007000s ]
SQL: SELECT `img` FROM `yaj_share_img` WHERE `pid` = 6 AND `type` = 1  [ RunTime:0.006000s ]
SQL: SELECT COUNT(*) AS tp_count FROM `yaj_share_img` WHERE `pid` = 6 AND `type` = 1 LIMIT 1   [ RunTime:0.006000s ]
SQL: SELECT `username`,`userpic`,`type` FROM `yaj_user` WHERE `id` = 28 LIMIT 1   [ RunTime:0.006000s ]
SQL: SELECT `id` FROM `yaj_share_img` WHERE `pid` = 5 LIMIT 1   [ RunTime:0.005000s ]
SQL: SELECT `img` FROM `yaj_share_img` WHERE `pid` = 5 AND `type` = 1  [ RunTime:0.005000s ]
SQL: SELECT COUNT(*) AS tp_count FROM `yaj_share_img` WHERE `pid` = 5 AND `type` = 1 LIMIT 1   [ RunTime:0.007000s ]
SQL: SELECT `username`,`userpic`,`type` FROM `yaj_user` WHERE `id` = 22 LIMIT 1   [ RunTime:0.006000s ]
SQL: SELECT `id` FROM `yaj_share_img` WHERE `pid` = 2 LIMIT 1   [ RunTime:0.011000s ]
SQL: SELECT `img` FROM `yaj_share_img` WHERE `pid` = 2 AND `type` = 1  [ RunTime:0.005000s ]
SQL: SELECT COUNT(*) AS tp_count FROM `yaj_share_img` WHERE `pid` = 2 AND `type` = 1 LIMIT 1   [ RunTime:0.006000s ]
SQL: SELECT `username`,`userpic`,`type` FROM `yaj_user` WHERE `id` = 22 LIMIT 1   [ RunTime:0.007000s ]
SQL: SELECT `id` FROM `yaj_share_img` WHERE `pid` = 3 LIMIT 1   [ RunTime:0.007000s ]
SQL: SELECT `img` FROM `yaj_share_img` WHERE `pid` = 3 AND `type` = 1  [ RunTime:0.007000s ]
SQL: SELECT COUNT(*) AS tp_count FROM `yaj_share_img` WHERE `pid` = 3 AND `type` = 1 LIMIT 1   [ RunTime:0.008000s ]
INFO: [ app_end ] --START--
INFO: Run Behavior\ShowPageTraceBehavior [ RunTime:0.019000s ]
INFO: [ app_end ] --END-- [ RunTime:0.019000s ]

[ 2017-11-24T10:31:03+08:00 ] ::1 /Jzc/index.php/Home/share/calssify
INFO: [ app_init ] --START--
INFO: Run Behavior\BuildLiteBehavior [ RunTime:0.000000s ]
INFO: [ app_init ] --END-- [ RunTime:0.000000s ]
INFO: [ app_begin ] --START--
INFO: Run Behavior\ReadHtmlCacheBehavior [ RunTime:0.000000s ]
INFO: [ app_begin ] --END-- [ RunTime:0.000000s ]
NOTIC: [8192] mysql_connect(): The mysql extension is deprecated and will be removed in the future: use mysqli or PDO instead D:\xampp\htdocs\Jzc\ThinkPHP\Library\Think\Db\Driver\Mysql.class.php 第 52 行.
SQL: SHOW COLUMNS FROM `yaj_share_calssify` [ RunTime:0.007000s ]
SQL: SELECT `name`,`type` FROM `yaj_share_calssify`  [ RunTime:0.006000s ]
INFO: [ app_end ] --START--
INFO: Run Behavior\ShowPageTraceBehavior [ RunTime:0.002000s ]
INFO: [ app_end ] --END-- [ RunTime:0.002000s ]

[ 2017-11-24T10:34:38+08:00 ] ::1 /Jzc/index.php/Home/share/share_show
INFO: [ app_init ] --START--
INFO: Run Behavior\BuildLiteBehavior [ RunTime:0.000000s ]
INFO: [ app_init ] --END-- [ RunTime:0.000000s ]
INFO: [ app_begin ] --START--
INFO: Run Behavior\ReadHtmlCacheBehavior [ RunTime:0.000000s ]
INFO: [ app_begin ] --END-- [ RunTime:0.000000s ]
NOTIC: [8] Undefined index: search D:\xampp\htdocs\Jzc\Application\Home\Controller\ShareController.class.php 第 76 行.
NOTIC: [8192] mysql_connect(): The mysql extension is deprecated and will be removed in the future: use mysqli or PDO instead D:\xampp\htdocs\Jzc\ThinkPHP\Library\Think\Db\Driver\Mysql.class.php 第 52 行.
SQL: SHOW COLUMNS FROM `yaj_share_calssify` [ RunTime:0.007000s ]
SQL: SELECT `type` FROM `yaj_share_calssify` WHERE `name` = '推荐' LIMIT 1   [ RunTime:0.006000s ]

[ 2017-11-24T10:35:17+08:00 ] ::1 /Jzc/index.php/Home/share/share_show
INFO: [ app_init ] --START--
INFO: Run Behavior\BuildLiteBehavior [ RunTime:0.000000s ]
INFO: [ app_init ] --END-- [ RunTime:0.001000s ]
INFO: [ app_begin ] --START--
INFO: Run Behavior\ReadHtmlCacheBehavior [ RunTime:0.001000s ]
INFO: [ app_begin ] --END-- [ RunTime:0.001000s ]
NOTIC: [8] Undefined index: search D:\xampp\htdocs\Jzc\Application\Home\Controller\ShareController.class.php 第 76 行.
NOTIC: [8192] mysql_connect(): The mysql extension is deprecated and will be removed in the future: use mysqli or PDO instead D:\xampp\htdocs\Jzc\ThinkPHP\Library\Think\Db\Driver\Mysql.class.php 第 52 行.
SQL: SHOW COLUMNS FROM `yaj_share_calssify` [ RunTime:0.006000s ]
SQL: SELECT `type` FROM `yaj_share_calssify` WHERE `name` = '推荐' LIMIT 1   [ RunTime:0.008000s ]
SQL: SHOW COLUMNS FROM `yaj_share_num` [ RunTime:0.006000s ]
SQL: SELECT `label` FROM `yaj_share_num` WHERE `uid` = 22 ORDER BY num desc LIMIT 9   [ RunTime:0.009000s ]
SQL: SHOW COLUMNS FROM `yaj_share` [ RunTime:0.007000s ]
NOTIC: [8] Undefined variable: map D:\xampp\htdocs\Jzc\Application\Home\Controller\ShareController.class.php 第 89 行.
SQL: SELECT `id`,`label` FROM `yaj_share` ORDER BY addtime desc  [ RunTime:0.007000s ]
NOTIC: [2] Invalid argument supplied for foreach() D:\xampp\htdocs\Jzc\Application\Home\Controller\ShareController.class.php 第 95 行.
NOTIC: [2] Invalid argument supplied for foreach() D:\xampp\htdocs\Jzc\Application\Home\Controller\ShareController.class.php 第 95 行.
NOTIC: [2] Invalid argument supplied for foreach() D:\xampp\htdocs\Jzc\Application\Home\Controller\ShareController.class.php 第 95 行.
NOTIC: [2] Invalid argument supplied for foreach() D:\xampp\htdocs\Jzc\Application\Home\Controller\ShareController.class.php 第 95 行.
NOTIC: [2] Invalid argument supplied for foreach() D:\xampp\htdocs\Jzc\Application\Home\Controller\ShareController.class.php 第 95 行.
NOTIC: [2] Invalid argument supplied for foreach() D:\xampp\htdocs\Jzc\Application\Home\Controller\ShareController.class.php 第 95 行.
NOTIC: [2] Invalid argument supplied for foreach() D:\xampp\htdocs\Jzc\Application\Home\Controller\ShareController.class.php 第 95 行.
NOTIC: [2] Invalid argument supplied for foreach() D:\xampp\htdocs\Jzc\Application\Home\Controller\ShareController.class.php 第 95 行.
NOTIC: [2] Invalid argument supplied for foreach() D:\xampp\htdocs\Jzc\Application\Home\Controller\ShareController.class.php 第 95 行.
NOTIC: [2] Invalid argument supplied for foreach() D:\xampp\htdocs\Jzc\Application\Home\Controller\ShareController.class.php 第 95 行.
NOTIC: [2] Invalid argument supplied for foreach() D:\xampp\htdocs\Jzc\Application\Home\Controller\ShareController.class.php 第 95 行.
NOTIC: [2] Invalid argument supplied for foreach() D:\xampp\htdocs\Jzc\Application\Home\Controller\ShareController.class.php 第 95 行.
NOTIC: [2] Invalid argument supplied for foreach() D:\xampp\htdocs\Jzc\Application\Home\Controller\ShareController.class.php 第 95 行.
NOTIC: [2] Invalid argument supplied for foreach() D:\xampp\htdocs\Jzc\Application\Home\Controller\ShareController.class.php 第 95 行.
NOTIC: [8] Undefined variable: id D:\xampp\htdocs\Jzc\Application\Home\Controller\ShareController.class.php 第 108 行.
SQL: SELECT `id`,`uid`,`title`,`content`,`addtime`,`label`,`type`,`praise`,`help` FROM `yaj_share` WHERE `id` = 16 LIMIT 1   [ RunTime:0.007000s ]
NOTIC: [8] Undefined variable: value D:\xampp\htdocs\Jzc\Application\Home\Controller\ShareController.class.php 第 118 行.
SQL: SELECT `id`,`uid`,`title`,`content`,`addtime`,`label`,`type`,`praise`,`help` FROM `yaj_share` WHERE `id` = 15 LIMIT 1   [ RunTime:0.007000s ]
SQL: SELECT `id`,`uid`,`title`,`content`,`addtime`,`label`,`type`,`praise`,`help` FROM `yaj_share` WHERE `id` = 14 LIMIT 1   [ RunTime:0.006000s ]
SQL: SELECT `id`,`uid`,`title`,`content`,`addtime`,`label`,`type`,`praise`,`help` FROM `yaj_share` WHERE `id` = 13 LIMIT 1   [ RunTime:0.008000s ]
SQL: SELECT `id`,`uid`,`title`,`content`,`addtime`,`label`,`type`,`praise`,`help` FROM `yaj_share` WHERE `id` = 12 LIMIT 1   [ RunTime:0.007000s ]
SQL: SELECT `id`,`uid`,`title`,`content`,`addtime`,`label`,`type`,`praise`,`help` FROM `yaj_share` WHERE `id` = 11 LIMIT 1   [ RunTime:0.007000s ]
SQL: SELECT `id`,`uid`,`title`,`content`,`addtime`,`label`,`type`,`praise`,`help` FROM `yaj_share` WHERE `id` = 10 LIMIT 1   [ RunTime:0.006000s ]
SQL: SELECT `id`,`uid`,`title`,`content`,`addtime`,`label`,`type`,`praise`,`help` FROM `yaj_share` WHERE `id` = 9 LIMIT 1   [ RunTime:0.006000s ]
SQL: SELECT `id`,`uid`,`title`,`content`,`addtime`,`label`,`type`,`praise`,`help` FROM `yaj_share` WHERE `id` = 8 LIMIT 1   [ RunTime:0.008000s ]
SQL: SELECT `id`,`uid`,`title`,`content`,`addtime`,`label`,`type`,`praise`,`help` FROM `yaj_share` WHERE `id` = 7 LIMIT 1   [ RunTime:0.008000s ]
SQL: SELECT `id`,`uid`,`title`,`content`,`addtime`,`label`,`type`,`praise`,`help` FROM `yaj_share` WHERE `id` = 6 LIMIT 1   [ RunTime:0.006000s ]
SQL: SELECT `id`,`uid`,`title`,`content`,`addtime`,`label`,`type`,`praise`,`help` FROM `yaj_share` WHERE `id` = 5 LIMIT 1   [ RunTime:0.008000s ]
SQL: SELECT `id`,`uid`,`title`,`content`,`addtime`,`label`,`type`,`praise`,`help` FROM `yaj_share` WHERE `id` = 2 LIMIT 1   [ RunTime:0.017000s ]
SQL: SELECT `id`,`uid`,`title`,`content`,`addtime`,`label`,`type`,`praise`,`help` FROM `yaj_share` WHERE `id` = 3 LIMIT 1   [ RunTime:0.007000s ]
SQL: SHOW COLUMNS FROM `yaj_user` [ RunTime:0.007000s ]
SQL: SELECT `username`,`userpic`,`type` FROM `yaj_user` WHERE `id` = 28 LIMIT 1   [ RunTime:0.008000s ]
SQL: SHOW COLUMNS FROM `yaj_share_img` [ RunTime:0.007000s ]
SQL: SELECT `id` FROM `yaj_share_img` WHERE `pid` = 16 LIMIT 1   [ RunTime:0.006000s ]
SQL: SELECT `img` FROM `yaj_share_img` WHERE `pid` = 16 AND `type` = 1  [ RunTime:0.006000s ]
SQL: SELECT COUNT(*) AS tp_count FROM `yaj_share_img` WHERE `pid` = 16 AND `type` = 1 LIMIT 1   [ RunTime:0.005000s ]
SQL: SELECT `username`,`userpic`,`type` FROM `yaj_user` WHERE `id` = 28 LIMIT 1   [ RunTime:0.007000s ]
SQL: SELECT `id` FROM `yaj_share_img` WHERE `pid` = 15 LIMIT 1   [ RunTime:0.006000s ]
SQL: SELECT `img` FROM `yaj_share_img` WHERE `pid` = 15 AND `type` = 1  [ RunTime:0.006000s ]
SQL: SELECT COUNT(*) AS tp_count FROM `yaj_share_img` WHERE `pid` = 15 AND `type` = 1 LIMIT 1   [ RunTime:0.005000s ]
SQL: SELECT `username`,`userpic`,`type` FROM `yaj_user` WHERE `id` = 28 LIMIT 1   [ RunTime:0.005000s ]
SQL: SELECT `id` FROM `yaj_share_img` WHERE `pid` = 14 LIMIT 1   [ RunTime:0.009000s ]
SQL: SELECT `img` FROM `yaj_share_img` WHERE `pid` = 14 AND `type` = 1  [ RunTime:0.006000s ]
SQL: SELECT COUNT(*) AS tp_count FROM `yaj_share_img` WHERE `pid` = 14 AND `type` = 1 LIMIT 1   [ RunTime:0.008000s ]
SQL: SELECT `username`,`userpic`,`type` FROM `yaj_user` WHERE `id` = 28 LIMIT 1   [ RunTime:0.005000s ]
SQL: SELECT `id` FROM `yaj_share_img` WHERE `pid` = 13 LIMIT 1   [ RunTime:0.006000s ]
SQL: SELECT `img` FROM `yaj_share_img` WHERE `pid` = 13 AND `type` = 1  [ RunTime:0.005000s ]
SQL: SELECT COUNT(*) AS tp_count FROM `yaj_share_img` WHERE `pid` = 13 AND `type` = 1 LIMIT 1   [ RunTime:0.006000s ]
SQL: SELECT `username`,`userpic`,`type` FROM `yaj_user` WHERE `id` = 28 LIMIT 1   [ RunTime:0.007000s ]
SQL: SELECT `id` FROM `yaj_share_img` WHERE `pid` = 12 LIMIT 1   [ RunTime:0.006000s ]
SQL: SELECT `img` FROM `yaj_share_img` WHERE `pid` = 12 AND `type` = 1  [ RunTime:0.005000s ]
SQL: SELECT COUNT(*) AS tp_count FROM `yaj_share_img` WHERE `pid` = 12 AND `type` = 1 LIMIT 1   [ RunTime:0.005000s ]
SQL: SELECT `username`,`userpic`,`type` FROM `yaj_user` WHERE `id` = 28 LIMIT 1   [ RunTime:0.007000s ]
SQL: SELECT `id` FROM `yaj_share_img` WHERE `pid` = 11 LIMIT 1   [ RunTime:0.007000s ]
SQL: SELECT `img` FROM `yaj_share_img` WHERE `pid` = 11 AND `type` = 1  [ RunTime:0.006000s ]
SQL: SELECT COUNT(*) AS tp_count FROM `yaj_share_img` WHERE `pid` = 11 AND `type` = 1 LIMIT 1   [ RunTime:0.008000s ]
SQL: SELECT `username`,`userpic`,`type` FROM `yaj_user` WHERE `id` = 28 LIMIT 1   [ RunTime:0.006000s ]
SQL: SELECT `id` FROM `yaj_share_img` WHERE `pid` = 10 LIMIT 1   [ RunTime:0.009000s ]
SQL: SELECT `img` FROM `yaj_share_img` WHERE `pid` = 10 AND `type` = 1  [ RunTime:0.008000s ]
SQL: SELECT COUNT(*) AS tp_count FROM `yaj_share_img` WHERE `pid` = 10 AND `type` = 1 LIMIT 1   [ RunTime:0.006000s ]
SQL: SELECT `username`,`userpic`,`type` FROM `yaj_user` WHERE `id` = 28 LIMIT 1   [ RunTime:0.007000s ]
SQL: SELECT `id` FROM `yaj_share_img` WHERE `pid` = 9 LIMIT 1   [ RunTime:0.006000s ]
SQL: SELECT `img` FROM `yaj_share_img` WHERE `pid` = 9 AND `type` = 1  [ RunTime:0.006000s ]
SQL: SELECT COUNT(*) AS tp_count FROM `yaj_share_img` WHERE `pid` = 9 AND `type` = 1 LIMIT 1   [ RunTime:0.006000s ]
SQL: SELECT `username`,`userpic`,`type` FROM `yaj_user` WHERE `id` = 28 LIMIT 1   [ RunTime:0.005000s ]
SQL: SELECT `id` FROM `yaj_share_img` WHERE `pid` = 8 LIMIT 1   [ RunTime:0.006000s ]
SQL: SELECT `img` FROM `yaj_share_img` WHERE `pid` = 8 AND `type` = 1  [ RunTime:0.005000s ]
SQL: SELECT COUNT(*) AS tp_count FROM `yaj_share_img` WHERE `pid` = 8 AND `type` = 1 LIMIT 1   [ RunTime:0.005000s ]
SQL: SELECT `username`,`userpic`,`type` FROM `yaj_user` WHERE `id` = 28 LIMIT 1   [ RunTime:0.007000s ]
SQL: SELECT `id` FROM `yaj_share_img` WHERE `pid` = 7 LIMIT 1   [ RunTime:0.006000s ]
SQL: SELECT `img` FROM `yaj_share_img` WHERE `pid` = 7 AND `type` = 1  [ RunTime:0.007000s ]
SQL: SELECT COUNT(*) AS tp_count FROM `yaj_share_img` WHERE `pid` = 7 AND `type` = 1 LIMIT 1   [ RunTime:0.010000s ]
SQL: SELECT `username`,`userpic`,`type` FROM `yaj_user` WHERE `id` = 28 LIMIT 1   [ RunTime:0.008000s ]
SQL: SELECT `id` FROM `yaj_share_img` WHERE `pid` = 6 LIMIT 1   [ RunTime:0.008000s ]
SQL: SELECT `img` FROM `yaj_share_img` WHERE `pid` = 6 AND `type` = 1  [ RunTime:0.007000s ]
SQL: SELECT COUNT(*) AS tp_count FROM `yaj_share_img` WHERE `pid` = 6 AND `type` = 1 LIMIT 1   [ RunTime:0.006000s ]
SQL: SELECT `username`,`userpic`,`type` FROM `yaj_user` WHERE `id` = 28 LIMIT 1   [ RunTime:0.007000s ]
SQL: SELECT `id` FROM `yaj_share_img` WHERE `pid` = 5 LIMIT 1   [ RunTime:0.006000s ]
SQL: SELECT `img` FROM `yaj_share_img` WHERE `pid` = 5 AND `type` = 1  [ RunTime:0.006000s ]
SQL: SELECT COUNT(*) AS tp_count FROM `yaj_share_img` WHERE `pid` = 5 AND `type` = 1 LIMIT 1   [ RunTime:0.006000s ]
SQL: SELECT `username`,`userpic`,`type` FROM `yaj_user` WHERE `id` = 22 LIMIT 1   [ RunTime:0.007000s ]
SQL: SELECT `id` FROM `yaj_share_img` WHERE `pid` = 2 LIMIT 1   [ RunTime:0.006000s ]
SQL: SELECT `img` FROM `yaj_share_img` WHERE `pid` = 2 AND `type` = 1  [ RunTime:0.007000s ]
SQL: SELECT COUNT(*) AS tp_count FROM `yaj_share_img` WHERE `pid` = 2 AND `type` = 1 LIMIT 1   [ RunTime:0.007000s ]
SQL: SELECT `username`,`userpic`,`type` FROM `yaj_user` WHERE `id` = 22 LIMIT 1   [ RunTime:0.008000s ]
SQL: SELECT `id` FROM `yaj_share_img` WHERE `pid` = 3 LIMIT 1   [ RunTime:0.006000s ]
SQL: SELECT `img` FROM `yaj_share_img` WHERE `pid` = 3 AND `type` = 1  [ RunTime:0.008000s ]
SQL: SELECT COUNT(*) AS tp_count FROM `yaj_share_img` WHERE `pid` = 3 AND `type` = 1 LIMIT 1   [ RunTime:0.009000s ]
INFO: [ app_end ] --START--
INFO: Run Behavior\ShowPageTraceBehavior [ RunTime:0.001000s ]
INFO: [ app_end ] --END-- [ RunTime:0.001000s ]

[ 2017-11-24T10:36:23+08:00 ] ::1 /Jzc/index.php/Home/share/share_show
INFO: [ app_init ] --START--
INFO: Run Behavior\BuildLiteBehavior [ RunTime:0.000000s ]
INFO: [ app_init ] --END-- [ RunTime:0.000000s ]
INFO: [ app_begin ] --START--
INFO: Run Behavior\ReadHtmlCacheBehavior [ RunTime:0.000000s ]
INFO: [ app_begin ] --END-- [ RunTime:0.000000s ]
NOTIC: [8] Undefined index: search D:\xampp\htdocs\Jzc\Application\Home\Controller\ShareController.class.php 第 76 行.
NOTIC: [8192] mysql_connect(): The mysql extension is deprecated and will be removed in the future: use mysqli or PDO instead D:\xampp\htdocs\Jzc\ThinkPHP\Library\Think\Db\Driver\Mysql.class.php 第 52 行.
SQL: SHOW COLUMNS FROM `yaj_share_calssify` [ RunTime:0.015000s ]
SQL: SELECT `type` FROM `yaj_share_calssify` WHERE `name` = '我的关注' LIMIT 1   [ RunTime:0.009000s ]
SQL: SHOW COLUMNS FROM `yaj_share_collect` [ RunTime:0.011000s ]
SQL: SELECT `collect_id` FROM `yaj_share_collect` WHERE `uid` = 22 AND `type` = 3 ORDER BY addtime desc  [ RunTime:0.015000s ]
SQL: SHOW COLUMNS FROM `yaj_share` [ RunTime:0.009000s ]
SQL: SELECT `id`,`uid`,`title`,`content`,`addtime`,`label`,`type`,`praise`,`help` FROM `yaj_share` WHERE `id` = 4 ORDER BY addtime desc LIMIT 0,5   [ RunTime:0.008000s ]
SQL: SELECT `id`,`uid`,`title`,`content`,`addtime`,`label`,`type`,`praise`,`help` FROM `yaj_share` WHERE `id` = 3 ORDER BY addtime desc LIMIT 0,5   [ RunTime:0.007000s ]
SQL: SHOW COLUMNS FROM `yaj_user` [ RunTime:0.031000s ]
NOTIC: [8] Undefined index: uid D:\xampp\htdocs\Jzc\Application\Home\Controller\ShareController.class.php 第 150 行.
SQL: SELECT `username`,`userpic`,`type` FROM `yaj_user` WHERE `id` = null LIMIT 1   [ RunTime:0.014000s ]
SQL: SHOW COLUMNS FROM `yaj_share_img` [ RunTime:0.013000s ]
NOTIC: [8] Undefined index: id D:\xampp\htdocs\Jzc\Application\Home\Controller\ShareController.class.php 第 154 行.
SQL: SELECT `id` FROM `yaj_share_img` WHERE `pid` = null LIMIT 1   [ RunTime:0.019000s ]
NOTIC: [8] Undefined index: id D:\xampp\htdocs\Jzc\Application\Home\Controller\ShareController.class.php 第 160 行.
SQL: SELECT `img` FROM `yaj_share_img` WHERE `pid` = null AND `type` = 1  [ RunTime:0.008000s ]
NOTIC: [8] Undefined index: id D:\xampp\htdocs\Jzc\Application\Home\Controller\ShareController.class.php 第 161 行.
SQL: SELECT COUNT(*) AS tp_count FROM `yaj_share_img` WHERE `pid` = null AND `type` = 1 LIMIT 1   [ RunTime:0.008000s ]
SQL: SELECT `username`,`userpic`,`type` FROM `yaj_user` WHERE `id` = 22 LIMIT 1   [ RunTime:0.009000s ]
SQL: SELECT `id` FROM `yaj_share_img` WHERE `pid` = 3 LIMIT 1   [ RunTime:0.006000s ]
SQL: SELECT `img` FROM `yaj_share_img` WHERE `pid` = 3 AND `type` = 1  [ RunTime:0.007000s ]
SQL: SELECT COUNT(*) AS tp_count FROM `yaj_share_img` WHERE `pid` = 3 AND `type` = 1 LIMIT 1   [ RunTime:0.006000s ]
INFO: [ app_end ] --START--
INFO: Run Behavior\ShowPageTraceBehavior [ RunTime:0.001000s ]
INFO: [ app_end ] --END-- [ RunTime:0.001000s ]

[ 2017-11-24T10:36:45+08:00 ] ::1 /Jzc/index.php/Home/share/share_show
INFO: [ app_init ] --START--
INFO: Run Behavior\BuildLiteBehavior [ RunTime:0.000000s ]
INFO: [ app_init ] --END-- [ RunTime:0.000000s ]
INFO: [ app_begin ] --START--
INFO: Run Behavior\ReadHtmlCacheBehavior [ RunTime:0.000000s ]
INFO: [ app_begin ] --END-- [ RunTime:0.000000s ]
NOTIC: [8] Undefined index: search D:\xampp\htdocs\Jzc\Application\Home\Controller\ShareController.class.php 第 76 行.
NOTIC: [8192] mysql_connect(): The mysql extension is deprecated and will be removed in the future: use mysqli or PDO instead D:\xampp\htdocs\Jzc\ThinkPHP\Library\Think\Db\Driver\Mysql.class.php 第 52 行.
SQL: SHOW COLUMNS FROM `yaj_share_calssify` [ RunTime:0.006000s ]
SQL: SELECT `type` FROM `yaj_share_calssify` WHERE `name` = '装修故事' LIMIT 1   [ RunTime:0.006000s ]
SQL: SHOW COLUMNS FROM `yaj_share` [ RunTime:0.008000s ]
SQL: SELECT `id`,`uid`,`title`,`content`,`addtime`,`label`,`type`,`praise`,`help` FROM `yaj_share` WHERE `type` = '装修故事' ORDER BY addtime desc LIMIT 0,5   [ RunTime:0.007000s ]
NOTIC: [2] Invalid argument supplied for foreach() D:\xampp\htdocs\Jzc\Application\Home\Controller\ShareController.class.php 第 143 行.
NOTIC: [2] Invalid argument supplied for foreach() D:\xampp\htdocs\Jzc\Application\Home\Controller\ShareController.class.php 第 149 行.
INFO: [ app_end ] --START--
INFO: Run Behavior\ShowPageTraceBehavior [ RunTime:0.001000s ]
INFO: [ app_end ] --END-- [ RunTime:0.001000s ]

[ 2017-11-24T10:37:05+08:00 ] ::1 /Jzc/index.php/Home/share/share_show
INFO: [ app_init ] --START--
INFO: Run Behavior\BuildLiteBehavior [ RunTime:0.000000s ]
INFO: [ app_init ] --END-- [ RunTime:0.000000s ]
INFO: [ app_begin ] --START--
INFO: Run Behavior\ReadHtmlCacheBehavior [ RunTime:0.001000s ]
INFO: [ app_begin ] --END-- [ RunTime:0.001000s ]
NOTIC: [8] Undefined index: search D:\xampp\htdocs\Jzc\Application\Home\Controller\ShareController.class.php 第 76 行.
NOTIC: [8192] mysql_connect(): The mysql extension is deprecated and will be removed in the future: use mysqli or PDO instead D:\xampp\htdocs\Jzc\ThinkPHP\Library\Think\Db\Driver\Mysql.class.php 第 52 行.
SQL: SHOW COLUMNS FROM `yaj_share_calssify` [ RunTime:0.006000s ]
SQL: SELECT `type` FROM `yaj_share_calssify` WHERE `name` = '装修故事' LIMIT 1   [ RunTime:0.007000s ]
SQL: SHOW COLUMNS FROM `yaj_share` [ RunTime:0.007000s ]
SQL: SELECT `id`,`uid`,`title`,`content`,`addtime`,`label`,`type`,`praise`,`help` FROM `yaj_share` WHERE `type` = '3' ORDER BY addtime desc LIMIT 0,5   [ RunTime:0.008000s ]
SQL: SHOW COLUMNS FROM `yaj_user` [ RunTime:0.006000s ]
SQL: SELECT `username`,`userpic`,`type` FROM `yaj_user` WHERE `id` = 28 LIMIT 1   [ RunTime:0.005000s ]
SQL: SHOW COLUMNS FROM `yaj_share_img` [ RunTime:0.006000s ]
SQL: SELECT `id` FROM `yaj_share_img` WHERE `pid` = 6 LIMIT 1   [ RunTime:0.006000s ]
SQL: SELECT `img` FROM `yaj_share_img` WHERE `pid` = 6 AND `type` = 1  [ RunTime:0.009000s ]
SQL: SELECT COUNT(*) AS tp_count FROM `yaj_share_img` WHERE `pid` = 6 AND `type` = 1 LIMIT 1   [ RunTime:0.006000s ]
SQL: SELECT `username`,`userpic`,`type` FROM `yaj_user` WHERE `id` = 28 LIMIT 1   [ RunTime:0.008000s ]
SQL: SELECT `id` FROM `yaj_share_img` WHERE `pid` = 5 LIMIT 1   [ RunTime:0.006000s ]
SQL: SELECT `img` FROM `yaj_share_img` WHERE `pid` = 5 AND `type` = 1  [ RunTime:0.007000s ]
SQL: SELECT COUNT(*) AS tp_count FROM `yaj_share_img` WHERE `pid` = 5 AND `type` = 1 LIMIT 1   [ RunTime:0.007000s ]
SQL: SELECT `username`,`userpic`,`type` FROM `yaj_user` WHERE `id` = 22 LIMIT 1   [ RunTime:0.006000s ]
SQL: SELECT `id` FROM `yaj_share_img` WHERE `pid` = 2 LIMIT 1   [ RunTime:0.006000s ]
SQL: SELECT `img` FROM `yaj_share_img` WHERE `pid` = 2 AND `type` = 1  [ RunTime:0.013000s ]
SQL: SELECT COUNT(*) AS tp_count FROM `yaj_share_img` WHERE `pid` = 2 AND `type` = 1 LIMIT 1   [ RunTime:0.010000s ]
SQL: SELECT `username`,`userpic`,`type` FROM `yaj_user` WHERE `id` = 22 LIMIT 1   [ RunTime:0.006000s ]
SQL: SELECT `id` FROM `yaj_share_img` WHERE `pid` = 3 LIMIT 1   [ RunTime:0.006000s ]
SQL: SELECT `img` FROM `yaj_share_img` WHERE `pid` = 3 AND `type` = 1  [ RunTime:0.007000s ]
SQL: SELECT COUNT(*) AS tp_count FROM `yaj_share_img` WHERE `pid` = 3 AND `type` = 1 LIMIT 1   [ RunTime:0.007000s ]
INFO: [ app_end ] --START--
INFO: Run Behavior\ShowPageTraceBehavior [ RunTime:0.001000s ]
INFO: [ app_end ] --END-- [ RunTime:0.001000s ]

[ 2017-11-24T10:37:14+08:00 ] ::1 /Jzc/index.php/Home/share/share_show
INFO: [ app_init ] --START--
INFO: Run Behavior\BuildLiteBehavior [ RunTime:0.000000s ]
INFO: [ app_init ] --END-- [ RunTime:0.000000s ]
INFO: [ app_begin ] --START--
INFO: Run Behavior\ReadHtmlCacheBehavior [ RunTime:0.001000s ]
INFO: [ app_begin ] --END-- [ RunTime:0.001000s ]
NOTIC: [8] Undefined index: search D:\xampp\htdocs\Jzc\Application\Home\Controller\ShareController.class.php 第 76 行.
NOTIC: [8192] mysql_connect(): The mysql extension is deprecated and will be removed in the future: use mysqli or PDO instead D:\xampp\htdocs\Jzc\ThinkPHP\Library\Think\Db\Driver\Mysql.class.php 第 52 行.
SQL: SHOW COLUMNS FROM `yaj_share_calssify` [ RunTime:0.007000s ]
SQL: SELECT `type` FROM `yaj_share_calssify` WHERE `name` = '问答' LIMIT 1   [ RunTime:0.008000s ]
SQL: SHOW COLUMNS FROM `yaj_share` [ RunTime:0.011000s ]
SQL: SELECT `id`,`uid`,`title`,`content`,`addtime`,`label`,`type`,`praise`,`help` FROM `yaj_share` WHERE `type` = '4' ORDER BY addtime desc LIMIT 0,5   [ RunTime:0.006000s ]
SQL: SHOW COLUMNS FROM `yaj_user` [ RunTime:0.007000s ]
SQL: SELECT `username`,`userpic`,`type` FROM `yaj_user` WHERE `id` = 28 LIMIT 1   [ RunTime:0.008000s ]
SQL: SHOW COLUMNS FROM `yaj_share_img` [ RunTime:0.009000s ]
SQL: SELECT `id` FROM `yaj_share_img` WHERE `pid` = 10 LIMIT 1   [ RunTime:0.007000s ]
SQL: SELECT `img` FROM `yaj_share_img` WHERE `pid` = 10 AND `type` = 1  [ RunTime:0.006000s ]
SQL: SELECT COUNT(*) AS tp_count FROM `yaj_share_img` WHERE `pid` = 10 AND `type` = 1 LIMIT 1   [ RunTime:0.006000s ]
SQL: SELECT `username`,`userpic`,`type` FROM `yaj_user` WHERE `id` = 28 LIMIT 1   [ RunTime:0.006000s ]
SQL: SELECT `id` FROM `yaj_share_img` WHERE `pid` = 9 LIMIT 1   [ RunTime:0.007000s ]
SQL: SELECT `img` FROM `yaj_share_img` WHERE `pid` = 9 AND `type` = 1  [ RunTime:0.007000s ]
SQL: SELECT COUNT(*) AS tp_count FROM `yaj_share_img` WHERE `pid` = 9 AND `type` = 1 LIMIT 1   [ RunTime:0.006000s ]
SQL: SELECT `username`,`userpic`,`type` FROM `yaj_user` WHERE `id` = 28 LIMIT 1   [ RunTime:0.007000s ]
SQL: SELECT `id` FROM `yaj_share_img` WHERE `pid` = 8 LIMIT 1   [ RunTime:0.006000s ]
SQL: SELECT `img` FROM `yaj_share_img` WHERE `pid` = 8 AND `type` = 1  [ RunTime:0.006000s ]
SQL: SELECT COUNT(*) AS tp_count FROM `yaj_share_img` WHERE `pid` = 8 AND `type` = 1 LIMIT 1   [ RunTime:0.006000s ]
SQL: SELECT `username`,`userpic`,`type` FROM `yaj_user` WHERE `id` = 28 LIMIT 1   [ RunTime:0.010000s ]
SQL: SELECT `id` FROM `yaj_share_img` WHERE `pid` = 7 LIMIT 1   [ RunTime:0.010000s ]
SQL: SELECT `img` FROM `yaj_share_img` WHERE `pid` = 7 AND `type` = 1  [ RunTime:0.009000s ]
SQL: SELECT COUNT(*) AS tp_count FROM `yaj_share_img` WHERE `pid` = 7 AND `type` = 1 LIMIT 1   [ RunTime:0.006000s ]
INFO: [ app_end ] --START--
INFO: Run Behavior\ShowPageTraceBehavior [ RunTime:0.002000s ]
INFO: [ app_end ] --END-- [ RunTime:0.002000s ]

[ 2017-11-24T13:11:30+08:00 ] ::1 /Jzc/index.php/Home/shop/makeMetails
INFO: [ app_init ] --START--
INFO: Run Behavior\BuildLiteBehavior [ RunTime:0.000000s ]
INFO: [ app_init ] --END-- [ RunTime:0.000000s ]
INFO: [ app_begin ] --START--
INFO: Run Behavior\ReadHtmlCacheBehavior [ RunTime:0.001000s ]
INFO: [ app_begin ] --END-- [ RunTime:0.001000s ]
NOTIC: [8192] mysql_connect(): The mysql extension is deprecated and will be removed in the future: use mysqli or PDO instead D:\xampp\htdocs\Jzc\ThinkPHP\Library\Think\Db\Driver\Mysql.class.php 第 52 行.
SQL: SHOW COLUMNS FROM `yaj_goods_make` [ RunTime:0.029000s ]
SQL: SELECT `id`,`name`,`min`,`max`,`brand`,`market`,`details`,`show_img` FROM `yaj_goods_make` WHERE `id` = 1 LIMIT 1   [ RunTime:0.030000s ]
INFO: [ app_end ] --START--
INFO: Run Behavior\ShowPageTraceBehavior [ RunTime:0.001000s ]
INFO: [ app_end ] --END-- [ RunTime:0.002000s ]

[ 2017-11-24T13:21:23+08:00 ] ::1 /Jzc/index.php/Home/shop/makeMetails
INFO: [ app_init ] --START--
INFO: Run Behavior\BuildLiteBehavior [ RunTime:0.000000s ]
INFO: [ app_init ] --END-- [ RunTime:0.000000s ]
INFO: [ app_begin ] --START--
INFO: Run Behavior\ReadHtmlCacheBehavior [ RunTime:0.000000s ]
INFO: [ app_begin ] --END-- [ RunTime:0.000000s ]
NOTIC: [8192] mysql_connect(): The mysql extension is deprecated and will be removed in the future: use mysqli or PDO instead D:\xampp\htdocs\Jzc\ThinkPHP\Library\Think\Db\Driver\Mysql.class.php 第 52 行.
SQL: SHOW COLUMNS FROM `yaj_goods_make` [ RunTime:0.008000s ]
SQL: SELECT `id`,`name`,`min`,`max`,`brand`,`market`,`details`,`show_img` FROM `yaj_goods_make` WHERE `id` = 1 LIMIT 1   [ RunTime:0.007000s ]
SQL: SHOW COLUMNS FROM `yaj_collect` [ RunTime:0.007000s ]
SQL: SELECT `id` FROM `yaj_collect` WHERE `collect_id` = 1 AND `type` = 7 LIMIT 1   [ RunTime:0.008000s ]
INFO: [ app_end ] --START--
INFO: Run Behavior\ShowPageTraceBehavior [ RunTime:0.001000s ]
INFO: [ app_end ] --END-- [ RunTime:0.001000s ]

[ 2017-11-24T14:10:20+08:00 ] ::1 /Jzc/index.php/Home/shop/makeInfo
INFO: [ app_init ] --START--
INFO: Run Behavior\BuildLiteBehavior [ RunTime:0.000000s ]
INFO: [ app_init ] --END-- [ RunTime:0.000000s ]
INFO: [ app_begin ] --START--
INFO: Run Behavior\ReadHtmlCacheBehavior [ RunTime:0.000000s ]
INFO: [ app_begin ] --END-- [ RunTime:0.000000s ]
NOTIC: [8192] mysql_connect(): The mysql extension is deprecated and will be removed in the future: use mysqli or PDO instead D:\xampp\htdocs\Jzc\ThinkPHP\Library\Think\Db\Driver\Mysql.class.php 第 52 行.
SQL: SHOW COLUMNS FROM `yaj_goods_make_info` [ RunTime:0.007000s ]
NOTIC: [8] Undefined index: id D:\xampp\htdocs\Jzc\Application\Home\Controller\ShopController.class.php 第 157 行.
SQL: SELECT `id`,`property`,`criterion`,`info`,`pid`,`img` FROM `yaj_goods_make_info` WHERE `id` = null  [ RunTime:0.006000s ]
INFO: [ app_end ] --START--
INFO: Run Behavior\ShowPageTraceBehavior [ RunTime:0.000000s ]
INFO: [ app_end ] --END-- [ RunTime:0.000000s ]

[ 2017-11-24T14:16:00+08:00 ] ::1 /Jzc/index.php/Home/shop/makeInfo
INFO: [ app_init ] --START--
INFO: Run Behavior\BuildLiteBehavior [ RunTime:0.000000s ]
INFO: [ app_init ] --END-- [ RunTime:0.001000s ]
INFO: [ app_begin ] --START--
INFO: Run Behavior\ReadHtmlCacheBehavior [ RunTime:0.001000s ]
INFO: [ app_begin ] --END-- [ RunTime:0.001000s ]
NOTIC: [8192] mysql_connect(): The mysql extension is deprecated and will be removed in the future: use mysqli or PDO instead D:\xampp\htdocs\Jzc\ThinkPHP\Library\Think\Db\Driver\Mysql.class.php 第 52 行.
SQL: SHOW COLUMNS FROM `yaj_goods_make_info` [ RunTime:0.006000s ]
SQL: SELECT `id`,`property`,`criterion`,`info`,`pid`,`img` FROM `yaj_goods_make_info` WHERE `goods_id` = 1  [ RunTime:0.005000s ]
ERR: 1054:Unknown column 'pid' in 'field list'
 [ SQL语句 ] : SELECT `id`,`property`,`criterion`,`info`,`pid`,`img` FROM `yaj_goods_make_info` WHERE `goods_id` = 1 
INFO: [ app_end ] --START--
INFO: Run Behavior\ShowPageTraceBehavior [ RunTime:0.001000s ]
INFO: [ app_end ] --END-- [ RunTime:0.002000s ]

[ 2017-11-24T14:16:25+08:00 ] ::1 /Jzc/index.php/Home/shop/makeInfo
INFO: [ app_init ] --START--
INFO: Run Behavior\BuildLiteBehavior [ RunTime:0.000000s ]
INFO: [ app_init ] --END-- [ RunTime:0.001000s ]
INFO: [ app_begin ] --START--
INFO: Run Behavior\ReadHtmlCacheBehavior [ RunTime:0.001000s ]
INFO: [ app_begin ] --END-- [ RunTime:0.001000s ]
NOTIC: [8192] mysql_connect(): The mysql extension is deprecated and will be removed in the future: use mysqli or PDO instead D:\xampp\htdocs\Jzc\ThinkPHP\Library\Think\Db\Driver\Mysql.class.php 第 52 行.
SQL: SHOW COLUMNS FROM `yaj_goods_make_info` [ RunTime:0.011000s ]
SQL: SELECT `id`,`property`,`criterion`,`info`,`pid`,`img` FROM `yaj_goods_make_info` WHERE `goods_id` = 1  [ RunTime:0.006000s ]
ERR: 1054:Unknown column 'pid' in 'field list'
 [ SQL语句 ] : SELECT `id`,`property`,`criterion`,`info`,`pid`,`img` FROM `yaj_goods_make_info` WHERE `goods_id` = 1 

[ 2017-11-24T14:16:35+08:00 ] ::1 /Jzc/index.php/Home/shop/makeInfo
INFO: [ app_init ] --START--
INFO: Run Behavior\BuildLiteBehavior [ RunTime:0.000000s ]
INFO: [ app_init ] --END-- [ RunTime:0.000000s ]
INFO: [ app_begin ] --START--
INFO: Run Behavior\ReadHtmlCacheBehavior [ RunTime:0.000000s ]
INFO: [ app_begin ] --END-- [ RunTime:0.000000s ]
NOTIC: [8192] mysql_connect(): The mysql extension is deprecated and will be removed in the future: use mysqli or PDO instead D:\xampp\htdocs\Jzc\ThinkPHP\Library\Think\Db\Driver\Mysql.class.php 第 52 行.
SQL: SHOW COLUMNS FROM `yaj_goods_make_info` [ RunTime:0.007000s ]

[ 2017-11-24T14:22:02+08:00 ] ::1 /Jzc/index.php/Home/shop/makeInfo
INFO: [ app_init ] --START--
INFO: Run Behavior\BuildLiteBehavior [ RunTime:0.000000s ]
INFO: [ app_init ] --END-- [ RunTime:0.000000s ]
INFO: [ app_begin ] --START--
INFO: Run Behavior\ReadHtmlCacheBehavior [ RunTime:0.001000s ]
INFO: [ app_begin ] --END-- [ RunTime:0.001000s ]
NOTIC: [8192] mysql_connect(): The mysql extension is deprecated and will be removed in the future: use mysqli or PDO instead D:\xampp\htdocs\Jzc\ThinkPHP\Library\Think\Db\Driver\Mysql.class.php 第 52 行.
SQL: SHOW COLUMNS FROM `yaj_goods_make_info` [ RunTime:0.007000s ]
INFO: [ app_end ] --START--
INFO: Run Behavior\ShowPageTraceBehavior [ RunTime:0.000000s ]
INFO: [ app_end ] --END-- [ RunTime:0.000000s ]

[ 2017-11-24T14:22:09+08:00 ] ::1 /Jzc/index.php/Home/shop/makeInfo
INFO: [ app_init ] --START--
INFO: Run Behavior\BuildLiteBehavior [ RunTime:0.000000s ]
INFO: [ app_init ] --END-- [ RunTime:0.001000s ]
INFO: [ app_begin ] --START--
INFO: Run Behavior\ReadHtmlCacheBehavior [ RunTime:0.001000s ]
INFO: [ app_begin ] --END-- [ RunTime:0.001000s ]
NOTIC: [8192] mysql_connect(): The mysql extension is deprecated and will be removed in the future: use mysqli or PDO instead D:\xampp\htdocs\Jzc\ThinkPHP\Library\Think\Db\Driver\Mysql.class.php 第 52 行.
SQL: SHOW COLUMNS FROM `yaj_goods_make_info` [ RunTime:0.013000s ]
SQL: SELECT `id`,`property`,`criterion`,`info`,`pid`,`img` FROM `yaj_goods_make_info` WHERE `goods_id` = 1  [ RunTime:0.006000s ]
ERR: 1054:Unknown column 'pid' in 'field list'
 [ SQL语句 ] : SELECT `id`,`property`,`criterion`,`info`,`pid`,`img` FROM `yaj_goods_make_info` WHERE `goods_id` = 1 
INFO: [ app_end ] --START--
INFO: Run Behavior\ShowPageTraceBehavior [ RunTime:0.000000s ]
INFO: [ app_end ] --END-- [ RunTime:0.000000s ]

[ 2017-11-24T14:22:41+08:00 ] ::1 /Jzc/index.php/Home/shop/makeInfo
INFO: [ app_init ] --START--
INFO: Run Behavior\BuildLiteBehavior [ RunTime:0.000000s ]
INFO: [ app_init ] --END-- [ RunTime:0.001000s ]
INFO: [ app_begin ] --START--
INFO: Run Behavior\ReadHtmlCacheBehavior [ RunTime:0.000000s ]
INFO: [ app_begin ] --END-- [ RunTime:0.001000s ]
NOTIC: [8192] mysql_connect(): The mysql extension is deprecated and will be removed in the future: use mysqli or PDO instead D:\xampp\htdocs\Jzc\ThinkPHP\Library\Think\Db\Driver\Mysql.class.php 第 52 行.
SQL: SHOW COLUMNS FROM `yaj_goods_make_info` [ RunTime:0.008000s ]
SQL: SELECT `id`,`property`,`criterion`,`info`,`pid`,`img` FROM `yaj_goods_make_info` WHERE `goods_id` = 1  [ RunTime:0.017000s ]
ERR: 1054:Unknown column 'pid' in 'field list'
 [ SQL语句 ] : SELECT `id`,`property`,`criterion`,`info`,`pid`,`img` FROM `yaj_goods_make_info` WHERE `goods_id` = 1 
INFO: [ app_end ] --START--
INFO: Run Behavior\ShowPageTraceBehavior [ RunTime:0.002000s ]
INFO: [ app_end ] --END-- [ RunTime:0.002000s ]

[ 2017-11-24T14:26:51+08:00 ] ::1 /Jzc/index.php/Home/shop/makeInfo
INFO: [ app_init ] --START--
INFO: Run Behavior\BuildLiteBehavior [ RunTime:0.000000s ]
INFO: [ app_init ] --END-- [ RunTime:0.000000s ]
INFO: [ app_begin ] --START--
INFO: Run Behavior\ReadHtmlCacheBehavior [ RunTime:0.000000s ]
INFO: [ app_begin ] --END-- [ RunTime:0.000000s ]
NOTIC: [8192] mysql_connect(): The mysql extension is deprecated and will be removed in the future: use mysqli or PDO instead D:\xampp\htdocs\Jzc\ThinkPHP\Library\Think\Db\Driver\Mysql.class.php 第 52 行.
SQL: SHOW COLUMNS FROM `yaj_goods_make_info` [ RunTime:0.006000s ]
SQL: SELECT `id`,`property`,`criterion`,`info`,`pid`,`img` FROM `yaj_goods_make_info`  [ RunTime:0.006000s ]
ERR: 1054:Unknown column 'pid' in 'field list'
 [ SQL语句 ] : SELECT `id`,`property`,`criterion`,`info`,`pid`,`img` FROM `yaj_goods_make_info` 
INFO: [ app_end ] --START--
INFO: Run Behavior\ShowPageTraceBehavior [ RunTime:0.001000s ]
INFO: [ app_end ] --END-- [ RunTime:0.001000s ]

[ 2017-11-24T14:27:08+08:00 ] ::1 /Jzc/index.php/Home/shop/makeInfo
INFO: [ app_init ] --START--
INFO: Run Behavior\BuildLiteBehavior [ RunTime:0.000000s ]
INFO: [ app_init ] --END-- [ RunTime:0.000000s ]
INFO: [ app_begin ] --START--
INFO: Run Behavior\ReadHtmlCacheBehavior [ RunTime:0.000000s ]
INFO: [ app_begin ] --END-- [ RunTime:0.000000s ]
NOTIC: [8192] mysql_connect(): The mysql extension is deprecated and will be removed in the future: use mysqli or PDO instead D:\xampp\htdocs\Jzc\ThinkPHP\Library\Think\Db\Driver\Mysql.class.php 第 52 行.
SQL: SHOW COLUMNS FROM `yaj_goods_make_info` [ RunTime:0.007000s ]
SQL: SELECT `id`,`property`,`criterion`,`info`,`pid`,`img` FROM `yaj_goods_make_info` WHERE `goods_id` = 1  [ RunTime:0.005000s ]
ERR: 1054:Unknown column 'pid' in 'field list'
 [ SQL语句 ] : SELECT `id`,`property`,`criterion`,`info`,`pid`,`img` FROM `yaj_goods_make_info` WHERE `goods_id` = 1 
INFO: [ app_end ] --START--
INFO: Run Behavior\ShowPageTraceBehavior [ RunTime:0.001000s ]
INFO: [ app_end ] --END-- [ RunTime:0.001000s ]

[ 2017-11-24T14:27:45+08:00 ] ::1 /Jzc/index.php/Home/shop/makeInfo
INFO: [ app_init ] --START--
INFO: Run Behavior\BuildLiteBehavior [ RunTime:0.000000s ]
INFO: [ app_init ] --END-- [ RunTime:0.001000s ]
INFO: [ app_begin ] --START--
INFO: Run Behavior\ReadHtmlCacheBehavior [ RunTime:0.001000s ]
INFO: [ app_begin ] --END-- [ RunTime:0.001000s ]
NOTIC: [8192] mysql_connect(): The mysql extension is deprecated and will be removed in the future: use mysqli or PDO instead D:\xampp\htdocs\Jzc\ThinkPHP\Library\Think\Db\Driver\Mysql.class.php 第 52 行.
SQL: SHOW COLUMNS FROM `yaj_goods_make_info` [ RunTime:0.006000s ]
SQL: SELECT * FROM `yaj_goods_make_info`  [ RunTime:0.007000s ]
NOTIC: [8] Undefined variable: value D:\xampp\htdocs\Jzc\Application\Home\Controller\ShopController.class.php 第 159 行.
INFO: [ app_end ] --START--
INFO: Run Behavior\ShowPageTraceBehavior [ RunTime:0.001000s ]
INFO: [ app_end ] --END-- [ RunTime:0.001000s ]

[ 2017-11-24T14:28:01+08:00 ] ::1 /Jzc/index.php/Home/shop/makeInfo
INFO: [ app_init ] --START--
INFO: Run Behavior\BuildLiteBehavior [ RunTime:0.000000s ]
INFO: [ app_init ] --END-- [ RunTime:0.000000s ]
INFO: [ app_begin ] --START--
INFO: Run Behavior\ReadHtmlCacheBehavior [ RunTime:0.000000s ]
INFO: [ app_begin ] --END-- [ RunTime:0.000000s ]
NOTIC: [8192] mysql_connect(): The mysql extension is deprecated and will be removed in the future: use mysqli or PDO instead D:\xampp\htdocs\Jzc\ThinkPHP\Library\Think\Db\Driver\Mysql.class.php 第 52 行.
SQL: SHOW COLUMNS FROM `yaj_goods_make_info` [ RunTime:0.007000s ]
SQL: SELECT * FROM `yaj_goods_make_info` WHERE `goods_id` = 1  [ RunTime:0.005000s ]
NOTIC: [8] Undefined variable: value D:\xampp\htdocs\Jzc\Application\Home\Controller\ShopController.class.php 第 159 行.
INFO: [ app_end ] --START--
INFO: Run Behavior\ShowPageTraceBehavior [ RunTime:0.001000s ]
INFO: [ app_end ] --END-- [ RunTime:0.001000s ]

[ 2017-11-24T14:28:56+08:00 ] ::1 /Jzc/index.php/Home/shop/makeInfo
INFO: [ app_init ] --START--
INFO: Run Behavior\BuildLiteBehavior [ RunTime:0.000000s ]
INFO: [ app_init ] --END-- [ RunTime:0.000000s ]
INFO: [ app_begin ] --START--
INFO: Run Behavior\ReadHtmlCacheBehavior [ RunTime:0.001000s ]
INFO: [ app_begin ] --END-- [ RunTime:0.001000s ]
NOTIC: [8192] mysql_connect(): The mysql extension is deprecated and will be removed in the future: use mysqli or PDO instead D:\xampp\htdocs\Jzc\ThinkPHP\Library\Think\Db\Driver\Mysql.class.php 第 52 行.
SQL: SHOW COLUMNS FROM `yaj_goods_make_info` [ RunTime:0.028000s ]
SQL: SELECT `id`,`property`,`criterion`,`info`,`goods_id`,`img` FROM `yaj_goods_make_info` WHERE `goods_id` = 1  [ RunTime:0.019000s ]
NOTIC: [8] Undefined variable: dd D:\xampp\htdocs\Jzc\Application\Home\Controller\ShopController.class.php 第 164 行.
INFO: [ app_end ] --START--
INFO: Run Behavior\ShowPageTraceBehavior [ RunTime:0.001000s ]
INFO: [ app_end ] --END-- [ RunTime:0.001000s ]

[ 2017-11-24T14:29:06+08:00 ] ::1 /Jzc/index.php/Home/shop/makeInfo
INFO: [ app_init ] --START--
INFO: Run Behavior\BuildLiteBehavior [ RunTime:0.000000s ]
INFO: [ app_init ] --END-- [ RunTime:0.000000s ]
INFO: [ app_begin ] --START--
INFO: Run Behavior\ReadHtmlCacheBehavior [ RunTime:0.001000s ]
INFO: [ app_begin ] --END-- [ RunTime:0.001000s ]
NOTIC: [8192] mysql_connect(): The mysql extension is deprecated and will be removed in the future: use mysqli or PDO instead D:\xampp\htdocs\Jzc\ThinkPHP\Library\Think\Db\Driver\Mysql.class.php 第 52 行.
SQL: SHOW COLUMNS FROM `yaj_goods_make_info` [ RunTime:0.006000s ]
SQL: SELECT `id`,`property`,`criterion`,`info`,`goods_id`,`img` FROM `yaj_goods_make_info` WHERE `goods_id` = 1  [ RunTime:0.005000s ]
INFO: [ app_end ] --START--
INFO: Run Behavior\ShowPageTraceBehavior [ RunTime:0.001000s ]
INFO: [ app_end ] --END-- [ RunTime:0.001000s ]

[ 2017-11-24T15:13:27+08:00 ] ::1 /Jzc/index.php/Home/shop/goodslist
INFO: [ app_init ] --START--
INFO: Run Behavior\BuildLiteBehavior [ RunTime:0.000000s ]
INFO: [ app_init ] --END-- [ RunTime:0.000000s ]
INFO: [ app_begin ] --START--
INFO: Run Behavior\ReadHtmlCacheBehavior [ RunTime:0.001000s ]
INFO: [ app_begin ] --END-- [ RunTime:0.001000s ]
NOTIC: [8] Undefined index: page D:\xampp\htdocs\Jzc\Application\Home\Controller\ShopController.class.php 第 208 行.
NOTIC: [8] Undefined index: type D:\xampp\htdocs\Jzc\Application\Home\Controller\ShopController.class.php 第 209 行.
NOTIC: [8] Undefined index: search D:\xampp\htdocs\Jzc\Application\Home\Controller\ShopController.class.php 第 212 行.
NOTIC: [8192] mysql_connect(): The mysql extension is deprecated and will be removed in the future: use mysqli or PDO instead D:\xampp\htdocs\Jzc\ThinkPHP\Library\Think\Db\Driver\Mysql.class.php 第 52 行.
SQL: SHOW COLUMNS FROM `yaj_goods` [ RunTime:0.010000s ]
SQL: SELECT `id`,`name`,`img`,`promote_price`,`price` FROM `yaj_goods` WHERE `state` = 1 AND `root_id` = 8 ORDER BY is_best desc,add_time desc LIMIT 0,15   [ RunTime:0.006000s ]
NOTIC: [8] Undefined index: hot D:\xampp\htdocs\Jzc\Application\Home\Controller\ShopController.class.php 第 252 行.
NOTIC: [8] Undefined index: cold D:\xampp\htdocs\Jzc\Application\Home\Controller\ShopController.class.php 第 263 行.
SQL: SELECT COUNT(*) AS tp_count FROM `yaj_goods` WHERE `state` = 1 AND `root_id` = 8 LIMIT 1   [ RunTime:0.005000s ]
INFO: [ app_end ] --START--
INFO: Run Behavior\ShowPageTraceBehavior [ RunTime:0.002000s ]
INFO: [ app_end ] --END-- [ RunTime:0.002000s ]

[ 2017-11-24T15:13:35+08:00 ] ::1 /Jzc/index.php/Home/shop/goodslist
INFO: [ app_init ] --START--
INFO: Run Behavior\BuildLiteBehavior [ RunTime:0.000000s ]
INFO: [ app_init ] --END-- [ RunTime:0.000000s ]
INFO: [ app_begin ] --START--
INFO: Run Behavior\ReadHtmlCacheBehavior [ RunTime:0.000000s ]
INFO: [ app_begin ] --END-- [ RunTime:0.000000s ]
NOTIC: [8] Undefined index: page D:\xampp\htdocs\Jzc\Application\Home\Controller\ShopController.class.php 第 208 行.
NOTIC: [8] Undefined index: type D:\xampp\htdocs\Jzc\Application\Home\Controller\ShopController.class.php 第 209 行.
NOTIC: [8] Undefined index: search D:\xampp\htdocs\Jzc\Application\Home\Controller\ShopController.class.php 第 212 行.
NOTIC: [8192] mysql_connect(): The mysql extension is deprecated and will be removed in the future: use mysqli or PDO instead D:\xampp\htdocs\Jzc\ThinkPHP\Library\Think\Db\Driver\Mysql.class.php 第 52 行.
SQL: SHOW COLUMNS FROM `yaj_goods` [ RunTime:0.007000s ]
SQL: SELECT `id`,`name`,`img`,`promote_price`,`price` FROM `yaj_goods` WHERE `state` = 1 AND `root_id` = 8 ORDER BY is_best desc,add_time desc LIMIT 0,15   [ RunTime:0.011000s ]
SQL: SELECT `id`,`name`,`img`,`promote_price`,`price` FROM `yaj_goods` WHERE `state` = 1 AND `root_id` = 8 ORDER BY is_best desc,add_time desc,price desc,sales desc LIMIT 0,15   [ RunTime:0.008000s ]
NOTIC: [8] Undefined index: cold D:\xampp\htdocs\Jzc\Application\Home\Controller\ShopController.class.php 第 263 行.
SQL: SELECT COUNT(*) AS tp_count FROM `yaj_goods` WHERE `state` = 1 AND `root_id` = 8 LIMIT 1   [ RunTime:0.006000s ]
INFO: [ app_end ] --START--
INFO: Run Behavior\ShowPageTraceBehavior [ RunTime:0.001000s ]
INFO: [ app_end ] --END-- [ RunTime:0.001000s ]

[ 2017-11-24T15:27:05+08:00 ] ::1 /Jzc/index.php/Home/shop/goodslist
INFO: [ app_init ] --START--
INFO: Run Behavior\BuildLiteBehavior [ RunTime:0.000000s ]
INFO: [ app_init ] --END-- [ RunTime:0.000000s ]
INFO: [ app_begin ] --START--
INFO: Run Behavior\ReadHtmlCacheBehavior [ RunTime:0.000000s ]
INFO: [ app_begin ] --END-- [ RunTime:0.000000s ]
NOTIC: [8] Undefined index: page D:\xampp\htdocs\Jzc\Application\Home\Controller\ShopController.class.php 第 208 行.
NOTIC: [8] Undefined index: type D:\xampp\htdocs\Jzc\Application\Home\Controller\ShopController.class.php 第 209 行.
NOTIC: [8] Undefined index: search D:\xampp\htdocs\Jzc\Application\Home\Controller\ShopController.class.php 第 212 行.
NOTIC: [8192] mysql_connect(): The mysql extension is deprecated and will be removed in the future: use mysqli or PDO instead D:\xampp\htdocs\Jzc\ThinkPHP\Library\Think\Db\Driver\Mysql.class.php 第 52 行.
SQL: SHOW COLUMNS FROM `yaj_goods` [ RunTime:0.007000s ]
SQL: SELECT `id`,`name`,`img`,`promote_price`,`price`,`brand_id` FROM `yaj_goods` WHERE `state` = 1 AND `root_id` = 8 ORDER BY is_best desc,add_time desc LIMIT 0,15   [ RunTime:0.006000s ]
SQL: SELECT `id`,`name`,`img`,`promote_price`,`price`,`brand_id` FROM `yaj_goods` WHERE `state` = 1 AND `root_id` = 8 ORDER BY is_best desc,add_time desc,price desc,sales desc LIMIT 0,15   [ RunTime:0.008000s ]
NOTIC: [8] Undefined index: cold D:\xampp\htdocs\Jzc\Application\Home\Controller\ShopController.class.php 第 263 行.
SQL: SELECT COUNT(*) AS tp_count FROM `yaj_goods` WHERE `state` = 1 AND `root_id` = 8 LIMIT 1   [ RunTime:0.006000s ]
INFO: [ app_end ] --START--
INFO: Run Behavior\ShowPageTraceBehavior [ RunTime:0.001000s ]
INFO: [ app_end ] --END-- [ RunTime:0.001000s ]

[ 2017-11-24T15:39:04+08:00 ] ::1 /Jzc/index.php/Home/shop/goodslist
INFO: [ app_init ] --START--
INFO: Run Behavior\BuildLiteBehavior [ RunTime:0.000000s ]
INFO: [ app_init ] --END-- [ RunTime:0.000000s ]
INFO: [ app_begin ] --START--
INFO: Run Behavior\ReadHtmlCacheBehavior [ RunTime:0.001000s ]
INFO: [ app_begin ] --END-- [ RunTime:0.001000s ]
NOTIC: [8] Undefined index: page D:\xampp\htdocs\Jzc\Application\Home\Controller\ShopController.class.php 第 208 行.
NOTIC: [8] Undefined index: type D:\xampp\htdocs\Jzc\Application\Home\Controller\ShopController.class.php 第 209 行.
NOTIC: [8] Undefined index: search D:\xampp\htdocs\Jzc\Application\Home\Controller\ShopController.class.php 第 212 行.
NOTIC: [8192] mysql_connect(): The mysql extension is deprecated and will be removed in the future: use mysqli or PDO instead D:\xampp\htdocs\Jzc\ThinkPHP\Library\Think\Db\Driver\Mysql.class.php 第 52 行.
SQL: SHOW COLUMNS FROM `yaj_goods` [ RunTime:0.008000s ]
SQL: SELECT `id`,`name`,`img`,`promote_price`,`price`,`brand_id` FROM `yaj_goods` WHERE `state` = 1 AND `root_id` = 8 ORDER BY is_best desc,add_time desc LIMIT 0,15   [ RunTime:0.006000s ]
SQL: SELECT `id`,`name`,`img`,`promote_price`,`price`,`brand_id` FROM `yaj_goods` WHERE `state` = 1 AND `root_id` = 8 ORDER BY is_best desc,add_time desc,price desc,sales desc LIMIT 0,15   [ RunTime:0.006000s ]
NOTIC: [8] Undefined index: cold D:\xampp\htdocs\Jzc\Application\Home\Controller\ShopController.class.php 第 263 行.
SQL: SHOW COLUMNS FROM `yaj_goods_banner` [ RunTime:0.006000s ]
NOTIC: [8] Undefined index: banner_id D:\xampp\htdocs\Jzc\Application\Home\Controller\ShopController.class.php 第 277 行.
SQL: SELECT `name` FROM `yaj_goods_banner` WHERE `id` = null LIMIT 1   [ RunTime:0.006000s ]
ERR: 1054:Unknown column 'name' in 'field list'
 [ SQL语句 ] : SELECT `name` FROM `yaj_goods_banner` WHERE `id` = null LIMIT 1  
NOTIC: [8] Undefined index: banner_id D:\xampp\htdocs\Jzc\Application\Home\Controller\ShopController.class.php 第 277 行.
SQL: SELECT `name` FROM `yaj_goods_banner` WHERE `id` = null LIMIT 1   [ RunTime:0.005000s ]
ERR: 1054:Unknown column 'name' in 'field list'
 [ SQL语句 ] : SELECT `name` FROM `yaj_goods_banner` WHERE `id` = null LIMIT 1  
NOTIC: [8] Undefined index: banner_id D:\xampp\htdocs\Jzc\Application\Home\Controller\ShopController.class.php 第 277 行.
SQL: SELECT `name` FROM `yaj_goods_banner` WHERE `id` = null LIMIT 1   [ RunTime:0.010000s ]
ERR: 1054:Unknown column 'name' in 'field list'
 [ SQL语句 ] : SELECT `name` FROM `yaj_goods_banner` WHERE `id` = null LIMIT 1  
NOTIC: [8] Undefined index: banner_id D:\xampp\htdocs\Jzc\Application\Home\Controller\ShopController.class.php 第 277 行.
SQL: SELECT `name` FROM `yaj_goods_banner` WHERE `id` = null LIMIT 1   [ RunTime:0.009000s ]
ERR: 1054:Unknown column 'name' in 'field list'
 [ SQL语句 ] : SELECT `name` FROM `yaj_goods_banner` WHERE `id` = null LIMIT 1  
NOTIC: [8] Undefined index: banner_id D:\xampp\htdocs\Jzc\Application\Home\Controller\ShopController.class.php 第 277 行.
SQL: SELECT `name` FROM `yaj_goods_banner` WHERE `id` = null LIMIT 1   [ RunTime:0.007000s ]
ERR: 1054:Unknown column 'name' in 'field list'
 [ SQL语句 ] : SELECT `name` FROM `yaj_goods_banner` WHERE `id` = null LIMIT 1  
NOTIC: [8] Undefined index: banner_id D:\xampp\htdocs\Jzc\Application\Home\Controller\ShopController.class.php 第 277 行.
SQL: SELECT `name` FROM `yaj_goods_banner` WHERE `id` = null LIMIT 1   [ RunTime:0.006000s ]
ERR: 1054:Unknown column 'name' in 'field list'
 [ SQL语句 ] : SELECT `name` FROM `yaj_goods_banner` WHERE `id` = null LIMIT 1  
NOTIC: [8] Undefined index: banner_id D:\xampp\htdocs\Jzc\Application\Home\Controller\ShopController.class.php 第 277 行.
SQL: SELECT `name` FROM `yaj_goods_banner` WHERE `id` = null LIMIT 1   [ RunTime:0.009000s ]
ERR: 1054:Unknown column 'name' in 'field list'
 [ SQL语句 ] : SELECT `name` FROM `yaj_goods_banner` WHERE `id` = null LIMIT 1  
NOTIC: [8] Undefined index: banner_id D:\xampp\htdocs\Jzc\Application\Home\Controller\ShopController.class.php 第 277 行.
SQL: SELECT `name` FROM `yaj_goods_banner` WHERE `id` = null LIMIT 1   [ RunTime:0.006000s ]
ERR: 1054:Unknown column 'name' in 'field list'
 [ SQL语句 ] : SELECT `name` FROM `yaj_goods_banner` WHERE `id` = null LIMIT 1  
SQL: SELECT COUNT(*) AS tp_count FROM `yaj_goods` WHERE `state` = 1 AND `root_id` = 8 LIMIT 1   [ RunTime:0.005000s ]
INFO: [ app_end ] --START--
INFO: Run Behavior\ShowPageTraceBehavior [ RunTime:0.001000s ]
INFO: [ app_end ] --END-- [ RunTime:0.001000s ]

[ 2017-11-24T15:39:28+08:00 ] ::1 /Jzc/index.php/Home/shop/goodslist
INFO: [ app_init ] --START--
INFO: Run Behavior\BuildLiteBehavior [ RunTime:0.000000s ]
INFO: [ app_init ] --END-- [ RunTime:0.000000s ]
INFO: [ app_begin ] --START--
INFO: Run Behavior\ReadHtmlCacheBehavior [ RunTime:0.001000s ]
INFO: [ app_begin ] --END-- [ RunTime:0.001000s ]
NOTIC: [8] Undefined index: page D:\xampp\htdocs\Jzc\Application\Home\Controller\ShopController.class.php 第 208 行.
NOTIC: [8] Undefined index: type D:\xampp\htdocs\Jzc\Application\Home\Controller\ShopController.class.php 第 209 行.
NOTIC: [8] Undefined index: search D:\xampp\htdocs\Jzc\Application\Home\Controller\ShopController.class.php 第 212 行.
NOTIC: [8192] mysql_connect(): The mysql extension is deprecated and will be removed in the future: use mysqli or PDO instead D:\xampp\htdocs\Jzc\ThinkPHP\Library\Think\Db\Driver\Mysql.class.php 第 52 行.
SQL: SHOW COLUMNS FROM `yaj_goods` [ RunTime:0.007000s ]
SQL: SELECT `id`,`name`,`img`,`promote_price`,`price`,`brand_id` FROM `yaj_goods` WHERE `state` = 1 AND `root_id` = 8 ORDER BY is_best desc,add_time desc LIMIT 0,15   [ RunTime:0.006000s ]
SQL: SELECT `id`,`name`,`img`,`promote_price`,`price`,`brand_id` FROM `yaj_goods` WHERE `state` = 1 AND `root_id` = 8 ORDER BY is_best desc,add_time desc,price desc,sales desc LIMIT 0,15   [ RunTime:0.006000s ]
NOTIC: [8] Undefined index: cold D:\xampp\htdocs\Jzc\Application\Home\Controller\ShopController.class.php 第 263 行.
SQL: SHOW COLUMNS FROM `yaj_goods_banner` [ RunTime:0.006000s ]
NOTIC: [8] Undefined index: banner_id D:\xampp\htdocs\Jzc\Application\Home\Controller\ShopController.class.php 第 277 行.
SQL: SELECT `name` FROM `yaj_goods_banner` WHERE `id` = null LIMIT 1   [ RunTime:0.005000s ]
ERR: 1054:Unknown column 'name' in 'field list'
 [ SQL语句 ] : SELECT `name` FROM `yaj_goods_banner` WHERE `id` = null LIMIT 1  
NOTIC: [8] Undefined index: banner_id D:\xampp\htdocs\Jzc\Application\Home\Controller\ShopController.class.php 第 277 行.
SQL: SELECT `name` FROM `yaj_goods_banner` WHERE `id` = null LIMIT 1   [ RunTime:0.007000s ]
ERR: 1054:Unknown column 'name' in 'field list'
 [ SQL语句 ] : SELECT `name` FROM `yaj_goods_banner` WHERE `id` = null LIMIT 1  
NOTIC: [8] Undefined index: banner_id D:\xampp\htdocs\Jzc\Application\Home\Controller\ShopController.class.php 第 277 行.
SQL: SELECT `name` FROM `yaj_goods_banner` WHERE `id` = null LIMIT 1   [ RunTime:0.005000s ]
ERR: 1054:Unknown column 'name' in 'field list'
 [ SQL语句 ] : SELECT `name` FROM `yaj_goods_banner` WHERE `id` = null LIMIT 1  
NOTIC: [8] Undefined index: banner_id D:\xampp\htdocs\Jzc\Application\Home\Controller\ShopController.class.php 第 277 行.
SQL: SELECT `name` FROM `yaj_goods_banner` WHERE `id` = null LIMIT 1   [ RunTime:0.006000s ]
ERR: 1054:Unknown column 'name' in 'field list'
 [ SQL语句 ] : SELECT `name` FROM `yaj_goods_banner` WHERE `id` = null LIMIT 1  
NOTIC: [8] Undefined index: banner_id D:\xampp\htdocs\Jzc\Application\Home\Controller\ShopController.class.php 第 277 行.
SQL: SELECT `name` FROM `yaj_goods_banner` WHERE `id` = null LIMIT 1   [ RunTime:0.007000s ]
ERR: 1054:Unknown column 'name' in 'field list'
 [ SQL语句 ] : SELECT `name` FROM `yaj_goods_banner` WHERE `id` = null LIMIT 1  
NOTIC: [8] Undefined index: banner_id D:\xampp\htdocs\Jzc\Application\Home\Controller\ShopController.class.php 第 277 行.
SQL: SELECT `name` FROM `yaj_goods_banner` WHERE `id` = null LIMIT 1   [ RunTime:0.006000s ]
ERR: 1054:Unknown column 'name' in 'field list'
 [ SQL语句 ] : SELECT `name` FROM `yaj_goods_banner` WHERE `id` = null LIMIT 1  
NOTIC: [8] Undefined index: banner_id D:\xampp\htdocs\Jzc\Application\Home\Controller\ShopController.class.php 第 277 行.
SQL: SELECT `name` FROM `yaj_goods_banner` WHERE `id` = null LIMIT 1   [ RunTime:0.006000s ]
ERR: 1054:Unknown column 'name' in 'field list'
 [ SQL语句 ] : SELECT `name` FROM `yaj_goods_banner` WHERE `id` = null LIMIT 1  
NOTIC: [8] Undefined index: banner_id D:\xampp\htdocs\Jzc\Application\Home\Controller\ShopController.class.php 第 277 行.
SQL: SELECT `name` FROM `yaj_goods_banner` WHERE `id` = null LIMIT 1   [ RunTime:0.005000s ]
ERR: 1054:Unknown column 'name' in 'field list'
 [ SQL语句 ] : SELECT `name` FROM `yaj_goods_banner` WHERE `id` = null LIMIT 1  
SQL: SELECT COUNT(*) AS tp_count FROM `yaj_goods` WHERE `state` = 1 AND `root_id` = 8 LIMIT 1   [ RunTime:0.006000s ]
INFO: [ app_end ] --START--
INFO: Run Behavior\ShowPageTraceBehavior [ RunTime:0.001000s ]
INFO: [ app_end ] --END-- [ RunTime:0.001000s ]

[ 2017-11-24T15:41:22+08:00 ] ::1 /Jzc/index.php/Home/shop/goodslist
INFO: [ app_init ] --START--
INFO: Run Behavior\BuildLiteBehavior [ RunTime:0.000000s ]
INFO: [ app_init ] --END-- [ RunTime:0.000000s ]
INFO: [ app_begin ] --START--
INFO: Run Behavior\ReadHtmlCacheBehavior [ RunTime:0.001000s ]
INFO: [ app_begin ] --END-- [ RunTime:0.001000s ]
NOTIC: [8] Undefined index: page D:\xampp\htdocs\Jzc\Application\Home\Controller\ShopController.class.php 第 208 行.
NOTIC: [8] Undefined index: type D:\xampp\htdocs\Jzc\Application\Home\Controller\ShopController.class.php 第 209 行.
NOTIC: [8] Undefined index: search D:\xampp\htdocs\Jzc\Application\Home\Controller\ShopController.class.php 第 212 行.
NOTIC: [8192] mysql_connect(): The mysql extension is deprecated and will be removed in the future: use mysqli or PDO instead D:\xampp\htdocs\Jzc\ThinkPHP\Library\Think\Db\Driver\Mysql.class.php 第 52 行.
SQL: SHOW COLUMNS FROM `yaj_goods` [ RunTime:0.008000s ]
SQL: SELECT `id`,`name`,`img`,`promote_price`,`price`,`brand_id` FROM `yaj_goods` WHERE `state` = 1 AND `root_id` = 8 ORDER BY is_best desc,add_time desc LIMIT 0,15   [ RunTime:0.006000s ]
SQL: SELECT `id`,`name`,`img`,`promote_price`,`price`,`brand_id` FROM `yaj_goods` WHERE `state` = 1 AND `root_id` = 8 ORDER BY is_best desc,add_time desc,price desc,sales desc LIMIT 0,15   [ RunTime:0.005000s ]
NOTIC: [8] Undefined index: cold D:\xampp\htdocs\Jzc\Application\Home\Controller\ShopController.class.php 第 263 行.
SQL: SHOW COLUMNS FROM `yaj_goods_banner` [ RunTime:0.005000s ]
SQL: SELECT `name` FROM `yaj_goods_banner` WHERE `id` = 5 LIMIT 1   [ RunTime:0.005000s ]
ERR: 1054:Unknown column 'name' in 'field list'
 [ SQL语句 ] : SELECT `name` FROM `yaj_goods_banner` WHERE `id` = 5 LIMIT 1  
SQL: SELECT `name` FROM `yaj_goods_banner` WHERE `id` = 5 LIMIT 1   [ RunTime:0.007000s ]
ERR: 1054:Unknown column 'name' in 'field list'
 [ SQL语句 ] : SELECT `name` FROM `yaj_goods_banner` WHERE `id` = 5 LIMIT 1  
SQL: SELECT `name` FROM `yaj_goods_banner` WHERE `id` = 5 LIMIT 1   [ RunTime:0.006000s ]
ERR: 1054:Unknown column 'name' in 'field list'
 [ SQL语句 ] : SELECT `name` FROM `yaj_goods_banner` WHERE `id` = 5 LIMIT 1  
SQL: SELECT `name` FROM `yaj_goods_banner` WHERE `id` = 5 LIMIT 1   [ RunTime:0.005000s ]
ERR: 1054:Unknown column 'name' in 'field list'
 [ SQL语句 ] : SELECT `name` FROM `yaj_goods_banner` WHERE `id` = 5 LIMIT 1  
SQL: SELECT `name` FROM `yaj_goods_banner` WHERE `id` = 5 LIMIT 1   [ RunTime:0.006000s ]
ERR: 1054:Unknown column 'name' in 'field list'
 [ SQL语句 ] : SELECT `name` FROM `yaj_goods_banner` WHERE `id` = 5 LIMIT 1  
SQL: SELECT `name` FROM `yaj_goods_banner` WHERE `id` = 5 LIMIT 1   [ RunTime:0.006000s ]
ERR: 1054:Unknown column 'name' in 'field list'
 [ SQL语句 ] : SELECT `name` FROM `yaj_goods_banner` WHERE `id` = 5 LIMIT 1  
SQL: SELECT `name` FROM `yaj_goods_banner` WHERE `id` = 5 LIMIT 1   [ RunTime:0.005000s ]
ERR: 1054:Unknown column 'name' in 'field list'
 [ SQL语句 ] : SELECT `name` FROM `yaj_goods_banner` WHERE `id` = 5 LIMIT 1  
SQL: SELECT `name` FROM `yaj_goods_banner` WHERE `id` = 5 LIMIT 1   [ RunTime:0.008000s ]
ERR: 1054:Unknown column 'name' in 'field list'
 [ SQL语句 ] : SELECT `name` FROM `yaj_goods_banner` WHERE `id` = 5 LIMIT 1  
SQL: SELECT COUNT(*) AS tp_count FROM `yaj_goods` WHERE `state` = 1 AND `root_id` = 8 LIMIT 1   [ RunTime:0.008000s ]
INFO: [ app_end ] --START--
INFO: Run Behavior\ShowPageTraceBehavior [ RunTime:0.001000s ]
INFO: [ app_end ] --END-- [ RunTime:0.001000s ]

[ 2017-11-24T15:44:38+08:00 ] ::1 /Jzc/index.php/Home/shop/goodslist
INFO: [ app_init ] --START--
INFO: Run Behavior\BuildLiteBehavior [ RunTime:0.000000s ]
INFO: [ app_init ] --END-- [ RunTime:0.000000s ]
INFO: [ app_begin ] --START--
INFO: Run Behavior\ReadHtmlCacheBehavior [ RunTime:0.000000s ]
INFO: [ app_begin ] --END-- [ RunTime:0.000000s ]
NOTIC: [8] Undefined index: page D:\xampp\htdocs\Jzc\Application\Home\Controller\ShopController.class.php 第 208 行.
NOTIC: [8] Undefined index: type D:\xampp\htdocs\Jzc\Application\Home\Controller\ShopController.class.php 第 209 行.
NOTIC: [8] Undefined index: search D:\xampp\htdocs\Jzc\Application\Home\Controller\ShopController.class.php 第 212 行.
NOTIC: [8192] mysql_connect(): The mysql extension is deprecated and will be removed in the future: use mysqli or PDO instead D:\xampp\htdocs\Jzc\ThinkPHP\Library\Think\Db\Driver\Mysql.class.php 第 52 行.
SQL: SHOW COLUMNS FROM `yaj_goods` [ RunTime:0.008000s ]
SQL: SELECT `id`,`name`,`img`,`promote_price`,`price`,`brand_id` FROM `yaj_goods` WHERE `state` = 1 AND `root_id` = 8 ORDER BY is_best desc,add_time desc LIMIT 0,15   [ RunTime:0.006000s ]
SQL: SELECT `id`,`name`,`img`,`promote_price`,`price`,`brand_id` FROM `yaj_goods` WHERE `state` = 1 AND `root_id` = 8 ORDER BY is_best desc,add_time desc,price desc,sales desc LIMIT 0,15   [ RunTime:0.007000s ]
NOTIC: [8] Undefined index: cold D:\xampp\htdocs\Jzc\Application\Home\Controller\ShopController.class.php 第 263 行.
SQL: SHOW COLUMNS FROM `yaj_godos_brand` [ RunTime:0.006000s ]
ERR: 1146:Table 'yaj.yaj_godos_brand' doesn't exist
 [ SQL语句 ] : SHOW COLUMNS FROM `yaj_godos_brand`
SQL: SELECT `brandname` FROM `yaj_godos_brand` WHERE `id` = '5' LIMIT 1   [ RunTime:0.006000s ]
ERR: 1146:Table 'yaj.yaj_godos_brand' doesn't exist
 [ SQL语句 ] : SELECT `brandname` FROM `yaj_godos_brand` WHERE `id` = '5' LIMIT 1  
SQL: SELECT `brandname` FROM `yaj_godos_brand` WHERE `id` = '5' LIMIT 1   [ RunTime:0.009000s ]
ERR: 1146:Table 'yaj.yaj_godos_brand' doesn't exist
 [ SQL语句 ] : SELECT `brandname` FROM `yaj_godos_brand` WHERE `id` = '5' LIMIT 1  
SQL: SELECT `brandname` FROM `yaj_godos_brand` WHERE `id` = '5' LIMIT 1   [ RunTime:0.007000s ]
ERR: 1146:Table 'yaj.yaj_godos_brand' doesn't exist
 [ SQL语句 ] : SELECT `brandname` FROM `yaj_godos_brand` WHERE `id` = '5' LIMIT 1  
SQL: SELECT `brandname` FROM `yaj_godos_brand` WHERE `id` = '5' LIMIT 1   [ RunTime:0.005000s ]
ERR: 1146:Table 'yaj.yaj_godos_brand' doesn't exist
 [ SQL语句 ] : SELECT `brandname` FROM `yaj_godos_brand` WHERE `id` = '5' LIMIT 1  
SQL: SELECT `brandname` FROM `yaj_godos_brand` WHERE `id` = '5' LIMIT 1   [ RunTime:0.005000s ]
ERR: 1146:Table 'yaj.yaj_godos_brand' doesn't exist
 [ SQL语句 ] : SELECT `brandname` FROM `yaj_godos_brand` WHERE `id` = '5' LIMIT 1  
SQL: SELECT `brandname` FROM `yaj_godos_brand` WHERE `id` = '5' LIMIT 1   [ RunTime:0.006000s ]
ERR: 1146:Table 'yaj.yaj_godos_brand' doesn't exist
 [ SQL语句 ] : SELECT `brandname` FROM `yaj_godos_brand` WHERE `id` = '5' LIMIT 1  
SQL: SELECT `brandname` FROM `yaj_godos_brand` WHERE `id` = '5' LIMIT 1   [ RunTime:0.006000s ]
ERR: 1146:Table 'yaj.yaj_godos_brand' doesn't exist
 [ SQL语句 ] : SELECT `brandname` FROM `yaj_godos_brand` WHERE `id` = '5' LIMIT 1  
SQL: SELECT `brandname` FROM `yaj_godos_brand` WHERE `id` = '5' LIMIT 1   [ RunTime:0.007000s ]
ERR: 1146:Table 'yaj.yaj_godos_brand' doesn't exist
 [ SQL语句 ] : SELECT `brandname` FROM `yaj_godos_brand` WHERE `id` = '5' LIMIT 1  
SQL: SELECT COUNT(*) AS tp_count FROM `yaj_goods` WHERE `state` = 1 AND `root_id` = 8 LIMIT 1   [ RunTime:0.007000s ]
INFO: [ app_end ] --START--
INFO: Run Behavior\ShowPageTraceBehavior [ RunTime:0.001000s ]
INFO: [ app_end ] --END-- [ RunTime:0.002000s ]

[ 2017-11-24T15:46:02+08:00 ] ::1 /Jzc/index.php/Home/shop/goodslist
INFO: [ app_init ] --START--
INFO: Run Behavior\BuildLiteBehavior [ RunTime:0.000000s ]
INFO: [ app_init ] --END-- [ RunTime:0.001000s ]
INFO: [ app_begin ] --START--
INFO: Run Behavior\ReadHtmlCacheBehavior [ RunTime:0.001000s ]
INFO: [ app_begin ] --END-- [ RunTime:0.001000s ]
NOTIC: [8] Undefined index: page D:\xampp\htdocs\Jzc\Application\Home\Controller\ShopController.class.php 第 208 行.
NOTIC: [8] Undefined index: type D:\xampp\htdocs\Jzc\Application\Home\Controller\ShopController.class.php 第 209 行.
NOTIC: [8] Undefined index: search D:\xampp\htdocs\Jzc\Application\Home\Controller\ShopController.class.php 第 212 行.
NOTIC: [8192] mysql_connect(): The mysql extension is deprecated and will be removed in the future: use mysqli or PDO instead D:\xampp\htdocs\Jzc\ThinkPHP\Library\Think\Db\Driver\Mysql.class.php 第 52 行.
SQL: SHOW COLUMNS FROM `yaj_goods` [ RunTime:0.007000s ]
SQL: SELECT `id`,`name`,`img`,`promote_price`,`price`,`brand_id` FROM `yaj_goods` WHERE `state` = 1 AND `root_id` = 8 ORDER BY is_best desc,add_time desc LIMIT 0,15   [ RunTime:0.007000s ]
SQL: SELECT `id`,`name`,`img`,`promote_price`,`price`,`brand_id` FROM `yaj_goods` WHERE `state` = 1 AND `root_id` = 8 ORDER BY is_best desc,add_time desc,price desc,sales desc LIMIT 0,15   [ RunTime:0.006000s ]
NOTIC: [8] Undefined index: cold D:\xampp\htdocs\Jzc\Application\Home\Controller\ShopController.class.php 第 263 行.
SQL: SHOW COLUMNS FROM `yaj_goods_brand` [ RunTime:0.010000s ]
SQL: SELECT `brandname` FROM `yaj_goods_brand` WHERE `id` = 5 LIMIT 1   [ RunTime:0.006000s ]
SQL: SELECT `brandname` FROM `yaj_goods_brand` WHERE `id` = 5 LIMIT 1   [ RunTime:0.005000s ]
SQL: SELECT `brandname` FROM `yaj_goods_brand` WHERE `id` = 5 LIMIT 1   [ RunTime:0.006000s ]
SQL: SELECT `brandname` FROM `yaj_goods_brand` WHERE `id` = 5 LIMIT 1   [ RunTime:0.007000s ]
SQL: SELECT `brandname` FROM `yaj_goods_brand` WHERE `id` = 5 LIMIT 1   [ RunTime:0.005000s ]
SQL: SELECT `brandname` FROM `yaj_goods_brand` WHERE `id` = 5 LIMIT 1   [ RunTime:0.006000s ]
SQL: SELECT `brandname` FROM `yaj_goods_brand` WHERE `id` = 5 LIMIT 1   [ RunTime:0.007000s ]
SQL: SELECT `brandname` FROM `yaj_goods_brand` WHERE `id` = 5 LIMIT 1   [ RunTime:0.006000s ]
SQL: SELECT COUNT(*) AS tp_count FROM `yaj_goods` WHERE `state` = 1 AND `root_id` = 8 LIMIT 1   [ RunTime:0.009000s ]
INFO: [ app_end ] --START--
INFO: Run Behavior\ShowPageTraceBehavior [ RunTime:0.001000s ]
INFO: [ app_end ] --END-- [ RunTime:0.001000s ]

[ 2017-11-24T15:53:30+08:00 ] ::1 /Jzc/index.php/Home/shop/goodslist
INFO: [ app_init ] --START--
INFO: Run Behavior\BuildLiteBehavior [ RunTime:0.000000s ]
INFO: [ app_init ] --END-- [ RunTime:0.000000s ]
INFO: [ app_begin ] --START--
INFO: Run Behavior\ReadHtmlCacheBehavior [ RunTime:0.000000s ]
INFO: [ app_begin ] --END-- [ RunTime:0.000000s ]

[ 2017-11-24T15:54:02+08:00 ] ::1 /Jzc/index.php/Home/shop/goodslist
INFO: [ app_init ] --START--
INFO: Run Behavior\BuildLiteBehavior [ RunTime:0.000000s ]
INFO: [ app_init ] --END-- [ RunTime:0.001000s ]
INFO: [ app_begin ] --START--
INFO: Run Behavior\ReadHtmlCacheBehavior [ RunTime:0.001000s ]
INFO: [ app_begin ] --END-- [ RunTime:0.001000s ]
NOTIC: [8] Undefined index: page D:\xampp\htdocs\Jzc\Application\Home\Controller\ShopController.class.php 第 208 行.
NOTIC: [8] Undefined index: type D:\xampp\htdocs\Jzc\Application\Home\Controller\ShopController.class.php 第 209 行.
NOTIC: [8] Undefined index: search D:\xampp\htdocs\Jzc\Application\Home\Controller\ShopController.class.php 第 212 行.
NOTIC: [8192] mysql_connect(): The mysql extension is deprecated and will be removed in the future: use mysqli or PDO instead D:\xampp\htdocs\Jzc\ThinkPHP\Library\Think\Db\Driver\Mysql.class.php 第 52 行.
SQL: SHOW COLUMNS FROM `yaj_goods` [ RunTime:0.078000s ]
SQL: SELECT `id`,`name`,`img`,`price`,`brand_id` FROM `yaj_goods` WHERE `state` = 1 AND `root_id` = 8 ORDER BY is_best desc,add_time desc LIMIT 0,15   [ RunTime:0.201000s ]
SQL: SELECT `id`,`name`,`img`,`price`,`brand_id` FROM `yaj_goods` WHERE `state` = 1 AND `root_id` = 8 ORDER BY is_best desc,add_time desc,price desc,sales desc LIMIT 0,15   [ RunTime:1.978000s ]
NOTIC: [8] Undefined index: cold D:\xampp\htdocs\Jzc\Application\Home\Controller\ShopController.class.php 第 263 行.
SQL: SHOW COLUMNS FROM `yaj_goods_brand` [ RunTime:0.213000s ]
SQL: SELECT `brandname` FROM `yaj_goods_brand` WHERE `id` = 5 LIMIT 1   [ RunTime:0.180000s ]
SQL: SELECT `brandname` FROM `yaj_goods_brand` WHERE `id` = 5 LIMIT 1   [ RunTime:0.217000s ]
SQL: SELECT `brandname` FROM `yaj_goods_brand` WHERE `id` = 5 LIMIT 1   [ RunTime:0.229000s ]
SQL: SELECT `brandname` FROM `yaj_goods_brand` WHERE `id` = 5 LIMIT 1   [ RunTime:0.219000s ]
SQL: SELECT `brandname` FROM `yaj_goods_brand` WHERE `id` = 5 LIMIT 1   [ RunTime:0.255000s ]
SQL: SELECT `brandname` FROM `yaj_goods_brand` WHERE `id` = 5 LIMIT 1   [ RunTime:0.207000s ]
SQL: SELECT `brandname` FROM `yaj_goods_brand` WHERE `id` = 5 LIMIT 1   [ RunTime:0.130000s ]
SQL: SELECT `brandname` FROM `yaj_goods_brand` WHERE `id` = 5 LIMIT 1   [ RunTime:0.159000s ]
SQL: SELECT COUNT(*) AS tp_count FROM `yaj_goods` WHERE `state` = 1 AND `root_id` = 8 LIMIT 1   [ RunTime:0.124000s ]
INFO: [ app_end ] --START--
INFO: Run Behavior\ShowPageTraceBehavior [ RunTime:0.002000s ]
INFO: [ app_end ] --END-- [ RunTime:0.002000s ]

[ 2017-11-24T15:55:32+08:00 ] ::1 /Jzc/index.php/Home/shop/goods_details
INFO: [ app_init ] --START--
INFO: Run Behavior\BuildLiteBehavior [ RunTime:0.000000s ]
INFO: [ app_init ] --END-- [ RunTime:0.000000s ]
INFO: [ app_begin ] --START--
INFO: Run Behavior\ReadHtmlCacheBehavior [ RunTime:0.001000s ]
INFO: [ app_begin ] --END-- [ RunTime:0.001000s ]
NOTIC: [8192] mysql_connect(): The mysql extension is deprecated and will be removed in the future: use mysqli or PDO instead D:\xampp\htdocs\Jzc\ThinkPHP\Library\Think\Db\Driver\Mysql.class.php 第 52 行.
SQL: SHOW COLUMNS FROM `yaj_goods` [ RunTime:0.008000s ]
SQL: UPDATE `yaj_goods` SET `click_count`=click_count+1 WHERE `id` = 3 [ RunTime:0.007000s ]
SQL: SELECT `id`,`name`,`price`,`promote_price`,`postprice`,`showimg`,`state`,`stock` FROM `yaj_goods` WHERE `id` = 3 LIMIT 1   [ RunTime:0.018000s ]
SQL: SHOW COLUMNS FROM `yaj_goodsconfig` [ RunTime:0.009000s ]
SQL: SELECT `color`,`standard`,`capacity` FROM `yaj_goodsconfig` WHERE `gid` = 3 LIMIT 1   [ RunTime:0.007000s ]
SQL: SHOW COLUMNS FROM `yaj_collect` [ RunTime:0.007000s ]
SQL: SELECT * FROM `yaj_collect` WHERE `uid` = 54 AND `collect_id` = 3 AND `type` = 4 LIMIT 1   [ RunTime:0.007000s ]
INFO: [ app_end ] --START--
INFO: Run Behavior\ShowPageTraceBehavior [ RunTime:0.000000s ]
INFO: [ app_end ] --END-- [ RunTime:0.001000s ]

[ 2017-11-24T16:01:21+08:00 ] ::1 /Jzc/index.php/Home/shop/goods_details
INFO: [ app_init ] --START--
INFO: Run Behavior\BuildLiteBehavior [ RunTime:0.000000s ]
INFO: [ app_init ] --END-- [ RunTime:0.001000s ]
INFO: [ app_begin ] --START--
INFO: Run Behavior\ReadHtmlCacheBehavior [ RunTime:0.001000s ]
INFO: [ app_begin ] --END-- [ RunTime:0.001000s ]
NOTIC: [8192] mysql_connect(): The mysql extension is deprecated and will be removed in the future: use mysqli or PDO instead D:\xampp\htdocs\Jzc\ThinkPHP\Library\Think\Db\Driver\Mysql.class.php 第 52 行.
SQL: SHOW COLUMNS FROM `yaj_goods` [ RunTime:0.008000s ]
SQL: UPDATE `yaj_goods` SET `click_count`=click_count+1 WHERE `id` = 3 [ RunTime:0.007000s ]
SQL: SELECT `id`,`name`,`price`,`promote_price`,`postprice`,`showimg`,`stock` FROM `yaj_goods` WHERE `id` = 3 AND `state` = 1 LIMIT 1   [ RunTime:0.007000s ]
SQL: SHOW COLUMNS FROM `yaj_goodsconfig` [ RunTime:0.007000s ]
SQL: SELECT `color`,`standard`,`capacity` FROM `yaj_goodsconfig` WHERE `gid` = 3 LIMIT 1   [ RunTime:0.006000s ]
SQL: SHOW COLUMNS FROM `yaj_collect` [ RunTime:0.007000s ]
SQL: SELECT * FROM `yaj_collect` WHERE `uid` = 54 AND `collect_id` = 3 AND `type` = 4 LIMIT 1   [ RunTime:0.006000s ]
INFO: [ app_end ] --START--
INFO: Run Behavior\ShowPageTraceBehavior [ RunTime:0.001000s ]
INFO: [ app_end ] --END-- [ RunTime:0.001000s ]

[ 2017-11-24T17:38:20+08:00 ] 192.168.31.96 /Jzc/index.php/home/share/share_show
INFO: [ app_init ] --START--
INFO: Run Behavior\BuildLiteBehavior [ RunTime:0.000000s ]
INFO: [ app_init ] --END-- [ RunTime:0.001000s ]
INFO: [ app_begin ] --START--
INFO: Run Behavior\ReadHtmlCacheBehavior [ RunTime:0.001000s ]
INFO: [ app_begin ] --END-- [ RunTime:0.002000s ]
NOTIC: [8] Undefined index: search D:\xampp\htdocs\Jzc\Application\Home\Controller\ShareController.class.php 第 76 行.
NOTIC: [8192] mysql_connect(): The mysql extension is deprecated and will be removed in the future: use mysqli or PDO instead D:\xampp\htdocs\Jzc\ThinkPHP\Library\Think\Db\Driver\Mysql.class.php 第 52 行.
SQL: SHOW COLUMNS FROM `yaj_share_calssify` [ RunTime:0.009000s ]
SQL: SELECT `type` FROM `yaj_share_calssify` WHERE `name` = '我的关注' LIMIT 1   [ RunTime:0.007000s ]
SQL: SHOW COLUMNS FROM `yaj_share_collect` [ RunTime:0.006000s ]
SQL: SELECT `collect_id` FROM `yaj_share_collect` WHERE `uid` = 28 AND `type` = 3 ORDER BY addtime desc  [ RunTime:0.007000s ]
SQL: SHOW COLUMNS FROM `yaj_share` [ RunTime:0.007000s ]
SQL: SELECT `id`,`uid`,`title`,`content`,`addtime`,`label`,`type`,`praise`,`help` FROM `yaj_share` WHERE `id` = 13 ORDER BY addtime desc LIMIT 0,5   [ RunTime:0.007000s ]
SQL: SELECT `id`,`uid`,`title`,`content`,`addtime`,`label`,`type`,`praise`,`help` FROM `yaj_share` WHERE `id` = 14 ORDER BY addtime desc LIMIT 0,5   [ RunTime:0.017000s ]
SQL: SELECT `id`,`uid`,`title`,`content`,`addtime`,`label`,`type`,`praise`,`help` FROM `yaj_share` WHERE `id` = 14 ORDER BY addtime desc LIMIT 0,5   [ RunTime:0.006000s ]
SQL: SHOW COLUMNS FROM `yaj_user` [ RunTime:0.006000s ]
SQL: SELECT `username`,`userpic`,`type` FROM `yaj_user` WHERE `id` = 28 LIMIT 1   [ RunTime:0.007000s ]
SQL: SHOW COLUMNS FROM `yaj_share_img` [ RunTime:0.020000s ]
SQL: SELECT `id` FROM `yaj_share_img` WHERE `pid` = 13 LIMIT 1   [ RunTime:0.012000s ]
SQL: SELECT `img` FROM `yaj_share_img` WHERE `pid` = 13 AND `type` = 1  [ RunTime:0.007000s ]
SQL: SELECT COUNT(*) AS tp_count FROM `yaj_share_img` WHERE `pid` = 13 AND `type` = 1 LIMIT 1   [ RunTime:0.013000s ]
SQL: SELECT `username`,`userpic`,`type` FROM `yaj_user` WHERE `id` = 28 LIMIT 1   [ RunTime:0.009000s ]
SQL: SELECT `id` FROM `yaj_share_img` WHERE `pid` = 14 LIMIT 1   [ RunTime:0.008000s ]
SQL: SELECT `img` FROM `yaj_share_img` WHERE `pid` = 14 AND `type` = 1  [ RunTime:0.009000s ]
SQL: SELECT COUNT(*) AS tp_count FROM `yaj_share_img` WHERE `pid` = 14 AND `type` = 1 LIMIT 1   [ RunTime:0.010000s ]
SQL: SELECT `username`,`userpic`,`type` FROM `yaj_user` WHERE `id` = 28 LIMIT 1   [ RunTime:0.017000s ]
SQL: SELECT `id` FROM `yaj_share_img` WHERE `pid` = 14 LIMIT 1   [ RunTime:0.013000s ]
SQL: SELECT `img` FROM `yaj_share_img` WHERE `pid` = 14 AND `type` = 1  [ RunTime:0.007000s ]
SQL: SELECT COUNT(*) AS tp_count FROM `yaj_share_img` WHERE `pid` = 14 AND `type` = 1 LIMIT 1   [ RunTime:0.006000s ]
INFO: [ app_end ] --START--
INFO: Run Behavior\ShowPageTraceBehavior [ RunTime:0.001000s ]
INFO: [ app_end ] --END-- [ RunTime:0.002000s ]

