[ 2017-11-29T09:45:11+08:00 ] ::1 /Jzc/index.php/Home/share/answer
INFO: [ app_init ] --START--
INFO: Run Behavior\BuildLiteBehavior [ RunTime:0.000000s ]
INFO: [ app_init ] --END-- [ RunTime:0.030000s ]
INFO: [ app_begin ] --START--
INFO: Run Behavior\ReadHtmlCacheBehavior [ RunTime:0.005000s ]
INFO: [ app_begin ] --END-- [ RunTime:0.005000s ]
NOTIC: [8] Undefined index: page D:\xampp\htdocs\Jzc\Application\Home\Controller\ShareController.class.php 第 241 行.
NOTIC: [8] Undefined index: type D:\xampp\htdocs\Jzc\Application\Home\Controller\ShareController.class.php 第 242 行.
NOTIC: [8192] mysql_connect(): The mysql extension is deprecated and will be removed in the future: use mysqli or PDO instead D:\xampp\htdocs\Jzc\ThinkPHP\Library\Think\Db\Driver\Mysql.class.php 第 52 行.
SQL: SHOW COLUMNS FROM `yaj_share_comment` [ RunTime:0.007000s ]
SQL: SELECT `id`,`uid`,`content`,`help`,`addtime` FROM `yaj_share_comment` WHERE `pid` = 3 ORDER BY praise desc LIMIT 7,1   [ RunTime:0.034000s ]
NOTIC: [2] Invalid argument supplied for foreach() D:\xampp\htdocs\Jzc\Application\Home\Controller\ShareController.class.php 第 247 行.
INFO: [ app_end ] --START--
INFO: Run Behavior\ShowPageTraceBehavior [ RunTime:0.010000s ]
INFO: [ app_end ] --END-- [ RunTime:0.011000s ]

[ 2017-11-29T09:47:35+08:00 ] 192.168.31.96 /Jzc/index.php/home/share/share_show
INFO: [ app_init ] --START--
INFO: Run Behavior\BuildLiteBehavior [ RunTime:0.000000s ]
INFO: [ app_init ] --END-- [ RunTime:0.000000s ]
INFO: [ app_begin ] --START--
INFO: Run Behavior\ReadHtmlCacheBehavior [ RunTime:0.001000s ]
INFO: [ app_begin ] --END-- [ RunTime:0.001000s ]
NOTIC: [8] Undefined index: search D:\xampp\htdocs\Jzc\Application\Home\Controller\ShareController.class.php 第 76 行.
NOTIC: [8192] mysql_connect(): The mysql extension is deprecated and will be removed in the future: use mysqli or PDO instead D:\xampp\htdocs\Jzc\ThinkPHP\Library\Think\Db\Driver\Mysql.class.php 第 52 行.
SQL: SHOW COLUMNS FROM `yaj_share_calssify` [ RunTime:0.005000s ]
SQL: SELECT `type` FROM `yaj_share_calssify` WHERE `name` = '我的关注' LIMIT 1   [ RunTime:0.005000s ]
SQL: SHOW COLUMNS FROM `yaj_share_collect` [ RunTime:0.005000s ]
SQL: SELECT `collect_id` FROM `yaj_share_collect` WHERE `uid` = 22 AND `type` = 3 ORDER BY addtime desc  [ RunTime:0.007000s ]
SQL: SHOW COLUMNS FROM `yaj_share` [ RunTime:0.007000s ]
SQL: SELECT `id`,`uid`,`title`,`content`,`addtime`,`label`,`type`,`praise`,`help` FROM `yaj_share` WHERE `id` = 4 ORDER BY addtime desc LIMIT 0,5   [ RunTime:0.005000s ]
SQL: SELECT `id`,`uid`,`title`,`content`,`addtime`,`label`,`type`,`praise`,`help` FROM `yaj_share` WHERE `id` = 3 ORDER BY addtime desc LIMIT 0,5   [ RunTime:0.005000s ]
SQL: SHOW COLUMNS FROM `yaj_user` [ RunTime:0.006000s ]
NOTIC: [8] Undefined index: uid D:\xampp\htdocs\Jzc\Application\Home\Controller\ShareController.class.php 第 150 行.
SQL: SELECT `username`,`userpic`,`type` FROM `yaj_user` WHERE `id` = null LIMIT 1   [ RunTime:0.004000s ]
SQL: SHOW COLUMNS FROM `yaj_share_img` [ RunTime:0.004000s ]
NOTIC: [8] Undefined index: id D:\xampp\htdocs\Jzc\Application\Home\Controller\ShareController.class.php 第 154 行.
SQL: SELECT `id` FROM `yaj_share_img` WHERE `pid` = null LIMIT 1   [ RunTime:0.005000s ]
NOTIC: [8] Undefined index: id D:\xampp\htdocs\Jzc\Application\Home\Controller\ShareController.class.php 第 160 行.
SQL: SELECT `img` FROM `yaj_share_img` WHERE `pid` = null AND `type` = 1  [ RunTime:0.005000s ]
NOTIC: [8] Undefined index: id D:\xampp\htdocs\Jzc\Application\Home\Controller\ShareController.class.php 第 161 行.
SQL: SELECT COUNT(*) AS tp_count FROM `yaj_share_img` WHERE `pid` = null AND `type` = 1 LIMIT 1   [ RunTime:0.005000s ]
SQL: SELECT `username`,`userpic`,`type` FROM `yaj_user` WHERE `id` = 22 LIMIT 1   [ RunTime:0.006000s ]
SQL: SELECT `id` FROM `yaj_share_img` WHERE `pid` = 3 LIMIT 1   [ RunTime:0.005000s ]
SQL: SELECT `img` FROM `yaj_share_img` WHERE `pid` = 3 AND `type` = 1  [ RunTime:0.005000s ]
SQL: SELECT COUNT(*) AS tp_count FROM `yaj_share_img` WHERE `pid` = 3 AND `type` = 1 LIMIT 1   [ RunTime:0.006000s ]
INFO: [ app_end ] --START--
INFO: Run Behavior\ShowPageTraceBehavior [ RunTime:0.001000s ]
INFO: [ app_end ] --END-- [ RunTime:0.001000s ]

[ 2017-11-29T09:47:39+08:00 ] ::1 /Jzc/index.php/Home/share/answer
INFO: [ app_init ] --START--
INFO: Run Behavior\BuildLiteBehavior [ RunTime:0.000000s ]
INFO: [ app_init ] --END-- [ RunTime:0.000000s ]
INFO: [ app_begin ] --START--
INFO: Run Behavior\ReadHtmlCacheBehavior [ RunTime:0.000000s ]
INFO: [ app_begin ] --END-- [ RunTime:0.000000s ]
NOTIC: [8] Undefined index: page D:\xampp\htdocs\Jzc\Application\Home\Controller\ShareController.class.php 第 241 行.
NOTIC: [8] Undefined index: type D:\xampp\htdocs\Jzc\Application\Home\Controller\ShareController.class.php 第 242 行.
NOTIC: [8192] mysql_connect(): The mysql extension is deprecated and will be removed in the future: use mysqli or PDO instead D:\xampp\htdocs\Jzc\ThinkPHP\Library\Think\Db\Driver\Mysql.class.php 第 52 行.
SQL: SHOW COLUMNS FROM `yaj_share_comment` [ RunTime:0.011000s ]
SQL: SELECT `id`,`uid`,`content`,`help`,`addtime` FROM `yaj_share_comment` WHERE `pid` = 3 ORDER BY praise desc LIMIT 7,1   [ RunTime:0.012000s ]

[ 2017-11-29T09:47:49+08:00 ] ::1 /Jzc/index.php/Home/share/answer
INFO: [ app_init ] --START--
INFO: Run Behavior\BuildLiteBehavior [ RunTime:0.000000s ]
INFO: [ app_init ] --END-- [ RunTime:0.000000s ]
INFO: [ app_begin ] --START--
INFO: Run Behavior\ReadHtmlCacheBehavior [ RunTime:0.000000s ]
INFO: [ app_begin ] --END-- [ RunTime:0.000000s ]
NOTIC: [8] Undefined index: page D:\xampp\htdocs\Jzc\Application\Home\Controller\ShareController.class.php 第 241 行.
NOTIC: [8] Undefined index: type D:\xampp\htdocs\Jzc\Application\Home\Controller\ShareController.class.php 第 242 行.
NOTIC: [8192] mysql_connect(): The mysql extension is deprecated and will be removed in the future: use mysqli or PDO instead D:\xampp\htdocs\Jzc\ThinkPHP\Library\Think\Db\Driver\Mysql.class.php 第 52 行.
SQL: SHOW COLUMNS FROM `yaj_share_comment` [ RunTime:0.055000s ]

[ 2017-11-29T09:48:39+08:00 ] ::1 /Jzc/index.php/Home/share/answer
INFO: [ app_init ] --START--
INFO: Run Behavior\BuildLiteBehavior [ RunTime:0.000000s ]
INFO: [ app_init ] --END-- [ RunTime:0.000000s ]
INFO: [ app_begin ] --START--
INFO: Run Behavior\ReadHtmlCacheBehavior [ RunTime:0.000000s ]
INFO: [ app_begin ] --END-- [ RunTime:0.000000s ]
NOTIC: [8] Undefined index: page D:\xampp\htdocs\Jzc\Application\Home\Controller\ShareController.class.php 第 241 行.
NOTIC: [8] Undefined index: type D:\xampp\htdocs\Jzc\Application\Home\Controller\ShareController.class.php 第 242 行.
NOTIC: [8192] mysql_connect(): The mysql extension is deprecated and will be removed in the future: use mysqli or PDO instead D:\xampp\htdocs\Jzc\ThinkPHP\Library\Think\Db\Driver\Mysql.class.php 第 52 行.
SQL: SHOW COLUMNS FROM `yaj_share_comment` [ RunTime:0.008000s ]
SQL: SELECT `id`,`uid`,`content`,`help`,`addtime` FROM `yaj_share_comment` WHERE `pid` = 3 ORDER BY praise desc  [ RunTime:0.007000s ]
SQL: SHOW COLUMNS FROM `yaj_user` [ RunTime:0.006000s ]
SQL: SELECT `username`,`userpic` FROM `yaj_user` WHERE `id` = 22 LIMIT 1   [ RunTime:0.005000s ]
NOTIC: [8] Undefined variable: user D:\xampp\htdocs\Jzc\Application\Home\Controller\ShareController.class.php 第 249 行.
NOTIC: [8] Undefined variable: user D:\xampp\htdocs\Jzc\Application\Home\Controller\ShareController.class.php 第 250 行.
NOTIC: [8] Undefined variable: url D:\xampp\htdocs\Jzc\Application\Home\Controller\ShareController.class.php 第 250 行.
SQL: SHOW COLUMNS FROM `yaj_share_img` [ RunTime:0.007000s ]
SQL: SELECT COUNT(*) AS tp_count FROM `yaj_share_img` WHERE `pid` = 1 AND `type` = 2 LIMIT 1   [ RunTime:0.007000s ]
SQL: SELECT `username`,`userpic` FROM `yaj_user` WHERE `id` = 22 LIMIT 1   [ RunTime:0.006000s ]
NOTIC: [8] Undefined variable: user D:\xampp\htdocs\Jzc\Application\Home\Controller\ShareController.class.php 第 249 行.
NOTIC: [8] Undefined variable: user D:\xampp\htdocs\Jzc\Application\Home\Controller\ShareController.class.php 第 250 行.
NOTIC: [8] Undefined variable: url D:\xampp\htdocs\Jzc\Application\Home\Controller\ShareController.class.php 第 250 行.
SQL: SELECT COUNT(*) AS tp_count FROM `yaj_share_img` WHERE `pid` = 2 AND `type` = 2 LIMIT 1   [ RunTime:0.005000s ]
SQL: SELECT `username`,`userpic` FROM `yaj_user` WHERE `id` = 22 LIMIT 1   [ RunTime:0.006000s ]
NOTIC: [8] Undefined variable: user D:\xampp\htdocs\Jzc\Application\Home\Controller\ShareController.class.php 第 249 行.
NOTIC: [8] Undefined variable: user D:\xampp\htdocs\Jzc\Application\Home\Controller\ShareController.class.php 第 250 行.
NOTIC: [8] Undefined variable: url D:\xampp\htdocs\Jzc\Application\Home\Controller\ShareController.class.php 第 250 行.
SQL: SELECT COUNT(*) AS tp_count FROM `yaj_share_img` WHERE `pid` = 3 AND `type` = 2 LIMIT 1   [ RunTime:0.007000s ]
INFO: [ app_end ] --START--
INFO: Run Behavior\ShowPageTraceBehavior [ RunTime:0.000000s ]
INFO: [ app_end ] --END-- [ RunTime:0.000000s ]

[ 2017-11-29T09:49:27+08:00 ] ::1 /Jzc/index.php/Home/share/answer
INFO: [ app_init ] --START--
INFO: Run Behavior\BuildLiteBehavior [ RunTime:0.000000s ]
INFO: [ app_init ] --END-- [ RunTime:0.000000s ]
INFO: [ app_begin ] --START--
INFO: Run Behavior\ReadHtmlCacheBehavior [ RunTime:0.001000s ]
INFO: [ app_begin ] --END-- [ RunTime:0.001000s ]
NOTIC: [8] Undefined index: page D:\xampp\htdocs\Jzc\Application\Home\Controller\ShareController.class.php 第 241 行.
NOTIC: [8] Undefined index: type D:\xampp\htdocs\Jzc\Application\Home\Controller\ShareController.class.php 第 242 行.
NOTIC: [8192] mysql_connect(): The mysql extension is deprecated and will be removed in the future: use mysqli or PDO instead D:\xampp\htdocs\Jzc\ThinkPHP\Library\Think\Db\Driver\Mysql.class.php 第 52 行.
SQL: SHOW COLUMNS FROM `yaj_share_comment` [ RunTime:0.012000s ]
SQL: SELECT `id`,`uid`,`content`,`help`,`addtime` FROM `yaj_share_comment` WHERE `pid` = 3 ORDER BY praise desc LIMIT 0,8   [ RunTime:0.025000s ]
SQL: SHOW COLUMNS FROM `yaj_user` [ RunTime:0.027000s ]
SQL: SELECT `username`,`userpic` FROM `yaj_user` WHERE `id` = 22 LIMIT 1   [ RunTime:0.121000s ]
NOTIC: [8] Undefined variable: user D:\xampp\htdocs\Jzc\Application\Home\Controller\ShareController.class.php 第 249 行.
NOTIC: [8] Undefined variable: user D:\xampp\htdocs\Jzc\Application\Home\Controller\ShareController.class.php 第 250 行.
NOTIC: [8] Undefined variable: url D:\xampp\htdocs\Jzc\Application\Home\Controller\ShareController.class.php 第 250 行.
SQL: SHOW COLUMNS FROM `yaj_share_img` [ RunTime:0.049000s ]
SQL: SELECT COUNT(*) AS tp_count FROM `yaj_share_img` WHERE `pid` = 1 AND `type` = 2 LIMIT 1   [ RunTime:0.128000s ]
SQL: SELECT `username`,`userpic` FROM `yaj_user` WHERE `id` = 22 LIMIT 1   [ RunTime:0.025000s ]
NOTIC: [8] Undefined variable: user D:\xampp\htdocs\Jzc\Application\Home\Controller\ShareController.class.php 第 249 行.
NOTIC: [8] Undefined variable: user D:\xampp\htdocs\Jzc\Application\Home\Controller\ShareController.class.php 第 250 行.
NOTIC: [8] Undefined variable: url D:\xampp\htdocs\Jzc\Application\Home\Controller\ShareController.class.php 第 250 行.
SQL: SELECT COUNT(*) AS tp_count FROM `yaj_share_img` WHERE `pid` = 2 AND `type` = 2 LIMIT 1   [ RunTime:0.007000s ]
SQL: SELECT `username`,`userpic` FROM `yaj_user` WHERE `id` = 22 LIMIT 1   [ RunTime:0.015000s ]
NOTIC: [8] Undefined variable: user D:\xampp\htdocs\Jzc\Application\Home\Controller\ShareController.class.php 第 249 行.
NOTIC: [8] Undefined variable: user D:\xampp\htdocs\Jzc\Application\Home\Controller\ShareController.class.php 第 250 行.
NOTIC: [8] Undefined variable: url D:\xampp\htdocs\Jzc\Application\Home\Controller\ShareController.class.php 第 250 行.
SQL: SELECT COUNT(*) AS tp_count FROM `yaj_share_img` WHERE `pid` = 3 AND `type` = 2 LIMIT 1   [ RunTime:0.174000s ]
INFO: [ app_end ] --START--
INFO: Run Behavior\ShowPageTraceBehavior [ RunTime:0.002000s ]
INFO: [ app_end ] --END-- [ RunTime:0.002000s ]

[ 2017-11-29T09:49:42+08:00 ] ::1 /Jzc/index.php/Home/share/answer
INFO: [ app_init ] --START--
INFO: Run Behavior\BuildLiteBehavior [ RunTime:0.000000s ]
INFO: [ app_init ] --END-- [ RunTime:0.000000s ]
INFO: [ app_begin ] --START--
INFO: Run Behavior\ReadHtmlCacheBehavior [ RunTime:0.000000s ]
INFO: [ app_begin ] --END-- [ RunTime:0.000000s ]
NOTIC: [8] Undefined index: page D:\xampp\htdocs\Jzc\Application\Home\Controller\ShareController.class.php 第 241 行.
NOTIC: [8] Undefined index: type D:\xampp\htdocs\Jzc\Application\Home\Controller\ShareController.class.php 第 242 行.
NOTIC: [8192] mysql_connect(): The mysql extension is deprecated and will be removed in the future: use mysqli or PDO instead D:\xampp\htdocs\Jzc\ThinkPHP\Library\Think\Db\Driver\Mysql.class.php 第 52 行.
SQL: SHOW COLUMNS FROM `yaj_share_comment` [ RunTime:0.007000s ]
SQL: SELECT `id`,`uid`,`content`,`help`,`addtime` FROM `yaj_share_comment` WHERE `pid` = 3 ORDER BY praise desc LIMIT 0,8   [ RunTime:0.007000s ]
SQL: SHOW COLUMNS FROM `yaj_user` [ RunTime:0.006000s ]
SQL: SELECT `username`,`userpic` FROM `yaj_user` WHERE `id` = 22 LIMIT 1   [ RunTime:0.005000s ]
NOTIC: [8] Undefined variable: user D:\xampp\htdocs\Jzc\Application\Home\Controller\ShareController.class.php 第 249 行.
NOTIC: [8] Undefined variable: user D:\xampp\htdocs\Jzc\Application\Home\Controller\ShareController.class.php 第 250 行.
NOTIC: [8] Undefined variable: url D:\xampp\htdocs\Jzc\Application\Home\Controller\ShareController.class.php 第 250 行.
SQL: SHOW COLUMNS FROM `yaj_share_img` [ RunTime:0.007000s ]
SQL: SELECT COUNT(*) AS tp_count FROM `yaj_share_img` WHERE `pid` = 1 AND `type` = 2 LIMIT 1   [ RunTime:0.006000s ]
SQL: SELECT `username`,`userpic` FROM `yaj_user` WHERE `id` = 22 LIMIT 1   [ RunTime:0.006000s ]
NOTIC: [8] Undefined variable: user D:\xampp\htdocs\Jzc\Application\Home\Controller\ShareController.class.php 第 249 行.
NOTIC: [8] Undefined variable: user D:\xampp\htdocs\Jzc\Application\Home\Controller\ShareController.class.php 第 250 行.
NOTIC: [8] Undefined variable: url D:\xampp\htdocs\Jzc\Application\Home\Controller\ShareController.class.php 第 250 行.
SQL: SELECT COUNT(*) AS tp_count FROM `yaj_share_img` WHERE `pid` = 2 AND `type` = 2 LIMIT 1   [ RunTime:0.005000s ]
SQL: SELECT `username`,`userpic` FROM `yaj_user` WHERE `id` = 22 LIMIT 1   [ RunTime:0.005000s ]
NOTIC: [8] Undefined variable: user D:\xampp\htdocs\Jzc\Application\Home\Controller\ShareController.class.php 第 249 行.
NOTIC: [8] Undefined variable: user D:\xampp\htdocs\Jzc\Application\Home\Controller\ShareController.class.php 第 250 行.
NOTIC: [8] Undefined variable: url D:\xampp\htdocs\Jzc\Application\Home\Controller\ShareController.class.php 第 250 行.
SQL: SELECT COUNT(*) AS tp_count FROM `yaj_share_img` WHERE `pid` = 3 AND `type` = 2 LIMIT 1   [ RunTime:0.006000s ]
INFO: [ app_end ] --START--
INFO: Run Behavior\ShowPageTraceBehavior [ RunTime:0.001000s ]
INFO: [ app_end ] --END-- [ RunTime:0.001000s ]

[ 2017-11-29T09:51:17+08:00 ] ::1 /Jzc/index.php/Home/shop/makeMetails
INFO: [ app_init ] --START--
INFO: Run Behavior\BuildLiteBehavior [ RunTime:0.000000s ]
INFO: [ app_init ] --END-- [ RunTime:0.001000s ]
INFO: [ app_begin ] --START--
INFO: Run Behavior\ReadHtmlCacheBehavior [ RunTime:0.000000s ]
INFO: [ app_begin ] --END-- [ RunTime:0.000000s ]
NOTIC: [8192] mysql_connect(): The mysql extension is deprecated and will be removed in the future: use mysqli or PDO instead D:\xampp\htdocs\Jzc\ThinkPHP\Library\Think\Db\Driver\Mysql.class.php 第 52 行.
SQL: SHOW COLUMNS FROM `yaj_goods_make` [ RunTime:0.006000s ]
SQL: SELECT `id`,`name`,`min`,`max`,`brand`,`market`,`details`,`show_img` FROM `yaj_goods_make` WHERE `id` = 1 LIMIT 1   [ RunTime:0.006000s ]
SQL: SHOW COLUMNS FROM `yaj_collect` [ RunTime:0.006000s ]
SQL: SELECT `id` FROM `yaj_collect` WHERE `collect_id` = 1 AND `type` = 7 LIMIT 1   [ RunTime:0.006000s ]
INFO: [ app_end ] --START--
INFO: Run Behavior\ShowPageTraceBehavior [ RunTime:0.002000s ]
INFO: [ app_end ] --END-- [ RunTime:0.002000s ]

[ 2017-11-29T09:51:17+08:00 ] 192.168.31.96 /Jzc/index.php/home/share/share_show
INFO: [ app_init ] --START--
INFO: Run Behavior\BuildLiteBehavior [ RunTime:0.000000s ]
INFO: [ app_init ] --END-- [ RunTime:0.000000s ]
INFO: [ app_begin ] --START--
INFO: Run Behavior\ReadHtmlCacheBehavior [ RunTime:0.000000s ]
INFO: [ app_begin ] --END-- [ RunTime:0.000000s ]
NOTIC: [8] Undefined index: search D:\xampp\htdocs\Jzc\Application\Home\Controller\ShareController.class.php 第 76 行.
NOTIC: [8192] mysql_connect(): The mysql extension is deprecated and will be removed in the future: use mysqli or PDO instead D:\xampp\htdocs\Jzc\ThinkPHP\Library\Think\Db\Driver\Mysql.class.php 第 52 行.
SQL: SHOW COLUMNS FROM `yaj_share_calssify` [ RunTime:0.005000s ]
SQL: SELECT `type` FROM `yaj_share_calssify` WHERE `name` = '主题活动' LIMIT 1   [ RunTime:0.007000s ]
SQL: SHOW COLUMNS FROM `yaj_share` [ RunTime:0.006000s ]
SQL: SELECT `id`,`uid`,`title`,`content`,`addtime`,`label`,`type`,`praise`,`help` FROM `yaj_share` WHERE `type` = '5' ORDER BY addtime desc LIMIT 0,5   [ RunTime:0.006000s ]
SQL: SHOW COLUMNS FROM `yaj_user` [ RunTime:0.008000s ]
SQL: SELECT `username`,`userpic`,`type` FROM `yaj_user` WHERE `id` = 28 LIMIT 1   [ RunTime:0.006000s ]
SQL: SHOW COLUMNS FROM `yaj_share_img` [ RunTime:0.006000s ]
SQL: SELECT `id` FROM `yaj_share_img` WHERE `pid` = 16 LIMIT 1   [ RunTime:0.009000s ]
SQL: SELECT `img` FROM `yaj_share_img` WHERE `pid` = 16 AND `type` = 1  [ RunTime:0.005000s ]
SQL: SELECT COUNT(*) AS tp_count FROM `yaj_share_img` WHERE `pid` = 16 AND `type` = 1 LIMIT 1   [ RunTime:0.005000s ]
SQL: SELECT `username`,`userpic`,`type` FROM `yaj_user` WHERE `id` = 28 LIMIT 1   [ RunTime:0.006000s ]
SQL: SELECT `id` FROM `yaj_share_img` WHERE `pid` = 15 LIMIT 1   [ RunTime:0.006000s ]
SQL: SELECT `img` FROM `yaj_share_img` WHERE `pid` = 15 AND `type` = 1  [ RunTime:0.010000s ]
SQL: SELECT COUNT(*) AS tp_count FROM `yaj_share_img` WHERE `pid` = 15 AND `type` = 1 LIMIT 1   [ RunTime:0.008000s ]
SQL: SELECT `username`,`userpic`,`type` FROM `yaj_user` WHERE `id` = 28 LIMIT 1   [ RunTime:0.006000s ]
SQL: SELECT `id` FROM `yaj_share_img` WHERE `pid` = 14 LIMIT 1   [ RunTime:0.007000s ]
SQL: SELECT `img` FROM `yaj_share_img` WHERE `pid` = 14 AND `type` = 1  [ RunTime:0.006000s ]
SQL: SELECT COUNT(*) AS tp_count FROM `yaj_share_img` WHERE `pid` = 14 AND `type` = 1 LIMIT 1   [ RunTime:0.005000s ]
SQL: SELECT `username`,`userpic`,`type` FROM `yaj_user` WHERE `id` = 28 LIMIT 1   [ RunTime:0.008000s ]
SQL: SELECT `id` FROM `yaj_share_img` WHERE `pid` = 13 LIMIT 1   [ RunTime:0.005000s ]
SQL: SELECT `img` FROM `yaj_share_img` WHERE `pid` = 13 AND `type` = 1  [ RunTime:0.006000s ]
SQL: SELECT COUNT(*) AS tp_count FROM `yaj_share_img` WHERE `pid` = 13 AND `type` = 1 LIMIT 1   [ RunTime:0.005000s ]
SQL: SELECT `username`,`userpic`,`type` FROM `yaj_user` WHERE `id` = 28 LIMIT 1   [ RunTime:0.007000s ]
SQL: SELECT `id` FROM `yaj_share_img` WHERE `pid` = 12 LIMIT 1   [ RunTime:0.006000s ]
SQL: SELECT `img` FROM `yaj_share_img` WHERE `pid` = 12 AND `type` = 1  [ RunTime:0.006000s ]
SQL: SELECT COUNT(*) AS tp_count FROM `yaj_share_img` WHERE `pid` = 12 AND `type` = 1 LIMIT 1   [ RunTime:0.005000s ]
INFO: [ app_end ] --START--
INFO: Run Behavior\ShowPageTraceBehavior [ RunTime:0.000000s ]
INFO: [ app_end ] --END-- [ RunTime:0.000000s ]

[ 2017-11-29T09:51:35+08:00 ] 192.168.31.96 /Jzc/index.php/home/share/share_show
INFO: [ app_init ] --START--
INFO: Run Behavior\BuildLiteBehavior [ RunTime:0.000000s ]
INFO: [ app_init ] --END-- [ RunTime:0.000000s ]
INFO: [ app_begin ] --START--
INFO: Run Behavior\ReadHtmlCacheBehavior [ RunTime:0.001000s ]
INFO: [ app_begin ] --END-- [ RunTime:0.001000s ]
NOTIC: [8] Undefined index: search D:\xampp\htdocs\Jzc\Application\Home\Controller\ShareController.class.php 第 76 行.
NOTIC: [8192] mysql_connect(): The mysql extension is deprecated and will be removed in the future: use mysqli or PDO instead D:\xampp\htdocs\Jzc\ThinkPHP\Library\Think\Db\Driver\Mysql.class.php 第 52 行.
SQL: SHOW COLUMNS FROM `yaj_share_calssify` [ RunTime:0.010000s ]
SQL: SELECT `type` FROM `yaj_share_calssify` WHERE `name` = '推荐' LIMIT 1   [ RunTime:0.006000s ]
SQL: SHOW COLUMNS FROM `yaj_share_num` [ RunTime:0.009000s ]
SQL: SELECT `label` FROM `yaj_share_num` WHERE `uid` = 22 ORDER BY num desc LIMIT 9   [ RunTime:0.008000s ]
SQL: SHOW COLUMNS FROM `yaj_share` [ RunTime:0.074000s ]
NOTIC: [8] Undefined variable: map D:\xampp\htdocs\Jzc\Application\Home\Controller\ShareController.class.php 第 89 行.
SQL: SELECT `id`,`label` FROM `yaj_share` ORDER BY addtime desc  [ RunTime:0.004000s ]
NOTIC: [2] Invalid argument supplied for foreach() D:\xampp\htdocs\Jzc\Application\Home\Controller\ShareController.class.php 第 95 行.
NOTIC: [2] Invalid argument supplied for foreach() D:\xampp\htdocs\Jzc\Application\Home\Controller\ShareController.class.php 第 95 行.
NOTIC: [2] Invalid argument supplied for foreach() D:\xampp\htdocs\Jzc\Application\Home\Controller\ShareController.class.php 第 95 行.
NOTIC: [2] Invalid argument supplied for foreach() D:\xampp\htdocs\Jzc\Application\Home\Controller\ShareController.class.php 第 95 行.
NOTIC: [2] Invalid argument supplied for foreach() D:\xampp\htdocs\Jzc\Application\Home\Controller\ShareController.class.php 第 95 行.
NOTIC: [2] Invalid argument supplied for foreach() D:\xampp\htdocs\Jzc\Application\Home\Controller\ShareController.class.php 第 95 行.
NOTIC: [2] Invalid argument supplied for foreach() D:\xampp\htdocs\Jzc\Application\Home\Controller\ShareController.class.php 第 95 行.
NOTIC: [2] Invalid argument supplied for foreach() D:\xampp\htdocs\Jzc\Application\Home\Controller\ShareController.class.php 第 95 行.
NOTIC: [2] Invalid argument supplied for foreach() D:\xampp\htdocs\Jzc\Application\Home\Controller\ShareController.class.php 第 95 行.
NOTIC: [2] Invalid argument supplied for foreach() D:\xampp\htdocs\Jzc\Application\Home\Controller\ShareController.class.php 第 95 行.
NOTIC: [2] Invalid argument supplied for foreach() D:\xampp\htdocs\Jzc\Application\Home\Controller\ShareController.class.php 第 95 行.
NOTIC: [2] Invalid argument supplied for foreach() D:\xampp\htdocs\Jzc\Application\Home\Controller\ShareController.class.php 第 95 行.
NOTIC: [2] Invalid argument supplied for foreach() D:\xampp\htdocs\Jzc\Application\Home\Controller\ShareController.class.php 第 95 行.
NOTIC: [2] Invalid argument supplied for foreach() D:\xampp\htdocs\Jzc\Application\Home\Controller\ShareController.class.php 第 95 行.
NOTIC: [8] Undefined variable: id D:\xampp\htdocs\Jzc\Application\Home\Controller\ShareController.class.php 第 108 行.
SQL: SELECT `id`,`uid`,`title`,`content`,`addtime`,`label`,`type`,`praise`,`help` FROM `yaj_share` WHERE `id` = 16 LIMIT 1   [ RunTime:0.005000s ]
NOTIC: [8] Undefined variable: value D:\xampp\htdocs\Jzc\Application\Home\Controller\ShareController.class.php 第 118 行.
SQL: SELECT `id`,`uid`,`title`,`content`,`addtime`,`label`,`type`,`praise`,`help` FROM `yaj_share` WHERE `id` = 15 LIMIT 1   [ RunTime:0.005000s ]
SQL: SELECT `id`,`uid`,`title`,`content`,`addtime`,`label`,`type`,`praise`,`help` FROM `yaj_share` WHERE `id` = 14 LIMIT 1   [ RunTime:0.005000s ]
SQL: SELECT `id`,`uid`,`title`,`content`,`addtime`,`label`,`type`,`praise`,`help` FROM `yaj_share` WHERE `id` = 13 LIMIT 1   [ RunTime:0.006000s ]
SQL: SELECT `id`,`uid`,`title`,`content`,`addtime`,`label`,`type`,`praise`,`help` FROM `yaj_share` WHERE `id` = 12 LIMIT 1   [ RunTime:0.006000s ]
SQL: SELECT `id`,`uid`,`title`,`content`,`addtime`,`label`,`type`,`praise`,`help` FROM `yaj_share` WHERE `id` = 11 LIMIT 1   [ RunTime:0.005000s ]
SQL: SELECT `id`,`uid`,`title`,`content`,`addtime`,`label`,`type`,`praise`,`help` FROM `yaj_share` WHERE `id` = 10 LIMIT 1   [ RunTime:0.007000s ]
SQL: SELECT `id`,`uid`,`title`,`content`,`addtime`,`label`,`type`,`praise`,`help` FROM `yaj_share` WHERE `id` = 9 LIMIT 1   [ RunTime:0.008000s ]
SQL: SELECT `id`,`uid`,`title`,`content`,`addtime`,`label`,`type`,`praise`,`help` FROM `yaj_share` WHERE `id` = 8 LIMIT 1   [ RunTime:0.010000s ]
SQL: SELECT `id`,`uid`,`title`,`content`,`addtime`,`label`,`type`,`praise`,`help` FROM `yaj_share` WHERE `id` = 7 LIMIT 1   [ RunTime:0.007000s ]
SQL: SELECT `id`,`uid`,`title`,`content`,`addtime`,`label`,`type`,`praise`,`help` FROM `yaj_share` WHERE `id` = 6 LIMIT 1   [ RunTime:0.005000s ]
SQL: SELECT `id`,`uid`,`title`,`content`,`addtime`,`label`,`type`,`praise`,`help` FROM `yaj_share` WHERE `id` = 5 LIMIT 1   [ RunTime:0.006000s ]
SQL: SELECT `id`,`uid`,`title`,`content`,`addtime`,`label`,`type`,`praise`,`help` FROM `yaj_share` WHERE `id` = 2 LIMIT 1   [ RunTime:0.005000s ]
SQL: SELECT `id`,`uid`,`title`,`content`,`addtime`,`label`,`type`,`praise`,`help` FROM `yaj_share` WHERE `id` = 3 LIMIT 1   [ RunTime:0.005000s ]
SQL: SHOW COLUMNS FROM `yaj_user` [ RunTime:0.006000s ]
SQL: SELECT `username`,`userpic`,`type` FROM `yaj_user` WHERE `id` = 28 LIMIT 1   [ RunTime:0.005000s ]
SQL: SHOW COLUMNS FROM `yaj_share_img` [ RunTime:0.007000s ]
SQL: SELECT `id` FROM `yaj_share_img` WHERE `pid` = 16 LIMIT 1   [ RunTime:0.004000s ]
SQL: SELECT `img` FROM `yaj_share_img` WHERE `pid` = 16 AND `type` = 1  [ RunTime:0.004000s ]
SQL: SELECT COUNT(*) AS tp_count FROM `yaj_share_img` WHERE `pid` = 16 AND `type` = 1 LIMIT 1   [ RunTime:0.008000s ]
SQL: SELECT `username`,`userpic`,`type` FROM `yaj_user` WHERE `id` = 28 LIMIT 1   [ RunTime:0.005000s ]
SQL: SELECT `id` FROM `yaj_share_img` WHERE `pid` = 15 LIMIT 1   [ RunTime:0.004000s ]
SQL: SELECT `img` FROM `yaj_share_img` WHERE `pid` = 15 AND `type` = 1  [ RunTime:0.007000s ]
SQL: SELECT COUNT(*) AS tp_count FROM `yaj_share_img` WHERE `pid` = 15 AND `type` = 1 LIMIT 1   [ RunTime:0.005000s ]
SQL: SELECT `username`,`userpic`,`type` FROM `yaj_user` WHERE `id` = 28 LIMIT 1   [ RunTime:0.005000s ]
SQL: SELECT `id` FROM `yaj_share_img` WHERE `pid` = 14 LIMIT 1   [ RunTime:0.004000s ]
SQL: SELECT `img` FROM `yaj_share_img` WHERE `pid` = 14 AND `type` = 1  [ RunTime:0.005000s ]
SQL: SELECT COUNT(*) AS tp_count FROM `yaj_share_img` WHERE `pid` = 14 AND `type` = 1 LIMIT 1   [ RunTime:0.004000s ]
SQL: SELECT `username`,`userpic`,`type` FROM `yaj_user` WHERE `id` = 28 LIMIT 1   [ RunTime:0.004000s ]
SQL: SELECT `id` FROM `yaj_share_img` WHERE `pid` = 13 LIMIT 1   [ RunTime:0.005000s ]
SQL: SELECT `img` FROM `yaj_share_img` WHERE `pid` = 13 AND `type` = 1  [ RunTime:0.005000s ]
SQL: SELECT COUNT(*) AS tp_count FROM `yaj_share_img` WHERE `pid` = 13 AND `type` = 1 LIMIT 1   [ RunTime:0.005000s ]
SQL: SELECT `username`,`userpic`,`type` FROM `yaj_user` WHERE `id` = 28 LIMIT 1   [ RunTime:0.004000s ]
SQL: SELECT `id` FROM `yaj_share_img` WHERE `pid` = 12 LIMIT 1   [ RunTime:0.004000s ]
SQL: SELECT `img` FROM `yaj_share_img` WHERE `pid` = 12 AND `type` = 1  [ RunTime:0.005000s ]
SQL: SELECT COUNT(*) AS tp_count FROM `yaj_share_img` WHERE `pid` = 12 AND `type` = 1 LIMIT 1   [ RunTime:0.005000s ]
SQL: SELECT `username`,`userpic`,`type` FROM `yaj_user` WHERE `id` = 28 LIMIT 1   [ RunTime:0.007000s ]
SQL: SELECT `id` FROM `yaj_share_img` WHERE `pid` = 11 LIMIT 1   [ RunTime:0.007000s ]
SQL: SELECT `img` FROM `yaj_share_img` WHERE `pid` = 11 AND `type` = 1  [ RunTime:0.004000s ]
SQL: SELECT COUNT(*) AS tp_count FROM `yaj_share_img` WHERE `pid` = 11 AND `type` = 1 LIMIT 1   [ RunTime:0.004000s ]
SQL: SELECT `username`,`userpic`,`type` FROM `yaj_user` WHERE `id` = 28 LIMIT 1   [ RunTime:0.005000s ]
SQL: SELECT `id` FROM `yaj_share_img` WHERE `pid` = 10 LIMIT 1   [ RunTime:0.005000s ]
SQL: SELECT `img` FROM `yaj_share_img` WHERE `pid` = 10 AND `type` = 1  [ RunTime:0.005000s ]
SQL: SELECT COUNT(*) AS tp_count FROM `yaj_share_img` WHERE `pid` = 10 AND `type` = 1 LIMIT 1   [ RunTime:0.009000s ]
SQL: SELECT `username`,`userpic`,`type` FROM `yaj_user` WHERE `id` = 28 LIMIT 1   [ RunTime:0.006000s ]
SQL: SELECT `id` FROM `yaj_share_img` WHERE `pid` = 9 LIMIT 1   [ RunTime:0.005000s ]
SQL: SELECT `img` FROM `yaj_share_img` WHERE `pid` = 9 AND `type` = 1  [ RunTime:0.005000s ]
SQL: SELECT COUNT(*) AS tp_count FROM `yaj_share_img` WHERE `pid` = 9 AND `type` = 1 LIMIT 1   [ RunTime:0.004000s ]
SQL: SELECT `username`,`userpic`,`type` FROM `yaj_user` WHERE `id` = 28 LIMIT 1   [ RunTime:0.006000s ]
SQL: SELECT `id` FROM `yaj_share_img` WHERE `pid` = 8 LIMIT 1   [ RunTime:0.006000s ]
SQL: SELECT `img` FROM `yaj_share_img` WHERE `pid` = 8 AND `type` = 1  [ RunTime:0.007000s ]
SQL: SELECT COUNT(*) AS tp_count FROM `yaj_share_img` WHERE `pid` = 8 AND `type` = 1 LIMIT 1   [ RunTime:0.005000s ]
SQL: SELECT `username`,`userpic`,`type` FROM `yaj_user` WHERE `id` = 28 LIMIT 1   [ RunTime:0.005000s ]
SQL: SELECT `id` FROM `yaj_share_img` WHERE `pid` = 7 LIMIT 1   [ RunTime:0.004000s ]
SQL: SELECT `img` FROM `yaj_share_img` WHERE `pid` = 7 AND `type` = 1  [ RunTime:0.004000s ]
SQL: SELECT COUNT(*) AS tp_count FROM `yaj_share_img` WHERE `pid` = 7 AND `type` = 1 LIMIT 1   [ RunTime:0.008000s ]
SQL: SELECT `username`,`userpic`,`type` FROM `yaj_user` WHERE `id` = 28 LIMIT 1   [ RunTime:0.005000s ]
SQL: SELECT `id` FROM `yaj_share_img` WHERE `pid` = 6 LIMIT 1   [ RunTime:0.004000s ]
SQL: SELECT `img` FROM `yaj_share_img` WHERE `pid` = 6 AND `type` = 1  [ RunTime:0.004000s ]
SQL: SELECT COUNT(*) AS tp_count FROM `yaj_share_img` WHERE `pid` = 6 AND `type` = 1 LIMIT 1   [ RunTime:0.008000s ]
SQL: SELECT `username`,`userpic`,`type` FROM `yaj_user` WHERE `id` = 28 LIMIT 1   [ RunTime:0.007000s ]
SQL: SELECT `id` FROM `yaj_share_img` WHERE `pid` = 5 LIMIT 1   [ RunTime:0.006000s ]
SQL: SELECT `img` FROM `yaj_share_img` WHERE `pid` = 5 AND `type` = 1  [ RunTime:0.006000s ]
SQL: SELECT COUNT(*) AS tp_count FROM `yaj_share_img` WHERE `pid` = 5 AND `type` = 1 LIMIT 1   [ RunTime:0.005000s ]
SQL: SELECT `username`,`userpic`,`type` FROM `yaj_user` WHERE `id` = 22 LIMIT 1   [ RunTime:0.004000s ]
SQL: SELECT `id` FROM `yaj_share_img` WHERE `pid` = 2 LIMIT 1   [ RunTime:0.004000s ]
SQL: SELECT `img` FROM `yaj_share_img` WHERE `pid` = 2 AND `type` = 1  [ RunTime:0.005000s ]
SQL: SELECT COUNT(*) AS tp_count FROM `yaj_share_img` WHERE `pid` = 2 AND `type` = 1 LIMIT 1   [ RunTime:0.006000s ]
SQL: SELECT `username`,`userpic`,`type` FROM `yaj_user` WHERE `id` = 22 LIMIT 1   [ RunTime:0.004000s ]
SQL: SELECT `id` FROM `yaj_share_img` WHERE `pid` = 3 LIMIT 1   [ RunTime:0.004000s ]
SQL: SELECT `img` FROM `yaj_share_img` WHERE `pid` = 3 AND `type` = 1  [ RunTime:0.004000s ]
SQL: SELECT COUNT(*) AS tp_count FROM `yaj_share_img` WHERE `pid` = 3 AND `type` = 1 LIMIT 1   [ RunTime:0.006000s ]
INFO: [ app_end ] --START--
INFO: Run Behavior\ShowPageTraceBehavior [ RunTime:0.001000s ]
INFO: [ app_end ] --END-- [ RunTime:0.002000s ]

[ 2017-11-29T09:51:42+08:00 ] 192.168.31.96 /Jzc/index.php/home/share/share_show
INFO: [ app_init ] --START--
INFO: Run Behavior\BuildLiteBehavior [ RunTime:0.000000s ]
INFO: [ app_init ] --END-- [ RunTime:0.001000s ]
INFO: [ app_begin ] --START--
INFO: Run Behavior\ReadHtmlCacheBehavior [ RunTime:0.001000s ]
INFO: [ app_begin ] --END-- [ RunTime:0.001000s ]
NOTIC: [8] Undefined index: search D:\xampp\htdocs\Jzc\Application\Home\Controller\ShareController.class.php 第 76 行.
NOTIC: [8192] mysql_connect(): The mysql extension is deprecated and will be removed in the future: use mysqli or PDO instead D:\xampp\htdocs\Jzc\ThinkPHP\Library\Think\Db\Driver\Mysql.class.php 第 52 行.
SQL: SHOW COLUMNS FROM `yaj_share_calssify` [ RunTime:0.011000s ]
SQL: SELECT `type` FROM `yaj_share_calssify` WHERE `name` = '装修故事' LIMIT 1   [ RunTime:0.008000s ]
SQL: SHOW COLUMNS FROM `yaj_share` [ RunTime:0.007000s ]
SQL: SELECT `id`,`uid`,`title`,`content`,`addtime`,`label`,`type`,`praise`,`help` FROM `yaj_share` WHERE `type` = '3' ORDER BY addtime desc LIMIT 0,5   [ RunTime:0.007000s ]
SQL: SHOW COLUMNS FROM `yaj_user` [ RunTime:0.007000s ]
SQL: SELECT `username`,`userpic`,`type` FROM `yaj_user` WHERE `id` = 28 LIMIT 1   [ RunTime:0.008000s ]
SQL: SHOW COLUMNS FROM `yaj_share_img` [ RunTime:0.007000s ]
SQL: SELECT `id` FROM `yaj_share_img` WHERE `pid` = 6 LIMIT 1   [ RunTime:0.007000s ]
SQL: SELECT `img` FROM `yaj_share_img` WHERE `pid` = 6 AND `type` = 1  [ RunTime:0.006000s ]
SQL: SELECT COUNT(*) AS tp_count FROM `yaj_share_img` WHERE `pid` = 6 AND `type` = 1 LIMIT 1   [ RunTime:0.008000s ]
SQL: SELECT `username`,`userpic`,`type` FROM `yaj_user` WHERE `id` = 28 LIMIT 1   [ RunTime:0.006000s ]
SQL: SELECT `id` FROM `yaj_share_img` WHERE `pid` = 5 LIMIT 1   [ RunTime:0.007000s ]
SQL: SELECT `img` FROM `yaj_share_img` WHERE `pid` = 5 AND `type` = 1  [ RunTime:0.008000s ]
SQL: SELECT COUNT(*) AS tp_count FROM `yaj_share_img` WHERE `pid` = 5 AND `type` = 1 LIMIT 1   [ RunTime:0.006000s ]
SQL: SELECT `username`,`userpic`,`type` FROM `yaj_user` WHERE `id` = 22 LIMIT 1   [ RunTime:0.008000s ]
SQL: SELECT `id` FROM `yaj_share_img` WHERE `pid` = 2 LIMIT 1   [ RunTime:0.007000s ]
SQL: SELECT `img` FROM `yaj_share_img` WHERE `pid` = 2 AND `type` = 1  [ RunTime:0.006000s ]
SQL: SELECT COUNT(*) AS tp_count FROM `yaj_share_img` WHERE `pid` = 2 AND `type` = 1 LIMIT 1   [ RunTime:0.006000s ]
SQL: SELECT `username`,`userpic`,`type` FROM `yaj_user` WHERE `id` = 22 LIMIT 1   [ RunTime:0.009000s ]
SQL: SELECT `id` FROM `yaj_share_img` WHERE `pid` = 3 LIMIT 1   [ RunTime:0.008000s ]
SQL: SELECT `img` FROM `yaj_share_img` WHERE `pid` = 3 AND `type` = 1  [ RunTime:0.006000s ]
SQL: SELECT COUNT(*) AS tp_count FROM `yaj_share_img` WHERE `pid` = 3 AND `type` = 1 LIMIT 1   [ RunTime:0.006000s ]
INFO: [ app_end ] --START--
INFO: Run Behavior\ShowPageTraceBehavior [ RunTime:0.001000s ]
INFO: [ app_end ] --END-- [ RunTime:0.001000s ]

[ 2017-11-29T09:51:53+08:00 ] 192.168.31.96 /Jzc/index.php/home/share/share_show
INFO: [ app_init ] --START--
INFO: Run Behavior\BuildLiteBehavior [ RunTime:0.000000s ]
INFO: [ app_init ] --END-- [ RunTime:0.001000s ]
INFO: [ app_begin ] --START--
INFO: Run Behavior\ReadHtmlCacheBehavior [ RunTime:0.000000s ]
INFO: [ app_begin ] --END-- [ RunTime:0.000000s ]
NOTIC: [8] Undefined index: search D:\xampp\htdocs\Jzc\Application\Home\Controller\ShareController.class.php 第 76 行.
NOTIC: [8192] mysql_connect(): The mysql extension is deprecated and will be removed in the future: use mysqli or PDO instead D:\xampp\htdocs\Jzc\ThinkPHP\Library\Think\Db\Driver\Mysql.class.php 第 52 行.
SQL: SHOW COLUMNS FROM `yaj_share_calssify` [ RunTime:0.008000s ]
SQL: SELECT `type` FROM `yaj_share_calssify` WHERE `name` = '问答' LIMIT 1   [ RunTime:0.007000s ]
SQL: SHOW COLUMNS FROM `yaj_share` [ RunTime:0.012000s ]
SQL: SELECT `id`,`uid`,`title`,`content`,`addtime`,`label`,`type`,`praise`,`help` FROM `yaj_share` WHERE `type` = '4' ORDER BY addtime desc LIMIT 0,5   [ RunTime:0.007000s ]
SQL: SHOW COLUMNS FROM `yaj_user` [ RunTime:0.006000s ]
SQL: SELECT `username`,`userpic`,`type` FROM `yaj_user` WHERE `id` = 28 LIMIT 1   [ RunTime:0.005000s ]
SQL: SHOW COLUMNS FROM `yaj_share_img` [ RunTime:0.006000s ]
SQL: SELECT `id` FROM `yaj_share_img` WHERE `pid` = 10 LIMIT 1   [ RunTime:0.007000s ]
SQL: SELECT `img` FROM `yaj_share_img` WHERE `pid` = 10 AND `type` = 1  [ RunTime:0.006000s ]
SQL: SELECT COUNT(*) AS tp_count FROM `yaj_share_img` WHERE `pid` = 10 AND `type` = 1 LIMIT 1   [ RunTime:0.006000s ]
SQL: SELECT `username`,`userpic`,`type` FROM `yaj_user` WHERE `id` = 28 LIMIT 1   [ RunTime:0.005000s ]
SQL: SELECT `id` FROM `yaj_share_img` WHERE `pid` = 9 LIMIT 1   [ RunTime:0.007000s ]
SQL: SELECT `img` FROM `yaj_share_img` WHERE `pid` = 9 AND `type` = 1  [ RunTime:0.006000s ]
SQL: SELECT COUNT(*) AS tp_count FROM `yaj_share_img` WHERE `pid` = 9 AND `type` = 1 LIMIT 1   [ RunTime:0.008000s ]
SQL: SELECT `username`,`userpic`,`type` FROM `yaj_user` WHERE `id` = 28 LIMIT 1   [ RunTime:0.005000s ]
SQL: SELECT `id` FROM `yaj_share_img` WHERE `pid` = 8 LIMIT 1   [ RunTime:0.009000s ]
SQL: SELECT `img` FROM `yaj_share_img` WHERE `pid` = 8 AND `type` = 1  [ RunTime:0.006000s ]
SQL: SELECT COUNT(*) AS tp_count FROM `yaj_share_img` WHERE `pid` = 8 AND `type` = 1 LIMIT 1   [ RunTime:0.005000s ]
SQL: SELECT `username`,`userpic`,`type` FROM `yaj_user` WHERE `id` = 28 LIMIT 1   [ RunTime:0.005000s ]
SQL: SELECT `id` FROM `yaj_share_img` WHERE `pid` = 7 LIMIT 1   [ RunTime:0.008000s ]
SQL: SELECT `img` FROM `yaj_share_img` WHERE `pid` = 7 AND `type` = 1  [ RunTime:0.005000s ]
SQL: SELECT COUNT(*) AS tp_count FROM `yaj_share_img` WHERE `pid` = 7 AND `type` = 1 LIMIT 1   [ RunTime:0.006000s ]
INFO: [ app_end ] --START--
INFO: Run Behavior\ShowPageTraceBehavior [ RunTime:0.002000s ]
INFO: [ app_end ] --END-- [ RunTime:0.002000s ]

[ 2017-11-29T09:52:51+08:00 ] ::1 /Jzc/index.php/Home/shop/makeMetails
INFO: [ app_init ] --START--
INFO: Run Behavior\BuildLiteBehavior [ RunTime:0.000000s ]
INFO: [ app_init ] --END-- [ RunTime:0.000000s ]
INFO: [ app_begin ] --START--
INFO: Run Behavior\ReadHtmlCacheBehavior [ RunTime:0.000000s ]
INFO: [ app_begin ] --END-- [ RunTime:0.000000s ]
NOTIC: [8192] mysql_connect(): The mysql extension is deprecated and will be removed in the future: use mysqli or PDO instead D:\xampp\htdocs\Jzc\ThinkPHP\Library\Think\Db\Driver\Mysql.class.php 第 52 行.
SQL: SHOW COLUMNS FROM `yaj_goods_make` [ RunTime:0.007000s ]
SQL: SELECT `id`,`name`,`min`,`max`,`brand`,`market`,`details`,`show_img` FROM `yaj_goods_make` WHERE `id` = 1 LIMIT 1   [ RunTime:0.006000s ]
SQL: SHOW COLUMNS FROM `yaj_collect` [ RunTime:0.017000s ]
SQL: SELECT `id` FROM `yaj_collect` WHERE `collect_id` = 1 AND `type` = 7 LIMIT 1   [ RunTime:0.006000s ]
INFO: [ app_end ] --START--
INFO: Run Behavior\ShowPageTraceBehavior [ RunTime:0.001000s ]
INFO: [ app_end ] --END-- [ RunTime:0.001000s ]

[ 2017-11-29T09:54:53+08:00 ] ::1 /Jzc/index.php/Home/shop/makeMetails
INFO: [ app_init ] --START--
INFO: Run Behavior\BuildLiteBehavior [ RunTime:0.000000s ]
INFO: [ app_init ] --END-- [ RunTime:0.000000s ]
INFO: [ app_begin ] --START--
INFO: Run Behavior\ReadHtmlCacheBehavior [ RunTime:0.000000s ]
INFO: [ app_begin ] --END-- [ RunTime:0.000000s ]
NOTIC: [8192] mysql_connect(): The mysql extension is deprecated and will be removed in the future: use mysqli or PDO instead D:\xampp\htdocs\Jzc\ThinkPHP\Library\Think\Db\Driver\Mysql.class.php 第 52 行.
SQL: SHOW COLUMNS FROM `yaj_goods_make` [ RunTime:0.006000s ]
SQL: SELECT `id`,`name`,`min`,`max`,`brand`,`market`,`details`,`show_img` FROM `yaj_goods_make` WHERE `id` = 1 LIMIT 1   [ RunTime:0.006000s ]
NOTIC: [2] explode() expects at least 2 parameters, 1 given D:\xampp\htdocs\Jzc\Application\Home\Controller\ShopController.class.php 第 100 行.
SQL: SHOW COLUMNS FROM `yaj_collect` [ RunTime:0.005000s ]
SQL: SELECT `id` FROM `yaj_collect` WHERE `collect_id` = 1 AND `type` = 7 LIMIT 1   [ RunTime:0.006000s ]
INFO: [ app_end ] --START--
INFO: Run Behavior\ShowPageTraceBehavior [ RunTime:0.001000s ]
INFO: [ app_end ] --END-- [ RunTime:0.001000s ]

[ 2017-11-29T09:55:20+08:00 ] ::1 /Jzc/index.php/Home/shop/makeMetails
INFO: [ app_init ] --START--
INFO: Run Behavior\BuildLiteBehavior [ RunTime:0.000000s ]
INFO: [ app_init ] --END-- [ RunTime:0.001000s ]
INFO: [ app_begin ] --START--
INFO: Run Behavior\ReadHtmlCacheBehavior [ RunTime:0.001000s ]
INFO: [ app_begin ] --END-- [ RunTime:0.001000s ]
NOTIC: [8192] mysql_connect(): The mysql extension is deprecated and will be removed in the future: use mysqli or PDO instead D:\xampp\htdocs\Jzc\ThinkPHP\Library\Think\Db\Driver\Mysql.class.php 第 52 行.
SQL: SHOW COLUMNS FROM `yaj_goods_make` [ RunTime:0.007000s ]
SQL: SELECT `id`,`name`,`min`,`max`,`brand`,`market`,`details`,`show_img` FROM `yaj_goods_make` WHERE `id` = 1 LIMIT 1   [ RunTime:0.007000s ]

[ 2017-11-29T09:58:57+08:00 ] ::1 /Jzc/index.php/Home/shop/makeMetails
INFO: [ app_init ] --START--
INFO: Run Behavior\BuildLiteBehavior [ RunTime:0.000000s ]
INFO: [ app_init ] --END-- [ RunTime:0.001000s ]
INFO: [ app_begin ] --START--
INFO: Run Behavior\ReadHtmlCacheBehavior [ RunTime:0.001000s ]
INFO: [ app_begin ] --END-- [ RunTime:0.001000s ]
NOTIC: [8192] mysql_connect(): The mysql extension is deprecated and will be removed in the future: use mysqli or PDO instead D:\xampp\htdocs\Jzc\ThinkPHP\Library\Think\Db\Driver\Mysql.class.php 第 52 行.
SQL: SHOW COLUMNS FROM `yaj_goods_make` [ RunTime:0.007000s ]
SQL: SELECT `id`,`name`,`min`,`max`,`brand`,`market`,`details`,`show_img` FROM `yaj_goods_make` WHERE `id` = 1 LIMIT 1   [ RunTime:0.006000s ]

[ 2017-11-29T09:59:27+08:00 ] ::1 /Jzc/index.php/Home/shop/makeMetails
INFO: [ app_init ] --START--
INFO: Run Behavior\BuildLiteBehavior [ RunTime:0.000000s ]
INFO: [ app_init ] --END-- [ RunTime:0.000000s ]
INFO: [ app_begin ] --START--
INFO: Run Behavior\ReadHtmlCacheBehavior [ RunTime:0.001000s ]
INFO: [ app_begin ] --END-- [ RunTime:0.001000s ]
NOTIC: [8192] mysql_connect(): The mysql extension is deprecated and will be removed in the future: use mysqli or PDO instead D:\xampp\htdocs\Jzc\ThinkPHP\Library\Think\Db\Driver\Mysql.class.php 第 52 行.
SQL: SHOW COLUMNS FROM `yaj_goods_make` [ RunTime:0.006000s ]
SQL: SELECT `id`,`name`,`min`,`max`,`brand`,`market`,`details`,`show_img` FROM `yaj_goods_make` WHERE `id` = 1 LIMIT 1   [ RunTime:0.005000s ]
SQL: SHOW COLUMNS FROM `yaj_collect` [ RunTime:0.004000s ]
SQL: SELECT `id` FROM `yaj_collect` WHERE `collect_id` = 1 AND `type` = 7 LIMIT 1   [ RunTime:0.006000s ]
INFO: [ app_end ] --START--
INFO: Run Behavior\ShowPageTraceBehavior [ RunTime:0.000000s ]
INFO: [ app_end ] --END-- [ RunTime:0.000000s ]

[ 2017-11-29T10:00:43+08:00 ] ::1 /Jzc/index.php/Home/shop/makeMetails
INFO: [ app_init ] --START--
INFO: Run Behavior\BuildLiteBehavior [ RunTime:0.000000s ]
INFO: [ app_init ] --END-- [ RunTime:0.000000s ]
INFO: [ app_begin ] --START--
INFO: Run Behavior\ReadHtmlCacheBehavior [ RunTime:0.000000s ]
INFO: [ app_begin ] --END-- [ RunTime:0.000000s ]

[ 2017-11-29T10:01:05+08:00 ] ::1 /Jzc/index.php/Home/shop/makeMetails
INFO: [ app_init ] --START--
INFO: Run Behavior\BuildLiteBehavior [ RunTime:0.000000s ]
INFO: [ app_init ] --END-- [ RunTime:0.000000s ]
INFO: [ app_begin ] --START--
INFO: Run Behavior\ReadHtmlCacheBehavior [ RunTime:0.000000s ]
INFO: [ app_begin ] --END-- [ RunTime:0.000000s ]
NOTIC: [8192] mysql_connect(): The mysql extension is deprecated and will be removed in the future: use mysqli or PDO instead D:\xampp\htdocs\Jzc\ThinkPHP\Library\Think\Db\Driver\Mysql.class.php 第 52 行.
SQL: SHOW COLUMNS FROM `yaj_goods_make` [ RunTime:0.006000s ]
SQL: SELECT `id`,`name`,`min`,`max`,`brand`,`market`,`details`,`show_img` FROM `yaj_goods_make` WHERE `id` = 1 LIMIT 1   [ RunTime:0.008000s ]
SQL: SHOW COLUMNS FROM `yaj_collect` [ RunTime:0.005000s ]
SQL: SELECT `id` FROM `yaj_collect` WHERE `collect_id` = 1 AND `type` = 7 LIMIT 1   [ RunTime:0.005000s ]
INFO: [ app_end ] --START--
INFO: Run Behavior\ShowPageTraceBehavior [ RunTime:0.000000s ]
INFO: [ app_end ] --END-- [ RunTime:0.000000s ]

[ 2017-11-29T10:01:05+08:00 ] 192.168.31.96 /Jzc/index.php/home/share/share_show
INFO: [ app_init ] --START--
INFO: Run Behavior\BuildLiteBehavior [ RunTime:0.000000s ]
INFO: [ app_init ] --END-- [ RunTime:0.001000s ]
INFO: [ app_begin ] --START--
INFO: Run Behavior\ReadHtmlCacheBehavior [ RunTime:0.000000s ]
INFO: [ app_begin ] --END-- [ RunTime:0.001000s ]
NOTIC: [8] Undefined index: search D:\xampp\htdocs\Jzc\Application\Home\Controller\ShareController.class.php 第 76 行.
NOTIC: [8192] mysql_connect(): The mysql extension is deprecated and will be removed in the future: use mysqli or PDO instead D:\xampp\htdocs\Jzc\ThinkPHP\Library\Think\Db\Driver\Mysql.class.php 第 52 行.
SQL: SHOW COLUMNS FROM `yaj_share_calssify` [ RunTime:0.009000s ]
SQL: SELECT `type` FROM `yaj_share_calssify` WHERE `name` = '我的关注' LIMIT 1   [ RunTime:0.008000s ]
SQL: SHOW COLUMNS FROM `yaj_share_collect` [ RunTime:0.007000s ]
SQL: SELECT `collect_id` FROM `yaj_share_collect` WHERE `uid` = 22 AND `type` = 3 ORDER BY addtime desc  [ RunTime:0.007000s ]
SQL: SHOW COLUMNS FROM `yaj_share` [ RunTime:0.006000s ]
SQL: SELECT `id`,`uid`,`title`,`content`,`addtime`,`label`,`type`,`praise`,`help` FROM `yaj_share` WHERE `id` = 4 ORDER BY addtime desc LIMIT 0,5   [ RunTime:0.007000s ]
SQL: SELECT `id`,`uid`,`title`,`content`,`addtime`,`label`,`type`,`praise`,`help` FROM `yaj_share` WHERE `id` = 3 ORDER BY addtime desc LIMIT 0,5   [ RunTime:0.006000s ]
SQL: SHOW COLUMNS FROM `yaj_user` [ RunTime:0.007000s ]
NOTIC: [8] Undefined index: uid D:\xampp\htdocs\Jzc\Application\Home\Controller\ShareController.class.php 第 150 行.
SQL: SELECT `username`,`userpic`,`type` FROM `yaj_user` WHERE `id` = null LIMIT 1   [ RunTime:0.007000s ]
SQL: SHOW COLUMNS FROM `yaj_share_img` [ RunTime:0.006000s ]
NOTIC: [8] Undefined index: id D:\xampp\htdocs\Jzc\Application\Home\Controller\ShareController.class.php 第 154 行.
SQL: SELECT `id` FROM `yaj_share_img` WHERE `pid` = null LIMIT 1   [ RunTime:0.006000s ]
NOTIC: [8] Undefined index: id D:\xampp\htdocs\Jzc\Application\Home\Controller\ShareController.class.php 第 160 行.
SQL: SELECT `img` FROM `yaj_share_img` WHERE `pid` = null AND `type` = 1  [ RunTime:0.006000s ]
NOTIC: [8] Undefined index: id D:\xampp\htdocs\Jzc\Application\Home\Controller\ShareController.class.php 第 161 行.
SQL: SELECT COUNT(*) AS tp_count FROM `yaj_share_img` WHERE `pid` = null AND `type` = 1 LIMIT 1   [ RunTime:0.008000s ]
SQL: SELECT `username`,`userpic`,`type` FROM `yaj_user` WHERE `id` = 22 LIMIT 1   [ RunTime:0.006000s ]
SQL: SELECT `id` FROM `yaj_share_img` WHERE `pid` = 3 LIMIT 1   [ RunTime:0.005000s ]
SQL: SELECT `img` FROM `yaj_share_img` WHERE `pid` = 3 AND `type` = 1  [ RunTime:0.007000s ]
SQL: SELECT COUNT(*) AS tp_count FROM `yaj_share_img` WHERE `pid` = 3 AND `type` = 1 LIMIT 1   [ RunTime:0.007000s ]
INFO: [ app_end ] --START--
INFO: Run Behavior\ShowPageTraceBehavior [ RunTime:0.001000s ]
INFO: [ app_end ] --END-- [ RunTime:0.001000s ]

[ 2017-11-29T10:01:33+08:00 ] ::1 /Jzc/index.php/Home/share/share_show
INFO: [ app_init ] --START--
INFO: Run Behavior\BuildLiteBehavior [ RunTime:0.000000s ]
INFO: [ app_init ] --END-- [ RunTime:0.001000s ]
INFO: [ app_begin ] --START--
INFO: Run Behavior\ReadHtmlCacheBehavior [ RunTime:0.001000s ]
INFO: [ app_begin ] --END-- [ RunTime:0.001000s ]
NOTIC: [8] Undefined index: search D:\xampp\htdocs\Jzc\Application\Home\Controller\ShareController.class.php 第 76 行.
NOTIC: [8192] mysql_connect(): The mysql extension is deprecated and will be removed in the future: use mysqli or PDO instead D:\xampp\htdocs\Jzc\ThinkPHP\Library\Think\Db\Driver\Mysql.class.php 第 52 行.
SQL: SHOW COLUMNS FROM `yaj_share_calssify` [ RunTime:0.005000s ]
SQL: SELECT `type` FROM `yaj_share_calssify` WHERE `name` = '问答' LIMIT 1   [ RunTime:0.005000s ]
SQL: SHOW COLUMNS FROM `yaj_share` [ RunTime:0.008000s ]
SQL: SELECT `id`,`uid`,`title`,`content`,`addtime`,`label`,`type`,`praise`,`help` FROM `yaj_share` WHERE `type` = '4' ORDER BY addtime desc LIMIT 0,5   [ RunTime:0.007000s ]
SQL: SHOW COLUMNS FROM `yaj_user` [ RunTime:0.009000s ]
SQL: SELECT `username`,`userpic`,`type` FROM `yaj_user` WHERE `id` = 28 LIMIT 1   [ RunTime:0.006000s ]
SQL: SHOW COLUMNS FROM `yaj_share_img` [ RunTime:0.006000s ]
SQL: SELECT `id` FROM `yaj_share_img` WHERE `pid` = 10 LIMIT 1   [ RunTime:0.007000s ]
SQL: SELECT `img` FROM `yaj_share_img` WHERE `pid` = 10 AND `type` = 1  [ RunTime:0.005000s ]
SQL: SELECT COUNT(*) AS tp_count FROM `yaj_share_img` WHERE `pid` = 10 AND `type` = 1 LIMIT 1   [ RunTime:0.009000s ]
SQL: SELECT `username`,`userpic`,`type` FROM `yaj_user` WHERE `id` = 28 LIMIT 1   [ RunTime:0.007000s ]
SQL: SELECT `id` FROM `yaj_share_img` WHERE `pid` = 9 LIMIT 1   [ RunTime:0.004000s ]
SQL: SELECT `img` FROM `yaj_share_img` WHERE `pid` = 9 AND `type` = 1  [ RunTime:0.007000s ]
SQL: SELECT COUNT(*) AS tp_count FROM `yaj_share_img` WHERE `pid` = 9 AND `type` = 1 LIMIT 1   [ RunTime:0.005000s ]
SQL: SELECT `username`,`userpic`,`type` FROM `yaj_user` WHERE `id` = 28 LIMIT 1   [ RunTime:0.008000s ]
SQL: SELECT `id` FROM `yaj_share_img` WHERE `pid` = 8 LIMIT 1   [ RunTime:0.006000s ]
SQL: SELECT `img` FROM `yaj_share_img` WHERE `pid` = 8 AND `type` = 1  [ RunTime:0.009000s ]
SQL: SELECT COUNT(*) AS tp_count FROM `yaj_share_img` WHERE `pid` = 8 AND `type` = 1 LIMIT 1   [ RunTime:0.006000s ]
SQL: SELECT `username`,`userpic`,`type` FROM `yaj_user` WHERE `id` = 28 LIMIT 1   [ RunTime:0.006000s ]
SQL: SELECT `id` FROM `yaj_share_img` WHERE `pid` = 7 LIMIT 1   [ RunTime:0.005000s ]
SQL: SELECT `img` FROM `yaj_share_img` WHERE `pid` = 7 AND `type` = 1  [ RunTime:0.006000s ]
SQL: SELECT COUNT(*) AS tp_count FROM `yaj_share_img` WHERE `pid` = 7 AND `type` = 1 LIMIT 1   [ RunTime:0.006000s ]
INFO: [ app_end ] --START--
INFO: Run Behavior\ShowPageTraceBehavior [ RunTime:0.002000s ]
INFO: [ app_end ] --END-- [ RunTime:0.002000s ]

[ 2017-11-29T10:22:54+08:00 ] ::1 /Jzc/index.php/Home/shop/index
INFO: [ app_init ] --START--
INFO: Run Behavior\BuildLiteBehavior [ RunTime:0.000000s ]
INFO: [ app_init ] --END-- [ RunTime:0.000000s ]
INFO: [ app_begin ] --START--
INFO: Run Behavior\ReadHtmlCacheBehavior [ RunTime:0.000000s ]
INFO: [ app_begin ] --END-- [ RunTime:0.000000s ]
NOTIC: [8] Undefined index: page D:\xampp\htdocs\Jzc\Application\Home\Controller\ShopController.class.php 第 14 行.
NOTIC: [8192] mysql_connect(): The mysql extension is deprecated and will be removed in the future: use mysqli or PDO instead D:\xampp\htdocs\Jzc\ThinkPHP\Library\Think\Db\Driver\Mysql.class.php 第 52 行.
SQL: SHOW COLUMNS FROM `yaj_goods_banner` [ RunTime:0.007000s ]
SQL: SELECT `img` FROM `yaj_goods_banner` WHERE `type` = 1 LIMIT 1   [ RunTime:0.009000s ]
SQL: SHOW COLUMNS FROM `yaj_classify` [ RunTime:0.006000s ]
SQL: SELECT `id`,`name`,`img` FROM `yaj_classify` WHERE `pid` = 0 AND `state` = 1 AND `is_show` = 1 LIMIT 3   [ RunTime:0.008000s ]
SQL: SELECT `id`,`img` FROM `yaj_goods_banner` WHERE `type` = 2 AND `state` = 1 ORDER BY addtime  [ RunTime:0.009000s ]
SQL: SHOW COLUMNS FROM `yaj_goods_make` [ RunTime:0.010000s ]
SQL: SELECT `id`,`img`,`price`,`unit`,`name`,`brand` FROM `yaj_goods_make` WHERE `state` = 1 ORDER BY addtime  [ RunTime:0.007000s ]
SQL: SHOW COLUMNS FROM `yaj_collect` [ RunTime:0.012000s ]
SQL: SELECT `collect_id` FROM `yaj_collect` WHERE `uid` = 14 AND `type` = 4 LIMIT 3   [ RunTime:0.025000s ]
SQL: SELECT count(*) as count,`collect_id` FROM `yaj_collect` WHERE ( id <> 1 and id <> 2 ) GROUP BY collect_id ORDER BY count desc LIMIT 3   [ RunTime:0.006000s ]
SQL: SHOW COLUMNS FROM `yaj_goods` [ RunTime:0.030000s ]
SQL: SELECT `id` FROM `yaj_goods` WHERE `id` = 1 AND `state` = 1  [ RunTime:0.008000s ]
SQL: SELECT `id` FROM `yaj_goods` WHERE `id` = 2 AND `state` = 1  [ RunTime:0.006000s ]
SQL: SELECT `id` FROM `yaj_goods` WHERE `state` = 1 AND `id` = 5  [ RunTime:0.007000s ]
SQL: SELECT `id` FROM `yaj_goods` WHERE `state` = 1 AND `id` = 3  [ RunTime:0.008000s ]
SQL: SELECT `id` FROM `yaj_goods` WHERE `state` = 1 AND `id` = 17  [ RunTime:0.008000s ]
NOTIC: [2] array_merge(): Argument #2 is not an array D:\xampp\htdocs\Jzc\Application\Home\Controller\ShopController.class.php 第 60 行.
SQL: SELECT `collect_id` FROM `yaj_collect`  [ RunTime:0.008000s ]
SQL: SELECT `id` FROM `yaj_goods` WHERE `id` NOT IN ('1','2','3','5','17','18','6','5')  [ RunTime:0.006000s ]
SQL: SELECT `id`,`name`,`presentation`,`price`,`classifyId` FROM `yaj_goods` WHERE `id` = 4 LIMIT 0,5   [ RunTime:0.011000s ]
SQL: SELECT `id`,`name`,`presentation`,`price`,`classifyId` FROM `yaj_goods` WHERE `id` = 7 LIMIT 0,5   [ RunTime:0.007000s ]
SQL: SELECT `id`,`name`,`presentation`,`price`,`classifyId` FROM `yaj_goods` WHERE `id` = 8 LIMIT 0,5   [ RunTime:0.019000s ]
SQL: SELECT `name` FROM `yaj_classify` WHERE `id` = 33 LIMIT 1   [ RunTime:0.009000s ]
SQL: SELECT `name` FROM `yaj_classify` WHERE `id` = 33 LIMIT 1   [ RunTime:0.006000s ]
SQL: SELECT `name` FROM `yaj_classify` WHERE `id` = 33 LIMIT 1   [ RunTime:0.009000s ]
INFO: [ app_end ] --START--
INFO: Run Behavior\ShowPageTraceBehavior [ RunTime:0.000000s ]
INFO: [ app_end ] --END-- [ RunTime:0.000000s ]

[ 2017-11-29T10:25:51+08:00 ] ::1 /Jzc/index.php/Home/shop/makeMetails
INFO: [ app_init ] --START--
INFO: Run Behavior\BuildLiteBehavior [ RunTime:0.000000s ]
INFO: [ app_init ] --END-- [ RunTime:0.000000s ]
INFO: [ app_begin ] --START--
INFO: Run Behavior\ReadHtmlCacheBehavior [ RunTime:0.000000s ]
INFO: [ app_begin ] --END-- [ RunTime:0.000000s ]
NOTIC: [8192] mysql_connect(): The mysql extension is deprecated and will be removed in the future: use mysqli or PDO instead D:\xampp\htdocs\Jzc\ThinkPHP\Library\Think\Db\Driver\Mysql.class.php 第 52 行.
SQL: SHOW COLUMNS FROM `yaj_goods_make` [ RunTime:0.006000s ]
SQL: SELECT `id`,`name`,`min`,`max`,`brand`,`market`,`details`,`show_img` FROM `yaj_goods_make` WHERE `id` = 1 LIMIT 1   [ RunTime:0.005000s ]
NOTIC: [2] Invalid argument supplied for foreach() D:\xampp\htdocs\Jzc\Application\Home\Controller\ShopController.class.php 第 105 行.
SQL: SHOW COLUMNS FROM `yaj_collect` [ RunTime:0.005000s ]
SQL: SELECT `id` FROM `yaj_collect` WHERE `collect_id` = 1 AND `type` = 7 LIMIT 1   [ RunTime:0.005000s ]
INFO: [ app_end ] --START--
INFO: Run Behavior\ShowPageTraceBehavior [ RunTime:0.001000s ]
INFO: [ app_end ] --END-- [ RunTime:0.001000s ]

[ 2017-11-29T10:26:08+08:00 ] ::1 /Jzc/index.php/Home/shop/makeMetails
INFO: [ app_init ] --START--
INFO: Run Behavior\BuildLiteBehavior [ RunTime:0.000000s ]
INFO: [ app_init ] --END-- [ RunTime:0.000000s ]
INFO: [ app_begin ] --START--
INFO: Run Behavior\ReadHtmlCacheBehavior [ RunTime:0.001000s ]
INFO: [ app_begin ] --END-- [ RunTime:0.001000s ]
NOTIC: [8192] mysql_connect(): The mysql extension is deprecated and will be removed in the future: use mysqli or PDO instead D:\xampp\htdocs\Jzc\ThinkPHP\Library\Think\Db\Driver\Mysql.class.php 第 52 行.
SQL: SHOW COLUMNS FROM `yaj_goods_make` [ RunTime:0.006000s ]
SQL: SELECT `id`,`name`,`min`,`max`,`brand`,`market`,`details`,`show_img` FROM `yaj_goods_make` WHERE `id` = 1 LIMIT 1   [ RunTime:0.004000s ]
SQL: SHOW COLUMNS FROM `yaj_collect` [ RunTime:0.006000s ]
SQL: SELECT `id` FROM `yaj_collect` WHERE `collect_id` = 1 AND `type` = 7 LIMIT 1   [ RunTime:0.006000s ]
INFO: [ app_end ] --START--
INFO: Run Behavior\ShowPageTraceBehavior [ RunTime:0.000000s ]
INFO: [ app_end ] --END-- [ RunTime:0.000000s ]

[ 2017-11-29T13:41:39+08:00 ] ::1 /Jzc/index.php/Home/shop/makeMetails
INFO: [ app_init ] --START--
INFO: Run Behavior\BuildLiteBehavior [ RunTime:0.000000s ]
INFO: [ app_init ] --END-- [ RunTime:0.000000s ]
INFO: [ app_begin ] --START--
INFO: Run Behavior\ReadHtmlCacheBehavior [ RunTime:0.000000s ]
INFO: [ app_begin ] --END-- [ RunTime:0.000000s ]
NOTIC: [8192] mysql_connect(): The mysql extension is deprecated and will be removed in the future: use mysqli or PDO instead D:\xampp\htdocs\Jzc\ThinkPHP\Library\Think\Db\Driver\Mysql.class.php 第 52 行.
SQL: SHOW COLUMNS FROM `yaj_goods_make` [ RunTime:0.005000s ]
SQL: SELECT `id`,`name`,`min`,`max`,`brand`,`market`,`details`,`show_img` FROM `yaj_goods_make` WHERE `id` = 1 LIMIT 1   [ RunTime:0.006000s ]
SQL: SHOW COLUMNS FROM `yaj_collect` [ RunTime:0.007000s ]
SQL: SELECT `id` FROM `yaj_collect` WHERE `collect_id` = 1 AND `type` = 7 LIMIT 1   [ RunTime:0.007000s ]
INFO: [ app_end ] --START--
INFO: Run Behavior\ShowPageTraceBehavior [ RunTime:0.000000s ]
INFO: [ app_end ] --END-- [ RunTime:0.000000s ]

[ 2017-11-29T13:44:11+08:00 ] ::1 /Jzc/index.php/Home/shop/makeMetails
INFO: [ app_init ] --START--
INFO: Run Behavior\BuildLiteBehavior [ RunTime:0.000000s ]
INFO: [ app_init ] --END-- [ RunTime:0.000000s ]
INFO: [ app_begin ] --START--
INFO: Run Behavior\ReadHtmlCacheBehavior [ RunTime:0.001000s ]
INFO: [ app_begin ] --END-- [ RunTime:0.001000s ]
NOTIC: [8192] mysql_connect(): The mysql extension is deprecated and will be removed in the future: use mysqli or PDO instead D:\xampp\htdocs\Jzc\ThinkPHP\Library\Think\Db\Driver\Mysql.class.php 第 52 行.
SQL: SHOW COLUMNS FROM `yaj_goods_make` [ RunTime:0.006000s ]
SQL: SELECT `id`,`name`,`min`,`max`,`brand`,`market`,`details`,`show_img` FROM `yaj_goods_make` WHERE `id` = 1 LIMIT 1   [ RunTime:0.005000s ]
SQL: SHOW COLUMNS FROM `yaj_collect` [ RunTime:0.005000s ]
SQL: SELECT `id` FROM `yaj_collect` WHERE `collect_id` = 1 AND `type` = 7 LIMIT 1   [ RunTime:0.006000s ]
INFO: [ app_end ] --START--
INFO: Run Behavior\ShowPageTraceBehavior [ RunTime:0.000000s ]
INFO: [ app_end ] --END-- [ RunTime:0.000000s ]

[ 2017-11-29T13:44:37+08:00 ] ::1 /Jzc/index.php/Home/shop/makeMetails
INFO: [ app_init ] --START--
INFO: Run Behavior\BuildLiteBehavior [ RunTime:0.000000s ]
INFO: [ app_init ] --END-- [ RunTime:0.001000s ]
INFO: [ app_begin ] --START--
INFO: Run Behavior\ReadHtmlCacheBehavior [ RunTime:0.001000s ]
INFO: [ app_begin ] --END-- [ RunTime:0.001000s ]
NOTIC: [8192] mysql_connect(): The mysql extension is deprecated and will be removed in the future: use mysqli or PDO instead D:\xampp\htdocs\Jzc\ThinkPHP\Library\Think\Db\Driver\Mysql.class.php 第 52 行.
SQL: SHOW COLUMNS FROM `yaj_goods_make` [ RunTime:0.006000s ]
SQL: SELECT `id`,`name`,`min`,`max`,`brand`,`market`,`details`,`show_img` FROM `yaj_goods_make` WHERE `id` = 1 LIMIT 1   [ RunTime:0.006000s ]
SQL: SHOW COLUMNS FROM `yaj_collect` [ RunTime:0.006000s ]
SQL: SELECT `id` FROM `yaj_collect` WHERE `collect_id` = 1 AND `type` = 7 LIMIT 1   [ RunTime:0.006000s ]
INFO: [ app_end ] --START--
INFO: Run Behavior\ShowPageTraceBehavior [ RunTime:0.001000s ]
INFO: [ app_end ] --END-- [ RunTime:0.001000s ]

[ 2017-11-29T13:45:26+08:00 ] ::1 /Jzc/index.php/Home/shop/makeMetails
INFO: [ app_init ] --START--
INFO: Run Behavior\BuildLiteBehavior [ RunTime:0.000000s ]
INFO: [ app_init ] --END-- [ RunTime:0.000000s ]
INFO: [ app_begin ] --START--
INFO: Run Behavior\ReadHtmlCacheBehavior [ RunTime:0.001000s ]
INFO: [ app_begin ] --END-- [ RunTime:0.001000s ]
NOTIC: [8192] mysql_connect(): The mysql extension is deprecated and will be removed in the future: use mysqli or PDO instead D:\xampp\htdocs\Jzc\ThinkPHP\Library\Think\Db\Driver\Mysql.class.php 第 52 行.
SQL: SHOW COLUMNS FROM `yaj_goods_make` [ RunTime:0.009000s ]
SQL: SELECT `id`,`name`,`min`,`max`,`brand`,`market`,`details`,`show_img` FROM `yaj_goods_make` WHERE `id` = 1 LIMIT 1   [ RunTime:0.028000s ]
SQL: SHOW COLUMNS FROM `yaj_collect` [ RunTime:0.010000s ]
SQL: SELECT `id` FROM `yaj_collect` WHERE `collect_id` = 1 AND `type` = 7 LIMIT 1   [ RunTime:0.013000s ]
INFO: [ app_end ] --START--
INFO: Run Behavior\ShowPageTraceBehavior [ RunTime:0.000000s ]
INFO: [ app_end ] --END-- [ RunTime:0.001000s ]

[ 2017-11-29T13:46:19+08:00 ] ::1 /Jzc/index.php/Home/shop/makeMetails
INFO: [ app_init ] --START--
INFO: Run Behavior\BuildLiteBehavior [ RunTime:0.000000s ]
INFO: [ app_init ] --END-- [ RunTime:0.000000s ]
INFO: [ app_begin ] --START--
INFO: Run Behavior\ReadHtmlCacheBehavior [ RunTime:0.000000s ]
INFO: [ app_begin ] --END-- [ RunTime:0.000000s ]
NOTIC: [8192] mysql_connect(): The mysql extension is deprecated and will be removed in the future: use mysqli or PDO instead D:\xampp\htdocs\Jzc\ThinkPHP\Library\Think\Db\Driver\Mysql.class.php 第 52 行.
SQL: SHOW COLUMNS FROM `yaj_goods_make` [ RunTime:0.006000s ]
SQL: SELECT `id`,`name`,`min`,`max`,`brand`,`market`,`details`,`show_img` FROM `yaj_goods_make` WHERE `id` = 1 LIMIT 1   [ RunTime:0.018000s ]
SQL: SHOW COLUMNS FROM `yaj_collect` [ RunTime:0.005000s ]
SQL: SELECT `id` FROM `yaj_collect` WHERE `collect_id` = 1 AND `type` = 7 LIMIT 1   [ RunTime:0.004000s ]
INFO: [ app_end ] --START--
INFO: Run Behavior\ShowPageTraceBehavior [ RunTime:0.001000s ]
INFO: [ app_end ] --END-- [ RunTime:0.001000s ]

