[ 2017-11-17T13:50:44+08:00 ] 192.168.31.87 /Jzc/index.php/home/Login/area
INFO: [ app_init ] --START--
INFO: Run Behavior\BuildLiteBehavior [ RunTime:0.000000s ]
INFO: [ app_init ] --END-- [ RunTime:0.031000s ]
INFO: [ app_begin ] --START--
INFO: Run Behavior\ReadHtmlCacheBehavior [ RunTime:0.007000s ]
INFO: [ app_begin ] --END-- [ RunTime:0.007000s ]
NOTIC: [8] Undefined index: newstNum D:\xampp\htdocs\Jzc\Application\Home\Controller\LoginController.class.php 第 483 行.
NOTIC: [8192] mysql_connect(): The mysql extension is deprecated and will be removed in the future: use mysqli or PDO instead D:\xampp\htdocs\Jzc\ThinkPHP\Library\Think\Db\Driver\Mysql.class.php 第 52 行.
SQL: SHOW COLUMNS FROM `yaj_area` [ RunTime:0.008000s ]
SQL: SELECT * FROM `yaj_area`  [ RunTime:0.028000s ]
INFO: [ app_end ] --START--
INFO: Run Behavior\ShowPageTraceBehavior [ RunTime:0.008000s ]
INFO: [ app_end ] --END-- [ RunTime:0.008000s ]

[ 2017-11-17T13:51:06+08:00 ] 192.168.31.87 /Jzc/index.php/home/login/loginto
INFO: [ app_init ] --START--
INFO: Run Behavior\BuildLiteBehavior [ RunTime:0.000000s ]
INFO: [ app_init ] --END-- [ RunTime:0.001000s ]
INFO: [ app_begin ] --START--
INFO: Run Behavior\ReadHtmlCacheBehavior [ RunTime:0.001000s ]
INFO: [ app_begin ] --END-- [ RunTime:0.001000s ]
NOTIC: [8192] mysql_connect(): The mysql extension is deprecated and will be removed in the future: use mysqli or PDO instead D:\xampp\htdocs\Jzc\ThinkPHP\Library\Think\Db\Driver\Mysql.class.php 第 52 行.
SQL: SHOW COLUMNS FROM `yaj_user` [ RunTime:0.006000s ]
SQL: SELECT * FROM `yaj_user` WHERE `phoneNum` = '17600026191' LIMIT 1   [ RunTime:0.008000s ]
SQL: SHOW COLUMNS FROM `yaj_code` [ RunTime:0.005000s ]
SQL: SELECT * FROM `yaj_code` WHERE `phoneNum` = '17600026191' AND `code` = '111111' LIMIT 1   [ RunTime:0.006000s ]
SQL: SELECT * FROM `yaj_user` WHERE `phoneNum` = '17600026191' LIMIT 1   [ RunTime:0.010000s ]
SQL: UPDATE `yaj_user` SET `usertoken`='6d01bcfa1f37a25cf508a0ce71f5ad64' WHERE `id` = 22 [ RunTime:0.016000s ]
INFO: [ app_end ] --START--
INFO: Run Behavior\ShowPageTraceBehavior [ RunTime:0.001000s ]
INFO: [ app_end ] --END-- [ RunTime:0.001000s ]

[ 2017-11-17T13:51:06+08:00 ] 192.168.31.87 /Jzc/index.php/home/index/index
INFO: [ app_init ] --START--
INFO: Run Behavior\BuildLiteBehavior [ RunTime:0.001000s ]
INFO: [ app_init ] --END-- [ RunTime:0.001000s ]
INFO: [ app_begin ] --START--
INFO: Run Behavior\ReadHtmlCacheBehavior [ RunTime:0.001000s ]
INFO: [ app_begin ] --END-- [ RunTime:0.001000s ]
NOTIC: [8] Undefined index: page D:\xampp\htdocs\Jzc\Application\Home\Controller\IndexController.class.php 第 14 行.
NOTIC: [8192] mysql_connect(): The mysql extension is deprecated and will be removed in the future: use mysqli or PDO instead D:\xampp\htdocs\Jzc\ThinkPHP\Library\Think\Db\Driver\Mysql.class.php 第 52 行.
SQL: SHOW COLUMNS FROM `yaj_carousel` [ RunTime:0.006000s ]
SQL: SELECT `id`,`img`,`is_package` FROM `yaj_carousel` WHERE `state` = 1  [ RunTime:0.006000s ]
NOTIC: [8] Undefined index: page D:\xampp\htdocs\Jzc\Application\Home\Controller\IndexController.class.php 第 21 行.
SQL: SHOW COLUMNS FROM `yaj_package` [ RunTime:0.007000s ]
SQL: SELECT `id`,`name`,`depict`,`style`,`lunbo_img` FROM `yaj_package` ORDER BY edittime desc LIMIT 0,3   [ RunTime:0.010000s ]
SQL: SHOW COLUMNS FROM `yaj_collect` [ RunTime:0.007000s ]
SQL: SELECT COUNT(*) AS tp_count FROM `yaj_collect` WHERE `collect_id` = 1 AND `type` = 1 LIMIT 1   [ RunTime:0.006000s ]
SQL: SELECT COUNT(*) AS tp_count FROM `yaj_collect` WHERE `collect_id` = 2 AND `type` = 1 LIMIT 1   [ RunTime:0.006000s ]
SQL: SELECT COUNT(*) AS tp_count FROM `yaj_collect` WHERE `collect_id` = 3 AND `type` = 1 LIMIT 1   [ RunTime:0.006000s ]
INFO: [ app_end ] --START--
INFO: Run Behavior\ShowPageTraceBehavior [ RunTime:0.001000s ]
INFO: [ app_end ] --END-- [ RunTime:0.001000s ]

[ 2017-11-17T13:51:07+08:00 ] 192.168.31.87 /Jzc/index.php/home/index/user_list
INFO: [ app_init ] --START--
INFO: Run Behavior\BuildLiteBehavior [ RunTime:0.000000s ]
INFO: [ app_init ] --END-- [ RunTime:0.000000s ]
INFO: [ app_begin ] --START--
INFO: Run Behavior\ReadHtmlCacheBehavior [ RunTime:0.001000s ]
INFO: [ app_begin ] --END-- [ RunTime:0.001000s ]
NOTIC: [8] Undefined index: search D:\xampp\htdocs\Jzc\Application\Home\Controller\IndexController.class.php 第 302 行.
NOTIC: [8] Undefined index: style D:\xampp\htdocs\Jzc\Application\Home\Controller\IndexController.class.php 第 304 行.
NOTIC: [8] Undefined index: serve D:\xampp\htdocs\Jzc\Application\Home\Controller\IndexController.class.php 第 309 行.
NOTIC: [8192] mysql_connect(): The mysql extension is deprecated and will be removed in the future: use mysqli or PDO instead D:\xampp\htdocs\Jzc\ThinkPHP\Library\Think\Db\Driver\Mysql.class.php 第 52 行.
SQL: SHOW COLUMNS FROM `yaj_user` [ RunTime:0.006000s ]
SQL: SELECT u.id,u.userpic,u.username,d.style,d.worktime,d.education FROM `yaj_user` as u LEFT JOIN yaj_userdetails d on u.id=d.uid  WHERE u.type = '2' ORDER BY d.worktime desc  [ RunTime:0.008000s ]
NOTIC: [8] Undefined index: serve D:\xampp\htdocs\Jzc\Application\Home\Controller\IndexController.class.php 第 317 行.
NOTIC: [8] Undefined variable: res1 D:\xampp\htdocs\Jzc\Application\Home\Controller\IndexController.class.php 第 325 行.
SQL: SHOW COLUMNS FROM `yaj_drawing` [ RunTime:0.008000s ]
SQL: SELECT `id`,`name`,`depict` FROM `yaj_drawing` WHERE `stylistId` = 20 AND `state` = 1 LIMIT 1   [ RunTime:0.006000s ]
SQL: SHOW COLUMNS FROM `yaj_drawingimg` [ RunTime:0.009000s ]
SQL: SELECT `img` FROM `yaj_drawingimg` WHERE `pid` = null LIMIT 3   [ RunTime:0.006000s ]
NOTIC: [2] Invalid argument supplied for foreach() D:\xampp\htdocs\Jzc\Application\Home\Controller\IndexController.class.php 第 333 行.
SQL: SELECT `id`,`name`,`depict` FROM `yaj_drawing` WHERE `stylistId` = 19 AND `state` = 1 LIMIT 1   [ RunTime:0.006000s ]
SQL: SELECT `img` FROM `yaj_drawingimg` WHERE `pid` = 1 LIMIT 3   [ RunTime:0.006000s ]
SQL: SELECT `id`,`name`,`depict` FROM `yaj_drawing` WHERE `stylistId` = 18 AND `state` = 1 LIMIT 1   [ RunTime:0.006000s ]
SQL: SELECT `img` FROM `yaj_drawingimg` WHERE `pid` = 7 LIMIT 3   [ RunTime:0.006000s ]
SQL: SELECT `id`,`name`,`depict` FROM `yaj_drawing` WHERE `stylistId` = 17 AND `state` = 1 LIMIT 1   [ RunTime:0.006000s ]
SQL: SELECT `img` FROM `yaj_drawingimg` WHERE `pid` = 3 LIMIT 3   [ RunTime:0.007000s ]
SQL: SELECT `id`,`name`,`depict` FROM `yaj_drawing` WHERE `stylistId` = 30 AND `state` = 1 LIMIT 1   [ RunTime:0.006000s ]
SQL: SELECT `img` FROM `yaj_drawingimg` WHERE `pid` = null LIMIT 3   [ RunTime:0.011000s ]
NOTIC: [2] Invalid argument supplied for foreach() D:\xampp\htdocs\Jzc\Application\Home\Controller\IndexController.class.php 第 333 行.
SQL: SELECT `id`,`name`,`depict` FROM `yaj_drawing` WHERE `stylistId` = 29 AND `state` = 1 LIMIT 1   [ RunTime:0.006000s ]
SQL: SELECT `img` FROM `yaj_drawingimg` WHERE `pid` = null LIMIT 3   [ RunTime:0.007000s ]
NOTIC: [2] Invalid argument supplied for foreach() D:\xampp\htdocs\Jzc\Application\Home\Controller\IndexController.class.php 第 333 行.
SQL: SELECT `id`,`name`,`depict` FROM `yaj_drawing` WHERE `stylistId` = 31 AND `state` = 1 LIMIT 1   [ RunTime:0.006000s ]
SQL: SELECT `img` FROM `yaj_drawingimg` WHERE `pid` = null LIMIT 3   [ RunTime:0.006000s ]
NOTIC: [2] Invalid argument supplied for foreach() D:\xampp\htdocs\Jzc\Application\Home\Controller\IndexController.class.php 第 333 行.
NOTIC: [8] Undefined offset: 0 D:\xampp\htdocs\Jzc\Application\Home\Controller\IndexController.class.php 第 372 行.
NOTIC: [8] Undefined offset: 1 D:\xampp\htdocs\Jzc\Application\Home\Controller\IndexController.class.php 第 372 行.
NOTIC: [8] Undefined offset: 2 D:\xampp\htdocs\Jzc\Application\Home\Controller\IndexController.class.php 第 372 行.
NOTIC: [8] Undefined offset: 3 D:\xampp\htdocs\Jzc\Application\Home\Controller\IndexController.class.php 第 372 行.
NOTIC: [8] Undefined offset: 4 D:\xampp\htdocs\Jzc\Application\Home\Controller\IndexController.class.php 第 372 行.
NOTIC: [8] Undefined offset: 5 D:\xampp\htdocs\Jzc\Application\Home\Controller\IndexController.class.php 第 372 行.
NOTIC: [8] Undefined offset: 6 D:\xampp\htdocs\Jzc\Application\Home\Controller\IndexController.class.php 第 372 行.
INFO: [ app_end ] --START--
INFO: Run Behavior\ShowPageTraceBehavior [ RunTime:0.001000s ]
INFO: [ app_end ] --END-- [ RunTime:0.001000s ]

[ 2017-11-17T13:51:09+08:00 ] 192.168.31.87 /Jzc/index.php/home/index/details
INFO: [ app_init ] --START--
INFO: Run Behavior\BuildLiteBehavior [ RunTime:0.000000s ]
INFO: [ app_init ] --END-- [ RunTime:0.001000s ]
INFO: [ app_begin ] --START--
INFO: Run Behavior\ReadHtmlCacheBehavior [ RunTime:0.001000s ]
INFO: [ app_begin ] --END-- [ RunTime:0.001000s ]
NOTIC: [8192] mysql_connect(): The mysql extension is deprecated and will be removed in the future: use mysqli or PDO instead D:\xampp\htdocs\Jzc\ThinkPHP\Library\Think\Db\Driver\Mysql.class.php 第 52 行.
SQL: SHOW COLUMNS FROM `yaj_user` [ RunTime:0.006000s ]
SQL: SELECT `username`,`userpic`,`address`,`sex`,`type`,`signature`,`introduce` FROM `yaj_user` WHERE `id` = 20 LIMIT 1   [ RunTime:0.005000s ]
SQL: SHOW COLUMNS FROM `yaj_userdetails` [ RunTime:0.006000s ]
SQL: SELECT `min`,`max`,`worktime`,`goods`,`education`,`grade`,`process`,`background` FROM `yaj_userdetails` WHERE `uid` = 20 LIMIT 1   [ RunTime:0.005000s ]
SQL: SHOW COLUMNS FROM `yaj_evaluate` [ RunTime:0.005000s ]
SQL: SELECT COUNT(*) AS tp_count FROM `yaj_evaluate` WHERE `s_id` = 20 LIMIT 1   [ RunTime:0.005000s ]
SQL: SELECT `uid`,`content` FROM `yaj_evaluate` WHERE `s_id` = 20 AND `status` = 1 ORDER BY addtime LIMIT 1   [ RunTime:0.014000s ]
SQL: SELECT `userpic`,`username` FROM `yaj_user` WHERE `id` = 14 LIMIT 1   [ RunTime:0.004000s ]
SQL: SHOW COLUMNS FROM `yaj_drawing` [ RunTime:0.005000s ]
SQL: SELECT `id`,`name`,`depict`,`style`,`acreage`,`fans` FROM `yaj_drawing` WHERE `to_uid` = 20 AND `state` = 1  [ RunTime:0.005000s ]
SQL: SHOW COLUMNS FROM `yaj_drawingimg` [ RunTime:0.005000s ]
SQL: SELECT `img` FROM `yaj_drawingimg` WHERE `pid` = 2 LIMIT 1   [ RunTime:0.005000s ]
SQL: SELECT `img` FROM `yaj_drawingimg` WHERE `pid` = 3 LIMIT 1   [ RunTime:0.004000s ]
SQL: SELECT `img` FROM `yaj_drawingimg` WHERE `pid` = 4 LIMIT 1   [ RunTime:0.005000s ]

[ 2017-11-17T13:51:34+08:00 ] 192.168.31.87 /Jzc/index.php/home/index/user_list
INFO: [ app_init ] --START--
INFO: Run Behavior\BuildLiteBehavior [ RunTime:0.000000s ]
INFO: [ app_init ] --END-- [ RunTime:0.001000s ]
INFO: [ app_begin ] --START--
INFO: Run Behavior\ReadHtmlCacheBehavior [ RunTime:0.001000s ]
INFO: [ app_begin ] --END-- [ RunTime:0.001000s ]
NOTIC: [8] Undefined index: search D:\xampp\htdocs\Jzc\Application\Home\Controller\IndexController.class.php 第 302 行.
NOTIC: [8] Undefined index: style D:\xampp\htdocs\Jzc\Application\Home\Controller\IndexController.class.php 第 304 行.
NOTIC: [8] Undefined index: serve D:\xampp\htdocs\Jzc\Application\Home\Controller\IndexController.class.php 第 309 行.
NOTIC: [8192] mysql_connect(): The mysql extension is deprecated and will be removed in the future: use mysqli or PDO instead D:\xampp\htdocs\Jzc\ThinkPHP\Library\Think\Db\Driver\Mysql.class.php 第 52 行.
SQL: SHOW COLUMNS FROM `yaj_user` [ RunTime:0.007000s ]
SQL: SELECT u.id,u.userpic,u.username,d.style,d.worktime,d.education FROM `yaj_user` as u LEFT JOIN yaj_userdetails d on u.id=d.uid  WHERE u.type = '2' ORDER BY d.worktime desc  [ RunTime:0.006000s ]
NOTIC: [8] Undefined index: serve D:\xampp\htdocs\Jzc\Application\Home\Controller\IndexController.class.php 第 317 行.
NOTIC: [8] Undefined variable: res1 D:\xampp\htdocs\Jzc\Application\Home\Controller\IndexController.class.php 第 325 行.
SQL: SHOW COLUMNS FROM `yaj_drawing` [ RunTime:0.006000s ]
SQL: SELECT `id`,`name`,`depict` FROM `yaj_drawing` WHERE `stylistId` = 20 AND `state` = 1 LIMIT 1   [ RunTime:0.005000s ]
SQL: SHOW COLUMNS FROM `yaj_drawingimg` [ RunTime:0.005000s ]
SQL: SELECT `img` FROM `yaj_drawingimg` WHERE `pid` = null LIMIT 3   [ RunTime:0.006000s ]
NOTIC: [2] Invalid argument supplied for foreach() D:\xampp\htdocs\Jzc\Application\Home\Controller\IndexController.class.php 第 333 行.
SQL: SELECT `id`,`name`,`depict` FROM `yaj_drawing` WHERE `stylistId` = 19 AND `state` = 1 LIMIT 1   [ RunTime:0.007000s ]
SQL: SELECT `img` FROM `yaj_drawingimg` WHERE `pid` = 1 LIMIT 3   [ RunTime:0.005000s ]
SQL: SELECT `id`,`name`,`depict` FROM `yaj_drawing` WHERE `stylistId` = 18 AND `state` = 1 LIMIT 1   [ RunTime:0.006000s ]
SQL: SELECT `img` FROM `yaj_drawingimg` WHERE `pid` = 7 LIMIT 3   [ RunTime:0.010000s ]
SQL: SELECT `id`,`name`,`depict` FROM `yaj_drawing` WHERE `stylistId` = 17 AND `state` = 1 LIMIT 1   [ RunTime:0.008000s ]
SQL: SELECT `img` FROM `yaj_drawingimg` WHERE `pid` = 3 LIMIT 3   [ RunTime:0.008000s ]
SQL: SELECT `id`,`name`,`depict` FROM `yaj_drawing` WHERE `stylistId` = 30 AND `state` = 1 LIMIT 1   [ RunTime:0.007000s ]
SQL: SELECT `img` FROM `yaj_drawingimg` WHERE `pid` = null LIMIT 3   [ RunTime:0.006000s ]
NOTIC: [2] Invalid argument supplied for foreach() D:\xampp\htdocs\Jzc\Application\Home\Controller\IndexController.class.php 第 333 行.
SQL: SELECT `id`,`name`,`depict` FROM `yaj_drawing` WHERE `stylistId` = 29 AND `state` = 1 LIMIT 1   [ RunTime:0.007000s ]
SQL: SELECT `img` FROM `yaj_drawingimg` WHERE `pid` = null LIMIT 3   [ RunTime:0.005000s ]
NOTIC: [2] Invalid argument supplied for foreach() D:\xampp\htdocs\Jzc\Application\Home\Controller\IndexController.class.php 第 333 行.
SQL: SELECT `id`,`name`,`depict` FROM `yaj_drawing` WHERE `stylistId` = 31 AND `state` = 1 LIMIT 1   [ RunTime:0.006000s ]
SQL: SELECT `img` FROM `yaj_drawingimg` WHERE `pid` = null LIMIT 3   [ RunTime:0.006000s ]
NOTIC: [2] Invalid argument supplied for foreach() D:\xampp\htdocs\Jzc\Application\Home\Controller\IndexController.class.php 第 333 行.
NOTIC: [8] Undefined offset: 0 D:\xampp\htdocs\Jzc\Application\Home\Controller\IndexController.class.php 第 372 行.
NOTIC: [8] Undefined offset: 1 D:\xampp\htdocs\Jzc\Application\Home\Controller\IndexController.class.php 第 372 行.
NOTIC: [8] Undefined offset: 2 D:\xampp\htdocs\Jzc\Application\Home\Controller\IndexController.class.php 第 372 行.
NOTIC: [8] Undefined offset: 3 D:\xampp\htdocs\Jzc\Application\Home\Controller\IndexController.class.php 第 372 行.
NOTIC: [8] Undefined offset: 4 D:\xampp\htdocs\Jzc\Application\Home\Controller\IndexController.class.php 第 372 行.
NOTIC: [8] Undefined offset: 5 D:\xampp\htdocs\Jzc\Application\Home\Controller\IndexController.class.php 第 372 行.
NOTIC: [8] Undefined offset: 6 D:\xampp\htdocs\Jzc\Application\Home\Controller\IndexController.class.php 第 372 行.
INFO: [ app_end ] --START--
INFO: Run Behavior\ShowPageTraceBehavior [ RunTime:0.001000s ]
INFO: [ app_end ] --END-- [ RunTime:0.001000s ]

[ 2017-11-17T13:51:38+08:00 ] 192.168.31.87 /Jzc/index.php/home/index/user_list
INFO: [ app_init ] --START--
INFO: Run Behavior\BuildLiteBehavior [ RunTime:0.000000s ]
INFO: [ app_init ] --END-- [ RunTime:0.000000s ]
INFO: [ app_begin ] --START--
INFO: Run Behavior\ReadHtmlCacheBehavior [ RunTime:0.001000s ]
INFO: [ app_begin ] --END-- [ RunTime:0.001000s ]
NOTIC: [8] Undefined index: search D:\xampp\htdocs\Jzc\Application\Home\Controller\IndexController.class.php 第 302 行.
NOTIC: [8] Undefined index: style D:\xampp\htdocs\Jzc\Application\Home\Controller\IndexController.class.php 第 304 行.
NOTIC: [8] Undefined index: serve D:\xampp\htdocs\Jzc\Application\Home\Controller\IndexController.class.php 第 309 行.
NOTIC: [8192] mysql_connect(): The mysql extension is deprecated and will be removed in the future: use mysqli or PDO instead D:\xampp\htdocs\Jzc\ThinkPHP\Library\Think\Db\Driver\Mysql.class.php 第 52 行.
SQL: SHOW COLUMNS FROM `yaj_user` [ RunTime:0.006000s ]
SQL: SELECT u.id,u.userpic,u.username,d.style,d.worktime,d.education FROM `yaj_user` as u LEFT JOIN yaj_userdetails d on u.id=d.uid  WHERE u.type = '2' ORDER BY d.worktime desc  [ RunTime:0.006000s ]
NOTIC: [8] Undefined index: serve D:\xampp\htdocs\Jzc\Application\Home\Controller\IndexController.class.php 第 317 行.
NOTIC: [8] Undefined variable: res1 D:\xampp\htdocs\Jzc\Application\Home\Controller\IndexController.class.php 第 325 行.
SQL: SHOW COLUMNS FROM `yaj_drawing` [ RunTime:0.006000s ]
SQL: SELECT `id`,`name`,`depict` FROM `yaj_drawing` WHERE `stylistId` = 20 AND `state` = 1 LIMIT 1   [ RunTime:0.005000s ]
SQL: SHOW COLUMNS FROM `yaj_drawingimg` [ RunTime:0.005000s ]
SQL: SELECT `img` FROM `yaj_drawingimg` WHERE `pid` = null LIMIT 3   [ RunTime:0.006000s ]
NOTIC: [2] Invalid argument supplied for foreach() D:\xampp\htdocs\Jzc\Application\Home\Controller\IndexController.class.php 第 333 行.
SQL: SELECT `id`,`name`,`depict` FROM `yaj_drawing` WHERE `stylistId` = 19 AND `state` = 1 LIMIT 1   [ RunTime:0.006000s ]
SQL: SELECT `img` FROM `yaj_drawingimg` WHERE `pid` = 1 LIMIT 3   [ RunTime:0.005000s ]
SQL: SELECT `id`,`name`,`depict` FROM `yaj_drawing` WHERE `stylistId` = 18 AND `state` = 1 LIMIT 1   [ RunTime:0.005000s ]
SQL: SELECT `img` FROM `yaj_drawingimg` WHERE `pid` = 7 LIMIT 3   [ RunTime:0.005000s ]
SQL: SELECT `id`,`name`,`depict` FROM `yaj_drawing` WHERE `stylistId` = 17 AND `state` = 1 LIMIT 1   [ RunTime:0.011000s ]
SQL: SELECT `img` FROM `yaj_drawingimg` WHERE `pid` = 3 LIMIT 3   [ RunTime:0.010000s ]
SQL: SELECT `id`,`name`,`depict` FROM `yaj_drawing` WHERE `stylistId` = 30 AND `state` = 1 LIMIT 1   [ RunTime:0.008000s ]
SQL: SELECT `img` FROM `yaj_drawingimg` WHERE `pid` = null LIMIT 3   [ RunTime:0.007000s ]
NOTIC: [2] Invalid argument supplied for foreach() D:\xampp\htdocs\Jzc\Application\Home\Controller\IndexController.class.php 第 333 行.
SQL: SELECT `id`,`name`,`depict` FROM `yaj_drawing` WHERE `stylistId` = 29 AND `state` = 1 LIMIT 1   [ RunTime:0.008000s ]
SQL: SELECT `img` FROM `yaj_drawingimg` WHERE `pid` = null LIMIT 3   [ RunTime:0.007000s ]
NOTIC: [2] Invalid argument supplied for foreach() D:\xampp\htdocs\Jzc\Application\Home\Controller\IndexController.class.php 第 333 行.
SQL: SELECT `id`,`name`,`depict` FROM `yaj_drawing` WHERE `stylistId` = 31 AND `state` = 1 LIMIT 1   [ RunTime:0.007000s ]
SQL: SELECT `img` FROM `yaj_drawingimg` WHERE `pid` = null LIMIT 3   [ RunTime:0.015000s ]
NOTIC: [2] Invalid argument supplied for foreach() D:\xampp\htdocs\Jzc\Application\Home\Controller\IndexController.class.php 第 333 行.
NOTIC: [8] Undefined offset: 0 D:\xampp\htdocs\Jzc\Application\Home\Controller\IndexController.class.php 第 372 行.
NOTIC: [8] Undefined offset: 1 D:\xampp\htdocs\Jzc\Application\Home\Controller\IndexController.class.php 第 372 行.
NOTIC: [8] Undefined offset: 2 D:\xampp\htdocs\Jzc\Application\Home\Controller\IndexController.class.php 第 372 行.
NOTIC: [8] Undefined offset: 3 D:\xampp\htdocs\Jzc\Application\Home\Controller\IndexController.class.php 第 372 行.
NOTIC: [8] Undefined offset: 4 D:\xampp\htdocs\Jzc\Application\Home\Controller\IndexController.class.php 第 372 行.
NOTIC: [8] Undefined offset: 5 D:\xampp\htdocs\Jzc\Application\Home\Controller\IndexController.class.php 第 372 行.
NOTIC: [8] Undefined offset: 6 D:\xampp\htdocs\Jzc\Application\Home\Controller\IndexController.class.php 第 372 行.
INFO: [ app_end ] --START--
INFO: Run Behavior\ShowPageTraceBehavior [ RunTime:0.001000s ]
INFO: [ app_end ] --END-- [ RunTime:0.001000s ]

[ 2017-11-17T13:51:49+08:00 ] 192.168.31.87 /Jzc/index.php/home/index/user_list
INFO: [ app_init ] --START--
INFO: Run Behavior\BuildLiteBehavior [ RunTime:0.000000s ]
INFO: [ app_init ] --END-- [ RunTime:0.001000s ]
INFO: [ app_begin ] --START--
INFO: Run Behavior\ReadHtmlCacheBehavior [ RunTime:0.002000s ]
INFO: [ app_begin ] --END-- [ RunTime:0.002000s ]
NOTIC: [8] Undefined index: search D:\xampp\htdocs\Jzc\Application\Home\Controller\IndexController.class.php 第 302 行.
NOTIC: [8] Undefined index: style D:\xampp\htdocs\Jzc\Application\Home\Controller\IndexController.class.php 第 304 行.
NOTIC: [8] Undefined index: style D:\xampp\htdocs\Jzc\Application\Home\Controller\IndexController.class.php 第 340 行.
NOTIC: [8] Undefined index: serve D:\xampp\htdocs\Jzc\Application\Home\Controller\IndexController.class.php 第 344 行.
NOTIC: [8192] mysql_connect(): The mysql extension is deprecated and will be removed in the future: use mysqli or PDO instead D:\xampp\htdocs\Jzc\ThinkPHP\Library\Think\Db\Driver\Mysql.class.php 第 52 行.
SQL: SHOW COLUMNS FROM `yaj_user` [ RunTime:0.008000s ]
SQL: SELECT u.id,u.username,d.style,d.worktime,d.education,u.userpic,d.process,d.place,d.serve,d.grade FROM `yaj_user` as u LEFT JOIN yaj_userdetails d on u.id=d.uid  WHERE u.type = 3 AND d.is_all = 1 ORDER BY d.worktime desc,d.num desc  [ RunTime:0.007000s ]
SQL: SELECT u.id,u.username,d.style,d.worktime,d.education,u.userpic,d.process,d.place,d.serve,d.grade FROM `yaj_user` as u LEFT JOIN yaj_userdetails d on u.id=d.uid  WHERE u.type = '3' AND d.is_all <> 1 AND d.grade > 4 ORDER BY d.worktime desc,d.num desc  [ RunTime:0.008000s ]
SQL: SELECT u.id,u.username,d.style,d.worktime,d.education,u.userpic,d.process,d.place,d.serve,d.grade FROM `yaj_user` as u LEFT JOIN yaj_userdetails d on u.id=d.uid  WHERE u.type = '3' AND d.is_all <> 1 AND d.grade < 4 ORDER BY d.worktime desc,d.num desc  [ RunTime:0.015000s ]
NOTIC: [8] Undefined offset: 0 D:\xampp\htdocs\Jzc\Application\Home\Controller\IndexController.class.php 第 372 行.
INFO: [ app_end ] --START--
INFO: Run Behavior\ShowPageTraceBehavior [ RunTime:0.002000s ]
INFO: [ app_end ] --END-- [ RunTime:0.002000s ]

[ 2017-11-17T13:51:50+08:00 ] 192.168.31.87 /Jzc/index.php/home/index/details
INFO: [ app_init ] --START--
INFO: Run Behavior\BuildLiteBehavior [ RunTime:0.000000s ]
INFO: [ app_init ] --END-- [ RunTime:0.000000s ]
INFO: [ app_begin ] --START--
INFO: Run Behavior\ReadHtmlCacheBehavior [ RunTime:0.000000s ]
INFO: [ app_begin ] --END-- [ RunTime:0.000000s ]
NOTIC: [8192] mysql_connect(): The mysql extension is deprecated and will be removed in the future: use mysqli or PDO instead D:\xampp\htdocs\Jzc\ThinkPHP\Library\Think\Db\Driver\Mysql.class.php 第 52 行.
SQL: SHOW COLUMNS FROM `yaj_user` [ RunTime:0.006000s ]
SQL: SELECT `username`,`userpic`,`address`,`sex`,`type`,`signature`,`introduce` FROM `yaj_user` WHERE `id` = 21 LIMIT 1   [ RunTime:0.006000s ]
SQL: SHOW COLUMNS FROM `yaj_userdetails` [ RunTime:0.008000s ]
SQL: SELECT `min`,`max`,`worktime`,`goods`,`place`,`grade`,`process`,`education`,`background`,`area` FROM `yaj_userdetails` WHERE `uid` = 21 LIMIT 1   [ RunTime:0.005000s ]
SQL: SHOW COLUMNS FROM `yaj_evaluate` [ RunTime:0.005000s ]
SQL: SELECT COUNT(*) AS tp_count FROM `yaj_evaluate` WHERE `s_id` = 21 LIMIT 1   [ RunTime:0.005000s ]
SQL: SELECT `uid`,`content` FROM `yaj_evaluate` WHERE `s_id` = 21 AND `status` = 1 ORDER BY addtime LIMIT 1   [ RunTime:0.005000s ]
SQL: SELECT `userpic`,`username` FROM `yaj_user` WHERE `id` = null LIMIT 1   [ RunTime:0.005000s ]
SQL: SHOW COLUMNS FROM `yaj_drawing` [ RunTime:0.005000s ]
SQL: SELECT `id`,`name`,`depict`,`style`,`acreage`,`fans` FROM `yaj_drawing` WHERE `to_uid` = 21 AND `state` = 1  [ RunTime:0.005000s ]

[ 2017-11-17T14:06:56+08:00 ] ::1 /Jzc/index.php/Home/shop/selected
INFO: [ app_init ] --START--
INFO: Run Behavior\BuildLiteBehavior [ RunTime:0.000000s ]
INFO: [ app_init ] --END-- [ RunTime:0.001000s ]
INFO: [ app_begin ] --START--
INFO: Run Behavior\ReadHtmlCacheBehavior [ RunTime:0.001000s ]
INFO: [ app_begin ] --END-- [ RunTime:0.001000s ]
NOTIC: [8] Undefined index: colorId D:\xampp\htdocs\Jzc\Application\Home\Controller\ShopController.class.php 第 415 行.
NOTIC: [8] Undefined index: standardId D:\xampp\htdocs\Jzc\Application\Home\Controller\ShopController.class.php 第 418 行.
NOTIC: [8] Undefined index: capacityId D:\xampp\htdocs\Jzc\Application\Home\Controller\ShopController.class.php 第 419 行.
NOTIC: [8] Undefined index: norms D:\xampp\htdocs\Jzc\Application\Home\Controller\ShopController.class.php 第 421 行.
NOTIC: [8192] mysql_connect(): The mysql extension is deprecated and will be removed in the future: use mysqli or PDO instead D:\xampp\htdocs\Jzc\ThinkPHP\Library\Think\Db\Driver\Mysql.class.php 第 52 行.
SQL: SHOW COLUMNS FROM `yaj_goodsconfig` [ RunTime:0.006000s ]
SQL: SELECT `price`,`stock`,`productimg` FROM `yaj_goodsconfig` WHERE `gid` = 2 LIMIT 1   [ RunTime:0.005000s ]
INFO: [ app_end ] --START--
INFO: Run Behavior\ShowPageTraceBehavior [ RunTime:0.001000s ]
INFO: [ app_end ] --END-- [ RunTime:0.001000s ]

