[ 2017-10-31T09:39:07+08:00 ] 192.168.31.96 /Jzc/index.php/home/Login/area
INFO: [ app_init ] --START--
INFO: Run Behavior\BuildLiteBehavior [ RunTime:0.000000s ]
INFO: [ app_init ] --END-- [ RunTime:0.022000s ]
INFO: [ app_begin ] --START--
INFO: Run Behavior\ReadHtmlCacheBehavior [ RunTime:0.006000s ]
INFO: [ app_begin ] --END-- [ RunTime:0.006000s ]
NOTIC: [8] Undefined index: newstNum D:\xampp\htdocs\Jzc\Application\Home\Controller\LoginController.class.php 第 483 行.
NOTIC: [8192] mysql_connect(): The mysql extension is deprecated and will be removed in the future: use mysqli or PDO instead D:\xampp\htdocs\Jzc\ThinkPHP\Library\Think\Db\Driver\Mysql.class.php 第 52 行.
SQL: SHOW COLUMNS FROM `yaj_area` [ RunTime:0.007000s ]
SQL: SELECT * FROM `yaj_area`  [ RunTime:0.023000s ]
INFO: [ app_end ] --START--
INFO: Run Behavior\ShowPageTraceBehavior [ RunTime:0.007000s ]
INFO: [ app_end ] --END-- [ RunTime:0.007000s ]

[ 2017-10-31T09:39:21+08:00 ] 192.168.31.96 /Jzc/index.php/home//Login/city
INFO: [ app_init ] --START--
INFO: Run Behavior\BuildLiteBehavior [ RunTime:0.000000s ]
INFO: [ app_init ] --END-- [ RunTime:0.000000s ]
INFO: [ app_begin ] --START--
INFO: Run Behavior\ReadHtmlCacheBehavior [ RunTime:0.000000s ]
INFO: [ app_begin ] --END-- [ RunTime:0.000000s ]
NOTIC: [8192] mysql_connect(): The mysql extension is deprecated and will be removed in the future: use mysqli or PDO instead D:\xampp\htdocs\Jzc\ThinkPHP\Library\Think\Db\Driver\Mysql.class.php 第 52 行.
SQL: SHOW COLUMNS FROM `yaj_area` [ RunTime:0.013000s ]
SQL: SELECT `name` FROM `yaj_area` WHERE `level` = 1 ORDER BY id  [ RunTime:0.006000s ]
SQL: SELECT `id` FROM `yaj_area` WHERE `level` = 1  [ RunTime:0.006000s ]
SQL: SELECT `name` FROM `yaj_area` WHERE `upid` = 110000 ORDER BY upid  [ RunTime:0.007000s ]
SQL: SELECT `name` FROM `yaj_area` WHERE `upid` = 120000 ORDER BY upid  [ RunTime:0.007000s ]
SQL: SELECT `name` FROM `yaj_area` WHERE `upid` = 130000 ORDER BY upid  [ RunTime:0.015000s ]
SQL: SELECT `name` FROM `yaj_area` WHERE `upid` = 140000 ORDER BY upid  [ RunTime:0.006000s ]
SQL: SELECT `name` FROM `yaj_area` WHERE `upid` = 150000 ORDER BY upid  [ RunTime:0.006000s ]
SQL: SELECT `name` FROM `yaj_area` WHERE `upid` = 210000 ORDER BY upid  [ RunTime:0.032000s ]
SQL: SELECT `name` FROM `yaj_area` WHERE `upid` = 220000 ORDER BY upid  [ RunTime:0.023000s ]
SQL: SELECT `name` FROM `yaj_area` WHERE `upid` = 230000 ORDER BY upid  [ RunTime:0.006000s ]
SQL: SELECT `name` FROM `yaj_area` WHERE `upid` = 310000 ORDER BY upid  [ RunTime:0.008000s ]
SQL: SELECT `name` FROM `yaj_area` WHERE `upid` = 320000 ORDER BY upid  [ RunTime:0.005000s ]
SQL: SELECT `name` FROM `yaj_area` WHERE `upid` = 330000 ORDER BY upid  [ RunTime:0.005000s ]
SQL: SELECT `name` FROM `yaj_area` WHERE `upid` = 340000 ORDER BY upid  [ RunTime:0.005000s ]
SQL: SELECT `name` FROM `yaj_area` WHERE `upid` = 350000 ORDER BY upid  [ RunTime:0.005000s ]
SQL: SELECT `name` FROM `yaj_area` WHERE `upid` = 360000 ORDER BY upid  [ RunTime:0.005000s ]
SQL: SELECT `name` FROM `yaj_area` WHERE `upid` = 370000 ORDER BY upid  [ RunTime:0.005000s ]
SQL: SELECT `name` FROM `yaj_area` WHERE `upid` = 410000 ORDER BY upid  [ RunTime:0.005000s ]
SQL: SELECT `name` FROM `yaj_area` WHERE `upid` = 420000 ORDER BY upid  [ RunTime:0.009000s ]
SQL: SELECT `name` FROM `yaj_area` WHERE `upid` = 430000 ORDER BY upid  [ RunTime:0.009000s ]
SQL: SELECT `name` FROM `yaj_area` WHERE `upid` = 440000 ORDER BY upid  [ RunTime:0.006000s ]
SQL: SELECT `name` FROM `yaj_area` WHERE `upid` = 450000 ORDER BY upid  [ RunTime:0.007000s ]
SQL: SELECT `name` FROM `yaj_area` WHERE `upid` = 460000 ORDER BY upid  [ RunTime:0.006000s ]
SQL: SELECT `name` FROM `yaj_area` WHERE `upid` = 500000 ORDER BY upid  [ RunTime:0.005000s ]
SQL: SELECT `name` FROM `yaj_area` WHERE `upid` = 510000 ORDER BY upid  [ RunTime:0.007000s ]
SQL: SELECT `name` FROM `yaj_area` WHERE `upid` = 520000 ORDER BY upid  [ RunTime:0.006000s ]
SQL: SELECT `name` FROM `yaj_area` WHERE `upid` = 530000 ORDER BY upid  [ RunTime:0.006000s ]
SQL: SELECT `name` FROM `yaj_area` WHERE `upid` = 540000 ORDER BY upid  [ RunTime:0.006000s ]
SQL: SELECT `name` FROM `yaj_area` WHERE `upid` = 610000 ORDER BY upid  [ RunTime:0.006000s ]
SQL: SELECT `name` FROM `yaj_area` WHERE `upid` = 620000 ORDER BY upid  [ RunTime:0.006000s ]
SQL: SELECT `name` FROM `yaj_area` WHERE `upid` = 630000 ORDER BY upid  [ RunTime:0.007000s ]
SQL: SELECT `name` FROM `yaj_area` WHERE `upid` = 640000 ORDER BY upid  [ RunTime:0.006000s ]
SQL: SELECT `name` FROM `yaj_area` WHERE `upid` = 650000 ORDER BY upid  [ RunTime:0.006000s ]
SQL: SELECT `name` FROM `yaj_area` WHERE `upid` = 710000 ORDER BY upid  [ RunTime:0.009000s ]
SQL: SELECT `name` FROM `yaj_area` WHERE `upid` = 810000 ORDER BY upid  [ RunTime:0.006000s ]
SQL: SELECT `name` FROM `yaj_area` WHERE `upid` = 820000 ORDER BY upid  [ RunTime:0.008000s ]
SQL: SELECT `name` FROM `yaj_area` WHERE `level` = 2 ORDER BY click desc LIMIT 6   [ RunTime:0.006000s ]
INFO: [ app_end ] --START--
INFO: Run Behavior\ShowPageTraceBehavior [ RunTime:0.001000s ]
INFO: [ app_end ] --END-- [ RunTime:0.001000s ]

[ 2017-10-31T10:13:32+08:00 ] ::1 /Jzc/index.php/Home/shop/makeMetails
INFO: [ app_init ] --START--
INFO: Run Behavior\BuildLiteBehavior [ RunTime:0.000000s ]
INFO: [ app_init ] --END-- [ RunTime:0.000000s ]
INFO: [ app_begin ] --START--
INFO: Run Behavior\ReadHtmlCacheBehavior [ RunTime:0.000000s ]
INFO: [ app_begin ] --END-- [ RunTime:0.000000s ]
NOTIC: [8192] mysql_connect(): The mysql extension is deprecated and will be removed in the future: use mysqli or PDO instead D:\xampp\htdocs\Jzc\ThinkPHP\Library\Think\Db\Driver\Mysql.class.php 第 52 行.
SQL: SHOW COLUMNS FROM `yaj_goods_make` [ RunTime:0.007000s ]
NOTIC: [2] Illegal string offset 'id' D:\xampp\htdocs\Jzc\Application\Home\Controller\ShopController.class.php 第 79 行.
NOTIC: [8] Uninitialized string offset: 0 D:\xampp\htdocs\Jzc\Application\Home\Controller\ShopController.class.php 第 79 行.
SQL: SELECT `name`,`min`,`max`,`brand`,`market`,`details`,`show_img` FROM `yaj_goods_make` WHERE `id` = 0 LIMIT 1   [ RunTime:0.010000s ]
INFO: [ app_end ] --START--
INFO: Run Behavior\ShowPageTraceBehavior [ RunTime:0.000000s ]
INFO: [ app_end ] --END-- [ RunTime:0.000000s ]

[ 2017-10-31T10:13:54+08:00 ] ::1 /Jzc/index.php/Home/shop/makeMetails
INFO: [ app_init ] --START--
INFO: Run Behavior\BuildLiteBehavior [ RunTime:0.000000s ]
INFO: [ app_init ] --END-- [ RunTime:0.000000s ]
INFO: [ app_begin ] --START--
INFO: Run Behavior\ReadHtmlCacheBehavior [ RunTime:0.000000s ]
INFO: [ app_begin ] --END-- [ RunTime:0.000000s ]
NOTIC: [8192] mysql_connect(): The mysql extension is deprecated and will be removed in the future: use mysqli or PDO instead D:\xampp\htdocs\Jzc\ThinkPHP\Library\Think\Db\Driver\Mysql.class.php 第 52 行.
SQL: SHOW COLUMNS FROM `yaj_goods_make` [ RunTime:0.054000s ]
NOTIC: [2] Illegal string offset 'id' D:\xampp\htdocs\Jzc\Application\Home\Controller\ShopController.class.php 第 79 行.
NOTIC: [8] Uninitialized string offset: 0 D:\xampp\htdocs\Jzc\Application\Home\Controller\ShopController.class.php 第 79 行.
SQL: SELECT `name`,`min`,`max`,`brand`,`market`,`details`,`show_img` FROM `yaj_goods_make` WHERE `id` = 0 LIMIT 1   [ RunTime:0.007000s ]
INFO: [ app_end ] --START--
INFO: Run Behavior\ShowPageTraceBehavior [ RunTime:0.002000s ]
INFO: [ app_end ] --END-- [ RunTime:0.002000s ]

[ 2017-10-31T10:14:27+08:00 ] ::1 /Jzc/index.php/Home/shop/makeMetails
INFO: [ app_init ] --START--
INFO: Run Behavior\BuildLiteBehavior [ RunTime:0.000000s ]
INFO: [ app_init ] --END-- [ RunTime:0.001000s ]
INFO: [ app_begin ] --START--
INFO: Run Behavior\ReadHtmlCacheBehavior [ RunTime:0.000000s ]
INFO: [ app_begin ] --END-- [ RunTime:0.000000s ]

[ 2017-10-31T10:14:46+08:00 ] ::1 /Jzc/index.php/Home/shop/makeMetails
INFO: [ app_init ] --START--
INFO: Run Behavior\BuildLiteBehavior [ RunTime:0.000000s ]
INFO: [ app_init ] --END-- [ RunTime:0.000000s ]
INFO: [ app_begin ] --START--
INFO: Run Behavior\ReadHtmlCacheBehavior [ RunTime:0.001000s ]
INFO: [ app_begin ] --END-- [ RunTime:0.001000s ]
NOTIC: [8192] mysql_connect(): The mysql extension is deprecated and will be removed in the future: use mysqli or PDO instead D:\xampp\htdocs\Jzc\ThinkPHP\Library\Think\Db\Driver\Mysql.class.php 第 52 行.
SQL: SHOW COLUMNS FROM `yaj_goods_make` [ RunTime:0.014000s ]
SQL: SELECT `name`,`min`,`max`,`brand`,`market`,`details`,`show_img` FROM `yaj_goods_make` WHERE `id` = 1 LIMIT 1   [ RunTime:0.015000s ]
INFO: [ app_end ] --START--
INFO: Run Behavior\ShowPageTraceBehavior [ RunTime:0.002000s ]
INFO: [ app_end ] --END-- [ RunTime:0.002000s ]

[ 2017-10-31T10:15:33+08:00 ] ::1 /Jzc/index.php/Home/shop/index
INFO: [ app_init ] --START--
INFO: Run Behavior\BuildLiteBehavior [ RunTime:0.000000s ]
INFO: [ app_init ] --END-- [ RunTime:0.000000s ]
INFO: [ app_begin ] --START--
INFO: Run Behavior\ReadHtmlCacheBehavior [ RunTime:0.001000s ]
INFO: [ app_begin ] --END-- [ RunTime:0.001000s ]
NOTIC: [8] Undefined index: page D:\xampp\htdocs\Jzc\Application\Home\Controller\ShopController.class.php 第 14 行.
NOTIC: [8192] mysql_connect(): The mysql extension is deprecated and will be removed in the future: use mysqli or PDO instead D:\xampp\htdocs\Jzc\ThinkPHP\Library\Think\Db\Driver\Mysql.class.php 第 52 行.
SQL: SHOW COLUMNS FROM `yaj_goods_banner` [ RunTime:0.019000s ]
SQL: SELECT `img` FROM `yaj_goods_banner` WHERE `type` = 1 LIMIT 1   [ RunTime:0.013000s ]
SQL: SHOW COLUMNS FROM `yaj_classify` [ RunTime:0.009000s ]
SQL: SELECT `name` FROM `yaj_classify` WHERE `pid` = 0 AND `state` = 1 AND `is_show` = 1 LIMIT 4   [ RunTime:0.007000s ]
SQL: SELECT `img` FROM `yaj_goods_banner` WHERE `type` = 2 LIMIT 1   [ RunTime:0.006000s ]
SQL: SHOW COLUMNS FROM `yaj_goods_make` [ RunTime:0.008000s ]
SQL: SELECT `id`,`img` FROM `yaj_goods_make` WHERE `state` = 1 ORDER BY addtime  [ RunTime:0.007000s ]
SQL: SHOW COLUMNS FROM `yaj_collect` [ RunTime:0.011000s ]
SQL: SELECT `collect_id` FROM `yaj_collect` WHERE `uid` = 14 AND `type` = 4 LIMIT 3   [ RunTime:0.050000s ]
SQL: SELECT count(*) as count,`collect_id` FROM `yaj_collect` WHERE ( id <> 1 and id <> 2 ) GROUP BY collect_id ORDER BY count desc LIMIT 3   [ RunTime:0.151000s ]
SQL: SHOW COLUMNS FROM `yaj_goods` [ RunTime:0.008000s ]
SQL: SELECT `id` FROM `yaj_goods` WHERE `id` = 1 AND `state` = 1  [ RunTime:0.008000s ]
SQL: SELECT `id` FROM `yaj_goods` WHERE `id` = 2 AND `state` = 1  [ RunTime:0.029000s ]
SQL: SELECT `id` FROM `yaj_goods` WHERE `state` = 1 AND `id` = 3  [ RunTime:0.051000s ]
SQL: SELECT `id` FROM `yaj_goods` WHERE `state` = 1 AND `id` = 5  [ RunTime:0.015000s ]
SQL: SELECT `collect_id` FROM `yaj_collect`  [ RunTime:0.012000s ]
SQL: SELECT `id` FROM `yaj_goods` WHERE `id` NOT IN ('1','2','3','5','3','3','5')  [ RunTime:0.007000s ]
SQL: SELECT `id`,`name`,`presentation`,`price`,`classifyId` FROM `yaj_goods` WHERE `id` = 1 LIMIT 0,5   [ RunTime:0.006000s ]
SQL: SELECT `id`,`name`,`presentation`,`price`,`classifyId` FROM `yaj_goods` WHERE `id` = 2 LIMIT 0,5   [ RunTime:0.009000s ]
SQL: SELECT `id`,`name`,`presentation`,`price`,`classifyId` FROM `yaj_goods` WHERE `id` = 3 LIMIT 0,5   [ RunTime:0.006000s ]
SQL: SELECT `id`,`name`,`presentation`,`price`,`classifyId` FROM `yaj_goods` WHERE `id` = 5 LIMIT 0,5   [ RunTime:0.009000s ]
SQL: SELECT `id`,`name`,`presentation`,`price`,`classifyId` FROM `yaj_goods` WHERE `id` = 4 LIMIT 0,5   [ RunTime:0.024000s ]
SQL: SELECT `id`,`name`,`presentation`,`price`,`classifyId` FROM `yaj_goods` WHERE `id` = 6 LIMIT 0,5   [ RunTime:0.070000s ]
SQL: SELECT `id`,`name`,`presentation`,`price`,`classifyId` FROM `yaj_goods` WHERE `id` = 7 LIMIT 0,5   [ RunTime:0.099000s ]
SQL: SELECT `id`,`name`,`presentation`,`price`,`classifyId` FROM `yaj_goods` WHERE `id` = 8 LIMIT 0,5   [ RunTime:0.011000s ]
INFO: [ app_end ] --START--
INFO: Run Behavior\ShowPageTraceBehavior [ RunTime:0.002000s ]
INFO: [ app_end ] --END-- [ RunTime:0.002000s ]

[ 2017-10-31T10:17:06+08:00 ] ::1 /Jzc/index.php/Home/shop/index
INFO: [ app_init ] --START--
INFO: Run Behavior\BuildLiteBehavior [ RunTime:0.000000s ]
INFO: [ app_init ] --END-- [ RunTime:0.001000s ]
INFO: [ app_begin ] --START--
INFO: Run Behavior\ReadHtmlCacheBehavior [ RunTime:0.001000s ]
INFO: [ app_begin ] --END-- [ RunTime:0.001000s ]

[ 2017-10-31T10:17:18+08:00 ] ::1 /Jzc/index.php/Home/shop/index
INFO: [ app_init ] --START--
INFO: Run Behavior\BuildLiteBehavior [ RunTime:0.000000s ]
INFO: [ app_init ] --END-- [ RunTime:0.000000s ]
INFO: [ app_begin ] --START--
INFO: Run Behavior\ReadHtmlCacheBehavior [ RunTime:0.000000s ]
INFO: [ app_begin ] --END-- [ RunTime:0.000000s ]
NOTIC: [8] Undefined index: page D:\xampp\htdocs\Jzc\Application\Home\Controller\ShopController.class.php 第 14 行.
NOTIC: [8192] mysql_connect(): The mysql extension is deprecated and will be removed in the future: use mysqli or PDO instead D:\xampp\htdocs\Jzc\ThinkPHP\Library\Think\Db\Driver\Mysql.class.php 第 52 行.
SQL: SHOW COLUMNS FROM `yaj_goods_banner` [ RunTime:0.023000s ]
SQL: SELECT `img` FROM `yaj_goods_banner` WHERE `type` = 1 LIMIT 1   [ RunTime:0.015000s ]
SQL: SHOW COLUMNS FROM `yaj_classify` [ RunTime:0.006000s ]
SQL: SELECT `name` FROM `yaj_classify` WHERE `pid` = 0 AND `state` = 1 AND `is_show` = 1 LIMIT 4   [ RunTime:0.011000s ]
SQL: SELECT `img` FROM `yaj_goods_banner` WHERE `type` = 2 LIMIT 1   [ RunTime:0.010000s ]
SQL: SHOW COLUMNS FROM `yaj_goods_make` [ RunTime:0.016000s ]
SQL: SELECT `id`,`img` FROM `yaj_goods_make` WHERE `state` = 1 ORDER BY addtime  [ RunTime:0.014000s ]
SQL: SHOW COLUMNS FROM `yaj_collect` [ RunTime:0.030000s ]
SQL: SELECT `collect_id` FROM `yaj_collect` WHERE `uid` = 14 AND `type` = 4 LIMIT 3   [ RunTime:0.006000s ]
SQL: SELECT count(*) as count,`collect_id` FROM `yaj_collect` WHERE ( id <> 1 and id <> 2 ) GROUP BY collect_id ORDER BY count desc LIMIT 3   [ RunTime:0.016000s ]
SQL: SHOW COLUMNS FROM `yaj_goods` [ RunTime:0.008000s ]
SQL: SELECT `id` FROM `yaj_goods` WHERE `id` = 1 AND `state` = 1  [ RunTime:0.014000s ]
SQL: SELECT `id` FROM `yaj_goods` WHERE `id` = 2 AND `state` = 1  [ RunTime:0.011000s ]
SQL: SELECT `id` FROM `yaj_goods` WHERE `state` = 1 AND `id` = 3  [ RunTime:0.006000s ]
SQL: SELECT `id` FROM `yaj_goods` WHERE `state` = 1 AND `id` = 5  [ RunTime:0.027000s ]
SQL: SELECT `collect_id` FROM `yaj_collect`  [ RunTime:0.020000s ]
SQL: SELECT `id` FROM `yaj_goods` WHERE `id` NOT IN ('1','2','3','5','3','3','5')  [ RunTime:0.030000s ]
SQL: SELECT `id`,`name`,`presentation`,`price`,`classifyId` FROM `yaj_goods` WHERE `id` = 1 LIMIT 0,5   [ RunTime:0.012000s ]
SQL: SELECT `id`,`name`,`presentation`,`price`,`classifyId` FROM `yaj_goods` WHERE `id` = 2 LIMIT 0,5   [ RunTime:0.007000s ]
SQL: SELECT `id`,`name`,`presentation`,`price`,`classifyId` FROM `yaj_goods` WHERE `id` = 3 LIMIT 0,5   [ RunTime:0.013000s ]
SQL: SELECT `id`,`name`,`presentation`,`price`,`classifyId` FROM `yaj_goods` WHERE `id` = 5 LIMIT 0,5   [ RunTime:0.041000s ]
SQL: SELECT `id`,`name`,`presentation`,`price`,`classifyId` FROM `yaj_goods` WHERE `id` = 4 LIMIT 0,5   [ RunTime:0.019000s ]
SQL: SELECT `id`,`name`,`presentation`,`price`,`classifyId` FROM `yaj_goods` WHERE `id` = 6 LIMIT 0,5   [ RunTime:0.011000s ]
SQL: SELECT `id`,`name`,`presentation`,`price`,`classifyId` FROM `yaj_goods` WHERE `id` = 7 LIMIT 0,5   [ RunTime:0.010000s ]
SQL: SELECT `id`,`name`,`presentation`,`price`,`classifyId` FROM `yaj_goods` WHERE `id` = 8 LIMIT 0,5   [ RunTime:0.010000s ]
NOTIC: [8] Array to string conversion D:\xampp\htdocs\Jzc\Application\Home\Controller\ShopController.class.php 第 67 行.
NOTIC: [8] Array to string conversion D:\xampp\htdocs\Jzc\Application\Home\Controller\ShopController.class.php 第 67 行.
NOTIC: [8] Array to string conversion D:\xampp\htdocs\Jzc\Application\Home\Controller\ShopController.class.php 第 67 行.
NOTIC: [8] Array to string conversion D:\xampp\htdocs\Jzc\Application\Home\Controller\ShopController.class.php 第 67 行.
NOTIC: [8] Array to string conversion D:\xampp\htdocs\Jzc\Application\Home\Controller\ShopController.class.php 第 67 行.
NOTIC: [8] Array to string conversion D:\xampp\htdocs\Jzc\Application\Home\Controller\ShopController.class.php 第 67 行.
NOTIC: [8] Array to string conversion D:\xampp\htdocs\Jzc\Application\Home\Controller\ShopController.class.php 第 67 行.
NOTIC: [8] Array to string conversion D:\xampp\htdocs\Jzc\Application\Home\Controller\ShopController.class.php 第 67 行.
INFO: [ app_end ] --START--
INFO: Run Behavior\ShowPageTraceBehavior [ RunTime:0.000000s ]
INFO: [ app_end ] --END-- [ RunTime:0.000000s ]

[ 2017-10-31T10:17:41+08:00 ] ::1 /Jzc/index.php/Home/shop/index
INFO: [ app_init ] --START--
INFO: Run Behavior\BuildLiteBehavior [ RunTime:0.000000s ]
INFO: [ app_init ] --END-- [ RunTime:0.001000s ]
INFO: [ app_begin ] --START--
INFO: Run Behavior\ReadHtmlCacheBehavior [ RunTime:0.000000s ]
INFO: [ app_begin ] --END-- [ RunTime:0.000000s ]
NOTIC: [8] Undefined index: page D:\xampp\htdocs\Jzc\Application\Home\Controller\ShopController.class.php 第 14 行.
NOTIC: [8192] mysql_connect(): The mysql extension is deprecated and will be removed in the future: use mysqli or PDO instead D:\xampp\htdocs\Jzc\ThinkPHP\Library\Think\Db\Driver\Mysql.class.php 第 52 行.
SQL: SHOW COLUMNS FROM `yaj_goods_banner` [ RunTime:0.017000s ]
SQL: SELECT `img` FROM `yaj_goods_banner` WHERE `type` = 1 LIMIT 1   [ RunTime:0.010000s ]
SQL: SHOW COLUMNS FROM `yaj_classify` [ RunTime:0.020000s ]
SQL: SELECT `name` FROM `yaj_classify` WHERE `pid` = 0 AND `state` = 1 AND `is_show` = 1 LIMIT 4   [ RunTime:0.009000s ]
SQL: SELECT `img` FROM `yaj_goods_banner` WHERE `type` = 2 LIMIT 1   [ RunTime:0.009000s ]
SQL: SHOW COLUMNS FROM `yaj_goods_make` [ RunTime:0.007000s ]
SQL: SELECT `id`,`img` FROM `yaj_goods_make` WHERE `state` = 1 ORDER BY addtime  [ RunTime:0.008000s ]
SQL: SHOW COLUMNS FROM `yaj_collect` [ RunTime:0.010000s ]
SQL: SELECT `collect_id` FROM `yaj_collect` WHERE `uid` = 14 AND `type` = 4 LIMIT 3   [ RunTime:0.005000s ]
SQL: SELECT count(*) as count,`collect_id` FROM `yaj_collect` WHERE ( id <> 1 and id <> 2 ) GROUP BY collect_id ORDER BY count desc LIMIT 3   [ RunTime:0.005000s ]
SQL: SHOW COLUMNS FROM `yaj_goods` [ RunTime:0.018000s ]
SQL: SELECT `id` FROM `yaj_goods` WHERE `id` = 1 AND `state` = 1  [ RunTime:0.008000s ]
SQL: SELECT `id` FROM `yaj_goods` WHERE `id` = 2 AND `state` = 1  [ RunTime:0.011000s ]
SQL: SELECT `id` FROM `yaj_goods` WHERE `state` = 1 AND `id` = 3  [ RunTime:0.008000s ]
SQL: SELECT `id` FROM `yaj_goods` WHERE `state` = 1 AND `id` = 5  [ RunTime:0.010000s ]
SQL: SELECT `collect_id` FROM `yaj_collect`  [ RunTime:0.014000s ]
SQL: SELECT `id` FROM `yaj_goods` WHERE `id` NOT IN ('1','2','3','5','3','3','5')  [ RunTime:0.005000s ]
SQL: SELECT `id`,`name`,`presentation`,`price`,`classifyId` FROM `yaj_goods` WHERE `id` = 1 LIMIT 0,5   [ RunTime:0.005000s ]
SQL: SELECT `id`,`name`,`presentation`,`price`,`classifyId` FROM `yaj_goods` WHERE `id` = 2 LIMIT 0,5   [ RunTime:0.008000s ]
SQL: SELECT `id`,`name`,`presentation`,`price`,`classifyId` FROM `yaj_goods` WHERE `id` = 3 LIMIT 0,5   [ RunTime:0.044000s ]
SQL: SELECT `id`,`name`,`presentation`,`price`,`classifyId` FROM `yaj_goods` WHERE `id` = 5 LIMIT 0,5   [ RunTime:0.078000s ]
SQL: SELECT `id`,`name`,`presentation`,`price`,`classifyId` FROM `yaj_goods` WHERE `id` = 4 LIMIT 0,5   [ RunTime:0.029000s ]
SQL: SELECT `id`,`name`,`presentation`,`price`,`classifyId` FROM `yaj_goods` WHERE `id` = 6 LIMIT 0,5   [ RunTime:0.008000s ]
SQL: SELECT `id`,`name`,`presentation`,`price`,`classifyId` FROM `yaj_goods` WHERE `id` = 7 LIMIT 0,5   [ RunTime:0.008000s ]
SQL: SELECT `id`,`name`,`presentation`,`price`,`classifyId` FROM `yaj_goods` WHERE `id` = 8 LIMIT 0,5   [ RunTime:0.006000s ]
INFO: [ app_end ] --START--
INFO: Run Behavior\ShowPageTraceBehavior [ RunTime:0.001000s ]
INFO: [ app_end ] --END-- [ RunTime:0.001000s ]

[ 2017-10-31T10:19:21+08:00 ] ::1 /Jzc/index.php/Home/shop/index
INFO: [ app_init ] --START--
INFO: Run Behavior\BuildLiteBehavior [ RunTime:0.000000s ]
INFO: [ app_init ] --END-- [ RunTime:0.000000s ]
INFO: [ app_begin ] --START--
INFO: Run Behavior\ReadHtmlCacheBehavior [ RunTime:0.000000s ]
INFO: [ app_begin ] --END-- [ RunTime:0.000000s ]
NOTIC: [8] Undefined index: page D:\xampp\htdocs\Jzc\Application\Home\Controller\ShopController.class.php 第 14 行.
NOTIC: [8192] mysql_connect(): The mysql extension is deprecated and will be removed in the future: use mysqli or PDO instead D:\xampp\htdocs\Jzc\ThinkPHP\Library\Think\Db\Driver\Mysql.class.php 第 52 行.
SQL: SHOW COLUMNS FROM `yaj_goods_banner` [ RunTime:0.017000s ]
SQL: SELECT `img` FROM `yaj_goods_banner` WHERE `type` = 1 LIMIT 1   [ RunTime:0.013000s ]
SQL: SHOW COLUMNS FROM `yaj_classify` [ RunTime:0.006000s ]
SQL: SELECT `name` FROM `yaj_classify` WHERE `pid` = 0 AND `state` = 1 AND `is_show` = 1 LIMIT 4   [ RunTime:0.015000s ]
SQL: SELECT `img` FROM `yaj_goods_banner` WHERE `type` = 2 LIMIT 1   [ RunTime:0.032000s ]
SQL: SHOW COLUMNS FROM `yaj_goods_make` [ RunTime:0.034000s ]
SQL: SELECT `id`,`img` FROM `yaj_goods_make` WHERE `state` = 1 ORDER BY addtime  [ RunTime:0.022000s ]
SQL: SHOW COLUMNS FROM `yaj_collect` [ RunTime:0.015000s ]
SQL: SELECT `collect_id` FROM `yaj_collect` WHERE `uid` = 14 AND `type` = 4 LIMIT 3   [ RunTime:0.065000s ]
SQL: SELECT count(*) as count,`collect_id` FROM `yaj_collect` WHERE ( id <> 1 and id <> 2 ) GROUP BY collect_id ORDER BY count desc LIMIT 3   [ RunTime:0.018000s ]
SQL: SHOW COLUMNS FROM `yaj_goods` [ RunTime:0.009000s ]
SQL: SELECT `id` FROM `yaj_goods` WHERE `id` = 1 AND `state` = 1  [ RunTime:0.026000s ]
SQL: SELECT `id` FROM `yaj_goods` WHERE `id` = 2 AND `state` = 1  [ RunTime:0.035000s ]
SQL: SELECT `id` FROM `yaj_goods` WHERE `state` = 1 AND `id` = 3  [ RunTime:0.014000s ]
SQL: SELECT `id` FROM `yaj_goods` WHERE `state` = 1 AND `id` = 5  [ RunTime:0.011000s ]
SQL: SELECT `collect_id` FROM `yaj_collect`  [ RunTime:0.005000s ]
SQL: SELECT `id` FROM `yaj_goods` WHERE `id` NOT IN ('1','2','3','5','3','3','5')  [ RunTime:0.008000s ]
SQL: SELECT `id`,`name`,`presentation`,`price`,`classifyId` FROM `yaj_goods` WHERE `id` = 1 LIMIT 0,5   [ RunTime:0.006000s ]
SQL: SELECT `id`,`name`,`presentation`,`price`,`classifyId` FROM `yaj_goods` WHERE `id` = 2 LIMIT 0,5   [ RunTime:0.005000s ]
SQL: SELECT `id`,`name`,`presentation`,`price`,`classifyId` FROM `yaj_goods` WHERE `id` = 3 LIMIT 0,5   [ RunTime:0.004000s ]
SQL: SELECT `id`,`name`,`presentation`,`price`,`classifyId` FROM `yaj_goods` WHERE `id` = 5 LIMIT 0,5   [ RunTime:0.011000s ]
SQL: SELECT `id`,`name`,`presentation`,`price`,`classifyId` FROM `yaj_goods` WHERE `id` = 4 LIMIT 0,5   [ RunTime:0.016000s ]
SQL: SELECT `id`,`name`,`presentation`,`price`,`classifyId` FROM `yaj_goods` WHERE `id` = 6 LIMIT 0,5   [ RunTime:0.042000s ]
SQL: SELECT `id`,`name`,`presentation`,`price`,`classifyId` FROM `yaj_goods` WHERE `id` = 7 LIMIT 0,5   [ RunTime:0.028000s ]
SQL: SELECT `id`,`name`,`presentation`,`price`,`classifyId` FROM `yaj_goods` WHERE `id` = 8 LIMIT 0,5   [ RunTime:0.013000s ]
INFO: [ app_end ] --START--
INFO: Run Behavior\ShowPageTraceBehavior [ RunTime:0.002000s ]
INFO: [ app_end ] --END-- [ RunTime:0.002000s ]

[ 2017-10-31T10:58:41+08:00 ] 192.168.31.96 /Jzc/index.php/home/Login/area
INFO: [ app_init ] --START--
INFO: Run Behavior\BuildLiteBehavior [ RunTime:0.000000s ]
INFO: [ app_init ] --END-- [ RunTime:0.001000s ]
INFO: [ app_begin ] --START--
INFO: Run Behavior\ReadHtmlCacheBehavior [ RunTime:0.001000s ]
INFO: [ app_begin ] --END-- [ RunTime:0.001000s ]
NOTIC: [8] Undefined index: newstNum D:\xampp\htdocs\Jzc\Application\Home\Controller\LoginController.class.php 第 483 行.
NOTIC: [8192] mysql_connect(): The mysql extension is deprecated and will be removed in the future: use mysqli or PDO instead D:\xampp\htdocs\Jzc\ThinkPHP\Library\Think\Db\Driver\Mysql.class.php 第 52 行.
SQL: SHOW COLUMNS FROM `yaj_area` [ RunTime:0.007000s ]
SQL: SELECT * FROM `yaj_area`  [ RunTime:0.030000s ]
INFO: [ app_end ] --START--
INFO: Run Behavior\ShowPageTraceBehavior [ RunTime:0.001000s ]
INFO: [ app_end ] --END-- [ RunTime:0.001000s ]

[ 2017-10-31T11:12:01+08:00 ] 192.168.31.96 /Jzc/index.php/home/Login/area
INFO: [ app_init ] --START--
INFO: Run Behavior\BuildLiteBehavior [ RunTime:0.000000s ]
INFO: [ app_init ] --END-- [ RunTime:0.000000s ]
INFO: [ app_begin ] --START--
INFO: Run Behavior\ReadHtmlCacheBehavior [ RunTime:0.001000s ]
INFO: [ app_begin ] --END-- [ RunTime:0.001000s ]
NOTIC: [8] Undefined index: newstNum D:\xampp\htdocs\Jzc\Application\Home\Controller\LoginController.class.php 第 483 行.
NOTIC: [8192] mysql_connect(): The mysql extension is deprecated and will be removed in the future: use mysqli or PDO instead D:\xampp\htdocs\Jzc\ThinkPHP\Library\Think\Db\Driver\Mysql.class.php 第 52 行.
SQL: SHOW COLUMNS FROM `yaj_area` [ RunTime:0.007000s ]
SQL: SELECT * FROM `yaj_area`  [ RunTime:0.029000s ]
INFO: [ app_end ] --START--
INFO: Run Behavior\ShowPageTraceBehavior [ RunTime:0.001000s ]
INFO: [ app_end ] --END-- [ RunTime:0.001000s ]

[ 2017-10-31T11:12:19+08:00 ] 192.168.31.96 /Jzc/index.php/home/Login/area
INFO: [ app_init ] --START--
INFO: Run Behavior\BuildLiteBehavior [ RunTime:0.000000s ]
INFO: [ app_init ] --END-- [ RunTime:0.001000s ]
INFO: [ app_begin ] --START--
INFO: Run Behavior\ReadHtmlCacheBehavior [ RunTime:0.001000s ]
INFO: [ app_begin ] --END-- [ RunTime:0.001000s ]
NOTIC: [8] Undefined index: newstNum D:\xampp\htdocs\Jzc\Application\Home\Controller\LoginController.class.php 第 483 行.
NOTIC: [8192] mysql_connect(): The mysql extension is deprecated and will be removed in the future: use mysqli or PDO instead D:\xampp\htdocs\Jzc\ThinkPHP\Library\Think\Db\Driver\Mysql.class.php 第 52 行.
SQL: SHOW COLUMNS FROM `yaj_area` [ RunTime:0.005000s ]
SQL: SELECT * FROM `yaj_area`  [ RunTime:0.023000s ]
INFO: [ app_end ] --START--
INFO: Run Behavior\ShowPageTraceBehavior [ RunTime:0.002000s ]
INFO: [ app_end ] --END-- [ RunTime:0.002000s ]

[ 2017-10-31T11:14:18+08:00 ] 192.168.31.96 /Jzc/index.php/home/Login/area
INFO: [ app_init ] --START--
INFO: Run Behavior\BuildLiteBehavior [ RunTime:0.000000s ]
INFO: [ app_init ] --END-- [ RunTime:0.001000s ]
INFO: [ app_begin ] --START--
INFO: Run Behavior\ReadHtmlCacheBehavior [ RunTime:0.001000s ]
INFO: [ app_begin ] --END-- [ RunTime:0.001000s ]
NOTIC: [8] Undefined index: newstNum D:\xampp\htdocs\Jzc\Application\Home\Controller\LoginController.class.php 第 483 行.
NOTIC: [8192] mysql_connect(): The mysql extension is deprecated and will be removed in the future: use mysqli or PDO instead D:\xampp\htdocs\Jzc\ThinkPHP\Library\Think\Db\Driver\Mysql.class.php 第 52 行.
SQL: SHOW COLUMNS FROM `yaj_area` [ RunTime:0.007000s ]
SQL: SELECT * FROM `yaj_area`  [ RunTime:0.024000s ]
INFO: [ app_end ] --START--
INFO: Run Behavior\ShowPageTraceBehavior [ RunTime:0.001000s ]
INFO: [ app_end ] --END-- [ RunTime:0.001000s ]

[ 2017-10-31T11:14:31+08:00 ] 192.168.31.96 /Jzc/index.php/home/Login/area
INFO: [ app_init ] --START--
INFO: Run Behavior\BuildLiteBehavior [ RunTime:0.000000s ]
INFO: [ app_init ] --END-- [ RunTime:0.001000s ]
INFO: [ app_begin ] --START--
INFO: Run Behavior\ReadHtmlCacheBehavior [ RunTime:0.000000s ]
INFO: [ app_begin ] --END-- [ RunTime:0.000000s ]
NOTIC: [8] Undefined index: newstNum D:\xampp\htdocs\Jzc\Application\Home\Controller\LoginController.class.php 第 483 行.
NOTIC: [8192] mysql_connect(): The mysql extension is deprecated and will be removed in the future: use mysqli or PDO instead D:\xampp\htdocs\Jzc\ThinkPHP\Library\Think\Db\Driver\Mysql.class.php 第 52 行.
SQL: SHOW COLUMNS FROM `yaj_area` [ RunTime:0.004000s ]
SQL: SELECT * FROM `yaj_area`  [ RunTime:0.029000s ]
INFO: [ app_end ] --START--
INFO: Run Behavior\ShowPageTraceBehavior [ RunTime:0.000000s ]
INFO: [ app_end ] --END-- [ RunTime:0.000000s ]

[ 2017-10-31T11:18:59+08:00 ] 192.168.31.96 /Jzc/index.php/home/Login/area
INFO: [ app_init ] --START--
INFO: Run Behavior\BuildLiteBehavior [ RunTime:0.000000s ]
INFO: [ app_init ] --END-- [ RunTime:0.001000s ]
INFO: [ app_begin ] --START--
INFO: Run Behavior\ReadHtmlCacheBehavior [ RunTime:0.001000s ]
INFO: [ app_begin ] --END-- [ RunTime:0.001000s ]
NOTIC: [8] Undefined index: newstNum D:\xampp\htdocs\Jzc\Application\Home\Controller\LoginController.class.php 第 483 行.
NOTIC: [8192] mysql_connect(): The mysql extension is deprecated and will be removed in the future: use mysqli or PDO instead D:\xampp\htdocs\Jzc\ThinkPHP\Library\Think\Db\Driver\Mysql.class.php 第 52 行.
SQL: SHOW COLUMNS FROM `yaj_area` [ RunTime:0.007000s ]
SQL: SELECT * FROM `yaj_area`  [ RunTime:0.021000s ]
INFO: [ app_end ] --START--
INFO: Run Behavior\ShowPageTraceBehavior [ RunTime:0.000000s ]
INFO: [ app_end ] --END-- [ RunTime:0.000000s ]

[ 2017-10-31T11:19:42+08:00 ] 192.168.31.96 /Jzc/index.php/home/Login/area
INFO: [ app_init ] --START--
INFO: Run Behavior\BuildLiteBehavior [ RunTime:0.001000s ]
INFO: [ app_init ] --END-- [ RunTime:0.001000s ]
INFO: [ app_begin ] --START--
INFO: Run Behavior\ReadHtmlCacheBehavior [ RunTime:0.001000s ]
INFO: [ app_begin ] --END-- [ RunTime:0.001000s ]
NOTIC: [8] Undefined index: newstNum D:\xampp\htdocs\Jzc\Application\Home\Controller\LoginController.class.php 第 483 行.
NOTIC: [8192] mysql_connect(): The mysql extension is deprecated and will be removed in the future: use mysqli or PDO instead D:\xampp\htdocs\Jzc\ThinkPHP\Library\Think\Db\Driver\Mysql.class.php 第 52 行.
SQL: SHOW COLUMNS FROM `yaj_area` [ RunTime:0.009000s ]
SQL: SELECT * FROM `yaj_area`  [ RunTime:0.043000s ]
INFO: [ app_end ] --START--
INFO: Run Behavior\ShowPageTraceBehavior [ RunTime:0.001000s ]
INFO: [ app_end ] --END-- [ RunTime:0.001000s ]

[ 2017-10-31T11:20:31+08:00 ] 192.168.31.96 /Jzc/index.php/home/Login/area
INFO: [ app_init ] --START--
INFO: Run Behavior\BuildLiteBehavior [ RunTime:0.000000s ]
INFO: [ app_init ] --END-- [ RunTime:0.001000s ]
INFO: [ app_begin ] --START--
INFO: Run Behavior\ReadHtmlCacheBehavior [ RunTime:0.000000s ]
INFO: [ app_begin ] --END-- [ RunTime:0.000000s ]
NOTIC: [8] Undefined index: newstNum D:\xampp\htdocs\Jzc\Application\Home\Controller\LoginController.class.php 第 483 行.
NOTIC: [8192] mysql_connect(): The mysql extension is deprecated and will be removed in the future: use mysqli or PDO instead D:\xampp\htdocs\Jzc\ThinkPHP\Library\Think\Db\Driver\Mysql.class.php 第 52 行.
SQL: SHOW COLUMNS FROM `yaj_area` [ RunTime:0.005000s ]
SQL: SELECT * FROM `yaj_area`  [ RunTime:0.022000s ]
INFO: [ app_end ] --START--
INFO: Run Behavior\ShowPageTraceBehavior [ RunTime:0.001000s ]
INFO: [ app_end ] --END-- [ RunTime:0.001000s ]

[ 2017-10-31T11:20:54+08:00 ] 192.168.31.96 /Jzc/index.php/home/Login/area
INFO: [ app_init ] --START--
INFO: Run Behavior\BuildLiteBehavior [ RunTime:0.000000s ]
INFO: [ app_init ] --END-- [ RunTime:0.000000s ]
INFO: [ app_begin ] --START--
INFO: Run Behavior\ReadHtmlCacheBehavior [ RunTime:0.001000s ]
INFO: [ app_begin ] --END-- [ RunTime:0.001000s ]
NOTIC: [8] Undefined index: newstNum D:\xampp\htdocs\Jzc\Application\Home\Controller\LoginController.class.php 第 483 行.
NOTIC: [8192] mysql_connect(): The mysql extension is deprecated and will be removed in the future: use mysqli or PDO instead D:\xampp\htdocs\Jzc\ThinkPHP\Library\Think\Db\Driver\Mysql.class.php 第 52 行.
SQL: SHOW COLUMNS FROM `yaj_area` [ RunTime:0.006000s ]
SQL: SELECT * FROM `yaj_area`  [ RunTime:0.020000s ]
INFO: [ app_end ] --START--
INFO: Run Behavior\ShowPageTraceBehavior [ RunTime:0.001000s ]
INFO: [ app_end ] --END-- [ RunTime:0.002000s ]

[ 2017-10-31T11:21:12+08:00 ] 192.168.31.96 /Jzc/index.php/home/Login/area
INFO: [ app_init ] --START--
INFO: Run Behavior\BuildLiteBehavior [ RunTime:0.000000s ]
INFO: [ app_init ] --END-- [ RunTime:0.001000s ]
INFO: [ app_begin ] --START--
INFO: Run Behavior\ReadHtmlCacheBehavior [ RunTime:0.001000s ]
INFO: [ app_begin ] --END-- [ RunTime:0.001000s ]
NOTIC: [8] Undefined index: newstNum D:\xampp\htdocs\Jzc\Application\Home\Controller\LoginController.class.php 第 483 行.
NOTIC: [8192] mysql_connect(): The mysql extension is deprecated and will be removed in the future: use mysqli or PDO instead D:\xampp\htdocs\Jzc\ThinkPHP\Library\Think\Db\Driver\Mysql.class.php 第 52 行.
SQL: SHOW COLUMNS FROM `yaj_area` [ RunTime:0.008000s ]
SQL: SELECT * FROM `yaj_area`  [ RunTime:0.025000s ]
INFO: [ app_end ] --START--
INFO: Run Behavior\ShowPageTraceBehavior [ RunTime:0.001000s ]
INFO: [ app_end ] --END-- [ RunTime:0.001000s ]

[ 2017-10-31T11:24:19+08:00 ] 192.168.31.96 /Jzc/index.php/home/Login/area
INFO: [ app_init ] --START--
INFO: Run Behavior\BuildLiteBehavior [ RunTime:0.000000s ]
INFO: [ app_init ] --END-- [ RunTime:0.001000s ]
INFO: [ app_begin ] --START--
INFO: Run Behavior\ReadHtmlCacheBehavior [ RunTime:0.001000s ]
INFO: [ app_begin ] --END-- [ RunTime:0.002000s ]
NOTIC: [8] Undefined index: newstNum D:\xampp\htdocs\Jzc\Application\Home\Controller\LoginController.class.php 第 483 行.
NOTIC: [8192] mysql_connect(): The mysql extension is deprecated and will be removed in the future: use mysqli or PDO instead D:\xampp\htdocs\Jzc\ThinkPHP\Library\Think\Db\Driver\Mysql.class.php 第 52 行.
SQL: SHOW COLUMNS FROM `yaj_area` [ RunTime:0.007000s ]
SQL: SELECT * FROM `yaj_area`  [ RunTime:0.029000s ]
INFO: [ app_end ] --START--
INFO: Run Behavior\ShowPageTraceBehavior [ RunTime:0.000000s ]
INFO: [ app_end ] --END-- [ RunTime:0.001000s ]

[ 2017-10-31T11:24:56+08:00 ] 192.168.31.96 /Jzc/index.php/home/Login/area
INFO: [ app_init ] --START--
INFO: Run Behavior\BuildLiteBehavior [ RunTime:0.000000s ]
INFO: [ app_init ] --END-- [ RunTime:0.000000s ]
INFO: [ app_begin ] --START--
INFO: Run Behavior\ReadHtmlCacheBehavior [ RunTime:0.000000s ]
INFO: [ app_begin ] --END-- [ RunTime:0.001000s ]
NOTIC: [8] Undefined index: newstNum D:\xampp\htdocs\Jzc\Application\Home\Controller\LoginController.class.php 第 483 行.
NOTIC: [8192] mysql_connect(): The mysql extension is deprecated and will be removed in the future: use mysqli or PDO instead D:\xampp\htdocs\Jzc\ThinkPHP\Library\Think\Db\Driver\Mysql.class.php 第 52 行.
SQL: SHOW COLUMNS FROM `yaj_area` [ RunTime:0.005000s ]
SQL: SELECT * FROM `yaj_area`  [ RunTime:0.021000s ]
INFO: [ app_end ] --START--
INFO: Run Behavior\ShowPageTraceBehavior [ RunTime:0.001000s ]
INFO: [ app_end ] --END-- [ RunTime:0.001000s ]

[ 2017-10-31T11:26:12+08:00 ] 192.168.31.96 /Jzc/index.php/home/Login/area
INFO: [ app_init ] --START--
INFO: Run Behavior\BuildLiteBehavior [ RunTime:0.000000s ]
INFO: [ app_init ] --END-- [ RunTime:0.001000s ]
INFO: [ app_begin ] --START--
INFO: Run Behavior\ReadHtmlCacheBehavior [ RunTime:0.001000s ]
INFO: [ app_begin ] --END-- [ RunTime:0.001000s ]
NOTIC: [8] Undefined index: newstNum D:\xampp\htdocs\Jzc\Application\Home\Controller\LoginController.class.php 第 483 行.
NOTIC: [8192] mysql_connect(): The mysql extension is deprecated and will be removed in the future: use mysqli or PDO instead D:\xampp\htdocs\Jzc\ThinkPHP\Library\Think\Db\Driver\Mysql.class.php 第 52 行.
SQL: SHOW COLUMNS FROM `yaj_area` [ RunTime:0.016000s ]
SQL: SELECT * FROM `yaj_area`  [ RunTime:0.032000s ]
INFO: [ app_end ] --START--
INFO: Run Behavior\ShowPageTraceBehavior [ RunTime:0.000000s ]
INFO: [ app_end ] --END-- [ RunTime:0.001000s ]

[ 2017-10-31T11:40:42+08:00 ] 192.168.31.96 /Jzc/index.php/home/Login/area
INFO: [ app_init ] --START--
INFO: Run Behavior\BuildLiteBehavior [ RunTime:0.000000s ]
INFO: [ app_init ] --END-- [ RunTime:0.001000s ]
INFO: [ app_begin ] --START--
INFO: Run Behavior\ReadHtmlCacheBehavior [ RunTime:0.000000s ]
INFO: [ app_begin ] --END-- [ RunTime:0.000000s ]
NOTIC: [8] Undefined index: newstNum D:\xampp\htdocs\Jzc\Application\Home\Controller\LoginController.class.php 第 483 行.
NOTIC: [8192] mysql_connect(): The mysql extension is deprecated and will be removed in the future: use mysqli or PDO instead D:\xampp\htdocs\Jzc\ThinkPHP\Library\Think\Db\Driver\Mysql.class.php 第 52 行.
SQL: SHOW COLUMNS FROM `yaj_area` [ RunTime:0.006000s ]
SQL: SELECT * FROM `yaj_area`  [ RunTime:0.031000s ]
INFO: [ app_end ] --START--
INFO: Run Behavior\ShowPageTraceBehavior [ RunTime:0.001000s ]
INFO: [ app_end ] --END-- [ RunTime:0.001000s ]

[ 2017-10-31T11:41:55+08:00 ] 192.168.31.96 /Jzc/index.php/home/Login/area
INFO: [ app_init ] --START--
INFO: Run Behavior\BuildLiteBehavior [ RunTime:0.000000s ]
INFO: [ app_init ] --END-- [ RunTime:0.001000s ]
INFO: [ app_begin ] --START--
INFO: Run Behavior\ReadHtmlCacheBehavior [ RunTime:0.001000s ]
INFO: [ app_begin ] --END-- [ RunTime:0.001000s ]
NOTIC: [8] Undefined index: newstNum D:\xampp\htdocs\Jzc\Application\Home\Controller\LoginController.class.php 第 483 行.
NOTIC: [8192] mysql_connect(): The mysql extension is deprecated and will be removed in the future: use mysqli or PDO instead D:\xampp\htdocs\Jzc\ThinkPHP\Library\Think\Db\Driver\Mysql.class.php 第 52 行.
SQL: SHOW COLUMNS FROM `yaj_area` [ RunTime:0.005000s ]
SQL: SELECT * FROM `yaj_area`  [ RunTime:0.031000s ]
INFO: [ app_end ] --START--
INFO: Run Behavior\ShowPageTraceBehavior [ RunTime:0.001000s ]
INFO: [ app_end ] --END-- [ RunTime:0.001000s ]

[ 2017-10-31T11:42:39+08:00 ] 192.168.31.96 /Jzc/index.php/home/Login/area
INFO: [ app_init ] --START--
INFO: Run Behavior\BuildLiteBehavior [ RunTime:0.001000s ]
INFO: [ app_init ] --END-- [ RunTime:0.001000s ]
INFO: [ app_begin ] --START--
INFO: Run Behavior\ReadHtmlCacheBehavior [ RunTime:0.001000s ]
INFO: [ app_begin ] --END-- [ RunTime:0.001000s ]
NOTIC: [8] Undefined index: newstNum D:\xampp\htdocs\Jzc\Application\Home\Controller\LoginController.class.php 第 483 行.
NOTIC: [8192] mysql_connect(): The mysql extension is deprecated and will be removed in the future: use mysqli or PDO instead D:\xampp\htdocs\Jzc\ThinkPHP\Library\Think\Db\Driver\Mysql.class.php 第 52 行.
SQL: SHOW COLUMNS FROM `yaj_area` [ RunTime:0.006000s ]
SQL: SELECT * FROM `yaj_area`  [ RunTime:0.022000s ]
INFO: [ app_end ] --START--
INFO: Run Behavior\ShowPageTraceBehavior [ RunTime:0.000000s ]
INFO: [ app_end ] --END-- [ RunTime:0.000000s ]

[ 2017-10-31T11:53:14+08:00 ] 192.168.31.96 /Jzc/index.php/home/Login/area
INFO: [ app_init ] --START--
INFO: Run Behavior\BuildLiteBehavior [ RunTime:0.000000s ]
INFO: [ app_init ] --END-- [ RunTime:0.000000s ]
INFO: [ app_begin ] --START--
INFO: Run Behavior\ReadHtmlCacheBehavior [ RunTime:0.001000s ]
INFO: [ app_begin ] --END-- [ RunTime:0.001000s ]
NOTIC: [8] Undefined index: newstNum D:\xampp\htdocs\Jzc\Application\Home\Controller\LoginController.class.php 第 483 行.
NOTIC: [8192] mysql_connect(): The mysql extension is deprecated and will be removed in the future: use mysqli or PDO instead D:\xampp\htdocs\Jzc\ThinkPHP\Library\Think\Db\Driver\Mysql.class.php 第 52 行.
SQL: SHOW COLUMNS FROM `yaj_area` [ RunTime:0.006000s ]
SQL: SELECT * FROM `yaj_area`  [ RunTime:0.026000s ]
INFO: [ app_end ] --START--
INFO: Run Behavior\ShowPageTraceBehavior [ RunTime:0.001000s ]
INFO: [ app_end ] --END-- [ RunTime:0.001000s ]

[ 2017-10-31T11:55:24+08:00 ] 192.168.31.96 /Jzc/index.php/home/Login/area
INFO: [ app_init ] --START--
INFO: Run Behavior\BuildLiteBehavior [ RunTime:0.000000s ]
INFO: [ app_init ] --END-- [ RunTime:0.000000s ]
INFO: [ app_begin ] --START--
INFO: Run Behavior\ReadHtmlCacheBehavior [ RunTime:0.001000s ]
INFO: [ app_begin ] --END-- [ RunTime:0.001000s ]
NOTIC: [8] Undefined index: newstNum D:\xampp\htdocs\Jzc\Application\Home\Controller\LoginController.class.php 第 483 行.
NOTIC: [8192] mysql_connect(): The mysql extension is deprecated and will be removed in the future: use mysqli or PDO instead D:\xampp\htdocs\Jzc\ThinkPHP\Library\Think\Db\Driver\Mysql.class.php 第 52 行.
SQL: SHOW COLUMNS FROM `yaj_area` [ RunTime:0.009000s ]
SQL: SELECT * FROM `yaj_area`  [ RunTime:0.028000s ]
INFO: [ app_end ] --START--
INFO: Run Behavior\ShowPageTraceBehavior [ RunTime:0.000000s ]
INFO: [ app_end ] --END-- [ RunTime:0.001000s ]

[ 2017-10-31T11:55:59+08:00 ] 192.168.31.96 /Jzc/index.php/home/Login/area
INFO: [ app_init ] --START--
INFO: Run Behavior\BuildLiteBehavior [ RunTime:0.000000s ]
INFO: [ app_init ] --END-- [ RunTime:0.001000s ]
INFO: [ app_begin ] --START--
INFO: Run Behavior\ReadHtmlCacheBehavior [ RunTime:0.001000s ]
INFO: [ app_begin ] --END-- [ RunTime:0.001000s ]
NOTIC: [8] Undefined index: newstNum D:\xampp\htdocs\Jzc\Application\Home\Controller\LoginController.class.php 第 483 行.
NOTIC: [8192] mysql_connect(): The mysql extension is deprecated and will be removed in the future: use mysqli or PDO instead D:\xampp\htdocs\Jzc\ThinkPHP\Library\Think\Db\Driver\Mysql.class.php 第 52 行.
SQL: SHOW COLUMNS FROM `yaj_area` [ RunTime:0.005000s ]
SQL: SELECT * FROM `yaj_area`  [ RunTime:0.026000s ]
INFO: [ app_end ] --START--
INFO: Run Behavior\ShowPageTraceBehavior [ RunTime:0.000000s ]
INFO: [ app_end ] --END-- [ RunTime:0.000000s ]

[ 2017-10-31T11:57:16+08:00 ] 192.168.31.96 /Jzc/index.php/home/Login/area
INFO: [ app_init ] --START--
INFO: Run Behavior\BuildLiteBehavior [ RunTime:0.000000s ]
INFO: [ app_init ] --END-- [ RunTime:0.001000s ]
INFO: [ app_begin ] --START--
INFO: Run Behavior\ReadHtmlCacheBehavior [ RunTime:0.001000s ]
INFO: [ app_begin ] --END-- [ RunTime:0.001000s ]
NOTIC: [8] Undefined index: newstNum D:\xampp\htdocs\Jzc\Application\Home\Controller\LoginController.class.php 第 483 行.
NOTIC: [8192] mysql_connect(): The mysql extension is deprecated and will be removed in the future: use mysqli or PDO instead D:\xampp\htdocs\Jzc\ThinkPHP\Library\Think\Db\Driver\Mysql.class.php 第 52 行.
SQL: SHOW COLUMNS FROM `yaj_area` [ RunTime:0.005000s ]
SQL: SELECT * FROM `yaj_area`  [ RunTime:0.026000s ]
INFO: [ app_end ] --START--
INFO: Run Behavior\ShowPageTraceBehavior [ RunTime:0.001000s ]
INFO: [ app_end ] --END-- [ RunTime:0.001000s ]

[ 2017-10-31T11:59:11+08:00 ] 192.168.31.96 /Jzc/index.php/home/Login/area
INFO: [ app_init ] --START--
INFO: Run Behavior\BuildLiteBehavior [ RunTime:0.000000s ]
INFO: [ app_init ] --END-- [ RunTime:0.001000s ]
INFO: [ app_begin ] --START--
INFO: Run Behavior\ReadHtmlCacheBehavior [ RunTime:0.001000s ]
INFO: [ app_begin ] --END-- [ RunTime:0.001000s ]
NOTIC: [8] Undefined index: newstNum D:\xampp\htdocs\Jzc\Application\Home\Controller\LoginController.class.php 第 483 行.
NOTIC: [8192] mysql_connect(): The mysql extension is deprecated and will be removed in the future: use mysqli or PDO instead D:\xampp\htdocs\Jzc\ThinkPHP\Library\Think\Db\Driver\Mysql.class.php 第 52 行.
SQL: SHOW COLUMNS FROM `yaj_area` [ RunTime:0.006000s ]
SQL: SELECT * FROM `yaj_area`  [ RunTime:0.027000s ]
INFO: [ app_end ] --START--
INFO: Run Behavior\ShowPageTraceBehavior [ RunTime:0.001000s ]
INFO: [ app_end ] --END-- [ RunTime:0.001000s ]

[ 2017-10-31T11:59:54+08:00 ] 192.168.31.96 /Jzc/index.php/home/Login/area
INFO: [ app_init ] --START--
INFO: Run Behavior\BuildLiteBehavior [ RunTime:0.000000s ]
INFO: [ app_init ] --END-- [ RunTime:0.000000s ]
INFO: [ app_begin ] --START--
INFO: Run Behavior\ReadHtmlCacheBehavior [ RunTime:0.000000s ]
INFO: [ app_begin ] --END-- [ RunTime:0.001000s ]
NOTIC: [8] Undefined index: newstNum D:\xampp\htdocs\Jzc\Application\Home\Controller\LoginController.class.php 第 483 行.
NOTIC: [8192] mysql_connect(): The mysql extension is deprecated and will be removed in the future: use mysqli or PDO instead D:\xampp\htdocs\Jzc\ThinkPHP\Library\Think\Db\Driver\Mysql.class.php 第 52 行.
SQL: SHOW COLUMNS FROM `yaj_area` [ RunTime:0.005000s ]
SQL: SELECT * FROM `yaj_area`  [ RunTime:0.024000s ]
INFO: [ app_end ] --START--
INFO: Run Behavior\ShowPageTraceBehavior [ RunTime:0.000000s ]
INFO: [ app_end ] --END-- [ RunTime:0.001000s ]

[ 2017-10-31T13:27:34+08:00 ] 192.168.31.96 /Jzc/index.php/home/login/getcode
INFO: [ app_init ] --START--
INFO: Run Behavior\BuildLiteBehavior [ RunTime:0.000000s ]
INFO: [ app_init ] --END-- [ RunTime:0.000000s ]
INFO: [ app_begin ] --START--
INFO: Run Behavior\ReadHtmlCacheBehavior [ RunTime:0.001000s ]
INFO: [ app_begin ] --END-- [ RunTime:0.001000s ]
NOTIC: [8192] mysql_connect(): The mysql extension is deprecated and will be removed in the future: use mysqli or PDO instead D:\xampp\htdocs\Jzc\ThinkPHP\Library\Think\Db\Driver\Mysql.class.php 第 52 行.
SQL: SHOW COLUMNS FROM `yaj_user` [ RunTime:0.007000s ]
SQL: SELECT * FROM `yaj_user` WHERE `phoneNum` = '17600026192' LIMIT 1   [ RunTime:0.005000s ]
SQL: SHOW COLUMNS FROM `yaj_code` [ RunTime:0.005000s ]
SQL: DELETE FROM `yaj_code` WHERE `phoneNum` = '17600026192' [ RunTime:0.006000s ]
NOTIC: [2] include(MessageSend.class.php): failed to open stream: No such file or directory D:\xampp\htdocs\Jzc\Application\Home\Controller\LoginController.class.php 第 43 行.
NOTIC: [2] include(): Failed opening 'MessageSend.class.php' for inclusion (include_path='.;D:\xampp\php\PEAR') D:\xampp\htdocs\Jzc\Application\Home\Controller\LoginController.class.php 第 43 行.
SQL: SELECT * FROM `yaj_code` WHERE `phoneNum` = '17600026192'  [ RunTime:0.008000s ]
SQL: INSERT INTO `yaj_code` (`phoneNum`,`code`) VALUES ('17600026192','111111') [ RunTime:0.013000s ]
INFO: [ app_end ] --START--
INFO: Run Behavior\ShowPageTraceBehavior [ RunTime:0.001000s ]
INFO: [ app_end ] --END-- [ RunTime:0.001000s ]

[ 2017-10-31T13:27:47+08:00 ] 192.168.31.96 /Jzc/index.php/home/login/must_info
INFO: [ app_init ] --START--
INFO: Run Behavior\BuildLiteBehavior [ RunTime:0.000000s ]
INFO: [ app_init ] --END-- [ RunTime:0.000000s ]
INFO: [ app_begin ] --START--
INFO: Run Behavior\ReadHtmlCacheBehavior [ RunTime:0.000000s ]
INFO: [ app_begin ] --END-- [ RunTime:0.000000s ]
NOTIC: [8192] mysql_connect(): The mysql extension is deprecated and will be removed in the future: use mysqli or PDO instead D:\xampp\htdocs\Jzc\ThinkPHP\Library\Think\Db\Driver\Mysql.class.php 第 52 行.
SQL: SHOW COLUMNS FROM `yaj_user` [ RunTime:0.009000s ]
SQL: SELECT `id` FROM `yaj_user` WHERE `phoneNum` = '17600026192' LIMIT 1   [ RunTime:0.014000s ]
SQL: INSERT INTO `yaj_user` (`userpic`,`username`,`phoneNum`,`type`,`registertime`) VALUES ('','123','17600026192',5,1509427667) [ RunTime:0.017000s ]
INFO: [ app_end ] --START--
INFO: Run Behavior\ShowPageTraceBehavior [ RunTime:0.002000s ]
INFO: [ app_end ] --END-- [ RunTime:0.002000s ]

[ 2017-10-31T15:52:47+08:00 ] 192.168.31.96 /Jzc/index.php/home/Login/area
INFO: [ app_init ] --START--
INFO: Run Behavior\BuildLiteBehavior [ RunTime:0.000000s ]
INFO: [ app_init ] --END-- [ RunTime:0.001000s ]
INFO: [ app_begin ] --START--
INFO: Run Behavior\ReadHtmlCacheBehavior [ RunTime:0.001000s ]
INFO: [ app_begin ] --END-- [ RunTime:0.002000s ]
NOTIC: [8] Undefined index: newstNum D:\xampp\htdocs\Jzc\Application\Home\Controller\LoginController.class.php 第 483 行.
NOTIC: [8192] mysql_connect(): The mysql extension is deprecated and will be removed in the future: use mysqli or PDO instead D:\xampp\htdocs\Jzc\ThinkPHP\Library\Think\Db\Driver\Mysql.class.php 第 52 行.
SQL: SHOW COLUMNS FROM `yaj_area` [ RunTime:0.006000s ]
SQL: SELECT * FROM `yaj_area`  [ RunTime:0.025000s ]
INFO: [ app_end ] --START--
INFO: Run Behavior\ShowPageTraceBehavior [ RunTime:0.000000s ]
INFO: [ app_end ] --END-- [ RunTime:0.001000s ]

[ 2017-10-31T15:53:54+08:00 ] 192.168.31.96 /Jzc/index.php/home/Login/area
INFO: [ app_init ] --START--
INFO: Run Behavior\BuildLiteBehavior [ RunTime:0.000000s ]
INFO: [ app_init ] --END-- [ RunTime:0.000000s ]
INFO: [ app_begin ] --START--
INFO: Run Behavior\ReadHtmlCacheBehavior [ RunTime:0.001000s ]
INFO: [ app_begin ] --END-- [ RunTime:0.001000s ]
NOTIC: [8] Undefined index: newstNum D:\xampp\htdocs\Jzc\Application\Home\Controller\LoginController.class.php 第 483 行.
NOTIC: [8192] mysql_connect(): The mysql extension is deprecated and will be removed in the future: use mysqli or PDO instead D:\xampp\htdocs\Jzc\ThinkPHP\Library\Think\Db\Driver\Mysql.class.php 第 52 行.
SQL: SHOW COLUMNS FROM `yaj_area` [ RunTime:0.006000s ]
SQL: SELECT * FROM `yaj_area`  [ RunTime:0.030000s ]
INFO: [ app_end ] --START--
INFO: Run Behavior\ShowPageTraceBehavior [ RunTime:0.001000s ]
INFO: [ app_end ] --END-- [ RunTime:0.001000s ]

[ 2017-10-31T15:57:34+08:00 ] 192.168.31.96 /Jzc/index.php/home/Login/area
INFO: [ app_init ] --START--
INFO: Run Behavior\BuildLiteBehavior [ RunTime:0.000000s ]
INFO: [ app_init ] --END-- [ RunTime:0.001000s ]
INFO: [ app_begin ] --START--
INFO: Run Behavior\ReadHtmlCacheBehavior [ RunTime:0.000000s ]
INFO: [ app_begin ] --END-- [ RunTime:0.001000s ]
NOTIC: [8] Undefined index: newstNum D:\xampp\htdocs\Jzc\Application\Home\Controller\LoginController.class.php 第 483 行.
NOTIC: [8192] mysql_connect(): The mysql extension is deprecated and will be removed in the future: use mysqli or PDO instead D:\xampp\htdocs\Jzc\ThinkPHP\Library\Think\Db\Driver\Mysql.class.php 第 52 行.
SQL: SHOW COLUMNS FROM `yaj_area` [ RunTime:0.007000s ]
SQL: SELECT * FROM `yaj_area`  [ RunTime:0.023000s ]
INFO: [ app_end ] --START--
INFO: Run Behavior\ShowPageTraceBehavior [ RunTime:0.001000s ]
INFO: [ app_end ] --END-- [ RunTime:0.001000s ]

[ 2017-10-31T15:58:51+08:00 ] 192.168.31.96 /Jzc/index.php/home/Login/area
INFO: [ app_init ] --START--
INFO: Run Behavior\BuildLiteBehavior [ RunTime:0.000000s ]
INFO: [ app_init ] --END-- [ RunTime:0.000000s ]
INFO: [ app_begin ] --START--
INFO: Run Behavior\ReadHtmlCacheBehavior [ RunTime:0.001000s ]
INFO: [ app_begin ] --END-- [ RunTime:0.001000s ]
NOTIC: [8] Undefined index: newstNum D:\xampp\htdocs\Jzc\Application\Home\Controller\LoginController.class.php 第 483 行.
NOTIC: [8192] mysql_connect(): The mysql extension is deprecated and will be removed in the future: use mysqli or PDO instead D:\xampp\htdocs\Jzc\ThinkPHP\Library\Think\Db\Driver\Mysql.class.php 第 52 行.
SQL: SHOW COLUMNS FROM `yaj_area` [ RunTime:0.014000s ]
SQL: SELECT * FROM `yaj_area`  [ RunTime:0.022000s ]
INFO: [ app_end ] --START--
INFO: Run Behavior\ShowPageTraceBehavior [ RunTime:0.001000s ]
INFO: [ app_end ] --END-- [ RunTime:0.001000s ]

[ 2017-10-31T15:59:30+08:00 ] 192.168.31.96 /Jzc/index.php/home/login/getcode
INFO: [ app_init ] --START--
INFO: Run Behavior\BuildLiteBehavior [ RunTime:0.000000s ]
INFO: [ app_init ] --END-- [ RunTime:0.001000s ]
INFO: [ app_begin ] --START--
INFO: Run Behavior\ReadHtmlCacheBehavior [ RunTime:0.001000s ]
INFO: [ app_begin ] --END-- [ RunTime:0.001000s ]
NOTIC: [8192] mysql_connect(): The mysql extension is deprecated and will be removed in the future: use mysqli or PDO instead D:\xampp\htdocs\Jzc\ThinkPHP\Library\Think\Db\Driver\Mysql.class.php 第 52 行.
SQL: SHOW COLUMNS FROM `yaj_user` [ RunTime:0.007000s ]
SQL: SELECT * FROM `yaj_user` WHERE `phoneNum` = '17600026192' LIMIT 1   [ RunTime:0.006000s ]

[ 2017-10-31T15:59:35+08:00 ] 192.168.31.96 /Jzc/index.php/home/login/getcode
INFO: [ app_init ] --START--
INFO: Run Behavior\BuildLiteBehavior [ RunTime:0.000000s ]
INFO: [ app_init ] --END-- [ RunTime:0.001000s ]
INFO: [ app_begin ] --START--
INFO: Run Behavior\ReadHtmlCacheBehavior [ RunTime:0.002000s ]
INFO: [ app_begin ] --END-- [ RunTime:0.002000s ]
NOTIC: [8192] mysql_connect(): The mysql extension is deprecated and will be removed in the future: use mysqli or PDO instead D:\xampp\htdocs\Jzc\ThinkPHP\Library\Think\Db\Driver\Mysql.class.php 第 52 行.
SQL: SHOW COLUMNS FROM `yaj_user` [ RunTime:0.005000s ]
SQL: SELECT * FROM `yaj_user` WHERE `phoneNum` = '17600026193' LIMIT 1   [ RunTime:0.005000s ]
SQL: SHOW COLUMNS FROM `yaj_code` [ RunTime:0.004000s ]
SQL: DELETE FROM `yaj_code` WHERE `phoneNum` = '17600026193' [ RunTime:0.006000s ]
NOTIC: [2] include(MessageSend.class.php): failed to open stream: No such file or directory D:\xampp\htdocs\Jzc\Application\Home\Controller\LoginController.class.php 第 43 行.
NOTIC: [2] include(): Failed opening 'MessageSend.class.php' for inclusion (include_path='.;D:\xampp\php\PEAR') D:\xampp\htdocs\Jzc\Application\Home\Controller\LoginController.class.php 第 43 行.
SQL: SELECT * FROM `yaj_code` WHERE `phoneNum` = '17600026193'  [ RunTime:0.007000s ]
SQL: INSERT INTO `yaj_code` (`phoneNum`,`code`) VALUES ('17600026193','111111') [ RunTime:0.015000s ]
INFO: [ app_end ] --START--
INFO: Run Behavior\ShowPageTraceBehavior [ RunTime:0.000000s ]
INFO: [ app_end ] --END-- [ RunTime:0.000000s ]

[ 2017-10-31T15:59:48+08:00 ] 192.168.31.96 /Jzc/index.php/home/login/must_info
INFO: [ app_init ] --START--
INFO: Run Behavior\BuildLiteBehavior [ RunTime:0.000000s ]
INFO: [ app_init ] --END-- [ RunTime:0.001000s ]
INFO: [ app_begin ] --START--
INFO: Run Behavior\ReadHtmlCacheBehavior [ RunTime:0.001000s ]
INFO: [ app_begin ] --END-- [ RunTime:0.001000s ]
NOTIC: [8192] mysql_connect(): The mysql extension is deprecated and will be removed in the future: use mysqli or PDO instead D:\xampp\htdocs\Jzc\ThinkPHP\Library\Think\Db\Driver\Mysql.class.php 第 52 行.
SQL: SHOW COLUMNS FROM `yaj_user` [ RunTime:0.007000s ]
SQL: SELECT `id` FROM `yaj_user` WHERE `phoneNum` = '17600026193' LIMIT 1   [ RunTime:0.008000s ]
NOTIC: [2] call_user_func() expects parameter 1 to be a valid callback, no array or string given D:\xampp\htdocs\Jzc\ThinkPHP\Library\Think\Upload.class.php 第 170 行.
SQL: INSERT INTO `yaj_user` (`userpic`,`username`,`phoneNum`,`type`,`registertime`) VALUES ('/2017-10-31/59f82d742ee00.jpg','qqq','17600026193',5,1509436788) [ RunTime:0.018000s ]
INFO: [ app_end ] --START--
INFO: Run Behavior\ShowPageTraceBehavior [ RunTime:0.001000s ]
INFO: [ app_end ] --END-- [ RunTime:0.001000s ]

[ 2017-10-31T16:00:26+08:00 ] 192.168.31.96 /Jzc/index.php/home/Login/area
INFO: [ app_init ] --START--
INFO: Run Behavior\BuildLiteBehavior [ RunTime:0.000000s ]
INFO: [ app_init ] --END-- [ RunTime:0.001000s ]
INFO: [ app_begin ] --START--
INFO: Run Behavior\ReadHtmlCacheBehavior [ RunTime:0.001000s ]
INFO: [ app_begin ] --END-- [ RunTime:0.001000s ]
NOTIC: [8] Undefined index: newstNum D:\xampp\htdocs\Jzc\Application\Home\Controller\LoginController.class.php 第 483 行.
NOTIC: [8192] mysql_connect(): The mysql extension is deprecated and will be removed in the future: use mysqli or PDO instead D:\xampp\htdocs\Jzc\ThinkPHP\Library\Think\Db\Driver\Mysql.class.php 第 52 行.
SQL: SHOW COLUMNS FROM `yaj_area` [ RunTime:0.005000s ]
SQL: SELECT * FROM `yaj_area`  [ RunTime:0.030000s ]
INFO: [ app_end ] --START--
INFO: Run Behavior\ShowPageTraceBehavior [ RunTime:0.000000s ]
INFO: [ app_end ] --END-- [ RunTime:0.000000s ]

[ 2017-10-31T16:00:53+08:00 ] 192.168.31.96 /Jzc/index.php/home/login/getcode
INFO: [ app_init ] --START--
INFO: Run Behavior\BuildLiteBehavior [ RunTime:0.000000s ]
INFO: [ app_init ] --END-- [ RunTime:0.001000s ]
INFO: [ app_begin ] --START--
INFO: Run Behavior\ReadHtmlCacheBehavior [ RunTime:0.002000s ]
INFO: [ app_begin ] --END-- [ RunTime:0.002000s ]
NOTIC: [8192] mysql_connect(): The mysql extension is deprecated and will be removed in the future: use mysqli or PDO instead D:\xampp\htdocs\Jzc\ThinkPHP\Library\Think\Db\Driver\Mysql.class.php 第 52 行.
SQL: SHOW COLUMNS FROM `yaj_user` [ RunTime:0.007000s ]
SQL: SELECT * FROM `yaj_user` WHERE `phoneNum` = '17600026193' LIMIT 1   [ RunTime:0.013000s ]

[ 2017-10-31T16:00:58+08:00 ] 192.168.31.96 /Jzc/index.php/home/login/getcode
INFO: [ app_init ] --START--
INFO: Run Behavior\BuildLiteBehavior [ RunTime:0.000000s ]
INFO: [ app_init ] --END-- [ RunTime:0.000000s ]
INFO: [ app_begin ] --START--
INFO: Run Behavior\ReadHtmlCacheBehavior [ RunTime:0.000000s ]
INFO: [ app_begin ] --END-- [ RunTime:0.000000s ]
NOTIC: [8192] mysql_connect(): The mysql extension is deprecated and will be removed in the future: use mysqli or PDO instead D:\xampp\htdocs\Jzc\ThinkPHP\Library\Think\Db\Driver\Mysql.class.php 第 52 行.
SQL: SHOW COLUMNS FROM `yaj_user` [ RunTime:0.007000s ]
SQL: SELECT * FROM `yaj_user` WHERE `phoneNum` = '17600026194' LIMIT 1   [ RunTime:0.006000s ]
SQL: SHOW COLUMNS FROM `yaj_code` [ RunTime:0.016000s ]
SQL: DELETE FROM `yaj_code` WHERE `phoneNum` = '17600026194' [ RunTime:0.013000s ]
NOTIC: [2] include(MessageSend.class.php): failed to open stream: No such file or directory D:\xampp\htdocs\Jzc\Application\Home\Controller\LoginController.class.php 第 43 行.
NOTIC: [2] include(): Failed opening 'MessageSend.class.php' for inclusion (include_path='.;D:\xampp\php\PEAR') D:\xampp\htdocs\Jzc\Application\Home\Controller\LoginController.class.php 第 43 行.
SQL: SELECT * FROM `yaj_code` WHERE `phoneNum` = '17600026194'  [ RunTime:0.013000s ]
SQL: INSERT INTO `yaj_code` (`phoneNum`,`code`) VALUES ('17600026194','111111') [ RunTime:0.017000s ]
INFO: [ app_end ] --START--
INFO: Run Behavior\ShowPageTraceBehavior [ RunTime:0.000000s ]
INFO: [ app_end ] --END-- [ RunTime:0.000000s ]

[ 2017-10-31T16:01:04+08:00 ] 192.168.31.96 /Jzc/index.php/home/login/must_info
INFO: [ app_init ] --START--
INFO: Run Behavior\BuildLiteBehavior [ RunTime:0.000000s ]
INFO: [ app_init ] --END-- [ RunTime:0.000000s ]
INFO: [ app_begin ] --START--
INFO: Run Behavior\ReadHtmlCacheBehavior [ RunTime:0.001000s ]
INFO: [ app_begin ] --END-- [ RunTime:0.001000s ]
NOTIC: [8192] mysql_connect(): The mysql extension is deprecated and will be removed in the future: use mysqli or PDO instead D:\xampp\htdocs\Jzc\ThinkPHP\Library\Think\Db\Driver\Mysql.class.php 第 52 行.
SQL: SHOW COLUMNS FROM `yaj_user` [ RunTime:0.007000s ]
SQL: SELECT `id` FROM `yaj_user` WHERE `phoneNum` = '17600026194' LIMIT 1   [ RunTime:0.006000s ]
NOTIC: [2] call_user_func() expects parameter 1 to be a valid callback, no array or string given D:\xampp\htdocs\Jzc\ThinkPHP\Library\Think\Upload.class.php 第 170 行.
SQL: INSERT INTO `yaj_user` (`userpic`,`username`,`phoneNum`,`type`,`registertime`) VALUES ('/2017-10-31/59f82dc04b708.jpg','qqq','17600026194',5,1509436864) [ RunTime:0.016000s ]
INFO: [ app_end ] --START--
INFO: Run Behavior\ShowPageTraceBehavior [ RunTime:0.000000s ]
INFO: [ app_end ] --END-- [ RunTime:0.000000s ]

[ 2017-10-31T16:08:42+08:00 ] 192.168.31.96 /Jzc/index.php/home/Login/area
INFO: [ app_init ] --START--
INFO: Run Behavior\BuildLiteBehavior [ RunTime:0.000000s ]
INFO: [ app_init ] --END-- [ RunTime:0.001000s ]
INFO: [ app_begin ] --START--
INFO: Run Behavior\ReadHtmlCacheBehavior [ RunTime:0.002000s ]
INFO: [ app_begin ] --END-- [ RunTime:0.002000s ]
NOTIC: [8] Undefined index: newstNum D:\xampp\htdocs\Jzc\Application\Home\Controller\LoginController.class.php 第 483 行.
NOTIC: [8192] mysql_connect(): The mysql extension is deprecated and will be removed in the future: use mysqli or PDO instead D:\xampp\htdocs\Jzc\ThinkPHP\Library\Think\Db\Driver\Mysql.class.php 第 52 行.
SQL: SHOW COLUMNS FROM `yaj_area` [ RunTime:0.006000s ]
SQL: SELECT * FROM `yaj_area`  [ RunTime:0.022000s ]
INFO: [ app_end ] --START--
INFO: Run Behavior\ShowPageTraceBehavior [ RunTime:0.001000s ]
INFO: [ app_end ] --END-- [ RunTime:0.001000s ]

[ 2017-10-31T16:09:07+08:00 ] 192.168.31.96 /Jzc/index.php/home/login/getcode
INFO: [ app_init ] --START--
INFO: Run Behavior\BuildLiteBehavior [ RunTime:0.000000s ]
INFO: [ app_init ] --END-- [ RunTime:0.001000s ]
INFO: [ app_begin ] --START--
INFO: Run Behavior\ReadHtmlCacheBehavior [ RunTime:0.002000s ]
INFO: [ app_begin ] --END-- [ RunTime:0.002000s ]
NOTIC: [8192] mysql_connect(): The mysql extension is deprecated and will be removed in the future: use mysqli or PDO instead D:\xampp\htdocs\Jzc\ThinkPHP\Library\Think\Db\Driver\Mysql.class.php 第 52 行.
SQL: SHOW COLUMNS FROM `yaj_user` [ RunTime:0.007000s ]
SQL: SELECT * FROM `yaj_user` WHERE `phoneNum` = '18700536751' LIMIT 1   [ RunTime:0.007000s ]

[ 2017-10-31T16:09:13+08:00 ] 192.168.31.96 /Jzc/index.php/home/login/getcode
INFO: [ app_init ] --START--
INFO: Run Behavior\BuildLiteBehavior [ RunTime:0.000000s ]
INFO: [ app_init ] --END-- [ RunTime:0.001000s ]
INFO: [ app_begin ] --START--
INFO: Run Behavior\ReadHtmlCacheBehavior [ RunTime:0.001000s ]
INFO: [ app_begin ] --END-- [ RunTime:0.001000s ]
NOTIC: [8192] mysql_connect(): The mysql extension is deprecated and will be removed in the future: use mysqli or PDO instead D:\xampp\htdocs\Jzc\ThinkPHP\Library\Think\Db\Driver\Mysql.class.php 第 52 行.
SQL: SHOW COLUMNS FROM `yaj_user` [ RunTime:0.005000s ]
SQL: SELECT * FROM `yaj_user` WHERE `phoneNum` = '18700536752' LIMIT 1   [ RunTime:0.015000s ]
SQL: SHOW COLUMNS FROM `yaj_code` [ RunTime:0.004000s ]
SQL: DELETE FROM `yaj_code` WHERE `phoneNum` = '18700536752' [ RunTime:0.004000s ]
NOTIC: [2] include(MessageSend.class.php): failed to open stream: No such file or directory D:\xampp\htdocs\Jzc\Application\Home\Controller\LoginController.class.php 第 43 行.
NOTIC: [2] include(): Failed opening 'MessageSend.class.php' for inclusion (include_path='.;D:\xampp\php\PEAR') D:\xampp\htdocs\Jzc\Application\Home\Controller\LoginController.class.php 第 43 行.
SQL: SELECT * FROM `yaj_code` WHERE `phoneNum` = '18700536752'  [ RunTime:0.005000s ]
SQL: INSERT INTO `yaj_code` (`phoneNum`,`code`) VALUES ('18700536752','111111') [ RunTime:0.016000s ]
INFO: [ app_end ] --START--
INFO: Run Behavior\ShowPageTraceBehavior [ RunTime:0.001000s ]
INFO: [ app_end ] --END-- [ RunTime:0.001000s ]

[ 2017-10-31T16:09:21+08:00 ] 192.168.31.96 /Jzc/index.php/home/login/must_info
INFO: [ app_init ] --START--
INFO: Run Behavior\BuildLiteBehavior [ RunTime:0.000000s ]
INFO: [ app_init ] --END-- [ RunTime:0.001000s ]
INFO: [ app_begin ] --START--
INFO: Run Behavior\ReadHtmlCacheBehavior [ RunTime:0.001000s ]
INFO: [ app_begin ] --END-- [ RunTime:0.001000s ]
NOTIC: [8192] mysql_connect(): The mysql extension is deprecated and will be removed in the future: use mysqli or PDO instead D:\xampp\htdocs\Jzc\ThinkPHP\Library\Think\Db\Driver\Mysql.class.php 第 52 行.
SQL: SHOW COLUMNS FROM `yaj_user` [ RunTime:0.006000s ]
SQL: SELECT `id` FROM `yaj_user` WHERE `phoneNum` = '18700536752' LIMIT 1   [ RunTime:0.005000s ]
NOTIC: [2] call_user_func() expects parameter 1 to be a valid callback, no array or string given D:\xampp\htdocs\Jzc\ThinkPHP\Library\Think\Upload.class.php 第 170 行.
SQL: INSERT INTO `yaj_user` (`userpic`,`username`,`phoneNum`,`type`,`registertime`) VALUES ('/2017-10-31/59f82fb152c38.jpg','qqq','18700536752',5,1509437361) [ RunTime:0.019000s ]
INFO: [ app_end ] --START--
INFO: Run Behavior\ShowPageTraceBehavior [ RunTime:0.000000s ]
INFO: [ app_end ] --END-- [ RunTime:0.000000s ]

[ 2017-10-31T16:12:45+08:00 ] 192.168.31.96 /Jzc/index.php/home/Login/area
INFO: [ app_init ] --START--
INFO: Run Behavior\BuildLiteBehavior [ RunTime:0.000000s ]
INFO: [ app_init ] --END-- [ RunTime:0.000000s ]
INFO: [ app_begin ] --START--
INFO: Run Behavior\ReadHtmlCacheBehavior [ RunTime:0.000000s ]
INFO: [ app_begin ] --END-- [ RunTime:0.000000s ]
NOTIC: [8] Undefined index: newstNum D:\xampp\htdocs\Jzc\Application\Home\Controller\LoginController.class.php 第 483 行.
NOTIC: [8192] mysql_connect(): The mysql extension is deprecated and will be removed in the future: use mysqli or PDO instead D:\xampp\htdocs\Jzc\ThinkPHP\Library\Think\Db\Driver\Mysql.class.php 第 52 行.
SQL: SHOW COLUMNS FROM `yaj_area` [ RunTime:0.015000s ]
SQL: SELECT * FROM `yaj_area`  [ RunTime:0.024000s ]
INFO: [ app_end ] --START--
INFO: Run Behavior\ShowPageTraceBehavior [ RunTime:0.000000s ]
INFO: [ app_end ] --END-- [ RunTime:0.000000s ]

[ 2017-10-31T16:14:05+08:00 ] 192.168.31.96 /Jzc/index.php/home/Login/area
INFO: [ app_init ] --START--
INFO: Run Behavior\BuildLiteBehavior [ RunTime:0.000000s ]
INFO: [ app_init ] --END-- [ RunTime:0.001000s ]
INFO: [ app_begin ] --START--
INFO: Run Behavior\ReadHtmlCacheBehavior [ RunTime:0.001000s ]
INFO: [ app_begin ] --END-- [ RunTime:0.001000s ]
NOTIC: [8] Undefined index: newstNum D:\xampp\htdocs\Jzc\Application\Home\Controller\LoginController.class.php 第 483 行.
NOTIC: [8192] mysql_connect(): The mysql extension is deprecated and will be removed in the future: use mysqli or PDO instead D:\xampp\htdocs\Jzc\ThinkPHP\Library\Think\Db\Driver\Mysql.class.php 第 52 行.
SQL: SHOW COLUMNS FROM `yaj_area` [ RunTime:0.015000s ]
SQL: SELECT * FROM `yaj_area`  [ RunTime:0.049000s ]
INFO: [ app_end ] --START--
INFO: Run Behavior\ShowPageTraceBehavior [ RunTime:0.001000s ]
INFO: [ app_end ] --END-- [ RunTime:0.001000s ]

[ 2017-10-31T16:14:29+08:00 ] 192.168.31.96 /Jzc/index.php/home/login/getcode
INFO: [ app_init ] --START--
INFO: Run Behavior\BuildLiteBehavior [ RunTime:0.001000s ]
INFO: [ app_init ] --END-- [ RunTime:0.001000s ]
INFO: [ app_begin ] --START--
INFO: Run Behavior\ReadHtmlCacheBehavior [ RunTime:0.001000s ]
INFO: [ app_begin ] --END-- [ RunTime:0.001000s ]
NOTIC: [8192] mysql_connect(): The mysql extension is deprecated and will be removed in the future: use mysqli or PDO instead D:\xampp\htdocs\Jzc\ThinkPHP\Library\Think\Db\Driver\Mysql.class.php 第 52 行.
SQL: SHOW COLUMNS FROM `yaj_user` [ RunTime:0.007000s ]
SQL: SELECT * FROM `yaj_user` WHERE `phoneNum` = '15501154288' LIMIT 1   [ RunTime:0.014000s ]
SQL: SHOW COLUMNS FROM `yaj_code` [ RunTime:0.015000s ]
SQL: DELETE FROM `yaj_code` WHERE `phoneNum` = '15501154288' [ RunTime:0.008000s ]
NOTIC: [2] include(MessageSend.class.php): failed to open stream: No such file or directory D:\xampp\htdocs\Jzc\Application\Home\Controller\LoginController.class.php 第 43 行.
NOTIC: [2] include(): Failed opening 'MessageSend.class.php' for inclusion (include_path='.;D:\xampp\php\PEAR') D:\xampp\htdocs\Jzc\Application\Home\Controller\LoginController.class.php 第 43 行.
SQL: SELECT * FROM `yaj_code` WHERE `phoneNum` = '15501154288'  [ RunTime:0.005000s ]
SQL: INSERT INTO `yaj_code` (`phoneNum`,`code`) VALUES ('15501154288','111111') [ RunTime:0.017000s ]
INFO: [ app_end ] --START--
INFO: Run Behavior\ShowPageTraceBehavior [ RunTime:0.001000s ]
INFO: [ app_end ] --END-- [ RunTime:0.001000s ]

[ 2017-10-31T16:14:34+08:00 ] 192.168.31.96 /Jzc/index.php/home/login/must_info
INFO: [ app_init ] --START--
INFO: Run Behavior\BuildLiteBehavior [ RunTime:0.000000s ]
INFO: [ app_init ] --END-- [ RunTime:0.001000s ]
INFO: [ app_begin ] --START--
INFO: Run Behavior\ReadHtmlCacheBehavior [ RunTime:0.001000s ]
INFO: [ app_begin ] --END-- [ RunTime:0.002000s ]
NOTIC: [8192] mysql_connect(): The mysql extension is deprecated and will be removed in the future: use mysqli or PDO instead D:\xampp\htdocs\Jzc\ThinkPHP\Library\Think\Db\Driver\Mysql.class.php 第 52 行.
SQL: SHOW COLUMNS FROM `yaj_user` [ RunTime:0.007000s ]
SQL: SELECT `id` FROM `yaj_user` WHERE `phoneNum` = '15501154288' LIMIT 1   [ RunTime:0.007000s ]
SQL: INSERT INTO `yaj_user` (`userpic`,`username`,`phoneNum`,`type`,`registertime`) VALUES ('','wqq','15501154288',6,1509437674) [ RunTime:0.018000s ]
INFO: [ app_end ] --START--
INFO: Run Behavior\ShowPageTraceBehavior [ RunTime:0.001000s ]
INFO: [ app_end ] --END-- [ RunTime:0.001000s ]

[ 2017-10-31T16:15:50+08:00 ] 192.168.31.96 /Jzc/index.php/home/Login/area
INFO: [ app_init ] --START--
INFO: Run Behavior\BuildLiteBehavior [ RunTime:0.000000s ]
INFO: [ app_init ] --END-- [ RunTime:0.001000s ]
INFO: [ app_begin ] --START--
INFO: Run Behavior\ReadHtmlCacheBehavior [ RunTime:0.001000s ]
INFO: [ app_begin ] --END-- [ RunTime:0.001000s ]
NOTIC: [8] Undefined index: newstNum D:\xampp\htdocs\Jzc\Application\Home\Controller\LoginController.class.php 第 483 行.
NOTIC: [8192] mysql_connect(): The mysql extension is deprecated and will be removed in the future: use mysqli or PDO instead D:\xampp\htdocs\Jzc\ThinkPHP\Library\Think\Db\Driver\Mysql.class.php 第 52 行.
SQL: SHOW COLUMNS FROM `yaj_area` [ RunTime:0.005000s ]
SQL: SELECT * FROM `yaj_area`  [ RunTime:0.026000s ]
INFO: [ app_end ] --START--
INFO: Run Behavior\ShowPageTraceBehavior [ RunTime:0.001000s ]
INFO: [ app_end ] --END-- [ RunTime:0.001000s ]

[ 2017-10-31T16:16:09+08:00 ] 192.168.31.96 /Jzc/index.php/home/login/getcode
INFO: [ app_init ] --START--
INFO: Run Behavior\BuildLiteBehavior [ RunTime:0.000000s ]
INFO: [ app_init ] --END-- [ RunTime:0.001000s ]
INFO: [ app_begin ] --START--
INFO: Run Behavior\ReadHtmlCacheBehavior [ RunTime:0.001000s ]
INFO: [ app_begin ] --END-- [ RunTime:0.001000s ]
NOTIC: [8192] mysql_connect(): The mysql extension is deprecated and will be removed in the future: use mysqli or PDO instead D:\xampp\htdocs\Jzc\ThinkPHP\Library\Think\Db\Driver\Mysql.class.php 第 52 行.
SQL: SHOW COLUMNS FROM `yaj_user` [ RunTime:0.008000s ]
SQL: SELECT * FROM `yaj_user` WHERE `phoneNum` = '18855523333' LIMIT 1   [ RunTime:0.023000s ]
SQL: SHOW COLUMNS FROM `yaj_code` [ RunTime:0.003000s ]
SQL: DELETE FROM `yaj_code` WHERE `phoneNum` = '18855523333' [ RunTime:0.012000s ]
NOTIC: [2] include(MessageSend.class.php): failed to open stream: No such file or directory D:\xampp\htdocs\Jzc\Application\Home\Controller\LoginController.class.php 第 43 行.
NOTIC: [2] include(): Failed opening 'MessageSend.class.php' for inclusion (include_path='.;D:\xampp\php\PEAR') D:\xampp\htdocs\Jzc\Application\Home\Controller\LoginController.class.php 第 43 行.
SQL: SELECT * FROM `yaj_code` WHERE `phoneNum` = '18855523333'  [ RunTime:0.004000s ]
SQL: INSERT INTO `yaj_code` (`phoneNum`,`code`) VALUES ('18855523333','111111') [ RunTime:0.009000s ]
INFO: [ app_end ] --START--
INFO: Run Behavior\ShowPageTraceBehavior [ RunTime:0.001000s ]
INFO: [ app_end ] --END-- [ RunTime:0.001000s ]

[ 2017-10-31T16:16:17+08:00 ] 192.168.31.96 /Jzc/index.php/home/login/must_info
INFO: [ app_init ] --START--
INFO: Run Behavior\BuildLiteBehavior [ RunTime:0.000000s ]
INFO: [ app_init ] --END-- [ RunTime:0.001000s ]
INFO: [ app_begin ] --START--
INFO: Run Behavior\ReadHtmlCacheBehavior [ RunTime:0.001000s ]
INFO: [ app_begin ] --END-- [ RunTime:0.001000s ]
NOTIC: [8192] mysql_connect(): The mysql extension is deprecated and will be removed in the future: use mysqli or PDO instead D:\xampp\htdocs\Jzc\ThinkPHP\Library\Think\Db\Driver\Mysql.class.php 第 52 行.
NOTIC: [2] mysql_connect():  D:\xampp\htdocs\Jzc\ThinkPHP\Library\Think\Db\Driver\Mysql.class.php 第 52 行.
ERR: ӷһʱûȷ𸴻ӵûзӦӳʧܡ


[ 2017-10-31T16:19:04+08:00 ] 192.168.31.96 /Jzc/index.php/home/Login/area
INFO: [ app_init ] --START--
INFO: Run Behavior\BuildLiteBehavior [ RunTime:0.000000s ]
INFO: [ app_init ] --END-- [ RunTime:0.000000s ]
INFO: [ app_begin ] --START--
INFO: Run Behavior\ReadHtmlCacheBehavior [ RunTime:0.001000s ]
INFO: [ app_begin ] --END-- [ RunTime:0.001000s ]
NOTIC: [8] Undefined index: newstNum D:\xampp\htdocs\Jzc\Application\Home\Controller\LoginController.class.php 第 483 行.
NOTIC: [8192] mysql_connect(): The mysql extension is deprecated and will be removed in the future: use mysqli or PDO instead D:\xampp\htdocs\Jzc\ThinkPHP\Library\Think\Db\Driver\Mysql.class.php 第 52 行.
SQL: SHOW COLUMNS FROM `yaj_area` [ RunTime:0.006000s ]
SQL: SELECT * FROM `yaj_area`  [ RunTime:0.042000s ]
INFO: [ app_end ] --START--
INFO: Run Behavior\ShowPageTraceBehavior [ RunTime:0.001000s ]
INFO: [ app_end ] --END-- [ RunTime:0.001000s ]

[ 2017-10-31T16:19:48+08:00 ] 192.168.31.96 /Jzc/index.php/home/login/getcode
INFO: [ app_init ] --START--
INFO: Run Behavior\BuildLiteBehavior [ RunTime:0.000000s ]
INFO: [ app_init ] --END-- [ RunTime:0.000000s ]
INFO: [ app_begin ] --START--
INFO: Run Behavior\ReadHtmlCacheBehavior [ RunTime:0.001000s ]
INFO: [ app_begin ] --END-- [ RunTime:0.001000s ]
NOTIC: [8192] mysql_connect(): The mysql extension is deprecated and will be removed in the future: use mysqli or PDO instead D:\xampp\htdocs\Jzc\ThinkPHP\Library\Think\Db\Driver\Mysql.class.php 第 52 行.
SQL: SHOW COLUMNS FROM `yaj_user` [ RunTime:0.005000s ]
SQL: SELECT * FROM `yaj_user` WHERE `phoneNum` = '18888888885' LIMIT 1   [ RunTime:0.006000s ]
SQL: SHOW COLUMNS FROM `yaj_code` [ RunTime:0.004000s ]
SQL: DELETE FROM `yaj_code` WHERE `phoneNum` = '18888888885' [ RunTime:0.004000s ]
NOTIC: [2] include(MessageSend.class.php): failed to open stream: No such file or directory D:\xampp\htdocs\Jzc\Application\Home\Controller\LoginController.class.php 第 43 行.
NOTIC: [2] include(): Failed opening 'MessageSend.class.php' for inclusion (include_path='.;D:\xampp\php\PEAR') D:\xampp\htdocs\Jzc\Application\Home\Controller\LoginController.class.php 第 43 行.
SQL: SELECT * FROM `yaj_code` WHERE `phoneNum` = '18888888885'  [ RunTime:0.005000s ]
SQL: INSERT INTO `yaj_code` (`phoneNum`,`code`) VALUES ('18888888885','111111') [ RunTime:0.035000s ]
INFO: [ app_end ] --START--
INFO: Run Behavior\ShowPageTraceBehavior [ RunTime:0.001000s ]
INFO: [ app_end ] --END-- [ RunTime:0.001000s ]

[ 2017-10-31T16:19:52+08:00 ] 192.168.31.96 /Jzc/index.php/home/login/must_info
INFO: [ app_init ] --START--
INFO: Run Behavior\BuildLiteBehavior [ RunTime:0.000000s ]
INFO: [ app_init ] --END-- [ RunTime:0.000000s ]
INFO: [ app_begin ] --START--
INFO: Run Behavior\ReadHtmlCacheBehavior [ RunTime:0.001000s ]
INFO: [ app_begin ] --END-- [ RunTime:0.001000s ]
NOTIC: [8192] mysql_connect(): The mysql extension is deprecated and will be removed in the future: use mysqli or PDO instead D:\xampp\htdocs\Jzc\ThinkPHP\Library\Think\Db\Driver\Mysql.class.php 第 52 行.
SQL: SHOW COLUMNS FROM `yaj_user` [ RunTime:0.008000s ]
SQL: SELECT `id` FROM `yaj_user` WHERE `phoneNum` = '18888888885' LIMIT 1   [ RunTime:0.006000s ]
NOTIC: [2] call_user_func() expects parameter 1 to be a valid callback, no array or string given D:\xampp\htdocs\Jzc\ThinkPHP\Library\Think\Upload.class.php 第 170 行.
SQL: INSERT INTO `yaj_user` (`userpic`,`username`,`phoneNum`,`type`,`registertime`) VALUES ('/2017-10-31/59f83228c5440.jpg','eee','18888888885',5,1509437992) [ RunTime:0.017000s ]
INFO: [ app_end ] --START--
INFO: Run Behavior\ShowPageTraceBehavior [ RunTime:0.001000s ]
INFO: [ app_end ] --END-- [ RunTime:0.001000s ]

[ 2017-10-31T16:27:09+08:00 ] 192.168.31.96 /Jzc/index.php/home/Login/area
INFO: [ app_init ] --START--
INFO: Run Behavior\BuildLiteBehavior [ RunTime:0.000000s ]
INFO: [ app_init ] --END-- [ RunTime:0.001000s ]
INFO: [ app_begin ] --START--
INFO: Run Behavior\ReadHtmlCacheBehavior [ RunTime:0.001000s ]
INFO: [ app_begin ] --END-- [ RunTime:0.001000s ]
NOTIC: [8] Undefined index: newstNum D:\xampp\htdocs\Jzc\Application\Home\Controller\LoginController.class.php 第 483 行.
NOTIC: [8192] mysql_connect(): The mysql extension is deprecated and will be removed in the future: use mysqli or PDO instead D:\xampp\htdocs\Jzc\ThinkPHP\Library\Think\Db\Driver\Mysql.class.php 第 52 行.
SQL: SHOW COLUMNS FROM `yaj_area` [ RunTime:0.005000s ]
SQL: SELECT * FROM `yaj_area`  [ RunTime:0.028000s ]
INFO: [ app_end ] --START--
INFO: Run Behavior\ShowPageTraceBehavior [ RunTime:0.000000s ]
INFO: [ app_end ] --END-- [ RunTime:0.000000s ]

[ 2017-10-31T16:27:29+08:00 ] 192.168.31.96 /Jzc/index.php/home/login/getcode
INFO: [ app_init ] --START--
INFO: Run Behavior\BuildLiteBehavior [ RunTime:0.000000s ]
INFO: [ app_init ] --END-- [ RunTime:0.001000s ]
INFO: [ app_begin ] --START--
INFO: Run Behavior\ReadHtmlCacheBehavior [ RunTime:0.001000s ]
INFO: [ app_begin ] --END-- [ RunTime:0.001000s ]
NOTIC: [8192] mysql_connect(): The mysql extension is deprecated and will be removed in the future: use mysqli or PDO instead D:\xampp\htdocs\Jzc\ThinkPHP\Library\Think\Db\Driver\Mysql.class.php 第 52 行.
SQL: SHOW COLUMNS FROM `yaj_user` [ RunTime:0.006000s ]
SQL: SELECT * FROM `yaj_user` WHERE `phoneNum` = '15525525525' LIMIT 1   [ RunTime:0.009000s ]
SQL: SHOW COLUMNS FROM `yaj_code` [ RunTime:0.007000s ]
SQL: DELETE FROM `yaj_code` WHERE `phoneNum` = '15525525525' [ RunTime:0.008000s ]
NOTIC: [2] include(MessageSend.class.php): failed to open stream: No such file or directory D:\xampp\htdocs\Jzc\Application\Home\Controller\LoginController.class.php 第 43 行.
NOTIC: [2] include(): Failed opening 'MessageSend.class.php' for inclusion (include_path='.;D:\xampp\php\PEAR') D:\xampp\htdocs\Jzc\Application\Home\Controller\LoginController.class.php 第 43 行.
SQL: SELECT * FROM `yaj_code` WHERE `phoneNum` = '15525525525'  [ RunTime:0.006000s ]
SQL: INSERT INTO `yaj_code` (`phoneNum`,`code`) VALUES ('15525525525','111111') [ RunTime:0.022000s ]
INFO: [ app_end ] --START--
INFO: Run Behavior\ShowPageTraceBehavior [ RunTime:0.002000s ]
INFO: [ app_end ] --END-- [ RunTime:0.002000s ]

[ 2017-10-31T16:27:34+08:00 ] 192.168.31.96 /Jzc/index.php/home/login/must_info
INFO: [ app_init ] --START--
INFO: Run Behavior\BuildLiteBehavior [ RunTime:0.000000s ]
INFO: [ app_init ] --END-- [ RunTime:0.001000s ]
INFO: [ app_begin ] --START--
INFO: Run Behavior\ReadHtmlCacheBehavior [ RunTime:0.001000s ]
INFO: [ app_begin ] --END-- [ RunTime:0.002000s ]
NOTIC: [8192] mysql_connect(): The mysql extension is deprecated and will be removed in the future: use mysqli or PDO instead D:\xampp\htdocs\Jzc\ThinkPHP\Library\Think\Db\Driver\Mysql.class.php 第 52 行.
SQL: SHOW COLUMNS FROM `yaj_user` [ RunTime:0.009000s ]
SQL: SELECT `id` FROM `yaj_user` WHERE `phoneNum` = '15525525525' LIMIT 1   [ RunTime:0.006000s ]
SQL: INSERT INTO `yaj_user` (`userpic`,`username`,`phoneNum`,`type`,`registertime`) VALUES ('','qqq','15525525525',5,1509438454) [ RunTime:0.017000s ]
INFO: [ app_end ] --START--
INFO: Run Behavior\ShowPageTraceBehavior [ RunTime:0.001000s ]
INFO: [ app_end ] --END-- [ RunTime:0.001000s ]

[ 2017-10-31T16:30:25+08:00 ] 192.168.31.96 /Jzc/index.php/home/Login/area
INFO: [ app_init ] --START--
INFO: Run Behavior\BuildLiteBehavior [ RunTime:0.000000s ]
INFO: [ app_init ] --END-- [ RunTime:0.001000s ]
INFO: [ app_begin ] --START--
INFO: Run Behavior\ReadHtmlCacheBehavior [ RunTime:0.001000s ]
INFO: [ app_begin ] --END-- [ RunTime:0.001000s ]
NOTIC: [8] Undefined index: newstNum D:\xampp\htdocs\Jzc\Application\Home\Controller\LoginController.class.php 第 483 行.
NOTIC: [8192] mysql_connect(): The mysql extension is deprecated and will be removed in the future: use mysqli or PDO instead D:\xampp\htdocs\Jzc\ThinkPHP\Library\Think\Db\Driver\Mysql.class.php 第 52 行.
SQL: SHOW COLUMNS FROM `yaj_area` [ RunTime:0.014000s ]
SQL: SELECT * FROM `yaj_area`  [ RunTime:0.035000s ]
INFO: [ app_end ] --START--
INFO: Run Behavior\ShowPageTraceBehavior [ RunTime:0.001000s ]
INFO: [ app_end ] --END-- [ RunTime:0.001000s ]

[ 2017-10-31T16:30:45+08:00 ] 192.168.31.96 /Jzc/index.php/home/login/getcode
INFO: [ app_init ] --START--
INFO: Run Behavior\BuildLiteBehavior [ RunTime:0.000000s ]
INFO: [ app_init ] --END-- [ RunTime:0.000000s ]
INFO: [ app_begin ] --START--
INFO: Run Behavior\ReadHtmlCacheBehavior [ RunTime:0.001000s ]
INFO: [ app_begin ] --END-- [ RunTime:0.001000s ]
NOTIC: [8192] mysql_connect(): The mysql extension is deprecated and will be removed in the future: use mysqli or PDO instead D:\xampp\htdocs\Jzc\ThinkPHP\Library\Think\Db\Driver\Mysql.class.php 第 52 行.
SQL: SHOW COLUMNS FROM `yaj_user` [ RunTime:0.005000s ]
SQL: SELECT * FROM `yaj_user` WHERE `phoneNum` = '18555656556' LIMIT 1   [ RunTime:0.007000s ]
SQL: SHOW COLUMNS FROM `yaj_code` [ RunTime:0.005000s ]
SQL: DELETE FROM `yaj_code` WHERE `phoneNum` = '18555656556' [ RunTime:0.005000s ]
NOTIC: [2] include(MessageSend.class.php): failed to open stream: No such file or directory D:\xampp\htdocs\Jzc\Application\Home\Controller\LoginController.class.php 第 43 行.
NOTIC: [2] include(): Failed opening 'MessageSend.class.php' for inclusion (include_path='.;D:\xampp\php\PEAR') D:\xampp\htdocs\Jzc\Application\Home\Controller\LoginController.class.php 第 43 行.
SQL: SELECT * FROM `yaj_code` WHERE `phoneNum` = '18555656556'  [ RunTime:0.005000s ]
SQL: INSERT INTO `yaj_code` (`phoneNum`,`code`) VALUES ('18555656556','111111') [ RunTime:0.018000s ]
INFO: [ app_end ] --START--
INFO: Run Behavior\ShowPageTraceBehavior [ RunTime:0.001000s ]
INFO: [ app_end ] --END-- [ RunTime:0.001000s ]

[ 2017-10-31T16:30:52+08:00 ] 192.168.31.96 /Jzc/index.php/home/login/must_info
INFO: [ app_init ] --START--
INFO: Run Behavior\BuildLiteBehavior [ RunTime:0.000000s ]
INFO: [ app_init ] --END-- [ RunTime:0.000000s ]
INFO: [ app_begin ] --START--
INFO: Run Behavior\ReadHtmlCacheBehavior [ RunTime:0.001000s ]
INFO: [ app_begin ] --END-- [ RunTime:0.001000s ]
NOTIC: [8192] mysql_connect(): The mysql extension is deprecated and will be removed in the future: use mysqli or PDO instead D:\xampp\htdocs\Jzc\ThinkPHP\Library\Think\Db\Driver\Mysql.class.php 第 52 行.
SQL: SHOW COLUMNS FROM `yaj_user` [ RunTime:0.006000s ]
SQL: SELECT `id` FROM `yaj_user` WHERE `phoneNum` = '18555656556' LIMIT 1   [ RunTime:0.006000s ]
SQL: INSERT INTO `yaj_user` (`userpic`,`username`,`phoneNum`,`type`,`registertime`) VALUES ('','qqq','18555656556',5,1509438652) [ RunTime:0.017000s ]
INFO: [ app_end ] --START--
INFO: Run Behavior\ShowPageTraceBehavior [ RunTime:0.001000s ]
INFO: [ app_end ] --END-- [ RunTime:0.001000s ]

[ 2017-10-31T16:33:17+08:00 ] 192.168.31.96 /Jzc/index.php/home/Login/area
INFO: [ app_init ] --START--
INFO: Run Behavior\BuildLiteBehavior [ RunTime:0.000000s ]
INFO: [ app_init ] --END-- [ RunTime:0.001000s ]
INFO: [ app_begin ] --START--
INFO: Run Behavior\ReadHtmlCacheBehavior [ RunTime:0.000000s ]
INFO: [ app_begin ] --END-- [ RunTime:0.001000s ]
NOTIC: [8] Undefined index: newstNum D:\xampp\htdocs\Jzc\Application\Home\Controller\LoginController.class.php 第 483 行.
NOTIC: [8192] mysql_connect(): The mysql extension is deprecated and will be removed in the future: use mysqli or PDO instead D:\xampp\htdocs\Jzc\ThinkPHP\Library\Think\Db\Driver\Mysql.class.php 第 52 行.
SQL: SHOW COLUMNS FROM `yaj_area` [ RunTime:0.007000s ]
SQL: SELECT * FROM `yaj_area`  [ RunTime:0.030000s ]
INFO: [ app_end ] --START--
INFO: Run Behavior\ShowPageTraceBehavior [ RunTime:0.001000s ]
INFO: [ app_end ] --END-- [ RunTime:0.001000s ]

[ 2017-10-31T16:34:50+08:00 ] 192.168.31.96 /Jzc/index.php/home/Login/area
INFO: [ app_init ] --START--
INFO: Run Behavior\BuildLiteBehavior [ RunTime:0.000000s ]
INFO: [ app_init ] --END-- [ RunTime:0.001000s ]
INFO: [ app_begin ] --START--
INFO: Run Behavior\ReadHtmlCacheBehavior [ RunTime:0.001000s ]
INFO: [ app_begin ] --END-- [ RunTime:0.001000s ]
NOTIC: [8] Undefined index: newstNum D:\xampp\htdocs\Jzc\Application\Home\Controller\LoginController.class.php 第 483 行.
NOTIC: [8192] mysql_connect(): The mysql extension is deprecated and will be removed in the future: use mysqli or PDO instead D:\xampp\htdocs\Jzc\ThinkPHP\Library\Think\Db\Driver\Mysql.class.php 第 52 行.
SQL: SHOW COLUMNS FROM `yaj_area` [ RunTime:0.005000s ]
SQL: SELECT * FROM `yaj_area`  [ RunTime:0.039000s ]
INFO: [ app_end ] --START--
INFO: Run Behavior\ShowPageTraceBehavior [ RunTime:0.001000s ]
INFO: [ app_end ] --END-- [ RunTime:0.001000s ]

[ 2017-10-31T16:37:27+08:00 ] 192.168.31.96 /Jzc/index.php/home/Login/area
INFO: [ app_init ] --START--
INFO: Run Behavior\BuildLiteBehavior [ RunTime:0.000000s ]
INFO: [ app_init ] --END-- [ RunTime:0.000000s ]
INFO: [ app_begin ] --START--
INFO: Run Behavior\ReadHtmlCacheBehavior [ RunTime:0.001000s ]
INFO: [ app_begin ] --END-- [ RunTime:0.001000s ]
NOTIC: [8] Undefined index: newstNum D:\xampp\htdocs\Jzc\Application\Home\Controller\LoginController.class.php 第 483 行.
NOTIC: [8192] mysql_connect(): The mysql extension is deprecated and will be removed in the future: use mysqli or PDO instead D:\xampp\htdocs\Jzc\ThinkPHP\Library\Think\Db\Driver\Mysql.class.php 第 52 行.
SQL: SHOW COLUMNS FROM `yaj_area` [ RunTime:0.007000s ]
SQL: SELECT * FROM `yaj_area`  [ RunTime:0.026000s ]
INFO: [ app_end ] --START--
INFO: Run Behavior\ShowPageTraceBehavior [ RunTime:0.001000s ]
INFO: [ app_end ] --END-- [ RunTime:0.001000s ]

[ 2017-10-31T16:39:45+08:00 ] 192.168.31.96 /Jzc/index.php/home/login/getcode
INFO: [ app_init ] --START--
INFO: Run Behavior\BuildLiteBehavior [ RunTime:0.000000s ]
INFO: [ app_init ] --END-- [ RunTime:0.000000s ]
INFO: [ app_begin ] --START--
INFO: Run Behavior\ReadHtmlCacheBehavior [ RunTime:0.001000s ]
INFO: [ app_begin ] --END-- [ RunTime:0.001000s ]

[ 2017-10-31T16:43:14+08:00 ] 192.168.31.96 /Jzc/index.php/home/Login/area
INFO: [ app_init ] --START--
INFO: Run Behavior\BuildLiteBehavior [ RunTime:0.000000s ]
INFO: [ app_init ] --END-- [ RunTime:0.001000s ]
INFO: [ app_begin ] --START--
INFO: Run Behavior\ReadHtmlCacheBehavior [ RunTime:0.001000s ]
INFO: [ app_begin ] --END-- [ RunTime:0.001000s ]
NOTIC: [8] Undefined index: newstNum D:\xampp\htdocs\Jzc\Application\Home\Controller\LoginController.class.php 第 483 行.
NOTIC: [8192] mysql_connect(): The mysql extension is deprecated and will be removed in the future: use mysqli or PDO instead D:\xampp\htdocs\Jzc\ThinkPHP\Library\Think\Db\Driver\Mysql.class.php 第 52 行.
SQL: SHOW COLUMNS FROM `yaj_area` [ RunTime:0.008000s ]
SQL: SELECT * FROM `yaj_area`  [ RunTime:0.029000s ]
INFO: [ app_end ] --START--
INFO: Run Behavior\ShowPageTraceBehavior [ RunTime:0.001000s ]
INFO: [ app_end ] --END-- [ RunTime:0.002000s ]

[ 2017-10-31T16:45:46+08:00 ] 192.168.31.96 /Jzc/index.php/home/Login/area
INFO: [ app_init ] --START--
INFO: Run Behavior\BuildLiteBehavior [ RunTime:0.000000s ]
INFO: [ app_init ] --END-- [ RunTime:0.001000s ]
INFO: [ app_begin ] --START--
INFO: Run Behavior\ReadHtmlCacheBehavior [ RunTime:0.001000s ]
INFO: [ app_begin ] --END-- [ RunTime:0.001000s ]
NOTIC: [8] Undefined index: newstNum D:\xampp\htdocs\Jzc\Application\Home\Controller\LoginController.class.php 第 483 行.
NOTIC: [8192] mysql_connect(): The mysql extension is deprecated and will be removed in the future: use mysqli or PDO instead D:\xampp\htdocs\Jzc\ThinkPHP\Library\Think\Db\Driver\Mysql.class.php 第 52 行.
SQL: SHOW COLUMNS FROM `yaj_area` [ RunTime:0.006000s ]
SQL: SELECT * FROM `yaj_area`  [ RunTime:0.025000s ]
INFO: [ app_end ] --START--
INFO: Run Behavior\ShowPageTraceBehavior [ RunTime:0.001000s ]
INFO: [ app_end ] --END-- [ RunTime:0.001000s ]

[ 2017-10-31T16:46:54+08:00 ] 192.168.31.96 /Jzc/index.php/home/Login/area
INFO: [ app_init ] --START--
INFO: Run Behavior\BuildLiteBehavior [ RunTime:0.000000s ]
INFO: [ app_init ] --END-- [ RunTime:0.001000s ]
INFO: [ app_begin ] --START--
INFO: Run Behavior\ReadHtmlCacheBehavior [ RunTime:0.001000s ]
INFO: [ app_begin ] --END-- [ RunTime:0.001000s ]
NOTIC: [8] Undefined index: newstNum D:\xampp\htdocs\Jzc\Application\Home\Controller\LoginController.class.php 第 483 行.
NOTIC: [8192] mysql_connect(): The mysql extension is deprecated and will be removed in the future: use mysqli or PDO instead D:\xampp\htdocs\Jzc\ThinkPHP\Library\Think\Db\Driver\Mysql.class.php 第 52 行.
SQL: SHOW COLUMNS FROM `yaj_area` [ RunTime:0.006000s ]
SQL: SELECT * FROM `yaj_area`  [ RunTime:0.032000s ]
INFO: [ app_end ] --START--
INFO: Run Behavior\ShowPageTraceBehavior [ RunTime:0.000000s ]
INFO: [ app_end ] --END-- [ RunTime:0.000000s ]

[ 2017-10-31T16:47:55+08:00 ] 192.168.31.96 /Jzc/index.php/home/Login/area
INFO: [ app_init ] --START--
INFO: Run Behavior\BuildLiteBehavior [ RunTime:0.000000s ]
INFO: [ app_init ] --END-- [ RunTime:0.000000s ]
INFO: [ app_begin ] --START--
INFO: Run Behavior\ReadHtmlCacheBehavior [ RunTime:0.001000s ]
INFO: [ app_begin ] --END-- [ RunTime:0.001000s ]
NOTIC: [8] Undefined index: newstNum D:\xampp\htdocs\Jzc\Application\Home\Controller\LoginController.class.php 第 483 行.
NOTIC: [8192] mysql_connect(): The mysql extension is deprecated and will be removed in the future: use mysqli or PDO instead D:\xampp\htdocs\Jzc\ThinkPHP\Library\Think\Db\Driver\Mysql.class.php 第 52 行.
SQL: SHOW COLUMNS FROM `yaj_area` [ RunTime:0.006000s ]
SQL: SELECT * FROM `yaj_area`  [ RunTime:0.026000s ]
INFO: [ app_end ] --START--
INFO: Run Behavior\ShowPageTraceBehavior [ RunTime:0.001000s ]
INFO: [ app_end ] --END-- [ RunTime:0.001000s ]

[ 2017-10-31T16:48:44+08:00 ] 192.168.31.96 /Jzc/index.php/home/Login/area
INFO: [ app_init ] --START--
INFO: Run Behavior\BuildLiteBehavior [ RunTime:0.000000s ]
INFO: [ app_init ] --END-- [ RunTime:0.000000s ]
INFO: [ app_begin ] --START--
INFO: Run Behavior\ReadHtmlCacheBehavior [ RunTime:0.001000s ]
INFO: [ app_begin ] --END-- [ RunTime:0.001000s ]
NOTIC: [8] Undefined index: newstNum D:\xampp\htdocs\Jzc\Application\Home\Controller\LoginController.class.php 第 483 行.
NOTIC: [8192] mysql_connect(): The mysql extension is deprecated and will be removed in the future: use mysqli or PDO instead D:\xampp\htdocs\Jzc\ThinkPHP\Library\Think\Db\Driver\Mysql.class.php 第 52 行.
SQL: SHOW COLUMNS FROM `yaj_area` [ RunTime:0.005000s ]
SQL: SELECT * FROM `yaj_area`  [ RunTime:0.026000s ]
INFO: [ app_end ] --START--
INFO: Run Behavior\ShowPageTraceBehavior [ RunTime:0.000000s ]
INFO: [ app_end ] --END-- [ RunTime:0.000000s ]

[ 2017-10-31T16:50:23+08:00 ] 192.168.31.96 /Jzc/index.php/home/Login/area
INFO: [ app_init ] --START--
INFO: Run Behavior\BuildLiteBehavior [ RunTime:0.000000s ]
INFO: [ app_init ] --END-- [ RunTime:0.000000s ]
INFO: [ app_begin ] --START--
INFO: Run Behavior\ReadHtmlCacheBehavior [ RunTime:0.001000s ]
INFO: [ app_begin ] --END-- [ RunTime:0.001000s ]
NOTIC: [8] Undefined index: newstNum D:\xampp\htdocs\Jzc\Application\Home\Controller\LoginController.class.php 第 483 行.
NOTIC: [8192] mysql_connect(): The mysql extension is deprecated and will be removed in the future: use mysqli or PDO instead D:\xampp\htdocs\Jzc\ThinkPHP\Library\Think\Db\Driver\Mysql.class.php 第 52 行.
SQL: SHOW COLUMNS FROM `yaj_area` [ RunTime:0.008000s ]
SQL: SELECT * FROM `yaj_area`  [ RunTime:0.035000s ]
INFO: [ app_end ] --START--
INFO: Run Behavior\ShowPageTraceBehavior [ RunTime:0.001000s ]
INFO: [ app_end ] --END-- [ RunTime:0.001000s ]

[ 2017-10-31T16:53:00+08:00 ] 192.168.31.96 /Jzc/index.php/home/Login/area
INFO: [ app_init ] --START--
INFO: Run Behavior\BuildLiteBehavior [ RunTime:0.000000s ]
INFO: [ app_init ] --END-- [ RunTime:0.000000s ]
INFO: [ app_begin ] --START--
INFO: Run Behavior\ReadHtmlCacheBehavior [ RunTime:0.001000s ]
INFO: [ app_begin ] --END-- [ RunTime:0.001000s ]
NOTIC: [8] Undefined index: newstNum D:\xampp\htdocs\Jzc\Application\Home\Controller\LoginController.class.php 第 483 行.
NOTIC: [8192] mysql_connect(): The mysql extension is deprecated and will be removed in the future: use mysqli or PDO instead D:\xampp\htdocs\Jzc\ThinkPHP\Library\Think\Db\Driver\Mysql.class.php 第 52 行.
SQL: SHOW COLUMNS FROM `yaj_area` [ RunTime:0.011000s ]
SQL: SELECT * FROM `yaj_area`  [ RunTime:0.033000s ]
INFO: [ app_end ] --START--
INFO: Run Behavior\ShowPageTraceBehavior [ RunTime:0.001000s ]
INFO: [ app_end ] --END-- [ RunTime:0.001000s ]

[ 2017-10-31T16:57:22+08:00 ] 192.168.31.96 /Jzc/index.php/home/Login/area
INFO: [ app_init ] --START--
INFO: Run Behavior\BuildLiteBehavior [ RunTime:0.000000s ]
INFO: [ app_init ] --END-- [ RunTime:0.001000s ]
INFO: [ app_begin ] --START--
INFO: Run Behavior\ReadHtmlCacheBehavior [ RunTime:0.001000s ]
INFO: [ app_begin ] --END-- [ RunTime:0.001000s ]
NOTIC: [8] Undefined index: newstNum D:\xampp\htdocs\Jzc\Application\Home\Controller\LoginController.class.php 第 483 行.
NOTIC: [8192] mysql_connect(): The mysql extension is deprecated and will be removed in the future: use mysqli or PDO instead D:\xampp\htdocs\Jzc\ThinkPHP\Library\Think\Db\Driver\Mysql.class.php 第 52 行.
SQL: SHOW COLUMNS FROM `yaj_area` [ RunTime:0.005000s ]
SQL: SELECT * FROM `yaj_area`  [ RunTime:0.027000s ]
INFO: [ app_end ] --START--
INFO: Run Behavior\ShowPageTraceBehavior [ RunTime:0.001000s ]
INFO: [ app_end ] --END-- [ RunTime:0.001000s ]

[ 2017-10-31T16:58:40+08:00 ] 192.168.31.96 /Jzc/index.php/home/Login/area
INFO: [ app_init ] --START--
INFO: Run Behavior\BuildLiteBehavior [ RunTime:0.000000s ]
INFO: [ app_init ] --END-- [ RunTime:0.000000s ]
INFO: [ app_begin ] --START--
INFO: Run Behavior\ReadHtmlCacheBehavior [ RunTime:0.001000s ]
INFO: [ app_begin ] --END-- [ RunTime:0.002000s ]
NOTIC: [8] Undefined index: newstNum D:\xampp\htdocs\Jzc\Application\Home\Controller\LoginController.class.php 第 483 行.
NOTIC: [8192] mysql_connect(): The mysql extension is deprecated and will be removed in the future: use mysqli or PDO instead D:\xampp\htdocs\Jzc\ThinkPHP\Library\Think\Db\Driver\Mysql.class.php 第 52 行.
SQL: SHOW COLUMNS FROM `yaj_area` [ RunTime:0.005000s ]
SQL: SELECT * FROM `yaj_area`  [ RunTime:0.020000s ]
INFO: [ app_end ] --START--
INFO: Run Behavior\ShowPageTraceBehavior [ RunTime:0.001000s ]
INFO: [ app_end ] --END-- [ RunTime:0.001000s ]

[ 2017-10-31T17:00:09+08:00 ] 192.168.31.96 /Jzc/index.php/home/Login/area
INFO: [ app_init ] --START--
INFO: Run Behavior\BuildLiteBehavior [ RunTime:0.000000s ]
INFO: [ app_init ] --END-- [ RunTime:0.001000s ]
INFO: [ app_begin ] --START--
INFO: Run Behavior\ReadHtmlCacheBehavior [ RunTime:0.001000s ]
INFO: [ app_begin ] --END-- [ RunTime:0.001000s ]
NOTIC: [8] Undefined index: newstNum D:\xampp\htdocs\Jzc\Application\Home\Controller\LoginController.class.php 第 483 行.
NOTIC: [8192] mysql_connect(): The mysql extension is deprecated and will be removed in the future: use mysqli or PDO instead D:\xampp\htdocs\Jzc\ThinkPHP\Library\Think\Db\Driver\Mysql.class.php 第 52 行.
SQL: SHOW COLUMNS FROM `yaj_area` [ RunTime:0.008000s ]
SQL: SELECT * FROM `yaj_area`  [ RunTime:0.025000s ]
INFO: [ app_end ] --START--
INFO: Run Behavior\ShowPageTraceBehavior [ RunTime:0.001000s ]
INFO: [ app_end ] --END-- [ RunTime:0.001000s ]

[ 2017-10-31T17:02:14+08:00 ] 192.168.31.96 /Jzc/index.php/home/Login/area
INFO: [ app_init ] --START--
INFO: Run Behavior\BuildLiteBehavior [ RunTime:0.000000s ]
INFO: [ app_init ] --END-- [ RunTime:0.001000s ]
INFO: [ app_begin ] --START--
INFO: Run Behavior\ReadHtmlCacheBehavior [ RunTime:0.002000s ]
INFO: [ app_begin ] --END-- [ RunTime:0.002000s ]
NOTIC: [8] Undefined index: newstNum D:\xampp\htdocs\Jzc\Application\Home\Controller\LoginController.class.php 第 483 行.
NOTIC: [8192] mysql_connect(): The mysql extension is deprecated and will be removed in the future: use mysqli or PDO instead D:\xampp\htdocs\Jzc\ThinkPHP\Library\Think\Db\Driver\Mysql.class.php 第 52 行.
SQL: SHOW COLUMNS FROM `yaj_area` [ RunTime:0.005000s ]
SQL: SELECT * FROM `yaj_area`  [ RunTime:0.026000s ]
INFO: [ app_end ] --START--
INFO: Run Behavior\ShowPageTraceBehavior [ RunTime:0.001000s ]
INFO: [ app_end ] --END-- [ RunTime:0.001000s ]

[ 2017-10-31T17:03:16+08:00 ] 192.168.31.96 /Jzc/index.php/home/Login/area
INFO: [ app_init ] --START--
INFO: Run Behavior\BuildLiteBehavior [ RunTime:0.000000s ]
INFO: [ app_init ] --END-- [ RunTime:0.001000s ]
INFO: [ app_begin ] --START--
INFO: Run Behavior\ReadHtmlCacheBehavior [ RunTime:0.001000s ]
INFO: [ app_begin ] --END-- [ RunTime:0.001000s ]
NOTIC: [8] Undefined index: newstNum D:\xampp\htdocs\Jzc\Application\Home\Controller\LoginController.class.php 第 483 行.
NOTIC: [8192] mysql_connect(): The mysql extension is deprecated and will be removed in the future: use mysqli or PDO instead D:\xampp\htdocs\Jzc\ThinkPHP\Library\Think\Db\Driver\Mysql.class.php 第 52 行.
SQL: SHOW COLUMNS FROM `yaj_area` [ RunTime:0.013000s ]
SQL: SELECT * FROM `yaj_area`  [ RunTime:0.031000s ]
INFO: [ app_end ] --START--
INFO: Run Behavior\ShowPageTraceBehavior [ RunTime:0.001000s ]
INFO: [ app_end ] --END-- [ RunTime:0.001000s ]

[ 2017-10-31T17:04:12+08:00 ] 192.168.31.96 /Jzc/index.php/home/Login/area
INFO: [ app_init ] --START--
INFO: Run Behavior\BuildLiteBehavior [ RunTime:0.000000s ]
INFO: [ app_init ] --END-- [ RunTime:0.001000s ]
INFO: [ app_begin ] --START--
INFO: Run Behavior\ReadHtmlCacheBehavior [ RunTime:0.001000s ]
INFO: [ app_begin ] --END-- [ RunTime:0.002000s ]
NOTIC: [8] Undefined index: newstNum D:\xampp\htdocs\Jzc\Application\Home\Controller\LoginController.class.php 第 483 行.
NOTIC: [8192] mysql_connect(): The mysql extension is deprecated and will be removed in the future: use mysqli or PDO instead D:\xampp\htdocs\Jzc\ThinkPHP\Library\Think\Db\Driver\Mysql.class.php 第 52 行.
SQL: SHOW COLUMNS FROM `yaj_area` [ RunTime:0.007000s ]
SQL: SELECT * FROM `yaj_area`  [ RunTime:0.026000s ]
INFO: [ app_end ] --START--
INFO: Run Behavior\ShowPageTraceBehavior [ RunTime:0.000000s ]
INFO: [ app_end ] --END-- [ RunTime:0.001000s ]

[ 2017-10-31T18:05:44+08:00 ] 192.168.31.96 /Jzc/index.php/home/Login/area
INFO: [ app_init ] --START--
INFO: Run Behavior\BuildLiteBehavior [ RunTime:0.000000s ]
INFO: [ app_init ] --END-- [ RunTime:0.001000s ]
INFO: [ app_begin ] --START--
INFO: Run Behavior\ReadHtmlCacheBehavior [ RunTime:0.001000s ]
INFO: [ app_begin ] --END-- [ RunTime:0.001000s ]
NOTIC: [8] Undefined index: newstNum D:\xampp\htdocs\Jzc\Application\Home\Controller\LoginController.class.php 第 483 行.
NOTIC: [8192] mysql_connect(): The mysql extension is deprecated and will be removed in the future: use mysqli or PDO instead D:\xampp\htdocs\Jzc\ThinkPHP\Library\Think\Db\Driver\Mysql.class.php 第 52 行.
SQL: SHOW COLUMNS FROM `yaj_area` [ RunTime:0.005000s ]
SQL: SELECT * FROM `yaj_area`  [ RunTime:0.040000s ]
INFO: [ app_end ] --START--
INFO: Run Behavior\ShowPageTraceBehavior [ RunTime:0.001000s ]
INFO: [ app_end ] --END-- [ RunTime:0.001000s ]

[ 2017-10-31T18:06:33+08:00 ] 192.168.31.96 /Jzc/index.php/home/Login/area
INFO: [ app_init ] --START--
INFO: Run Behavior\BuildLiteBehavior [ RunTime:0.000000s ]
INFO: [ app_init ] --END-- [ RunTime:0.001000s ]
INFO: [ app_begin ] --START--
INFO: Run Behavior\ReadHtmlCacheBehavior [ RunTime:0.001000s ]
INFO: [ app_begin ] --END-- [ RunTime:0.001000s ]
NOTIC: [8] Undefined index: newstNum D:\xampp\htdocs\Jzc\Application\Home\Controller\LoginController.class.php 第 483 行.
NOTIC: [8192] mysql_connect(): The mysql extension is deprecated and will be removed in the future: use mysqli or PDO instead D:\xampp\htdocs\Jzc\ThinkPHP\Library\Think\Db\Driver\Mysql.class.php 第 52 行.
SQL: SHOW COLUMNS FROM `yaj_area` [ RunTime:0.006000s ]
SQL: SELECT * FROM `yaj_area`  [ RunTime:0.024000s ]
INFO: [ app_end ] --START--
INFO: Run Behavior\ShowPageTraceBehavior [ RunTime:0.001000s ]
INFO: [ app_end ] --END-- [ RunTime:0.001000s ]

[ 2017-10-31T18:10:01+08:00 ] 192.168.31.96 /Jzc/index.php/home/Login/area
INFO: [ app_init ] --START--
INFO: Run Behavior\BuildLiteBehavior [ RunTime:0.000000s ]
INFO: [ app_init ] --END-- [ RunTime:0.001000s ]
INFO: [ app_begin ] --START--
INFO: Run Behavior\ReadHtmlCacheBehavior [ RunTime:0.001000s ]
INFO: [ app_begin ] --END-- [ RunTime:0.001000s ]
NOTIC: [8] Undefined index: newstNum D:\xampp\htdocs\Jzc\Application\Home\Controller\LoginController.class.php 第 483 行.
NOTIC: [8192] mysql_connect(): The mysql extension is deprecated and will be removed in the future: use mysqli or PDO instead D:\xampp\htdocs\Jzc\ThinkPHP\Library\Think\Db\Driver\Mysql.class.php 第 52 行.
SQL: SHOW COLUMNS FROM `yaj_area` [ RunTime:0.007000s ]
SQL: SELECT * FROM `yaj_area`  [ RunTime:0.022000s ]
INFO: [ app_end ] --START--
INFO: Run Behavior\ShowPageTraceBehavior [ RunTime:0.001000s ]
INFO: [ app_end ] --END-- [ RunTime:0.001000s ]

