[ 2017-12-08T13:00:41+08:00 ] ::1 /Jzc/index.php/Home/share/share_show
INFO: [ app_init ] --START--
INFO: Run Behavior\BuildLiteBehavior [ RunTime:0.000000s ]
INFO: [ app_init ] --END-- [ RunTime:0.027000s ]
INFO: [ app_begin ] --START--
INFO: Run Behavior\ReadHtmlCacheBehavior [ RunTime:0.009000s ]
INFO: [ app_begin ] --END-- [ RunTime:0.009000s ]
NOTIC: [8] Undefined index: search D:\xampp\htdocs\Jzc\Application\Home\Controller\ShareController.class.php 第 76 行.
NOTIC: [8192] mysql_connect(): The mysql extension is deprecated and will be removed in the future: use mysqli or PDO instead D:\xampp\htdocs\Jzc\ThinkPHP\Library\Think\Db\Driver\Mysql.class.php 第 52 行.
SQL: SHOW COLUMNS FROM `yaj_share_calssify` [ RunTime:0.010000s ]
SQL: SELECT `type` FROM `yaj_share_calssify` WHERE `name` = '推荐' LIMIT 1   [ RunTime:0.008000s ]
SQL: SHOW COLUMNS FROM `yaj_share_num` [ RunTime:0.006000s ]
SQL: SELECT `label` FROM `yaj_share_num` WHERE `uid` = 22 ORDER BY num desc LIMIT 9   [ RunTime:0.008000s ]
SQL: SHOW COLUMNS FROM `yaj_share` [ RunTime:0.007000s ]
NOTIC: [8] Undefined variable: map D:\xampp\htdocs\Jzc\Application\Home\Controller\ShareController.class.php 第 89 行.
SQL: SELECT `id`,`label` FROM `yaj_share` ORDER BY addtime desc  [ RunTime:0.008000s ]
NOTIC: [2] Invalid argument supplied for foreach() D:\xampp\htdocs\Jzc\Application\Home\Controller\ShareController.class.php 第 95 行.
NOTIC: [2] Invalid argument supplied for foreach() D:\xampp\htdocs\Jzc\Application\Home\Controller\ShareController.class.php 第 95 行.
NOTIC: [2] Invalid argument supplied for foreach() D:\xampp\htdocs\Jzc\Application\Home\Controller\ShareController.class.php 第 95 行.
NOTIC: [2] Invalid argument supplied for foreach() D:\xampp\htdocs\Jzc\Application\Home\Controller\ShareController.class.php 第 95 行.
NOTIC: [2] Invalid argument supplied for foreach() D:\xampp\htdocs\Jzc\Application\Home\Controller\ShareController.class.php 第 95 行.
NOTIC: [2] Invalid argument supplied for foreach() D:\xampp\htdocs\Jzc\Application\Home\Controller\ShareController.class.php 第 95 行.
NOTIC: [2] Invalid argument supplied for foreach() D:\xampp\htdocs\Jzc\Application\Home\Controller\ShareController.class.php 第 95 行.
NOTIC: [2] Invalid argument supplied for foreach() D:\xampp\htdocs\Jzc\Application\Home\Controller\ShareController.class.php 第 95 行.
NOTIC: [2] Invalid argument supplied for foreach() D:\xampp\htdocs\Jzc\Application\Home\Controller\ShareController.class.php 第 95 行.
NOTIC: [2] Invalid argument supplied for foreach() D:\xampp\htdocs\Jzc\Application\Home\Controller\ShareController.class.php 第 95 行.
NOTIC: [2] Invalid argument supplied for foreach() D:\xampp\htdocs\Jzc\Application\Home\Controller\ShareController.class.php 第 95 行.
NOTIC: [2] Invalid argument supplied for foreach() D:\xampp\htdocs\Jzc\Application\Home\Controller\ShareController.class.php 第 95 行.
NOTIC: [2] Invalid argument supplied for foreach() D:\xampp\htdocs\Jzc\Application\Home\Controller\ShareController.class.php 第 95 行.
NOTIC: [2] Invalid argument supplied for foreach() D:\xampp\htdocs\Jzc\Application\Home\Controller\ShareController.class.php 第 95 行.
NOTIC: [2] Invalid argument supplied for foreach() D:\xampp\htdocs\Jzc\Application\Home\Controller\ShareController.class.php 第 95 行.
NOTIC: [8] Undefined variable: id D:\xampp\htdocs\Jzc\Application\Home\Controller\ShareController.class.php 第 108 行.
SQL: SELECT `id`,`uid`,`title`,`content`,`addtime`,`label`,`type`,`praise`,`help` FROM `yaj_share` WHERE `id` = 16 LIMIT 1   [ RunTime:0.017000s ]
NOTIC: [8] Undefined variable: value D:\xampp\htdocs\Jzc\Application\Home\Controller\ShareController.class.php 第 118 行.
SQL: SELECT `id`,`uid`,`title`,`content`,`addtime`,`label`,`type`,`praise`,`help` FROM `yaj_share` WHERE `id` = 15 LIMIT 1   [ RunTime:0.007000s ]
SQL: SELECT `id`,`uid`,`title`,`content`,`addtime`,`label`,`type`,`praise`,`help` FROM `yaj_share` WHERE `id` = 14 LIMIT 1   [ RunTime:0.016000s ]
SQL: SELECT `id`,`uid`,`title`,`content`,`addtime`,`label`,`type`,`praise`,`help` FROM `yaj_share` WHERE `id` = 13 LIMIT 1   [ RunTime:0.008000s ]
SQL: SELECT `id`,`uid`,`title`,`content`,`addtime`,`label`,`type`,`praise`,`help` FROM `yaj_share` WHERE `id` = 12 LIMIT 1   [ RunTime:0.009000s ]
SQL: SELECT `id`,`uid`,`title`,`content`,`addtime`,`label`,`type`,`praise`,`help` FROM `yaj_share` WHERE `id` = 11 LIMIT 1   [ RunTime:0.007000s ]
SQL: SELECT `id`,`uid`,`title`,`content`,`addtime`,`label`,`type`,`praise`,`help` FROM `yaj_share` WHERE `id` = 10 LIMIT 1   [ RunTime:0.008000s ]
SQL: SELECT `id`,`uid`,`title`,`content`,`addtime`,`label`,`type`,`praise`,`help` FROM `yaj_share` WHERE `id` = 9 LIMIT 1   [ RunTime:0.009000s ]
SQL: SELECT `id`,`uid`,`title`,`content`,`addtime`,`label`,`type`,`praise`,`help` FROM `yaj_share` WHERE `id` = 4 LIMIT 1   [ RunTime:0.007000s ]
SQL: SELECT `id`,`uid`,`title`,`content`,`addtime`,`label`,`type`,`praise`,`help` FROM `yaj_share` WHERE `id` = 8 LIMIT 1   [ RunTime:0.007000s ]
SQL: SELECT `id`,`uid`,`title`,`content`,`addtime`,`label`,`type`,`praise`,`help` FROM `yaj_share` WHERE `id` = 7 LIMIT 1   [ RunTime:0.007000s ]
SQL: SELECT `id`,`uid`,`title`,`content`,`addtime`,`label`,`type`,`praise`,`help` FROM `yaj_share` WHERE `id` = 6 LIMIT 1   [ RunTime:0.007000s ]
SQL: SELECT `id`,`uid`,`title`,`content`,`addtime`,`label`,`type`,`praise`,`help` FROM `yaj_share` WHERE `id` = 5 LIMIT 1   [ RunTime:0.007000s ]
SQL: SELECT `id`,`uid`,`title`,`content`,`addtime`,`label`,`type`,`praise`,`help` FROM `yaj_share` WHERE `id` = 2 LIMIT 1   [ RunTime:0.006000s ]
SQL: SELECT `id`,`uid`,`title`,`content`,`addtime`,`label`,`type`,`praise`,`help` FROM `yaj_share` WHERE `id` = 3 LIMIT 1   [ RunTime:0.009000s ]
SQL: SHOW COLUMNS FROM `yaj_user` [ RunTime:0.009000s ]
SQL: SELECT `username`,`userpic`,`type` FROM `yaj_user` WHERE `id` = 28 LIMIT 1   [ RunTime:0.008000s ]
SQL: SHOW COLUMNS FROM `yaj_share_img` [ RunTime:0.006000s ]
SQL: SELECT `id` FROM `yaj_share_img` WHERE `pid` = 16 LIMIT 1   [ RunTime:0.006000s ]
SQL: SELECT `img` FROM `yaj_share_img` WHERE `pid` = 16 AND `type` = 1  [ RunTime:0.006000s ]
SQL: SELECT COUNT(*) AS tp_count FROM `yaj_share_img` WHERE `pid` = 16 AND `type` = 1 LIMIT 1   [ RunTime:0.006000s ]
SQL: SELECT `username`,`userpic`,`type` FROM `yaj_user` WHERE `id` = 28 LIMIT 1   [ RunTime:0.007000s ]
SQL: SELECT `id` FROM `yaj_share_img` WHERE `pid` = 15 LIMIT 1   [ RunTime:0.007000s ]
SQL: SELECT `img` FROM `yaj_share_img` WHERE `pid` = 15 AND `type` = 1  [ RunTime:0.008000s ]
SQL: SELECT COUNT(*) AS tp_count FROM `yaj_share_img` WHERE `pid` = 15 AND `type` = 1 LIMIT 1   [ RunTime:0.011000s ]
SQL: SELECT `username`,`userpic`,`type` FROM `yaj_user` WHERE `id` = 28 LIMIT 1   [ RunTime:0.008000s ]
SQL: SELECT `id` FROM `yaj_share_img` WHERE `pid` = 14 LIMIT 1   [ RunTime:0.006000s ]
SQL: SELECT `img` FROM `yaj_share_img` WHERE `pid` = 14 AND `type` = 1  [ RunTime:0.010000s ]
SQL: SELECT COUNT(*) AS tp_count FROM `yaj_share_img` WHERE `pid` = 14 AND `type` = 1 LIMIT 1   [ RunTime:0.006000s ]
SQL: SELECT `username`,`userpic`,`type` FROM `yaj_user` WHERE `id` = 28 LIMIT 1   [ RunTime:0.009000s ]
SQL: SELECT `id` FROM `yaj_share_img` WHERE `pid` = 13 LIMIT 1   [ RunTime:0.007000s ]
SQL: SELECT `img` FROM `yaj_share_img` WHERE `pid` = 13 AND `type` = 1  [ RunTime:0.006000s ]
SQL: SELECT COUNT(*) AS tp_count FROM `yaj_share_img` WHERE `pid` = 13 AND `type` = 1 LIMIT 1   [ RunTime:0.006000s ]
SQL: SELECT `username`,`userpic`,`type` FROM `yaj_user` WHERE `id` = 28 LIMIT 1   [ RunTime:0.007000s ]
SQL: SELECT `id` FROM `yaj_share_img` WHERE `pid` = 12 LIMIT 1   [ RunTime:0.010000s ]
SQL: SELECT `img` FROM `yaj_share_img` WHERE `pid` = 12 AND `type` = 1  [ RunTime:0.006000s ]
SQL: SELECT COUNT(*) AS tp_count FROM `yaj_share_img` WHERE `pid` = 12 AND `type` = 1 LIMIT 1   [ RunTime:0.007000s ]
SQL: SELECT `username`,`userpic`,`type` FROM `yaj_user` WHERE `id` = 28 LIMIT 1   [ RunTime:0.011000s ]
SQL: SELECT `id` FROM `yaj_share_img` WHERE `pid` = 11 LIMIT 1   [ RunTime:0.009000s ]
SQL: SELECT `img` FROM `yaj_share_img` WHERE `pid` = 11 AND `type` = 1  [ RunTime:0.006000s ]
SQL: SELECT COUNT(*) AS tp_count FROM `yaj_share_img` WHERE `pid` = 11 AND `type` = 1 LIMIT 1   [ RunTime:0.009000s ]
SQL: SELECT `username`,`userpic`,`type` FROM `yaj_user` WHERE `id` = 28 LIMIT 1   [ RunTime:0.007000s ]
SQL: SELECT `id` FROM `yaj_share_img` WHERE `pid` = 10 LIMIT 1   [ RunTime:0.013000s ]
SQL: SELECT `img` FROM `yaj_share_img` WHERE `pid` = 10 AND `type` = 1  [ RunTime:0.008000s ]
SQL: SELECT COUNT(*) AS tp_count FROM `yaj_share_img` WHERE `pid` = 10 AND `type` = 1 LIMIT 1   [ RunTime:0.006000s ]
SQL: SELECT `username`,`userpic`,`type` FROM `yaj_user` WHERE `id` = 28 LIMIT 1   [ RunTime:0.006000s ]
SQL: SELECT `id` FROM `yaj_share_img` WHERE `pid` = 9 LIMIT 1   [ RunTime:0.007000s ]
SQL: SELECT `img` FROM `yaj_share_img` WHERE `pid` = 9 AND `type` = 1  [ RunTime:0.006000s ]
SQL: SELECT COUNT(*) AS tp_count FROM `yaj_share_img` WHERE `pid` = 9 AND `type` = 1 LIMIT 1   [ RunTime:0.008000s ]
SQL: SELECT `username`,`userpic`,`type` FROM `yaj_user` WHERE `id` = 28 LIMIT 1   [ RunTime:0.006000s ]
SQL: SELECT `id` FROM `yaj_share_img` WHERE `pid` = 4 LIMIT 1   [ RunTime:0.006000s ]
SQL: SELECT `img` FROM `yaj_share_img` WHERE `pid` = 4 AND `type` = 1  [ RunTime:0.006000s ]
SQL: SELECT COUNT(*) AS tp_count FROM `yaj_share_img` WHERE `pid` = 4 AND `type` = 1 LIMIT 1   [ RunTime:0.006000s ]
SQL: SELECT `username`,`userpic`,`type` FROM `yaj_user` WHERE `id` = 28 LIMIT 1   [ RunTime:0.007000s ]
SQL: SELECT `id` FROM `yaj_share_img` WHERE `pid` = 8 LIMIT 1   [ RunTime:0.008000s ]
SQL: SELECT `img` FROM `yaj_share_img` WHERE `pid` = 8 AND `type` = 1  [ RunTime:0.006000s ]
SQL: SELECT COUNT(*) AS tp_count FROM `yaj_share_img` WHERE `pid` = 8 AND `type` = 1 LIMIT 1   [ RunTime:0.006000s ]
SQL: SELECT `username`,`userpic`,`type` FROM `yaj_user` WHERE `id` = 28 LIMIT 1   [ RunTime:0.006000s ]
SQL: SELECT `id` FROM `yaj_share_img` WHERE `pid` = 7 LIMIT 1   [ RunTime:0.005000s ]
SQL: SELECT `img` FROM `yaj_share_img` WHERE `pid` = 7 AND `type` = 1  [ RunTime:0.006000s ]
SQL: SELECT COUNT(*) AS tp_count FROM `yaj_share_img` WHERE `pid` = 7 AND `type` = 1 LIMIT 1   [ RunTime:0.008000s ]
SQL: SELECT `username`,`userpic`,`type` FROM `yaj_user` WHERE `id` = 28 LIMIT 1   [ RunTime:0.007000s ]
SQL: SELECT `id` FROM `yaj_share_img` WHERE `pid` = 6 LIMIT 1   [ RunTime:0.007000s ]
SQL: SELECT `img` FROM `yaj_share_img` WHERE `pid` = 6 AND `type` = 1  [ RunTime:0.010000s ]
SQL: SELECT COUNT(*) AS tp_count FROM `yaj_share_img` WHERE `pid` = 6 AND `type` = 1 LIMIT 1   [ RunTime:0.008000s ]
SQL: SELECT `username`,`userpic`,`type` FROM `yaj_user` WHERE `id` = 28 LIMIT 1   [ RunTime:0.008000s ]
SQL: SELECT `id` FROM `yaj_share_img` WHERE `pid` = 5 LIMIT 1   [ RunTime:0.006000s ]
SQL: SELECT `img` FROM `yaj_share_img` WHERE `pid` = 5 AND `type` = 1  [ RunTime:0.007000s ]
SQL: SELECT COUNT(*) AS tp_count FROM `yaj_share_img` WHERE `pid` = 5 AND `type` = 1 LIMIT 1   [ RunTime:0.007000s ]
SQL: SELECT `username`,`userpic`,`type` FROM `yaj_user` WHERE `id` = 22 LIMIT 1   [ RunTime:0.019000s ]
SQL: SELECT `id` FROM `yaj_share_img` WHERE `pid` = 2 LIMIT 1   [ RunTime:0.013000s ]
SQL: SELECT `img` FROM `yaj_share_img` WHERE `pid` = 2 AND `type` = 1  [ RunTime:0.008000s ]
SQL: SELECT COUNT(*) AS tp_count FROM `yaj_share_img` WHERE `pid` = 2 AND `type` = 1 LIMIT 1   [ RunTime:0.007000s ]
SQL: SELECT `username`,`userpic`,`type` FROM `yaj_user` WHERE `id` = 22 LIMIT 1   [ RunTime:0.008000s ]
SQL: SELECT `id` FROM `yaj_share_img` WHERE `pid` = 3 LIMIT 1   [ RunTime:0.006000s ]
SQL: SELECT `img` FROM `yaj_share_img` WHERE `pid` = 3 AND `type` = 1  [ RunTime:0.013000s ]
SQL: SELECT COUNT(*) AS tp_count FROM `yaj_share_img` WHERE `pid` = 3 AND `type` = 1 LIMIT 1   [ RunTime:0.006000s ]
INFO: [ app_end ] --START--
INFO: Run Behavior\ShowPageTraceBehavior [ RunTime:0.011000s ]
INFO: [ app_end ] --END-- [ RunTime:0.011000s ]

