[ 2017-10-30T14:59:59+08:00 ] ::1 /Jzc/index.php/Home/shop/index
INFO: [ app_init ] --START--
INFO: Run Behavior\BuildLiteBehavior [ RunTime:0.000000s ]
INFO: [ app_init ] --END-- [ RunTime:0.031000s ]
INFO: [ app_begin ] --START--
INFO: Run Behavior\ReadHtmlCacheBehavior [ RunTime:0.007000s ]
INFO: [ app_begin ] --END-- [ RunTime:0.007000s ]
NOTIC: [8] Undefined index: page D:\xampp\htdocs\Jzc\Application\Home\Controller\ShopController.class.php 第 14 行.
NOTIC: [8192] mysql_connect(): The mysql extension is deprecated and will be removed in the future: use mysqli or PDO instead D:\xampp\htdocs\Jzc\ThinkPHP\Library\Think\Db\Driver\Mysql.class.php 第 52 行.
SQL: SHOW COLUMNS FROM `yaj_goods_banner` [ RunTime:0.007000s ]
SQL: SELECT `img` FROM `yaj_goods_banner` WHERE `type` = 1 LIMIT 1   [ RunTime:0.006000s ]
SQL: SHOW COLUMNS FROM `yaj_classify` [ RunTime:0.007000s ]
SQL: SELECT `name` FROM `yaj_classify` WHERE `pid` = 0 AND `state` = 1 AND `is_show` = 1 LIMIT 4   [ RunTime:0.006000s ]
SQL: SELECT `img` FROM `yaj_goods_banner` WHERE `type` = 2 LIMIT 1   [ RunTime:0.011000s ]
SQL: SHOW COLUMNS FROM `yaj_goods_make` [ RunTime:0.007000s ]
SQL: SELECT `id`,`img` FROM `yaj_goods_make` WHERE `state` = 1 ORDER BY addtime  [ RunTime:0.008000s ]
SQL: SHOW COLUMNS FROM `yaj_collect` [ RunTime:0.008000s ]
SQL: SELECT `collect_id` FROM `yaj_collect` WHERE `uid` = 14 AND `type` = 4 LIMIT 3   [ RunTime:0.007000s ]
SQL: SELECT count(*) as count,`collect_id` FROM `yaj_collect` WHERE ( id <> 1 and id <> 2 ) GROUP BY collect_id ORDER BY count desc LIMIT 3   [ RunTime:0.009000s ]
SQL: SHOW COLUMNS FROM `yaj_goods` [ RunTime:0.007000s ]
SQL: SELECT `id` FROM `yaj_goods` WHERE `id` = 1 AND `state` = 1  [ RunTime:0.007000s ]
SQL: SELECT `id` FROM `yaj_goods` WHERE `id` = 2 AND `state` = 1  [ RunTime:0.012000s ]
SQL: SELECT `id` FROM `yaj_goods` WHERE `state` = 1 AND `id` = 3  [ RunTime:0.007000s ]
SQL: SELECT `id` FROM `yaj_goods` WHERE `state` = 1 AND `id` = 5  [ RunTime:0.006000s ]
SQL: SELECT `collect_id` FROM `yaj_collect`  [ RunTime:0.013000s ]
SQL: SELECT `id` FROM `yaj_goods` WHERE `id` NOT IN ('1','2','3','5','3','3','5')  [ RunTime:0.008000s ]
SQL: SELECT `id`,`name`,`presentation`,`price`,`classifyId` FROM `yaj_goods` WHERE `id` = 1 LIMIT 0,5   [ RunTime:0.006000s ]
SQL: SELECT `id`,`name`,`presentation`,`price`,`classifyId` FROM `yaj_goods` WHERE `id` = 2 LIMIT 0,5   [ RunTime:0.006000s ]
SQL: SELECT `id`,`name`,`presentation`,`price`,`classifyId` FROM `yaj_goods` WHERE `id` = 3 LIMIT 0,5   [ RunTime:0.009000s ]
SQL: SELECT `id`,`name`,`presentation`,`price`,`classifyId` FROM `yaj_goods` WHERE `id` = 5 LIMIT 0,5   [ RunTime:0.007000s ]
SQL: SELECT `id`,`name`,`presentation`,`price`,`classifyId` FROM `yaj_goods` WHERE `id` = 4 LIMIT 0,5   [ RunTime:0.008000s ]
SQL: SELECT `id`,`name`,`presentation`,`price`,`classifyId` FROM `yaj_goods` WHERE `id` = 6 LIMIT 0,5   [ RunTime:0.006000s ]
SQL: SELECT `id`,`name`,`presentation`,`price`,`classifyId` FROM `yaj_goods` WHERE `id` = 7 LIMIT 0,5   [ RunTime:0.006000s ]
SQL: SELECT `id`,`name`,`presentation`,`price`,`classifyId` FROM `yaj_goods` WHERE `id` = 8 LIMIT 0,5   [ RunTime:0.006000s ]
INFO: [ app_end ] --START--
INFO: Run Behavior\ShowPageTraceBehavior [ RunTime:0.002000s ]
INFO: [ app_end ] --END-- [ RunTime:0.002000s ]

[ 2017-10-30T15:00:04+08:00 ] 192.168.31.96 /Jzc/index.php/home//Login/city
INFO: [ app_init ] --START--
INFO: Run Behavior\BuildLiteBehavior [ RunTime:0.000000s ]
INFO: [ app_init ] --END-- [ RunTime:0.001000s ]
INFO: [ app_begin ] --START--
INFO: Run Behavior\ReadHtmlCacheBehavior [ RunTime:0.001000s ]
INFO: [ app_begin ] --END-- [ RunTime:0.001000s ]
NOTIC: [8192] mysql_connect(): The mysql extension is deprecated and will be removed in the future: use mysqli or PDO instead D:\xampp\htdocs\Jzc\ThinkPHP\Library\Think\Db\Driver\Mysql.class.php 第 52 行.
SQL: SHOW COLUMNS FROM `yaj_area` [ RunTime:0.007000s ]
SQL: SELECT `name` FROM `yaj_area` WHERE `level` = 1 ORDER BY id  [ RunTime:0.008000s ]
SQL: SELECT `id` FROM `yaj_area` WHERE `level` = 1  [ RunTime:0.008000s ]
SQL: SELECT `name` FROM `yaj_area` WHERE `upid` = 110000 ORDER BY upid  [ RunTime:0.017000s ]
SQL: SELECT `name` FROM `yaj_area` WHERE `upid` = 120000 ORDER BY upid  [ RunTime:0.007000s ]
SQL: SELECT `name` FROM `yaj_area` WHERE `upid` = 130000 ORDER BY upid  [ RunTime:0.006000s ]
SQL: SELECT `name` FROM `yaj_area` WHERE `upid` = 140000 ORDER BY upid  [ RunTime:0.010000s ]
SQL: SELECT `name` FROM `yaj_area` WHERE `upid` = 150000 ORDER BY upid  [ RunTime:0.008000s ]
SQL: SELECT `name` FROM `yaj_area` WHERE `upid` = 210000 ORDER BY upid  [ RunTime:0.012000s ]
SQL: SELECT `name` FROM `yaj_area` WHERE `upid` = 220000 ORDER BY upid  [ RunTime:0.009000s ]
SQL: SELECT `name` FROM `yaj_area` WHERE `upid` = 230000 ORDER BY upid  [ RunTime:0.006000s ]
SQL: SELECT `name` FROM `yaj_area` WHERE `upid` = 310000 ORDER BY upid  [ RunTime:0.007000s ]
SQL: SELECT `name` FROM `yaj_area` WHERE `upid` = 320000 ORDER BY upid  [ RunTime:0.011000s ]
SQL: SELECT `name` FROM `yaj_area` WHERE `upid` = 330000 ORDER BY upid  [ RunTime:0.007000s ]
SQL: SELECT `name` FROM `yaj_area` WHERE `upid` = 340000 ORDER BY upid  [ RunTime:0.009000s ]
SQL: SELECT `name` FROM `yaj_area` WHERE `upid` = 350000 ORDER BY upid  [ RunTime:0.008000s ]
SQL: SELECT `name` FROM `yaj_area` WHERE `upid` = 360000 ORDER BY upid  [ RunTime:0.007000s ]
SQL: SELECT `name` FROM `yaj_area` WHERE `upid` = 370000 ORDER BY upid  [ RunTime:0.006000s ]
SQL: SELECT `name` FROM `yaj_area` WHERE `upid` = 410000 ORDER BY upid  [ RunTime:0.008000s ]
SQL: SELECT `name` FROM `yaj_area` WHERE `upid` = 420000 ORDER BY upid  [ RunTime:0.008000s ]
SQL: SELECT `name` FROM `yaj_area` WHERE `upid` = 430000 ORDER BY upid  [ RunTime:0.006000s ]
SQL: SELECT `name` FROM `yaj_area` WHERE `upid` = 440000 ORDER BY upid  [ RunTime:0.008000s ]
SQL: SELECT `name` FROM `yaj_area` WHERE `upid` = 450000 ORDER BY upid  [ RunTime:0.007000s ]
SQL: SELECT `name` FROM `yaj_area` WHERE `upid` = 460000 ORDER BY upid  [ RunTime:0.026000s ]
SQL: SELECT `name` FROM `yaj_area` WHERE `upid` = 500000 ORDER BY upid  [ RunTime:0.007000s ]
SQL: SELECT `name` FROM `yaj_area` WHERE `upid` = 510000 ORDER BY upid  [ RunTime:0.007000s ]
SQL: SELECT `name` FROM `yaj_area` WHERE `upid` = 520000 ORDER BY upid  [ RunTime:0.007000s ]
SQL: SELECT `name` FROM `yaj_area` WHERE `upid` = 530000 ORDER BY upid  [ RunTime:0.007000s ]
SQL: SELECT `name` FROM `yaj_area` WHERE `upid` = 540000 ORDER BY upid  [ RunTime:0.007000s ]
SQL: SELECT `name` FROM `yaj_area` WHERE `upid` = 610000 ORDER BY upid  [ RunTime:0.008000s ]
SQL: SELECT `name` FROM `yaj_area` WHERE `upid` = 620000 ORDER BY upid  [ RunTime:0.007000s ]
SQL: SELECT `name` FROM `yaj_area` WHERE `upid` = 630000 ORDER BY upid  [ RunTime:0.006000s ]
SQL: SELECT `name` FROM `yaj_area` WHERE `upid` = 640000 ORDER BY upid  [ RunTime:0.007000s ]
SQL: SELECT `name` FROM `yaj_area` WHERE `upid` = 650000 ORDER BY upid  [ RunTime:0.008000s ]
SQL: SELECT `name` FROM `yaj_area` WHERE `upid` = 710000 ORDER BY upid  [ RunTime:0.010000s ]
SQL: SELECT `name` FROM `yaj_area` WHERE `upid` = 810000 ORDER BY upid  [ RunTime:0.006000s ]
SQL: SELECT `name` FROM `yaj_area` WHERE `upid` = 820000 ORDER BY upid  [ RunTime:0.009000s ]
SQL: SELECT `name` FROM `yaj_area` WHERE `level` = 2 ORDER BY click desc LIMIT 6   [ RunTime:0.008000s ]
INFO: [ app_end ] --START--
INFO: Run Behavior\ShowPageTraceBehavior [ RunTime:0.002000s ]
INFO: [ app_end ] --END-- [ RunTime:0.002000s ]

[ 2017-10-30T15:01:22+08:00 ] 192.168.31.96 /Jzc/index.php/home//Login/area
INFO: [ app_init ] --START--
INFO: Run Behavior\BuildLiteBehavior [ RunTime:0.000000s ]
INFO: [ app_init ] --END-- [ RunTime:0.000000s ]
INFO: [ app_begin ] --START--
INFO: Run Behavior\ReadHtmlCacheBehavior [ RunTime:0.001000s ]
INFO: [ app_begin ] --END-- [ RunTime:0.002000s ]
NOTIC: [8] Undefined index: newstNum D:\xampp\htdocs\Jzc\Application\Home\Controller\LoginController.class.php 第 483 行.
NOTIC: [8192] mysql_connect(): The mysql extension is deprecated and will be removed in the future: use mysqli or PDO instead D:\xampp\htdocs\Jzc\ThinkPHP\Library\Think\Db\Driver\Mysql.class.php 第 52 行.
SQL: SHOW COLUMNS FROM `yaj_area` [ RunTime:0.007000s ]
SQL: SELECT * FROM `yaj_area`  [ RunTime:0.025000s ]
INFO: [ app_end ] --START--
INFO: Run Behavior\ShowPageTraceBehavior [ RunTime:0.001000s ]
INFO: [ app_end ] --END-- [ RunTime:0.001000s ]

[ 2017-10-30T15:05:22+08:00 ] 192.168.31.96 /Jzc/index.php/home//Login/area
INFO: [ app_init ] --START--
INFO: Run Behavior\BuildLiteBehavior [ RunTime:0.000000s ]
INFO: [ app_init ] --END-- [ RunTime:0.001000s ]
INFO: [ app_begin ] --START--
INFO: Run Behavior\ReadHtmlCacheBehavior [ RunTime:0.001000s ]
INFO: [ app_begin ] --END-- [ RunTime:0.001000s ]
NOTIC: [8] Undefined index: newstNum D:\xampp\htdocs\Jzc\Application\Home\Controller\LoginController.class.php 第 483 行.
NOTIC: [8192] mysql_connect(): The mysql extension is deprecated and will be removed in the future: use mysqli or PDO instead D:\xampp\htdocs\Jzc\ThinkPHP\Library\Think\Db\Driver\Mysql.class.php 第 52 行.
SQL: SHOW COLUMNS FROM `yaj_area` [ RunTime:0.032000s ]
SQL: SELECT * FROM `yaj_area`  [ RunTime:0.177000s ]
INFO: [ app_end ] --START--
INFO: Run Behavior\ShowPageTraceBehavior [ RunTime:0.001000s ]
INFO: [ app_end ] --END-- [ RunTime:0.001000s ]

[ 2017-10-30T15:11:17+08:00 ] 192.168.31.96 /Jzc/index.php/home//Login/city
INFO: [ app_init ] --START--
INFO: Run Behavior\BuildLiteBehavior [ RunTime:0.000000s ]
INFO: [ app_init ] --END-- [ RunTime:0.001000s ]
INFO: [ app_begin ] --START--
INFO: Run Behavior\ReadHtmlCacheBehavior [ RunTime:0.001000s ]
INFO: [ app_begin ] --END-- [ RunTime:0.001000s ]
NOTIC: [8192] mysql_connect(): The mysql extension is deprecated and will be removed in the future: use mysqli or PDO instead D:\xampp\htdocs\Jzc\ThinkPHP\Library\Think\Db\Driver\Mysql.class.php 第 52 行.
SQL: SHOW COLUMNS FROM `yaj_area` [ RunTime:0.007000s ]
SQL: SELECT `name` FROM `yaj_area` WHERE `level` = 1 ORDER BY id  [ RunTime:0.006000s ]
SQL: SELECT `id` FROM `yaj_area` WHERE `level` = 1  [ RunTime:0.006000s ]
SQL: SELECT `name` FROM `yaj_area` WHERE `upid` = 110000 ORDER BY upid  [ RunTime:0.009000s ]
SQL: SELECT `name` FROM `yaj_area` WHERE `upid` = 120000 ORDER BY upid  [ RunTime:0.007000s ]
SQL: SELECT `name` FROM `yaj_area` WHERE `upid` = 130000 ORDER BY upid  [ RunTime:0.009000s ]
SQL: SELECT `name` FROM `yaj_area` WHERE `upid` = 140000 ORDER BY upid  [ RunTime:0.007000s ]
SQL: SELECT `name` FROM `yaj_area` WHERE `upid` = 150000 ORDER BY upid  [ RunTime:0.007000s ]
SQL: SELECT `name` FROM `yaj_area` WHERE `upid` = 210000 ORDER BY upid  [ RunTime:0.007000s ]
SQL: SELECT `name` FROM `yaj_area` WHERE `upid` = 220000 ORDER BY upid  [ RunTime:0.009000s ]
SQL: SELECT `name` FROM `yaj_area` WHERE `upid` = 230000 ORDER BY upid  [ RunTime:0.007000s ]
SQL: SELECT `name` FROM `yaj_area` WHERE `upid` = 310000 ORDER BY upid  [ RunTime:0.007000s ]
SQL: SELECT `name` FROM `yaj_area` WHERE `upid` = 320000 ORDER BY upid  [ RunTime:0.006000s ]
SQL: SELECT `name` FROM `yaj_area` WHERE `upid` = 330000 ORDER BY upid  [ RunTime:0.007000s ]
SQL: SELECT `name` FROM `yaj_area` WHERE `upid` = 340000 ORDER BY upid  [ RunTime:0.006000s ]
SQL: SELECT `name` FROM `yaj_area` WHERE `upid` = 350000 ORDER BY upid  [ RunTime:0.006000s ]
SQL: SELECT `name` FROM `yaj_area` WHERE `upid` = 360000 ORDER BY upid  [ RunTime:0.008000s ]
SQL: SELECT `name` FROM `yaj_area` WHERE `upid` = 370000 ORDER BY upid  [ RunTime:0.006000s ]
SQL: SELECT `name` FROM `yaj_area` WHERE `upid` = 410000 ORDER BY upid  [ RunTime:0.006000s ]
SQL: SELECT `name` FROM `yaj_area` WHERE `upid` = 420000 ORDER BY upid  [ RunTime:0.008000s ]
SQL: SELECT `name` FROM `yaj_area` WHERE `upid` = 430000 ORDER BY upid  [ RunTime:0.007000s ]
SQL: SELECT `name` FROM `yaj_area` WHERE `upid` = 440000 ORDER BY upid  [ RunTime:0.006000s ]
SQL: SELECT `name` FROM `yaj_area` WHERE `upid` = 450000 ORDER BY upid  [ RunTime:0.008000s ]
SQL: SELECT `name` FROM `yaj_area` WHERE `upid` = 460000 ORDER BY upid  [ RunTime:0.006000s ]
SQL: SELECT `name` FROM `yaj_area` WHERE `upid` = 500000 ORDER BY upid  [ RunTime:0.006000s ]
SQL: SELECT `name` FROM `yaj_area` WHERE `upid` = 510000 ORDER BY upid  [ RunTime:0.006000s ]
SQL: SELECT `name` FROM `yaj_area` WHERE `upid` = 520000 ORDER BY upid  [ RunTime:0.006000s ]
SQL: SELECT `name` FROM `yaj_area` WHERE `upid` = 530000 ORDER BY upid  [ RunTime:0.006000s ]
SQL: SELECT `name` FROM `yaj_area` WHERE `upid` = 540000 ORDER BY upid  [ RunTime:0.006000s ]
SQL: SELECT `name` FROM `yaj_area` WHERE `upid` = 610000 ORDER BY upid  [ RunTime:0.010000s ]
SQL: SELECT `name` FROM `yaj_area` WHERE `upid` = 620000 ORDER BY upid  [ RunTime:0.020000s ]
SQL: SELECT `name` FROM `yaj_area` WHERE `upid` = 630000 ORDER BY upid  [ RunTime:0.023000s ]
SQL: SELECT `name` FROM `yaj_area` WHERE `upid` = 640000 ORDER BY upid  [ RunTime:0.012000s ]
SQL: SELECT `name` FROM `yaj_area` WHERE `upid` = 650000 ORDER BY upid  [ RunTime:0.014000s ]
SQL: SELECT `name` FROM `yaj_area` WHERE `upid` = 710000 ORDER BY upid  [ RunTime:0.006000s ]
SQL: SELECT `name` FROM `yaj_area` WHERE `upid` = 810000 ORDER BY upid  [ RunTime:0.007000s ]
SQL: SELECT `name` FROM `yaj_area` WHERE `upid` = 820000 ORDER BY upid  [ RunTime:0.007000s ]
SQL: SELECT `name` FROM `yaj_area` WHERE `level` = 2 ORDER BY click desc LIMIT 6   [ RunTime:0.006000s ]
INFO: [ app_end ] --START--
INFO: Run Behavior\ShowPageTraceBehavior [ RunTime:0.001000s ]
INFO: [ app_end ] --END-- [ RunTime:0.001000s ]

[ 2017-10-30T15:14:15+08:00 ] 192.168.31.96 /Jzc/index.php/home//Login/area
INFO: [ app_init ] --START--
INFO: Run Behavior\BuildLiteBehavior [ RunTime:0.000000s ]
INFO: [ app_init ] --END-- [ RunTime:0.000000s ]
INFO: [ app_begin ] --START--
INFO: Run Behavior\ReadHtmlCacheBehavior [ RunTime:0.001000s ]
INFO: [ app_begin ] --END-- [ RunTime:0.001000s ]
NOTIC: [8] Undefined index: newstNum D:\xampp\htdocs\Jzc\Application\Home\Controller\LoginController.class.php 第 483 行.
NOTIC: [8192] mysql_connect(): The mysql extension is deprecated and will be removed in the future: use mysqli or PDO instead D:\xampp\htdocs\Jzc\ThinkPHP\Library\Think\Db\Driver\Mysql.class.php 第 52 行.
SQL: SHOW COLUMNS FROM `yaj_area` [ RunTime:0.006000s ]
SQL: SELECT * FROM `yaj_area`  [ RunTime:0.030000s ]
INFO: [ app_end ] --START--
INFO: Run Behavior\ShowPageTraceBehavior [ RunTime:0.001000s ]
INFO: [ app_end ] --END-- [ RunTime:0.001000s ]

[ 2017-10-30T16:39:11+08:00 ] 192.168.31.96 /Jzc/index.php/home//Login/area
INFO: [ app_init ] --START--
INFO: Run Behavior\BuildLiteBehavior [ RunTime:0.000000s ]
INFO: [ app_init ] --END-- [ RunTime:0.001000s ]
INFO: [ app_begin ] --START--
INFO: Run Behavior\ReadHtmlCacheBehavior [ RunTime:0.001000s ]
INFO: [ app_begin ] --END-- [ RunTime:0.001000s ]
NOTIC: [8] Undefined index: newstNum D:\xampp\htdocs\Jzc\Application\Home\Controller\LoginController.class.php 第 483 行.
NOTIC: [8192] mysql_connect(): The mysql extension is deprecated and will be removed in the future: use mysqli or PDO instead D:\xampp\htdocs\Jzc\ThinkPHP\Library\Think\Db\Driver\Mysql.class.php 第 52 行.
SQL: SHOW COLUMNS FROM `yaj_area` [ RunTime:0.007000s ]
SQL: SELECT * FROM `yaj_area`  [ RunTime:0.029000s ]
INFO: [ app_end ] --START--
INFO: Run Behavior\ShowPageTraceBehavior [ RunTime:0.001000s ]
INFO: [ app_end ] --END-- [ RunTime:0.001000s ]

[ 2017-10-30T16:39:31+08:00 ] 192.168.31.96 /Jzc/index.php/home/Login/area
INFO: [ app_init ] --START--
INFO: Run Behavior\BuildLiteBehavior [ RunTime:0.000000s ]
INFO: [ app_init ] --END-- [ RunTime:0.001000s ]
INFO: [ app_begin ] --START--
INFO: Run Behavior\ReadHtmlCacheBehavior [ RunTime:0.001000s ]
INFO: [ app_begin ] --END-- [ RunTime:0.001000s ]
NOTIC: [8] Undefined index: newstNum D:\xampp\htdocs\Jzc\Application\Home\Controller\LoginController.class.php 第 483 行.
NOTIC: [8192] mysql_connect(): The mysql extension is deprecated and will be removed in the future: use mysqli or PDO instead D:\xampp\htdocs\Jzc\ThinkPHP\Library\Think\Db\Driver\Mysql.class.php 第 52 行.
SQL: SHOW COLUMNS FROM `yaj_area` [ RunTime:0.007000s ]
SQL: SELECT * FROM `yaj_area`  [ RunTime:0.027000s ]
INFO: [ app_end ] --START--
INFO: Run Behavior\ShowPageTraceBehavior [ RunTime:0.001000s ]
INFO: [ app_end ] --END-- [ RunTime:0.001000s ]

