[ 2017-12-06T13:47:11+08:00 ] ::1 /Jzc/index.php/Home/shop/selected
INFO: [ app_init ] --START--
INFO: Run Behavior\BuildLiteBehavior [ RunTime:0.000000s ]
INFO: [ app_init ] --END-- [ RunTime:0.024000s ]
INFO: [ app_begin ] --START--
INFO: Run Behavior\ReadHtmlCacheBehavior [ RunTime:0.008000s ]
INFO: [ app_begin ] --END-- [ RunTime:0.008000s ]
NOTIC: [8] Undefined index: colorId D:\xampp\htdocs\Jzc\Application\Home\Controller\ShopController.class.php 第 442 行.
NOTIC: [8] Undefined index: standardId D:\xampp\htdocs\Jzc\Application\Home\Controller\ShopController.class.php 第 445 行.
NOTIC: [8] Undefined index: capacityId D:\xampp\htdocs\Jzc\Application\Home\Controller\ShopController.class.php 第 446 行.
NOTIC: [8] Undefined index: norms D:\xampp\htdocs\Jzc\Application\Home\Controller\ShopController.class.php 第 448 行.
NOTIC: [8192] mysql_connect(): The mysql extension is deprecated and will be removed in the future: use mysqli or PDO instead D:\xampp\htdocs\Jzc\ThinkPHP\Library\Think\Db\Driver\Mysql.class.php 第 52 行.
SQL: SHOW COLUMNS FROM `yaj_goodsconfig` [ RunTime:0.007000s ]
SQL: SELECT `price`,`stock`,`productimg` FROM `yaj_goodsconfig` WHERE `gid` = 2 LIMIT 1   [ RunTime:0.006000s ]
INFO: [ app_end ] --START--
INFO: Run Behavior\ShowPageTraceBehavior [ RunTime:0.010000s ]
INFO: [ app_end ] --END-- [ RunTime:0.010000s ]

[ 2017-12-06T15:50:22+08:00 ] ::1 /Jzc/index.php/Home/shop/selected
INFO: [ app_init ] --START--
INFO: Run Behavior\BuildLiteBehavior [ RunTime:0.000000s ]
INFO: [ app_init ] --END-- [ RunTime:0.000000s ]
INFO: [ app_begin ] --START--
INFO: Run Behavior\ReadHtmlCacheBehavior [ RunTime:0.000000s ]
INFO: [ app_begin ] --END-- [ RunTime:0.000000s ]
NOTIC: [8] Undefined index: colorId D:\xampp\htdocs\Jzc\Application\Home\Controller\ShopController.class.php 第 442 行.
NOTIC: [8] Undefined index: standardId D:\xampp\htdocs\Jzc\Application\Home\Controller\ShopController.class.php 第 445 行.
NOTIC: [8] Undefined index: capacityId D:\xampp\htdocs\Jzc\Application\Home\Controller\ShopController.class.php 第 446 行.
NOTIC: [8] Undefined index: norms D:\xampp\htdocs\Jzc\Application\Home\Controller\ShopController.class.php 第 448 行.
NOTIC: [8192] mysql_connect(): The mysql extension is deprecated and will be removed in the future: use mysqli or PDO instead D:\xampp\htdocs\Jzc\ThinkPHP\Library\Think\Db\Driver\Mysql.class.php 第 52 行.
SQL: SHOW COLUMNS FROM `yaj_goodsconfig` [ RunTime:0.008000s ]
SQL: SELECT `price`,`stock`,`productimg` FROM `yaj_goodsconfig` WHERE `gid` = 2 LIMIT 1   [ RunTime:0.010000s ]
INFO: [ app_end ] --START--
INFO: Run Behavior\ShowPageTraceBehavior [ RunTime:0.001000s ]
INFO: [ app_end ] --END-- [ RunTime:0.002000s ]

[ 2017-12-06T15:50:28+08:00 ] ::1 /Jzc/index.php/Home/share/share_show
INFO: [ app_init ] --START--
INFO: Run Behavior\BuildLiteBehavior [ RunTime:0.000000s ]
INFO: [ app_init ] --END-- [ RunTime:0.001000s ]
INFO: [ app_begin ] --START--
INFO: Run Behavior\ReadHtmlCacheBehavior [ RunTime:0.001000s ]
INFO: [ app_begin ] --END-- [ RunTime:0.001000s ]
NOTIC: [8] Undefined index: search D:\xampp\htdocs\Jzc\Application\Home\Controller\ShareController.class.php 第 76 行.
NOTIC: [8192] mysql_connect(): The mysql extension is deprecated and will be removed in the future: use mysqli or PDO instead D:\xampp\htdocs\Jzc\ThinkPHP\Library\Think\Db\Driver\Mysql.class.php 第 52 行.
SQL: SHOW COLUMNS FROM `yaj_share_calssify` [ RunTime:0.007000s ]
SQL: SELECT `type` FROM `yaj_share_calssify` WHERE `name` = '问答' LIMIT 1   [ RunTime:0.008000s ]
SQL: SHOW COLUMNS FROM `yaj_share` [ RunTime:0.007000s ]
SQL: SELECT `id`,`uid`,`title`,`content`,`addtime`,`label`,`type`,`praise`,`help` FROM `yaj_share` WHERE `type` = '4' ORDER BY addtime desc LIMIT 0,5   [ RunTime:0.008000s ]
SQL: SHOW COLUMNS FROM `yaj_user` [ RunTime:0.007000s ]
SQL: SELECT `username`,`userpic`,`type` FROM `yaj_user` WHERE `id` = 28 LIMIT 1   [ RunTime:0.009000s ]
SQL: SHOW COLUMNS FROM `yaj_share_img` [ RunTime:0.007000s ]
SQL: SELECT `id` FROM `yaj_share_img` WHERE `pid` = 10 LIMIT 1   [ RunTime:0.006000s ]
SQL: SELECT `img` FROM `yaj_share_img` WHERE `pid` = 10 AND `type` = 1  [ RunTime:0.007000s ]
SQL: SELECT COUNT(*) AS tp_count FROM `yaj_share_img` WHERE `pid` = 10 AND `type` = 1 LIMIT 1   [ RunTime:0.007000s ]
SQL: SELECT `username`,`userpic`,`type` FROM `yaj_user` WHERE `id` = 28 LIMIT 1   [ RunTime:0.009000s ]
SQL: SELECT `id` FROM `yaj_share_img` WHERE `pid` = 9 LIMIT 1   [ RunTime:0.007000s ]
SQL: SELECT `img` FROM `yaj_share_img` WHERE `pid` = 9 AND `type` = 1  [ RunTime:0.009000s ]
SQL: SELECT COUNT(*) AS tp_count FROM `yaj_share_img` WHERE `pid` = 9 AND `type` = 1 LIMIT 1   [ RunTime:0.007000s ]
SQL: SELECT `username`,`userpic`,`type` FROM `yaj_user` WHERE `id` = 28 LIMIT 1   [ RunTime:0.008000s ]
SQL: SELECT `id` FROM `yaj_share_img` WHERE `pid` = 8 LIMIT 1   [ RunTime:0.006000s ]
SQL: SELECT `img` FROM `yaj_share_img` WHERE `pid` = 8 AND `type` = 1  [ RunTime:0.010000s ]
SQL: SELECT COUNT(*) AS tp_count FROM `yaj_share_img` WHERE `pid` = 8 AND `type` = 1 LIMIT 1   [ RunTime:0.007000s ]
SQL: SELECT `username`,`userpic`,`type` FROM `yaj_user` WHERE `id` = 28 LIMIT 1   [ RunTime:0.007000s ]
SQL: SELECT `id` FROM `yaj_share_img` WHERE `pid` = 7 LIMIT 1   [ RunTime:0.016000s ]
SQL: SELECT `img` FROM `yaj_share_img` WHERE `pid` = 7 AND `type` = 1  [ RunTime:0.007000s ]
SQL: SELECT COUNT(*) AS tp_count FROM `yaj_share_img` WHERE `pid` = 7 AND `type` = 1 LIMIT 1   [ RunTime:0.009000s ]
INFO: [ app_end ] --START--
INFO: Run Behavior\ShowPageTraceBehavior [ RunTime:0.001000s ]
INFO: [ app_end ] --END-- [ RunTime:0.001000s ]

[ 2017-12-06T15:50:35+08:00 ] ::1 /Jzc/index.php/Home/share/share_show
INFO: [ app_init ] --START--
INFO: Run Behavior\BuildLiteBehavior [ RunTime:0.000000s ]
INFO: [ app_init ] --END-- [ RunTime:0.000000s ]
INFO: [ app_begin ] --START--
INFO: Run Behavior\ReadHtmlCacheBehavior [ RunTime:0.001000s ]
INFO: [ app_begin ] --END-- [ RunTime:0.001000s ]
NOTIC: [8] Undefined index: search D:\xampp\htdocs\Jzc\Application\Home\Controller\ShareController.class.php 第 76 行.
NOTIC: [8192] mysql_connect(): The mysql extension is deprecated and will be removed in the future: use mysqli or PDO instead D:\xampp\htdocs\Jzc\ThinkPHP\Library\Think\Db\Driver\Mysql.class.php 第 52 行.
SQL: SHOW COLUMNS FROM `yaj_share_calssify` [ RunTime:0.007000s ]
SQL: SELECT `type` FROM `yaj_share_calssify` WHERE `name` = '问答' LIMIT 1   [ RunTime:0.006000s ]
SQL: SHOW COLUMNS FROM `yaj_share` [ RunTime:0.007000s ]
SQL: SELECT `id`,`uid`,`title`,`content`,`addtime`,`label`,`type`,`praise`,`help` FROM `yaj_share` WHERE `type` = '4' ORDER BY addtime desc LIMIT 0,5   [ RunTime:0.006000s ]
SQL: SHOW COLUMNS FROM `yaj_user` [ RunTime:0.006000s ]
SQL: SELECT `username`,`userpic`,`type` FROM `yaj_user` WHERE `id` = 28 LIMIT 1   [ RunTime:0.007000s ]
SQL: SHOW COLUMNS FROM `yaj_share_img` [ RunTime:0.012000s ]
SQL: SELECT `id` FROM `yaj_share_img` WHERE `pid` = 10 LIMIT 1   [ RunTime:0.005000s ]
SQL: SELECT `img` FROM `yaj_share_img` WHERE `pid` = 10 AND `type` = 1  [ RunTime:0.029000s ]
SQL: SELECT COUNT(*) AS tp_count FROM `yaj_share_img` WHERE `pid` = 10 AND `type` = 1 LIMIT 1   [ RunTime:0.012000s ]
SQL: SELECT `username`,`userpic`,`type` FROM `yaj_user` WHERE `id` = 28 LIMIT 1   [ RunTime:0.006000s ]
SQL: SELECT `id` FROM `yaj_share_img` WHERE `pid` = 9 LIMIT 1   [ RunTime:0.007000s ]
SQL: SELECT `img` FROM `yaj_share_img` WHERE `pid` = 9 AND `type` = 1  [ RunTime:0.005000s ]
SQL: SELECT COUNT(*) AS tp_count FROM `yaj_share_img` WHERE `pid` = 9 AND `type` = 1 LIMIT 1   [ RunTime:0.006000s ]
SQL: SELECT `username`,`userpic`,`type` FROM `yaj_user` WHERE `id` = 28 LIMIT 1   [ RunTime:0.005000s ]
SQL: SELECT `id` FROM `yaj_share_img` WHERE `pid` = 8 LIMIT 1   [ RunTime:0.015000s ]
SQL: SELECT `img` FROM `yaj_share_img` WHERE `pid` = 8 AND `type` = 1  [ RunTime:0.005000s ]
SQL: SELECT COUNT(*) AS tp_count FROM `yaj_share_img` WHERE `pid` = 8 AND `type` = 1 LIMIT 1   [ RunTime:0.006000s ]
SQL: SELECT `username`,`userpic`,`type` FROM `yaj_user` WHERE `id` = 28 LIMIT 1   [ RunTime:0.006000s ]
SQL: SELECT `id` FROM `yaj_share_img` WHERE `pid` = 7 LIMIT 1   [ RunTime:0.006000s ]
SQL: SELECT `img` FROM `yaj_share_img` WHERE `pid` = 7 AND `type` = 1  [ RunTime:0.010000s ]
SQL: SELECT COUNT(*) AS tp_count FROM `yaj_share_img` WHERE `pid` = 7 AND `type` = 1 LIMIT 1   [ RunTime:0.006000s ]
INFO: [ app_end ] --START--
INFO: Run Behavior\ShowPageTraceBehavior [ RunTime:0.001000s ]
INFO: [ app_end ] --END-- [ RunTime:0.001000s ]

[ 2017-12-06T15:51:51+08:00 ] ::1 /Jzc/index.php/Home/share/share_show
INFO: [ app_init ] --START--
INFO: Run Behavior\BuildLiteBehavior [ RunTime:0.000000s ]
INFO: [ app_init ] --END-- [ RunTime:0.000000s ]
INFO: [ app_begin ] --START--
INFO: Run Behavior\ReadHtmlCacheBehavior [ RunTime:0.001000s ]
INFO: [ app_begin ] --END-- [ RunTime:0.001000s ]
NOTIC: [8] Undefined index: search D:\xampp\htdocs\Jzc\Application\Home\Controller\ShareController.class.php 第 76 行.
NOTIC: [8192] mysql_connect(): The mysql extension is deprecated and will be removed in the future: use mysqli or PDO instead D:\xampp\htdocs\Jzc\ThinkPHP\Library\Think\Db\Driver\Mysql.class.php 第 52 行.
SQL: SHOW COLUMNS FROM `yaj_share_calssify` [ RunTime:0.005000s ]
SQL: SELECT `type` FROM `yaj_share_calssify` WHERE `name` = '问答' LIMIT 1   [ RunTime:0.006000s ]
SQL: SHOW COLUMNS FROM `yaj_share` [ RunTime:0.007000s ]
SQL: SELECT `id`,`uid`,`title`,`content`,`addtime`,`label`,`type`,`praise`,`help` FROM `yaj_share` WHERE `type` = '4' ORDER BY addtime desc LIMIT 270,5   [ RunTime:0.007000s ]
NOTIC: [2] Invalid argument supplied for foreach() D:\xampp\htdocs\Jzc\Application\Home\Controller\ShareController.class.php 第 143 行.
NOTIC: [2] Invalid argument supplied for foreach() D:\xampp\htdocs\Jzc\Application\Home\Controller\ShareController.class.php 第 149 行.
INFO: [ app_end ] --START--
INFO: Run Behavior\ShowPageTraceBehavior [ RunTime:0.001000s ]
INFO: [ app_end ] --END-- [ RunTime:0.001000s ]

[ 2017-12-06T15:52:41+08:00 ] ::1 /Jzc/index.php/Home/share/share_show
INFO: [ app_init ] --START--
INFO: Run Behavior\BuildLiteBehavior [ RunTime:0.000000s ]
INFO: [ app_init ] --END-- [ RunTime:0.000000s ]
INFO: [ app_begin ] --START--
INFO: Run Behavior\ReadHtmlCacheBehavior [ RunTime:0.001000s ]
INFO: [ app_begin ] --END-- [ RunTime:0.001000s ]
NOTIC: [8] Undefined index: search D:\xampp\htdocs\Jzc\Application\Home\Controller\ShareController.class.php 第 76 行.
NOTIC: [8192] mysql_connect(): The mysql extension is deprecated and will be removed in the future: use mysqli or PDO instead D:\xampp\htdocs\Jzc\ThinkPHP\Library\Think\Db\Driver\Mysql.class.php 第 52 行.
SQL: SHOW COLUMNS FROM `yaj_share_calssify` [ RunTime:0.007000s ]
SQL: SELECT `type` FROM `yaj_share_calssify` WHERE `name` = '问答' LIMIT 1   [ RunTime:0.006000s ]
SQL: SHOW COLUMNS FROM `yaj_share` [ RunTime:0.007000s ]
SQL: SELECT `id`,`uid`,`title`,`content`,`addtime`,`label`,`type`,`praise`,`help` FROM `yaj_share` WHERE `type` = '4' ORDER BY addtime desc LIMIT 270,5   [ RunTime:0.012000s ]
NOTIC: [2] Invalid argument supplied for foreach() D:\xampp\htdocs\Jzc\Application\Home\Controller\ShareController.class.php 第 143 行.
NOTIC: [2] Invalid argument supplied for foreach() D:\xampp\htdocs\Jzc\Application\Home\Controller\ShareController.class.php 第 149 行.
INFO: [ app_end ] --START--
INFO: Run Behavior\ShowPageTraceBehavior [ RunTime:0.002000s ]
INFO: [ app_end ] --END-- [ RunTime:0.002000s ]

[ 2017-12-06T15:57:35+08:00 ] ::1 /Jzc/index.php/Home/share/share_show
INFO: [ app_init ] --START--
INFO: Run Behavior\BuildLiteBehavior [ RunTime:0.000000s ]
INFO: [ app_init ] --END-- [ RunTime:0.000000s ]
INFO: [ app_begin ] --START--
INFO: Run Behavior\ReadHtmlCacheBehavior [ RunTime:0.000000s ]
INFO: [ app_begin ] --END-- [ RunTime:0.000000s ]
NOTIC: [8] Undefined index: search D:\xampp\htdocs\Jzc\Application\Home\Controller\ShareController.class.php 第 76 行.
NOTIC: [8192] mysql_connect(): The mysql extension is deprecated and will be removed in the future: use mysqli or PDO instead D:\xampp\htdocs\Jzc\ThinkPHP\Library\Think\Db\Driver\Mysql.class.php 第 52 行.
SQL: SHOW COLUMNS FROM `yaj_share_calssify` [ RunTime:0.007000s ]
SQL: SELECT `type` FROM `yaj_share_calssify` WHERE `name` = '问答' LIMIT 1   [ RunTime:0.006000s ]
SQL: SHOW COLUMNS FROM `yaj_share` [ RunTime:0.006000s ]
SQL: SELECT `id`,`uid`,`title`,`content`,`addtime`,`label`,`type`,`praise`,`help` FROM `yaj_share` WHERE `type` = '4' ORDER BY addtime desc LIMIT 5,5   [ RunTime:0.006000s ]
NOTIC: [2] Invalid argument supplied for foreach() D:\xampp\htdocs\Jzc\Application\Home\Controller\ShareController.class.php 第 143 行.
NOTIC: [2] Invalid argument supplied for foreach() D:\xampp\htdocs\Jzc\Application\Home\Controller\ShareController.class.php 第 149 行.
INFO: [ app_end ] --START--
INFO: Run Behavior\ShowPageTraceBehavior [ RunTime:0.001000s ]
INFO: [ app_end ] --END-- [ RunTime:0.002000s ]

[ 2017-12-06T16:03:57+08:00 ] ::1 /Jzc/index.php/Home/share/share_show
INFO: [ app_init ] --START--
INFO: Run Behavior\BuildLiteBehavior [ RunTime:0.000000s ]
INFO: [ app_init ] --END-- [ RunTime:0.000000s ]
INFO: [ app_begin ] --START--
INFO: Run Behavior\ReadHtmlCacheBehavior [ RunTime:0.000000s ]
INFO: [ app_begin ] --END-- [ RunTime:0.000000s ]
NOTIC: [8] Undefined index: search D:\xampp\htdocs\Jzc\Application\Home\Controller\ShareController.class.php 第 76 行.
NOTIC: [8192] mysql_connect(): The mysql extension is deprecated and will be removed in the future: use mysqli or PDO instead D:\xampp\htdocs\Jzc\ThinkPHP\Library\Think\Db\Driver\Mysql.class.php 第 52 行.
SQL: SHOW COLUMNS FROM `yaj_share_calssify` [ RunTime:0.008000s ]
SQL: SELECT `type` FROM `yaj_share_calssify` WHERE `name` = '我的关注' LIMIT 1   [ RunTime:0.006000s ]
SQL: SHOW COLUMNS FROM `yaj_share_collect` [ RunTime:0.007000s ]
SQL: SELECT `collect_id` FROM `yaj_share_collect` WHERE `uid` = 22 AND `type` = 3 ORDER BY addtime desc  [ RunTime:0.006000s ]
SQL: SHOW COLUMNS FROM `yaj_share` [ RunTime:0.007000s ]
SQL: SELECT `id`,`uid`,`title`,`content`,`addtime`,`label`,`type`,`praise`,`help` FROM `yaj_share` WHERE `id` = 4 ORDER BY addtime desc LIMIT 20,5   [ RunTime:0.009000s ]
SQL: SELECT `id`,`uid`,`title`,`content`,`addtime`,`label`,`type`,`praise`,`help` FROM `yaj_share` WHERE `id` = 3 ORDER BY addtime desc LIMIT 20,5   [ RunTime:0.006000s ]
SQL: SHOW COLUMNS FROM `yaj_user` [ RunTime:0.008000s ]
NOTIC: [8] Undefined index: uid D:\xampp\htdocs\Jzc\Application\Home\Controller\ShareController.class.php 第 150 行.
SQL: SELECT `username`,`userpic`,`type` FROM `yaj_user` WHERE `id` = null LIMIT 1   [ RunTime:0.006000s ]
SQL: SHOW COLUMNS FROM `yaj_share_img` [ RunTime:0.009000s ]
NOTIC: [8] Undefined index: id D:\xampp\htdocs\Jzc\Application\Home\Controller\ShareController.class.php 第 154 行.
SQL: SELECT `id` FROM `yaj_share_img` WHERE `pid` = null LIMIT 1   [ RunTime:0.007000s ]
NOTIC: [8] Undefined index: id D:\xampp\htdocs\Jzc\Application\Home\Controller\ShareController.class.php 第 160 行.
SQL: SELECT `img` FROM `yaj_share_img` WHERE `pid` = null AND `type` = 1  [ RunTime:0.006000s ]
NOTIC: [8] Undefined index: id D:\xampp\htdocs\Jzc\Application\Home\Controller\ShareController.class.php 第 161 行.
SQL: SELECT COUNT(*) AS tp_count FROM `yaj_share_img` WHERE `pid` = null AND `type` = 1 LIMIT 1   [ RunTime:0.007000s ]
NOTIC: [8] Undefined index: uid D:\xampp\htdocs\Jzc\Application\Home\Controller\ShareController.class.php 第 150 行.
SQL: SELECT `username`,`userpic`,`type` FROM `yaj_user` WHERE `id` = null LIMIT 1   [ RunTime:0.006000s ]
NOTIC: [8] Undefined index: id D:\xampp\htdocs\Jzc\Application\Home\Controller\ShareController.class.php 第 154 行.
SQL: SELECT `id` FROM `yaj_share_img` WHERE `pid` = null LIMIT 1   [ RunTime:0.006000s ]
NOTIC: [8] Undefined index: id D:\xampp\htdocs\Jzc\Application\Home\Controller\ShareController.class.php 第 160 行.
SQL: SELECT `img` FROM `yaj_share_img` WHERE `pid` = null AND `type` = 1  [ RunTime:0.007000s ]
NOTIC: [8] Undefined index: id D:\xampp\htdocs\Jzc\Application\Home\Controller\ShareController.class.php 第 161 行.
SQL: SELECT COUNT(*) AS tp_count FROM `yaj_share_img` WHERE `pid` = null AND `type` = 1 LIMIT 1   [ RunTime:0.006000s ]
INFO: [ app_end ] --START--
INFO: Run Behavior\ShowPageTraceBehavior [ RunTime:0.001000s ]
INFO: [ app_end ] --END-- [ RunTime:0.001000s ]

[ 2017-12-06T16:04:44+08:00 ] ::1 /Jzc/index.php/Home/share/share_show
INFO: [ app_init ] --START--
INFO: Run Behavior\BuildLiteBehavior [ RunTime:0.000000s ]
INFO: [ app_init ] --END-- [ RunTime:0.001000s ]
INFO: [ app_begin ] --START--
INFO: Run Behavior\ReadHtmlCacheBehavior [ RunTime:0.001000s ]
INFO: [ app_begin ] --END-- [ RunTime:0.001000s ]
NOTIC: [8] Undefined index: search D:\xampp\htdocs\Jzc\Application\Home\Controller\ShareController.class.php 第 76 行.
NOTIC: [8192] mysql_connect(): The mysql extension is deprecated and will be removed in the future: use mysqli or PDO instead D:\xampp\htdocs\Jzc\ThinkPHP\Library\Think\Db\Driver\Mysql.class.php 第 52 行.
SQL: SHOW COLUMNS FROM `yaj_share_calssify` [ RunTime:0.006000s ]
SQL: SELECT `type` FROM `yaj_share_calssify` WHERE `name` = '我的关注' LIMIT 1   [ RunTime:0.005000s ]
SQL: SHOW COLUMNS FROM `yaj_share_collect` [ RunTime:0.007000s ]
SQL: SELECT `collect_id` FROM `yaj_share_collect` WHERE `uid` = 22 AND `type` = 3 ORDER BY addtime desc  [ RunTime:0.006000s ]

[ 2017-12-06T16:06:25+08:00 ] ::1 /Jzc/index.php/Home/share/share_show
INFO: [ app_init ] --START--
INFO: Run Behavior\BuildLiteBehavior [ RunTime:0.000000s ]
INFO: [ app_init ] --END-- [ RunTime:0.000000s ]
INFO: [ app_begin ] --START--
INFO: Run Behavior\ReadHtmlCacheBehavior [ RunTime:0.000000s ]
INFO: [ app_begin ] --END-- [ RunTime:0.000000s ]
NOTIC: [8] Undefined index: search D:\xampp\htdocs\Jzc\Application\Home\Controller\ShareController.class.php 第 76 行.
NOTIC: [8192] mysql_connect(): The mysql extension is deprecated and will be removed in the future: use mysqli or PDO instead D:\xampp\htdocs\Jzc\ThinkPHP\Library\Think\Db\Driver\Mysql.class.php 第 52 行.
SQL: SHOW COLUMNS FROM `yaj_share_calssify` [ RunTime:0.007000s ]
SQL: SELECT `type` FROM `yaj_share_calssify` WHERE `name` = '我的关注' LIMIT 1   [ RunTime:0.006000s ]
SQL: SHOW COLUMNS FROM `yaj_share_collect` [ RunTime:0.007000s ]
SQL: SELECT `collect_id` FROM `yaj_share_collect` WHERE `uid` = 22 AND `type` = 3 ORDER BY addtime desc  [ RunTime:0.006000s ]
SQL: SHOW COLUMNS FROM `yaj_share` [ RunTime:0.007000s ]
SQL: SELECT `id`,`uid`,`title`,`content`,`addtime`,`label`,`type`,`praise`,`help` FROM `yaj_share` WHERE `id` = 4 ORDER BY addtime desc LIMIT 20,5   [ RunTime:0.006000s ]
SQL: SELECT `id`,`uid`,`title`,`content`,`addtime`,`label`,`type`,`praise`,`help` FROM `yaj_share` WHERE `id` = 3 ORDER BY addtime desc LIMIT 20,5   [ RunTime:0.007000s ]
SQL: SHOW COLUMNS FROM `yaj_user` [ RunTime:0.014000s ]
NOTIC: [8] Undefined index: uid D:\xampp\htdocs\Jzc\Application\Home\Controller\ShareController.class.php 第 150 行.
SQL: SELECT `username`,`userpic`,`type` FROM `yaj_user` WHERE `id` = null LIMIT 1   [ RunTime:0.006000s ]
SQL: SHOW COLUMNS FROM `yaj_share_img` [ RunTime:0.007000s ]
NOTIC: [8] Undefined index: id D:\xampp\htdocs\Jzc\Application\Home\Controller\ShareController.class.php 第 154 行.
SQL: SELECT `id` FROM `yaj_share_img` WHERE `pid` = null LIMIT 1   [ RunTime:0.006000s ]
NOTIC: [8] Undefined index: id D:\xampp\htdocs\Jzc\Application\Home\Controller\ShareController.class.php 第 160 行.
SQL: SELECT `img` FROM `yaj_share_img` WHERE `pid` = null AND `type` = 1  [ RunTime:0.006000s ]
NOTIC: [8] Undefined index: id D:\xampp\htdocs\Jzc\Application\Home\Controller\ShareController.class.php 第 161 行.
SQL: SELECT COUNT(*) AS tp_count FROM `yaj_share_img` WHERE `pid` = null AND `type` = 1 LIMIT 1   [ RunTime:0.007000s ]
NOTIC: [8] Undefined index: uid D:\xampp\htdocs\Jzc\Application\Home\Controller\ShareController.class.php 第 150 行.
SQL: SELECT `username`,`userpic`,`type` FROM `yaj_user` WHERE `id` = null LIMIT 1   [ RunTime:0.007000s ]
NOTIC: [8] Undefined index: id D:\xampp\htdocs\Jzc\Application\Home\Controller\ShareController.class.php 第 154 行.
SQL: SELECT `id` FROM `yaj_share_img` WHERE `pid` = null LIMIT 1   [ RunTime:0.006000s ]
NOTIC: [8] Undefined index: id D:\xampp\htdocs\Jzc\Application\Home\Controller\ShareController.class.php 第 160 行.
SQL: SELECT `img` FROM `yaj_share_img` WHERE `pid` = null AND `type` = 1  [ RunTime:0.007000s ]
NOTIC: [8] Undefined index: id D:\xampp\htdocs\Jzc\Application\Home\Controller\ShareController.class.php 第 161 行.
SQL: SELECT COUNT(*) AS tp_count FROM `yaj_share_img` WHERE `pid` = null AND `type` = 1 LIMIT 1   [ RunTime:0.006000s ]
INFO: [ app_end ] --START--
INFO: Run Behavior\ShowPageTraceBehavior [ RunTime:0.001000s ]
INFO: [ app_end ] --END-- [ RunTime:0.001000s ]

[ 2017-12-06T16:07:08+08:00 ] ::1 /Jzc/index.php/Home/share/share_show
INFO: [ app_init ] --START--
INFO: Run Behavior\BuildLiteBehavior [ RunTime:0.000000s ]
INFO: [ app_init ] --END-- [ RunTime:0.000000s ]
INFO: [ app_begin ] --START--
INFO: Run Behavior\ReadHtmlCacheBehavior [ RunTime:0.001000s ]
INFO: [ app_begin ] --END-- [ RunTime:0.001000s ]
NOTIC: [8] Undefined index: search D:\xampp\htdocs\Jzc\Application\Home\Controller\ShareController.class.php 第 76 行.
NOTIC: [8192] mysql_connect(): The mysql extension is deprecated and will be removed in the future: use mysqli or PDO instead D:\xampp\htdocs\Jzc\ThinkPHP\Library\Think\Db\Driver\Mysql.class.php 第 52 行.
SQL: SHOW COLUMNS FROM `yaj_share_calssify` [ RunTime:0.008000s ]
SQL: SELECT `type` FROM `yaj_share_calssify` WHERE `name` = '我的关注' LIMIT 1   [ RunTime:0.007000s ]
SQL: SHOW COLUMNS FROM `yaj_share_collect` [ RunTime:0.018000s ]
SQL: SELECT `collect_id` FROM `yaj_share_collect` WHERE `uid` = 22 AND `type` = 3 ORDER BY addtime desc  [ RunTime:0.011000s ]
SQL: SHOW COLUMNS FROM `yaj_share` [ RunTime:0.007000s ]
SQL: SELECT `id`,`uid`,`title`,`content`,`addtime`,`label`,`type`,`praise`,`help` FROM `yaj_share` WHERE `id` = 4 ORDER BY addtime desc LIMIT 20,5   [ RunTime:0.008000s ]
SQL: SELECT `id`,`uid`,`title`,`content`,`addtime`,`label`,`type`,`praise`,`help` FROM `yaj_share` WHERE `id` = 3 ORDER BY addtime desc LIMIT 20,5   [ RunTime:0.006000s ]

[ 2017-12-06T16:08:00+08:00 ] ::1 /Jzc/index.php/Home/share/share_show
INFO: [ app_init ] --START--
INFO: Run Behavior\BuildLiteBehavior [ RunTime:0.000000s ]
INFO: [ app_init ] --END-- [ RunTime:0.000000s ]
INFO: [ app_begin ] --START--
INFO: Run Behavior\ReadHtmlCacheBehavior [ RunTime:0.000000s ]
INFO: [ app_begin ] --END-- [ RunTime:0.000000s ]
NOTIC: [8] Undefined index: search D:\xampp\htdocs\Jzc\Application\Home\Controller\ShareController.class.php 第 76 行.
NOTIC: [8192] mysql_connect(): The mysql extension is deprecated and will be removed in the future: use mysqli or PDO instead D:\xampp\htdocs\Jzc\ThinkPHP\Library\Think\Db\Driver\Mysql.class.php 第 52 行.
SQL: SHOW COLUMNS FROM `yaj_share_calssify` [ RunTime:0.006000s ]
SQL: SELECT `type` FROM `yaj_share_calssify` WHERE `name` = '我的关注' LIMIT 1   [ RunTime:0.005000s ]
SQL: SHOW COLUMNS FROM `yaj_share_collect` [ RunTime:0.008000s ]
SQL: SELECT `collect_id` FROM `yaj_share_collect` WHERE `uid` = 22 AND `type` = 3 ORDER BY addtime desc  [ RunTime:0.006000s ]
SQL: SHOW COLUMNS FROM `yaj_share` [ RunTime:0.005000s ]
SQL: SELECT `id`,`uid`,`title`,`content`,`addtime`,`label`,`type`,`praise`,`help` FROM `yaj_share` WHERE `id` = 4 ORDER BY addtime desc LIMIT 20,5   [ RunTime:0.005000s ]
SQL: SELECT `id`,`uid`,`title`,`content`,`addtime`,`label`,`type`,`praise`,`help` FROM `yaj_share` WHERE `id` = 3 ORDER BY addtime desc LIMIT 20,5   [ RunTime:0.010000s ]

[ 2017-12-06T16:08:18+08:00 ] ::1 /Jzc/index.php/Home/share/share_show
INFO: [ app_init ] --START--
INFO: Run Behavior\BuildLiteBehavior [ RunTime:0.000000s ]
INFO: [ app_init ] --END-- [ RunTime:0.000000s ]
INFO: [ app_begin ] --START--
INFO: Run Behavior\ReadHtmlCacheBehavior [ RunTime:0.000000s ]
INFO: [ app_begin ] --END-- [ RunTime:0.000000s ]
NOTIC: [8] Undefined index: search D:\xampp\htdocs\Jzc\Application\Home\Controller\ShareController.class.php 第 76 行.
NOTIC: [8192] mysql_connect(): The mysql extension is deprecated and will be removed in the future: use mysqli or PDO instead D:\xampp\htdocs\Jzc\ThinkPHP\Library\Think\Db\Driver\Mysql.class.php 第 52 行.
SQL: SHOW COLUMNS FROM `yaj_share_calssify` [ RunTime:0.006000s ]
SQL: SELECT `type` FROM `yaj_share_calssify` WHERE `name` = '我的关注' LIMIT 1   [ RunTime:0.007000s ]
SQL: SHOW COLUMNS FROM `yaj_share_collect` [ RunTime:0.006000s ]
SQL: SELECT `collect_id` FROM `yaj_share_collect` WHERE `uid` = 22 AND `type` = 3 ORDER BY addtime desc  [ RunTime:0.006000s ]
SQL: SHOW COLUMNS FROM `yaj_share` [ RunTime:0.006000s ]
SQL: SELECT `id`,`uid`,`title`,`content`,`addtime`,`label`,`type`,`praise`,`help` FROM `yaj_share` WHERE `id` = 4 ORDER BY addtime desc LIMIT 20,5   [ RunTime:0.009000s ]
SQL: SELECT `id`,`uid`,`title`,`content`,`addtime`,`label`,`type`,`praise`,`help` FROM `yaj_share` WHERE `id` = 3 ORDER BY addtime desc LIMIT 20,5   [ RunTime:0.008000s ]

[ 2017-12-06T16:11:28+08:00 ] ::1 /Jzc/index.php/Home/share/share_show
INFO: [ app_init ] --START--
INFO: Run Behavior\BuildLiteBehavior [ RunTime:0.000000s ]
INFO: [ app_init ] --END-- [ RunTime:0.001000s ]
INFO: [ app_begin ] --START--
INFO: Run Behavior\ReadHtmlCacheBehavior [ RunTime:0.000000s ]
INFO: [ app_begin ] --END-- [ RunTime:0.000000s ]
NOTIC: [8] Undefined index: search D:\xampp\htdocs\Jzc\Application\Home\Controller\ShareController.class.php 第 76 行.
NOTIC: [8192] mysql_connect(): The mysql extension is deprecated and will be removed in the future: use mysqli or PDO instead D:\xampp\htdocs\Jzc\ThinkPHP\Library\Think\Db\Driver\Mysql.class.php 第 52 行.
SQL: SHOW COLUMNS FROM `yaj_share_calssify` [ RunTime:0.006000s ]
SQL: SELECT `type` FROM `yaj_share_calssify` WHERE `name` = '我的关注' LIMIT 1   [ RunTime:0.007000s ]
SQL: SHOW COLUMNS FROM `yaj_share_collect` [ RunTime:0.008000s ]
SQL: SELECT `collect_id` FROM `yaj_share_collect` WHERE `uid` = 22 AND `type` = 3 ORDER BY addtime desc  [ RunTime:0.006000s ]
SQL: SHOW COLUMNS FROM `yaj_share` [ RunTime:0.008000s ]
SQL: SELECT `id`,`uid`,`title`,`content`,`addtime`,`label`,`type`,`praise`,`help` FROM `yaj_share` WHERE `id` = 4 ORDER BY addtime desc LIMIT 20,5   [ RunTime:0.007000s ]
SQL: SELECT `id`,`uid`,`title`,`content`,`addtime`,`label`,`type`,`praise`,`help` FROM `yaj_share` WHERE `id` = 3 ORDER BY addtime desc LIMIT 20,5   [ RunTime:0.007000s ]

[ 2017-12-06T16:11:55+08:00 ] ::1 /Jzc/index.php/Home/share/share_show
INFO: [ app_init ] --START--
INFO: Run Behavior\BuildLiteBehavior [ RunTime:0.000000s ]
INFO: [ app_init ] --END-- [ RunTime:0.000000s ]
INFO: [ app_begin ] --START--
INFO: Run Behavior\ReadHtmlCacheBehavior [ RunTime:0.001000s ]
INFO: [ app_begin ] --END-- [ RunTime:0.001000s ]
NOTIC: [8] Undefined index: search D:\xampp\htdocs\Jzc\Application\Home\Controller\ShareController.class.php 第 76 行.
NOTIC: [8192] mysql_connect(): The mysql extension is deprecated and will be removed in the future: use mysqli or PDO instead D:\xampp\htdocs\Jzc\ThinkPHP\Library\Think\Db\Driver\Mysql.class.php 第 52 行.
SQL: SHOW COLUMNS FROM `yaj_share_calssify` [ RunTime:0.006000s ]
SQL: SELECT `type` FROM `yaj_share_calssify` WHERE `name` = '我的关注' LIMIT 1   [ RunTime:0.016000s ]
SQL: SHOW COLUMNS FROM `yaj_share_collect` [ RunTime:0.006000s ]
SQL: SELECT `collect_id` FROM `yaj_share_collect` WHERE `uid` = 22 AND `type` = 3 ORDER BY addtime desc  [ RunTime:0.005000s ]
SQL: SHOW COLUMNS FROM `yaj_share` [ RunTime:0.006000s ]
SQL: SELECT `id`,`uid`,`title`,`content`,`addtime`,`label`,`type`,`praise`,`help` FROM `yaj_share` WHERE `id` = 4 ORDER BY addtime desc LIMIT 20,5   [ RunTime:0.005000s ]
SQL: SELECT `id`,`uid`,`title`,`content`,`addtime`,`label`,`type`,`praise`,`help` FROM `yaj_share` WHERE `id` = 3 ORDER BY addtime desc LIMIT 20,5   [ RunTime:0.014000s ]

[ 2017-12-06T16:12:04+08:00 ] ::1 /Jzc/index.php/Home/share/share_show
INFO: [ app_init ] --START--
INFO: Run Behavior\BuildLiteBehavior [ RunTime:0.000000s ]
INFO: [ app_init ] --END-- [ RunTime:0.001000s ]
INFO: [ app_begin ] --START--
INFO: Run Behavior\ReadHtmlCacheBehavior [ RunTime:0.000000s ]
INFO: [ app_begin ] --END-- [ RunTime:0.000000s ]
NOTIC: [8] Undefined index: search D:\xampp\htdocs\Jzc\Application\Home\Controller\ShareController.class.php 第 76 行.
NOTIC: [8192] mysql_connect(): The mysql extension is deprecated and will be removed in the future: use mysqli or PDO instead D:\xampp\htdocs\Jzc\ThinkPHP\Library\Think\Db\Driver\Mysql.class.php 第 52 行.
SQL: SHOW COLUMNS FROM `yaj_share_calssify` [ RunTime:0.009000s ]
SQL: SELECT `type` FROM `yaj_share_calssify` WHERE `name` = '我的关注' LIMIT 1   [ RunTime:0.005000s ]
SQL: SHOW COLUMNS FROM `yaj_share_collect` [ RunTime:0.006000s ]
SQL: SELECT `collect_id` FROM `yaj_share_collect` WHERE `uid` = 22 AND `type` = 3 ORDER BY addtime desc  [ RunTime:0.006000s ]
SQL: SHOW COLUMNS FROM `yaj_share` [ RunTime:0.006000s ]
SQL: SELECT `id`,`uid`,`title`,`content`,`addtime`,`label`,`type`,`praise`,`help` FROM `yaj_share` WHERE `id` = 4 ORDER BY addtime desc LIMIT 20,5   [ RunTime:0.007000s ]
SQL: SELECT `id`,`uid`,`title`,`content`,`addtime`,`label`,`type`,`praise`,`help` FROM `yaj_share` WHERE `id` = 3 ORDER BY addtime desc LIMIT 20,5   [ RunTime:0.005000s ]

[ 2017-12-06T16:13:50+08:00 ] ::1 /Jzc/index.php/Home/share/share_show
INFO: [ app_init ] --START--
INFO: Run Behavior\BuildLiteBehavior [ RunTime:0.000000s ]
INFO: [ app_init ] --END-- [ RunTime:0.000000s ]
INFO: [ app_begin ] --START--
INFO: Run Behavior\ReadHtmlCacheBehavior [ RunTime:0.000000s ]
INFO: [ app_begin ] --END-- [ RunTime:0.000000s ]
NOTIC: [8] Undefined index: search D:\xampp\htdocs\Jzc\Application\Home\Controller\ShareController.class.php 第 76 行.
NOTIC: [8192] mysql_connect(): The mysql extension is deprecated and will be removed in the future: use mysqli or PDO instead D:\xampp\htdocs\Jzc\ThinkPHP\Library\Think\Db\Driver\Mysql.class.php 第 52 行.
SQL: SHOW COLUMNS FROM `yaj_share_calssify` [ RunTime:0.013000s ]
SQL: SELECT `type` FROM `yaj_share_calssify` WHERE `name` = '我的关注' LIMIT 1   [ RunTime:0.006000s ]
SQL: SHOW COLUMNS FROM `yaj_share_collect` [ RunTime:0.007000s ]
SQL: SELECT `collect_id` FROM `yaj_share_collect` WHERE `uid` = 22 AND `type` = 3 ORDER BY addtime desc  [ RunTime:0.005000s ]
SQL: SHOW COLUMNS FROM `yaj_share` [ RunTime:0.006000s ]
SQL: SELECT `id`,`uid`,`title`,`content`,`addtime`,`label`,`type`,`praise`,`help` FROM `yaj_share` WHERE `id` = 4 ORDER BY addtime desc LIMIT 20,5   [ RunTime:0.005000s ]
NOTIC: [2] array_filter() expects parameter 1 to be array, null given D:\xampp\htdocs\Jzc\Application\Home\Controller\ShareController.class.php 第 134 行.
SQL: SELECT `id`,`uid`,`title`,`content`,`addtime`,`label`,`type`,`praise`,`help` FROM `yaj_share` WHERE `id` = 3 ORDER BY addtime desc LIMIT 20,5   [ RunTime:0.006000s ]
NOTIC: [2] array_filter() expects parameter 1 to be array, null given D:\xampp\htdocs\Jzc\Application\Home\Controller\ShareController.class.php 第 134 行.

[ 2017-12-06T16:15:42+08:00 ] ::1 /Jzc/index.php/Home/share/share_show
INFO: [ app_init ] --START--
INFO: Run Behavior\BuildLiteBehavior [ RunTime:0.000000s ]
INFO: [ app_init ] --END-- [ RunTime:0.001000s ]
INFO: [ app_begin ] --START--
INFO: Run Behavior\ReadHtmlCacheBehavior [ RunTime:0.001000s ]
INFO: [ app_begin ] --END-- [ RunTime:0.001000s ]
NOTIC: [8] Undefined index: search D:\xampp\htdocs\Jzc\Application\Home\Controller\ShareController.class.php 第 76 行.
NOTIC: [8192] mysql_connect(): The mysql extension is deprecated and will be removed in the future: use mysqli or PDO instead D:\xampp\htdocs\Jzc\ThinkPHP\Library\Think\Db\Driver\Mysql.class.php 第 52 行.
SQL: SHOW COLUMNS FROM `yaj_share_calssify` [ RunTime:0.008000s ]
SQL: SELECT `type` FROM `yaj_share_calssify` WHERE `name` = '我的关注' LIMIT 1   [ RunTime:0.006000s ]
SQL: SHOW COLUMNS FROM `yaj_share_collect` [ RunTime:0.007000s ]
SQL: SELECT `collect_id` FROM `yaj_share_collect` WHERE `uid` = 22 AND `type` = 3 ORDER BY addtime desc  [ RunTime:0.005000s ]
SQL: SHOW COLUMNS FROM `yaj_share` [ RunTime:0.007000s ]
SQL: SELECT `id`,`uid`,`title`,`content`,`addtime`,`label`,`type`,`praise`,`help` FROM `yaj_share` WHERE `id` = 4 ORDER BY addtime desc LIMIT 20,5   [ RunTime:0.005000s ]
SQL: SELECT `id`,`uid`,`title`,`content`,`addtime`,`label`,`type`,`praise`,`help` FROM `yaj_share` WHERE `id` = 3 ORDER BY addtime desc LIMIT 20,5   [ RunTime:0.008000s ]
NOTIC: [8] Array to string conversion D:\xampp\htdocs\Jzc\Application\Home\Controller\ShareController.class.php 第 135 行.
NOTIC: [8] Undefined variable: Array D:\xampp\htdocs\Jzc\Application\Home\Controller\ShareController.class.php 第 135 行.
NOTIC: [2] array_filter() expects parameter 1 to be array, null given D:\xampp\htdocs\Jzc\Application\Home\Controller\ShareController.class.php 第 135 行.
NOTIC: [8] Array to string conversion D:\xampp\htdocs\Jzc\Application\Home\Controller\ShareController.class.php 第 135 行.

[ 2017-12-06T16:17:11+08:00 ] ::1 /Jzc/index.php/Home/share/share_show
INFO: [ app_init ] --START--
INFO: Run Behavior\BuildLiteBehavior [ RunTime:0.000000s ]
INFO: [ app_init ] --END-- [ RunTime:0.000000s ]
INFO: [ app_begin ] --START--
INFO: Run Behavior\ReadHtmlCacheBehavior [ RunTime:0.000000s ]
INFO: [ app_begin ] --END-- [ RunTime:0.000000s ]
NOTIC: [8] Undefined index: search D:\xampp\htdocs\Jzc\Application\Home\Controller\ShareController.class.php 第 76 行.
NOTIC: [8192] mysql_connect(): The mysql extension is deprecated and will be removed in the future: use mysqli or PDO instead D:\xampp\htdocs\Jzc\ThinkPHP\Library\Think\Db\Driver\Mysql.class.php 第 52 行.
SQL: SHOW COLUMNS FROM `yaj_share_calssify` [ RunTime:0.009000s ]
SQL: SELECT `type` FROM `yaj_share_calssify` WHERE `name` = '我的关注' LIMIT 1   [ RunTime:0.006000s ]
SQL: SHOW COLUMNS FROM `yaj_share_collect` [ RunTime:0.008000s ]
SQL: SELECT `collect_id` FROM `yaj_share_collect` WHERE `uid` = 22 AND `type` = 3 ORDER BY addtime desc  [ RunTime:0.007000s ]
SQL: SHOW COLUMNS FROM `yaj_share` [ RunTime:0.010000s ]
SQL: SELECT `id`,`uid`,`title`,`content`,`addtime`,`label`,`type`,`praise`,`help` FROM `yaj_share` WHERE `id` = 4 ORDER BY addtime desc LIMIT 20,5   [ RunTime:0.017000s ]
SQL: SELECT `id`,`uid`,`title`,`content`,`addtime`,`label`,`type`,`praise`,`help` FROM `yaj_share` WHERE `id` = 3 ORDER BY addtime desc LIMIT 20,5   [ RunTime:0.006000s ]
NOTIC: [8] Array to string conversion D:\xampp\htdocs\Jzc\Application\Home\Controller\ShareController.class.php 第 135 行.
NOTIC: [8] Undefined variable: Array D:\xampp\htdocs\Jzc\Application\Home\Controller\ShareController.class.php 第 135 行.
NOTIC: [2] array_filter() expects parameter 1 to be array, null given D:\xampp\htdocs\Jzc\Application\Home\Controller\ShareController.class.php 第 135 行.

[ 2017-12-06T16:17:25+08:00 ] ::1 /Jzc/index.php/Home/share/share_show
INFO: [ app_init ] --START--
INFO: Run Behavior\BuildLiteBehavior [ RunTime:0.000000s ]
INFO: [ app_init ] --END-- [ RunTime:0.000000s ]
INFO: [ app_begin ] --START--
INFO: Run Behavior\ReadHtmlCacheBehavior [ RunTime:0.001000s ]
INFO: [ app_begin ] --END-- [ RunTime:0.001000s ]
NOTIC: [8] Undefined index: search D:\xampp\htdocs\Jzc\Application\Home\Controller\ShareController.class.php 第 76 行.
NOTIC: [8192] mysql_connect(): The mysql extension is deprecated and will be removed in the future: use mysqli or PDO instead D:\xampp\htdocs\Jzc\ThinkPHP\Library\Think\Db\Driver\Mysql.class.php 第 52 行.
SQL: SHOW COLUMNS FROM `yaj_share_calssify` [ RunTime:0.005000s ]
SQL: SELECT `type` FROM `yaj_share_calssify` WHERE `name` = '我的关注' LIMIT 1   [ RunTime:0.005000s ]
SQL: SHOW COLUMNS FROM `yaj_share_collect` [ RunTime:0.007000s ]
SQL: SELECT `collect_id` FROM `yaj_share_collect` WHERE `uid` = 22 AND `type` = 3 ORDER BY addtime desc  [ RunTime:0.005000s ]
SQL: SHOW COLUMNS FROM `yaj_share` [ RunTime:0.006000s ]
SQL: SELECT `id`,`uid`,`title`,`content`,`addtime`,`label`,`type`,`praise`,`help` FROM `yaj_share` WHERE `id` = 4 ORDER BY addtime desc LIMIT 20,5   [ RunTime:0.006000s ]
SQL: SELECT `id`,`uid`,`title`,`content`,`addtime`,`label`,`type`,`praise`,`help` FROM `yaj_share` WHERE `id` = 3 ORDER BY addtime desc LIMIT 20,5   [ RunTime:0.006000s ]
NOTIC: [8] Array to string conversion D:\xampp\htdocs\Jzc\Application\Home\Controller\ShareController.class.php 第 135 行.
NOTIC: [8] Undefined variable: Array D:\xampp\htdocs\Jzc\Application\Home\Controller\ShareController.class.php 第 135 行.
NOTIC: [2] array_filter() expects parameter 1 to be array, null given D:\xampp\htdocs\Jzc\Application\Home\Controller\ShareController.class.php 第 135 行.
NOTIC: [2] Invalid argument supplied for foreach() D:\xampp\htdocs\Jzc\Application\Home\Controller\ShareController.class.php 第 144 行.
NOTIC: [2] Invalid argument supplied for foreach() D:\xampp\htdocs\Jzc\Application\Home\Controller\ShareController.class.php 第 150 行.
INFO: [ app_end ] --START--
INFO: Run Behavior\ShowPageTraceBehavior [ RunTime:0.001000s ]
INFO: [ app_end ] --END-- [ RunTime:0.001000s ]

[ 2017-12-06T16:17:43+08:00 ] ::1 /Jzc/index.php/Home/share/share_show
INFO: [ app_init ] --START--
INFO: Run Behavior\BuildLiteBehavior [ RunTime:0.000000s ]
INFO: [ app_init ] --END-- [ RunTime:0.000000s ]
INFO: [ app_begin ] --START--
INFO: Run Behavior\ReadHtmlCacheBehavior [ RunTime:0.000000s ]
INFO: [ app_begin ] --END-- [ RunTime:0.000000s ]
NOTIC: [8] Undefined index: search D:\xampp\htdocs\Jzc\Application\Home\Controller\ShareController.class.php 第 76 行.
NOTIC: [8192] mysql_connect(): The mysql extension is deprecated and will be removed in the future: use mysqli or PDO instead D:\xampp\htdocs\Jzc\ThinkPHP\Library\Think\Db\Driver\Mysql.class.php 第 52 行.
SQL: SHOW COLUMNS FROM `yaj_share_calssify` [ RunTime:0.007000s ]
SQL: SELECT `type` FROM `yaj_share_calssify` WHERE `name` = '我的关注' LIMIT 1   [ RunTime:0.006000s ]
SQL: SHOW COLUMNS FROM `yaj_share_collect` [ RunTime:0.006000s ]
SQL: SELECT `collect_id` FROM `yaj_share_collect` WHERE `uid` = 22 AND `type` = 3 ORDER BY addtime desc  [ RunTime:0.006000s ]
SQL: SHOW COLUMNS FROM `yaj_share` [ RunTime:0.006000s ]
SQL: SELECT `id`,`uid`,`title`,`content`,`addtime`,`label`,`type`,`praise`,`help` FROM `yaj_share` WHERE `id` = 4 ORDER BY addtime desc LIMIT 20,5   [ RunTime:0.006000s ]
SQL: SELECT `id`,`uid`,`title`,`content`,`addtime`,`label`,`type`,`praise`,`help` FROM `yaj_share` WHERE `id` = 3 ORDER BY addtime desc LIMIT 20,5   [ RunTime:0.006000s ]
NOTIC: [8] Array to string conversion D:\xampp\htdocs\Jzc\Application\Home\Controller\ShareController.class.php 第 135 行.
NOTIC: [8] Undefined variable: Array D:\xampp\htdocs\Jzc\Application\Home\Controller\ShareController.class.php 第 135 行.
NOTIC: [2] array_filter() expects parameter 1 to be array, null given D:\xampp\htdocs\Jzc\Application\Home\Controller\ShareController.class.php 第 135 行.
NOTIC: [2] Invalid argument supplied for foreach() D:\xampp\htdocs\Jzc\Application\Home\Controller\ShareController.class.php 第 144 行.
NOTIC: [2] Invalid argument supplied for foreach() D:\xampp\htdocs\Jzc\Application\Home\Controller\ShareController.class.php 第 150 行.
NOTIC: [8] Undefined variable:  D:\xampp\htdocs\Jzc\Application\Home\Controller\ShareController.class.php 第 166 行.
NOTIC: [2] array_filter() expects parameter 1 to be array, null given D:\xampp\htdocs\Jzc\Application\Home\Controller\ShareController.class.php 第 166 行.
INFO: [ app_end ] --START--
INFO: Run Behavior\ShowPageTraceBehavior [ RunTime:0.002000s ]
INFO: [ app_end ] --END-- [ RunTime:0.002000s ]

