[ 2017-11-13T11:22:32+08:00 ] ::1 /Jzc/index.php/Home/shop/index
INFO: [ app_init ] --START--
INFO: Run Behavior\BuildLiteBehavior [ RunTime:0.000000s ]
INFO: [ app_init ] --END-- [ RunTime:0.028000s ]
INFO: [ app_begin ] --START--
INFO: Run Behavior\ReadHtmlCacheBehavior [ RunTime:0.007000s ]
INFO: [ app_begin ] --END-- [ RunTime:0.007000s ]
NOTIC: [8] Undefined index: page D:\xampp\htdocs\Jzc\Application\Home\Controller\ShopController.class.php 第 14 行.
NOTIC: [8192] mysql_connect(): The mysql extension is deprecated and will be removed in the future: use mysqli or PDO instead D:\xampp\htdocs\Jzc\ThinkPHP\Library\Think\Db\Driver\Mysql.class.php 第 52 行.
SQL: SHOW COLUMNS FROM `yaj_goods_banner` [ RunTime:0.006000s ]
SQL: SELECT `img` FROM `yaj_goods_banner` WHERE `type` = 1 LIMIT 1   [ RunTime:0.005000s ]
SQL: SHOW COLUMNS FROM `yaj_classify` [ RunTime:0.005000s ]
SQL: SELECT `name` FROM `yaj_classify` WHERE `pid` = 0 AND `state` = 1 AND `is_show` = 1 LIMIT 3   [ RunTime:0.006000s ]
SQL: SELECT `id`,`img` FROM `yaj_goods_banner` WHERE `type` = 2 AND `state` = 1 ORDER BY addtime  [ RunTime:0.005000s ]
SQL: SHOW COLUMNS FROM `yaj_goods_make` [ RunTime:0.005000s ]
SQL: SELECT `id`,`img` FROM `yaj_goods_make` WHERE `state` = 1 ORDER BY addtime  [ RunTime:0.005000s ]
SQL: SHOW COLUMNS FROM `yaj_collect` [ RunTime:0.005000s ]
SQL: SELECT `collect_id` FROM `yaj_collect` WHERE `uid` = 14 AND `type` = 4 LIMIT 3   [ RunTime:0.006000s ]
SQL: SELECT count(*) as count,`collect_id` FROM `yaj_collect` WHERE ( id <> 1 and id <> 2 ) GROUP BY collect_id ORDER BY count desc LIMIT 3   [ RunTime:0.006000s ]
SQL: SHOW COLUMNS FROM `yaj_goods` [ RunTime:0.006000s ]
SQL: SELECT `id` FROM `yaj_goods` WHERE `id` = 1 AND `state` = 1  [ RunTime:0.004000s ]
SQL: SELECT `id` FROM `yaj_goods` WHERE `id` = 2 AND `state` = 1  [ RunTime:0.006000s ]
SQL: SELECT `id` FROM `yaj_goods` WHERE `state` = 1 AND `id` = 3  [ RunTime:0.006000s ]
SQL: SELECT `id` FROM `yaj_goods` WHERE `state` = 1 AND `id` = 5  [ RunTime:0.005000s ]
SQL: SELECT `collect_id` FROM `yaj_collect`  [ RunTime:0.005000s ]
SQL: SELECT `id` FROM `yaj_goods` WHERE `id` NOT IN ('1','2','3','5','3','3','5')  [ RunTime:0.012000s ]
SQL: SELECT `id`,`name`,`presentation`,`price`,`classifyId` FROM `yaj_goods` WHERE `id` = 1 LIMIT 0,5   [ RunTime:0.006000s ]
SQL: SELECT `id`,`name`,`presentation`,`price`,`classifyId` FROM `yaj_goods` WHERE `id` = 2 LIMIT 0,5   [ RunTime:0.009000s ]
SQL: SELECT `id`,`name`,`presentation`,`price`,`classifyId` FROM `yaj_goods` WHERE `id` = 3 LIMIT 0,5   [ RunTime:0.006000s ]
SQL: SELECT `id`,`name`,`presentation`,`price`,`classifyId` FROM `yaj_goods` WHERE `id` = 5 LIMIT 0,5   [ RunTime:0.005000s ]
SQL: SELECT `id`,`name`,`presentation`,`price`,`classifyId` FROM `yaj_goods` WHERE `id` = 4 LIMIT 0,5   [ RunTime:0.005000s ]
SQL: SELECT `id`,`name`,`presentation`,`price`,`classifyId` FROM `yaj_goods` WHERE `id` = 6 LIMIT 0,5   [ RunTime:0.006000s ]
SQL: SELECT `id`,`name`,`presentation`,`price`,`classifyId` FROM `yaj_goods` WHERE `id` = 7 LIMIT 0,5   [ RunTime:0.005000s ]
SQL: SELECT `id`,`name`,`presentation`,`price`,`classifyId` FROM `yaj_goods` WHERE `id` = 8 LIMIT 0,5   [ RunTime:0.005000s ]
SQL: SELECT `name` FROM `yaj_classify` WHERE `id` = 33 LIMIT 1   [ RunTime:0.006000s ]
SQL: SELECT `name` FROM `yaj_classify` WHERE `id` = 33 LIMIT 1   [ RunTime:0.005000s ]
SQL: SELECT `name` FROM `yaj_classify` WHERE `id` = 33 LIMIT 1   [ RunTime:0.006000s ]
SQL: SELECT `name` FROM `yaj_classify` WHERE `id` = 33 LIMIT 1   [ RunTime:0.005000s ]
SQL: SELECT `name` FROM `yaj_classify` WHERE `id` = 33 LIMIT 1   [ RunTime:0.005000s ]
SQL: SELECT `name` FROM `yaj_classify` WHERE `id` = 33 LIMIT 1   [ RunTime:0.005000s ]
SQL: SELECT `name` FROM `yaj_classify` WHERE `id` = 33 LIMIT 1   [ RunTime:0.005000s ]
SQL: SELECT `name` FROM `yaj_classify` WHERE `id` = 33 LIMIT 1   [ RunTime:0.005000s ]
INFO: [ app_end ] --START--
INFO: Run Behavior\ShowPageTraceBehavior [ RunTime:0.018000s ]
INFO: [ app_end ] --END-- [ RunTime:0.019000s ]

[ 2017-11-13T11:22:38+08:00 ] ::1 /Jzc/index.php/Home/shop/goodslist
INFO: [ app_init ] --START--
INFO: Run Behavior\BuildLiteBehavior [ RunTime:0.000000s ]
INFO: [ app_init ] --END-- [ RunTime:0.000000s ]
INFO: [ app_begin ] --START--
INFO: Run Behavior\ReadHtmlCacheBehavior [ RunTime:0.000000s ]
INFO: [ app_begin ] --END-- [ RunTime:0.000000s ]
NOTIC: [8] Undefined index: desc D:\xampp\htdocs\Jzc\Application\Home\Controller\ShopController.class.php 第 196 行.
NOTIC: [8] Undefined index: asc D:\xampp\htdocs\Jzc\Application\Home\Controller\ShopController.class.php 第 196 行.
NOTIC: [8] Undefined index: hot D:\xampp\htdocs\Jzc\Application\Home\Controller\ShopController.class.php 第 196 行.
NOTIC: [8] Undefined index: page D:\xampp\htdocs\Jzc\Application\Home\Controller\ShopController.class.php 第 200 行.
NOTIC: [8] Undefined index: type D:\xampp\htdocs\Jzc\Application\Home\Controller\ShopController.class.php 第 201 行.
NOTIC: [8] Undefined index: asc D:\xampp\htdocs\Jzc\Application\Home\Controller\ShopController.class.php 第 203 行.
NOTIC: [8] Undefined index: desc D:\xampp\htdocs\Jzc\Application\Home\Controller\ShopController.class.php 第 207 行.
NOTIC: [8] Undefined index: min D:\xampp\htdocs\Jzc\Application\Home\Controller\ShopController.class.php 第 210 行.
NOTIC: [8] Undefined index: max D:\xampp\htdocs\Jzc\Application\Home\Controller\ShopController.class.php 第 210 行.
NOTIC: [8] Undefined index: search D:\xampp\htdocs\Jzc\Application\Home\Controller\ShopController.class.php 第 221 行.
NOTIC: [8] Undefined index: id D:\xampp\htdocs\Jzc\Application\Home\Controller\ShopController.class.php 第 255 行.
NOTIC: [8192] mysql_connect(): The mysql extension is deprecated and will be removed in the future: use mysqli or PDO instead D:\xampp\htdocs\Jzc\ThinkPHP\Library\Think\Db\Driver\Mysql.class.php 第 52 行.
SQL: SHOW COLUMNS FROM `yaj_product` [ RunTime:0.007000s ]
ERR: 1146:Table 'yaj.yaj_product' doesn't exist
 [ SQL语句 ] : SHOW COLUMNS FROM `yaj_product`
NOTIC: [8] Undefined variable: order D:\xampp\htdocs\Jzc\Application\Home\Controller\ShopController.class.php 第 259 行.
SQL: SELECT `id`,`name`,`img`,`promote_price`,`price` FROM `yaj_product` WHERE `is_best` = 1 AND `state` = 1 LIMIT 0,15   [ RunTime:0.007000s ]
ERR: 1146:Table 'yaj.yaj_product' doesn't exist
 [ SQL语句 ] : SELECT `id`,`name`,`img`,`promote_price`,`price` FROM `yaj_product` WHERE `is_best` = 1 AND `state` = 1 LIMIT 0,15  
NOTIC: [2] Invalid argument supplied for foreach() D:\xampp\htdocs\Jzc\Application\Home\Controller\ShopController.class.php 第 260 行.
SQL: SELECT COUNT(*) AS tp_count FROM `yaj_product` WHERE `is_best` = 1 AND `state` = 1 LIMIT 1   [ RunTime:0.006000s ]
ERR: 1146:Table 'yaj.yaj_product' doesn't exist
 [ SQL语句 ] : SELECT COUNT(*) AS tp_count FROM `yaj_product` WHERE `is_best` = 1 AND `state` = 1 LIMIT 1  
INFO: [ app_end ] --START--
INFO: Run Behavior\ShowPageTraceBehavior [ RunTime:0.001000s ]
INFO: [ app_end ] --END-- [ RunTime:0.001000s ]

[ 2017-11-13T11:42:37+08:00 ] ::1 /Jzc/index.php/Home/index/details
INFO: [ app_init ] --START--
INFO: Run Behavior\BuildLiteBehavior [ RunTime:0.000000s ]
INFO: [ app_init ] --END-- [ RunTime:0.000000s ]
INFO: [ app_begin ] --START--
INFO: Run Behavior\ReadHtmlCacheBehavior [ RunTime:0.000000s ]
INFO: [ app_begin ] --END-- [ RunTime:0.000000s ]
NOTIC: [8192] mysql_connect(): The mysql extension is deprecated and will be removed in the future: use mysqli or PDO instead D:\xampp\htdocs\Jzc\ThinkPHP\Library\Think\Db\Driver\Mysql.class.php 第 52 行.
SQL: SHOW COLUMNS FROM `yaj_user` [ RunTime:0.007000s ]
SQL: SELECT `username`,`userpic`,`address`,`sex`,`type`,`signature`,`introduce` FROM `yaj_user` WHERE `id` = 20 LIMIT 1   [ RunTime:0.006000s ]
SQL: SHOW COLUMNS FROM `yaj_userdetails` [ RunTime:0.009000s ]
SQL: SELECT `min`,`max`,`worktime`,`goods`,`education`,`grade`,`process`,`background` FROM `yaj_userdetails` WHERE `uid` = 20 LIMIT 1   [ RunTime:0.006000s ]
SQL: SHOW COLUMNS FROM `yaj_evaluate` [ RunTime:0.007000s ]
SQL: SELECT COUNT(*) AS tp_count FROM `yaj_evaluate` WHERE `s_id` = 20 LIMIT 1   [ RunTime:0.007000s ]
SQL: SELECT `uid`,`content` FROM `yaj_evaluate` WHERE `s_id` = 20 AND `status` = 1 ORDER BY addtime LIMIT 1   [ RunTime:0.007000s ]
SQL: SELECT `userpic`,`username` FROM `yaj_user` WHERE `id` = 14 LIMIT 1   [ RunTime:0.007000s ]
SQL: SHOW COLUMNS FROM `yaj_drawing` [ RunTime:0.007000s ]
SQL: SELECT `id`,`name`,`depict`,`style`,`acreage`,`fans` FROM `yaj_drawing` WHERE `to_uid` = 20 AND `state` = 1  [ RunTime:0.007000s ]
SQL: SHOW COLUMNS FROM `yaj_drawingimg` [ RunTime:0.007000s ]
SQL: SELECT `img` FROM `yaj_drawingimg` WHERE `pid` = 2 LIMIT 1   [ RunTime:0.007000s ]
SQL: SELECT `img` FROM `yaj_drawingimg` WHERE `pid` = 3 LIMIT 1   [ RunTime:0.007000s ]
SQL: SELECT `img` FROM `yaj_drawingimg` WHERE `pid` = 4 LIMIT 1   [ RunTime:0.007000s ]

[ 2017-11-13T11:51:32+08:00 ] 192.168.31.96 /Jzc/index.php/home/Login/area
INFO: [ app_init ] --START--
INFO: Run Behavior\BuildLiteBehavior [ RunTime:0.000000s ]
INFO: [ app_init ] --END-- [ RunTime:0.001000s ]
INFO: [ app_begin ] --START--
INFO: Run Behavior\ReadHtmlCacheBehavior [ RunTime:0.000000s ]
INFO: [ app_begin ] --END-- [ RunTime:0.000000s ]
NOTIC: [8] Undefined index: newstNum D:\xampp\htdocs\Jzc\Application\Home\Controller\LoginController.class.php 第 483 行.
NOTIC: [8192] mysql_connect(): The mysql extension is deprecated and will be removed in the future: use mysqli or PDO instead D:\xampp\htdocs\Jzc\ThinkPHP\Library\Think\Db\Driver\Mysql.class.php 第 52 行.
SQL: SHOW COLUMNS FROM `yaj_area` [ RunTime:0.007000s ]
SQL: SELECT * FROM `yaj_area`  [ RunTime:0.035000s ]
INFO: [ app_end ] --START--
INFO: Run Behavior\ShowPageTraceBehavior [ RunTime:0.001000s ]
INFO: [ app_end ] --END-- [ RunTime:0.001000s ]

[ 2017-11-13T11:51:46+08:00 ] 192.168.31.96 /Jzc/index.php/home/login/loginto
INFO: [ app_init ] --START--
INFO: Run Behavior\BuildLiteBehavior [ RunTime:0.000000s ]
INFO: [ app_init ] --END-- [ RunTime:0.001000s ]
INFO: [ app_begin ] --START--
INFO: Run Behavior\ReadHtmlCacheBehavior [ RunTime:0.000000s ]
INFO: [ app_begin ] --END-- [ RunTime:0.001000s ]
NOTIC: [8192] mysql_connect(): The mysql extension is deprecated and will be removed in the future: use mysqli or PDO instead D:\xampp\htdocs\Jzc\ThinkPHP\Library\Think\Db\Driver\Mysql.class.php 第 52 行.
SQL: SHOW COLUMNS FROM `yaj_user` [ RunTime:0.018000s ]
SQL: SELECT * FROM `yaj_user` WHERE `phoneNum` = '17600026191' LIMIT 1   [ RunTime:0.008000s ]
SQL: SHOW COLUMNS FROM `yaj_code` [ RunTime:0.010000s ]
SQL: SELECT * FROM `yaj_code` WHERE `phoneNum` = '17600026191' AND `code` = '111111' LIMIT 1   [ RunTime:0.010000s ]
SQL: SELECT * FROM `yaj_user` WHERE `phoneNum` = '17600026191' LIMIT 1   [ RunTime:0.010000s ]
SQL: UPDATE `yaj_user` SET `usertoken`='5c828d4c8b57a9882e6af6352a06c28a' WHERE `id` = 22 [ RunTime:0.027000s ]
INFO: [ app_end ] --START--
INFO: Run Behavior\ShowPageTraceBehavior [ RunTime:0.001000s ]
INFO: [ app_end ] --END-- [ RunTime:0.001000s ]

[ 2017-11-13T11:51:47+08:00 ] 192.168.31.96 /Jzc/index.php/home/index/index
INFO: [ app_init ] --START--
INFO: Run Behavior\BuildLiteBehavior [ RunTime:0.000000s ]
INFO: [ app_init ] --END-- [ RunTime:0.000000s ]
INFO: [ app_begin ] --START--
INFO: Run Behavior\ReadHtmlCacheBehavior [ RunTime:0.001000s ]
INFO: [ app_begin ] --END-- [ RunTime:0.001000s ]
NOTIC: [8] Undefined index: page D:\xampp\htdocs\Jzc\Application\Home\Controller\IndexController.class.php 第 14 行.
NOTIC: [8192] mysql_connect(): The mysql extension is deprecated and will be removed in the future: use mysqli or PDO instead D:\xampp\htdocs\Jzc\ThinkPHP\Library\Think\Db\Driver\Mysql.class.php 第 52 行.
SQL: SHOW COLUMNS FROM `yaj_carousel` [ RunTime:0.007000s ]
SQL: SELECT `id`,`img`,`is_package` FROM `yaj_carousel` WHERE `state` = 1  [ RunTime:0.006000s ]
NOTIC: [8] Undefined index: page D:\xampp\htdocs\Jzc\Application\Home\Controller\IndexController.class.php 第 21 行.
SQL: SHOW COLUMNS FROM `yaj_package` [ RunTime:0.007000s ]
SQL: SELECT `id`,`name`,`depict`,`style`,`lunbo_img` FROM `yaj_package` ORDER BY edittime desc LIMIT 0,3   [ RunTime:0.007000s ]
SQL: SHOW COLUMNS FROM `yaj_collect` [ RunTime:0.022000s ]
SQL: SELECT COUNT(*) AS tp_count FROM `yaj_collect` WHERE `collect_id` = 1 AND `type` = 1 LIMIT 1   [ RunTime:0.011000s ]
SQL: SELECT COUNT(*) AS tp_count FROM `yaj_collect` WHERE `collect_id` = 2 AND `type` = 1 LIMIT 1   [ RunTime:0.018000s ]
SQL: SELECT COUNT(*) AS tp_count FROM `yaj_collect` WHERE `collect_id` = 3 AND `type` = 1 LIMIT 1   [ RunTime:0.007000s ]
INFO: [ app_end ] --START--
INFO: Run Behavior\ShowPageTraceBehavior [ RunTime:0.001000s ]
INFO: [ app_end ] --END-- [ RunTime:0.001000s ]

[ 2017-11-13T11:51:49+08:00 ] 192.168.31.96 /Jzc/index.php/home/index/user_list
INFO: [ app_init ] --START--
INFO: Run Behavior\BuildLiteBehavior [ RunTime:0.000000s ]
INFO: [ app_init ] --END-- [ RunTime:0.000000s ]
INFO: [ app_begin ] --START--
INFO: Run Behavior\ReadHtmlCacheBehavior [ RunTime:0.001000s ]
INFO: [ app_begin ] --END-- [ RunTime:0.001000s ]
NOTIC: [8] Undefined index: search D:\xampp\htdocs\Jzc\Application\Home\Controller\IndexController.class.php 第 302 行.
NOTIC: [8] Undefined index: style D:\xampp\htdocs\Jzc\Application\Home\Controller\IndexController.class.php 第 304 行.
NOTIC: [8] Undefined index: serve D:\xampp\htdocs\Jzc\Application\Home\Controller\IndexController.class.php 第 309 行.
NOTIC: [8192] mysql_connect(): The mysql extension is deprecated and will be removed in the future: use mysqli or PDO instead D:\xampp\htdocs\Jzc\ThinkPHP\Library\Think\Db\Driver\Mysql.class.php 第 52 行.
SQL: SHOW COLUMNS FROM `yaj_user` [ RunTime:0.015000s ]
SQL: SELECT u.id,u.userpic,u.username,d.style,d.worktime,d.education FROM `yaj_user` as u LEFT JOIN yaj_userdetails d on u.id=d.uid  WHERE u.type = '2' ORDER BY d.worktime desc  [ RunTime:0.011000s ]
NOTIC: [8] Undefined index: serve D:\xampp\htdocs\Jzc\Application\Home\Controller\IndexController.class.php 第 317 行.
NOTIC: [8] Undefined variable: res1 D:\xampp\htdocs\Jzc\Application\Home\Controller\IndexController.class.php 第 325 行.
SQL: SHOW COLUMNS FROM `yaj_drawing` [ RunTime:0.013000s ]
SQL: SELECT `id`,`name`,`depict` FROM `yaj_drawing` WHERE `stylistId` = 20 AND `state` = 1 LIMIT 1   [ RunTime:0.011000s ]
SQL: SHOW COLUMNS FROM `yaj_drawingimg` [ RunTime:0.012000s ]
SQL: SELECT `img` FROM `yaj_drawingimg` WHERE `pid` = null LIMIT 3   [ RunTime:0.012000s ]
NOTIC: [2] Invalid argument supplied for foreach() D:\xampp\htdocs\Jzc\Application\Home\Controller\IndexController.class.php 第 333 行.
SQL: SELECT `id`,`name`,`depict` FROM `yaj_drawing` WHERE `stylistId` = 19 AND `state` = 1 LIMIT 1   [ RunTime:0.017000s ]
SQL: SELECT `img` FROM `yaj_drawingimg` WHERE `pid` = 1 LIMIT 3   [ RunTime:0.007000s ]
SQL: SELECT `id`,`name`,`depict` FROM `yaj_drawing` WHERE `stylistId` = 18 AND `state` = 1 LIMIT 1   [ RunTime:0.006000s ]
SQL: SELECT `img` FROM `yaj_drawingimg` WHERE `pid` = 7 LIMIT 3   [ RunTime:0.006000s ]
SQL: SELECT `id`,`name`,`depict` FROM `yaj_drawing` WHERE `stylistId` = 17 AND `state` = 1 LIMIT 1   [ RunTime:0.006000s ]
SQL: SELECT `img` FROM `yaj_drawingimg` WHERE `pid` = 3 LIMIT 3   [ RunTime:0.007000s ]
SQL: SELECT `id`,`name`,`depict` FROM `yaj_drawing` WHERE `stylistId` = 29 AND `state` = 1 LIMIT 1   [ RunTime:0.018000s ]
SQL: SELECT `img` FROM `yaj_drawingimg` WHERE `pid` = null LIMIT 3   [ RunTime:0.008000s ]
NOTIC: [2] Invalid argument supplied for foreach() D:\xampp\htdocs\Jzc\Application\Home\Controller\IndexController.class.php 第 333 行.
SQL: SELECT `id`,`name`,`depict` FROM `yaj_drawing` WHERE `stylistId` = 31 AND `state` = 1 LIMIT 1   [ RunTime:0.019000s ]
SQL: SELECT `img` FROM `yaj_drawingimg` WHERE `pid` = null LIMIT 3   [ RunTime:0.007000s ]
NOTIC: [2] Invalid argument supplied for foreach() D:\xampp\htdocs\Jzc\Application\Home\Controller\IndexController.class.php 第 333 行.
SQL: SELECT `id`,`name`,`depict` FROM `yaj_drawing` WHERE `stylistId` = 30 AND `state` = 1 LIMIT 1   [ RunTime:0.020000s ]
SQL: SELECT `img` FROM `yaj_drawingimg` WHERE `pid` = null LIMIT 3   [ RunTime:0.006000s ]
NOTIC: [2] Invalid argument supplied for foreach() D:\xampp\htdocs\Jzc\Application\Home\Controller\IndexController.class.php 第 333 行.
NOTIC: [8] Undefined offset: 0 D:\xampp\htdocs\Jzc\Application\Home\Controller\IndexController.class.php 第 372 行.
NOTIC: [8] Undefined offset: 1 D:\xampp\htdocs\Jzc\Application\Home\Controller\IndexController.class.php 第 372 行.
NOTIC: [8] Undefined offset: 2 D:\xampp\htdocs\Jzc\Application\Home\Controller\IndexController.class.php 第 372 行.
NOTIC: [8] Undefined offset: 3 D:\xampp\htdocs\Jzc\Application\Home\Controller\IndexController.class.php 第 372 行.
NOTIC: [8] Undefined offset: 4 D:\xampp\htdocs\Jzc\Application\Home\Controller\IndexController.class.php 第 372 行.
NOTIC: [8] Undefined offset: 5 D:\xampp\htdocs\Jzc\Application\Home\Controller\IndexController.class.php 第 372 行.
NOTIC: [8] Undefined offset: 6 D:\xampp\htdocs\Jzc\Application\Home\Controller\IndexController.class.php 第 372 行.
INFO: [ app_end ] --START--
INFO: Run Behavior\ShowPageTraceBehavior [ RunTime:0.001000s ]
INFO: [ app_end ] --END-- [ RunTime:0.001000s ]

[ 2017-11-13T11:51:50+08:00 ] 192.168.31.96 /Jzc/index.php/home/index/details
INFO: [ app_init ] --START--
INFO: Run Behavior\BuildLiteBehavior [ RunTime:0.000000s ]
INFO: [ app_init ] --END-- [ RunTime:0.000000s ]
INFO: [ app_begin ] --START--
INFO: Run Behavior\ReadHtmlCacheBehavior [ RunTime:0.000000s ]
INFO: [ app_begin ] --END-- [ RunTime:0.000000s ]
NOTIC: [8192] mysql_connect(): The mysql extension is deprecated and will be removed in the future: use mysqli or PDO instead D:\xampp\htdocs\Jzc\ThinkPHP\Library\Think\Db\Driver\Mysql.class.php 第 52 行.
SQL: SHOW COLUMNS FROM `yaj_user` [ RunTime:0.011000s ]
SQL: SELECT `username`,`userpic`,`address`,`sex`,`type`,`signature`,`introduce` FROM `yaj_user` WHERE `id` = 20 LIMIT 1   [ RunTime:0.008000s ]
SQL: SHOW COLUMNS FROM `yaj_userdetails` [ RunTime:0.008000s ]
SQL: SELECT `min`,`max`,`worktime`,`goods`,`education`,`grade`,`process`,`background` FROM `yaj_userdetails` WHERE `uid` = 20 LIMIT 1   [ RunTime:0.006000s ]
SQL: SHOW COLUMNS FROM `yaj_evaluate` [ RunTime:0.006000s ]
SQL: SELECT COUNT(*) AS tp_count FROM `yaj_evaluate` WHERE `s_id` = 20 LIMIT 1   [ RunTime:0.006000s ]
SQL: SELECT `uid`,`content` FROM `yaj_evaluate` WHERE `s_id` = 20 AND `status` = 1 ORDER BY addtime LIMIT 1   [ RunTime:0.006000s ]
SQL: SELECT `userpic`,`username` FROM `yaj_user` WHERE `id` = 14 LIMIT 1   [ RunTime:0.007000s ]
SQL: SHOW COLUMNS FROM `yaj_drawing` [ RunTime:0.015000s ]
SQL: SELECT `id`,`name`,`depict`,`style`,`acreage`,`fans` FROM `yaj_drawing` WHERE `to_uid` = 20 AND `state` = 1  [ RunTime:0.006000s ]
SQL: SHOW COLUMNS FROM `yaj_drawingimg` [ RunTime:0.012000s ]
SQL: SELECT `img` FROM `yaj_drawingimg` WHERE `pid` = 2 LIMIT 1   [ RunTime:0.008000s ]
SQL: SELECT `img` FROM `yaj_drawingimg` WHERE `pid` = 3 LIMIT 1   [ RunTime:0.008000s ]
SQL: SELECT `img` FROM `yaj_drawingimg` WHERE `pid` = 4 LIMIT 1   [ RunTime:0.009000s ]

[ 2017-11-13T11:53:36+08:00 ] 192.168.31.96 /Jzc/index.php/home/Login/area
INFO: [ app_init ] --START--
INFO: Run Behavior\BuildLiteBehavior [ RunTime:0.000000s ]
INFO: [ app_init ] --END-- [ RunTime:0.000000s ]
INFO: [ app_begin ] --START--
INFO: Run Behavior\ReadHtmlCacheBehavior [ RunTime:0.001000s ]
INFO: [ app_begin ] --END-- [ RunTime:0.001000s ]
NOTIC: [8] Undefined index: newstNum D:\xampp\htdocs\Jzc\Application\Home\Controller\LoginController.class.php 第 483 行.
NOTIC: [8192] mysql_connect(): The mysql extension is deprecated and will be removed in the future: use mysqli or PDO instead D:\xampp\htdocs\Jzc\ThinkPHP\Library\Think\Db\Driver\Mysql.class.php 第 52 行.
SQL: SHOW COLUMNS FROM `yaj_area` [ RunTime:0.005000s ]
SQL: SELECT * FROM `yaj_area`  [ RunTime:0.025000s ]
INFO: [ app_end ] --START--
INFO: Run Behavior\ShowPageTraceBehavior [ RunTime:0.000000s ]
INFO: [ app_end ] --END-- [ RunTime:0.001000s ]

[ 2017-11-13T11:53:58+08:00 ] ::1 /Jzc/index.php/Home/index/details
INFO: [ app_init ] --START--
INFO: Run Behavior\BuildLiteBehavior [ RunTime:0.000000s ]
INFO: [ app_init ] --END-- [ RunTime:0.001000s ]
INFO: [ app_begin ] --START--
INFO: Run Behavior\ReadHtmlCacheBehavior [ RunTime:0.000000s ]
INFO: [ app_begin ] --END-- [ RunTime:0.000000s ]
NOTIC: [8192] mysql_connect(): The mysql extension is deprecated and will be removed in the future: use mysqli or PDO instead D:\xampp\htdocs\Jzc\ThinkPHP\Library\Think\Db\Driver\Mysql.class.php 第 52 行.
SQL: SHOW COLUMNS FROM `yaj_user` [ RunTime:0.005000s ]
SQL: SELECT `username`,`userpic`,`address`,`sex`,`type`,`signature`,`introduce` FROM `yaj_user` WHERE `id` = 20 LIMIT 1   [ RunTime:0.005000s ]
SQL: SHOW COLUMNS FROM `yaj_userdetails` [ RunTime:0.006000s ]
SQL: SELECT `min`,`max`,`worktime`,`goods`,`education`,`grade`,`process`,`background` FROM `yaj_userdetails` WHERE `uid` = 20 LIMIT 1   [ RunTime:0.006000s ]
SQL: SHOW COLUMNS FROM `yaj_evaluate` [ RunTime:0.006000s ]
SQL: SELECT COUNT(*) AS tp_count FROM `yaj_evaluate` WHERE `s_id` = 20 LIMIT 1   [ RunTime:0.005000s ]
SQL: SELECT `uid`,`content` FROM `yaj_evaluate` WHERE `s_id` = 20 AND `status` = 1 ORDER BY addtime LIMIT 1   [ RunTime:0.006000s ]
SQL: SELECT `userpic`,`username` FROM `yaj_user` WHERE `id` = 14 LIMIT 1   [ RunTime:0.005000s ]
SQL: SHOW COLUMNS FROM `yaj_drawing` [ RunTime:0.005000s ]
SQL: SELECT `id`,`name`,`depict`,`style`,`acreage`,`fans` FROM `yaj_drawing` WHERE `to_uid` = 20 AND `state` = 1  [ RunTime:0.005000s ]
SQL: SHOW COLUMNS FROM `yaj_drawingimg` [ RunTime:0.005000s ]
SQL: SELECT `img` FROM `yaj_drawingimg` WHERE `pid` = 2 LIMIT 1   [ RunTime:0.005000s ]
SQL: SELECT `img` FROM `yaj_drawingimg` WHERE `pid` = 3 LIMIT 1   [ RunTime:0.005000s ]
SQL: SELECT `img` FROM `yaj_drawingimg` WHERE `pid` = 4 LIMIT 1   [ RunTime:0.005000s ]

[ 2017-11-13T11:54:02+08:00 ] 192.168.31.96 /Jzc/index.php/home/login/loginto
INFO: [ app_init ] --START--
INFO: Run Behavior\BuildLiteBehavior [ RunTime:0.000000s ]
INFO: [ app_init ] --END-- [ RunTime:0.000000s ]
INFO: [ app_begin ] --START--
INFO: Run Behavior\ReadHtmlCacheBehavior [ RunTime:0.001000s ]
INFO: [ app_begin ] --END-- [ RunTime:0.001000s ]
NOTIC: [8192] mysql_connect(): The mysql extension is deprecated and will be removed in the future: use mysqli or PDO instead D:\xampp\htdocs\Jzc\ThinkPHP\Library\Think\Db\Driver\Mysql.class.php 第 52 行.
SQL: SHOW COLUMNS FROM `yaj_user` [ RunTime:0.007000s ]
SQL: SELECT * FROM `yaj_user` WHERE `phoneNum` = '17600026191' LIMIT 1   [ RunTime:0.009000s ]
SQL: SHOW COLUMNS FROM `yaj_code` [ RunTime:0.006000s ]
SQL: SELECT * FROM `yaj_code` WHERE `phoneNum` = '17600026191' AND `code` = '111111' LIMIT 1   [ RunTime:0.007000s ]
SQL: SELECT * FROM `yaj_user` WHERE `phoneNum` = '17600026191' LIMIT 1   [ RunTime:0.006000s ]
SQL: UPDATE `yaj_user` SET `usertoken`='637bc92aee2bc1c6378613d6a71c87bb' WHERE `id` = 22 [ RunTime:0.019000s ]
INFO: [ app_end ] --START--
INFO: Run Behavior\ShowPageTraceBehavior [ RunTime:0.001000s ]
INFO: [ app_end ] --END-- [ RunTime:0.001000s ]

[ 2017-11-13T11:54:02+08:00 ] 192.168.31.96 /Jzc/index.php/home/index/index
INFO: [ app_init ] --START--
INFO: Run Behavior\BuildLiteBehavior [ RunTime:0.000000s ]
INFO: [ app_init ] --END-- [ RunTime:0.000000s ]
INFO: [ app_begin ] --START--
INFO: Run Behavior\ReadHtmlCacheBehavior [ RunTime:0.001000s ]
INFO: [ app_begin ] --END-- [ RunTime:0.002000s ]
NOTIC: [8] Undefined index: page D:\xampp\htdocs\Jzc\Application\Home\Controller\IndexController.class.php 第 14 行.
NOTIC: [8192] mysql_connect(): The mysql extension is deprecated and will be removed in the future: use mysqli or PDO instead D:\xampp\htdocs\Jzc\ThinkPHP\Library\Think\Db\Driver\Mysql.class.php 第 52 行.
SQL: SHOW COLUMNS FROM `yaj_carousel` [ RunTime:0.007000s ]
SQL: SELECT `id`,`img`,`is_package` FROM `yaj_carousel` WHERE `state` = 1  [ RunTime:0.006000s ]
NOTIC: [8] Undefined index: page D:\xampp\htdocs\Jzc\Application\Home\Controller\IndexController.class.php 第 21 行.
SQL: SHOW COLUMNS FROM `yaj_package` [ RunTime:0.007000s ]
SQL: SELECT `id`,`name`,`depict`,`style`,`lunbo_img` FROM `yaj_package` ORDER BY edittime desc LIMIT 0,3   [ RunTime:0.006000s ]
SQL: SHOW COLUMNS FROM `yaj_collect` [ RunTime:0.006000s ]
SQL: SELECT COUNT(*) AS tp_count FROM `yaj_collect` WHERE `collect_id` = 1 AND `type` = 1 LIMIT 1   [ RunTime:0.007000s ]
SQL: SELECT COUNT(*) AS tp_count FROM `yaj_collect` WHERE `collect_id` = 2 AND `type` = 1 LIMIT 1   [ RunTime:0.005000s ]
SQL: SELECT COUNT(*) AS tp_count FROM `yaj_collect` WHERE `collect_id` = 3 AND `type` = 1 LIMIT 1   [ RunTime:0.005000s ]
INFO: [ app_end ] --START--
INFO: Run Behavior\ShowPageTraceBehavior [ RunTime:0.001000s ]
INFO: [ app_end ] --END-- [ RunTime:0.001000s ]

[ 2017-11-13T11:54:03+08:00 ] 192.168.31.96 /Jzc/index.php/home/index/user_list
INFO: [ app_init ] --START--
INFO: Run Behavior\BuildLiteBehavior [ RunTime:0.000000s ]
INFO: [ app_init ] --END-- [ RunTime:0.000000s ]
INFO: [ app_begin ] --START--
INFO: Run Behavior\ReadHtmlCacheBehavior [ RunTime:0.001000s ]
INFO: [ app_begin ] --END-- [ RunTime:0.001000s ]
NOTIC: [8] Undefined index: search D:\xampp\htdocs\Jzc\Application\Home\Controller\IndexController.class.php 第 302 行.
NOTIC: [8] Undefined index: style D:\xampp\htdocs\Jzc\Application\Home\Controller\IndexController.class.php 第 304 行.
NOTIC: [8] Undefined index: serve D:\xampp\htdocs\Jzc\Application\Home\Controller\IndexController.class.php 第 309 行.
NOTIC: [8192] mysql_connect(): The mysql extension is deprecated and will be removed in the future: use mysqli or PDO instead D:\xampp\htdocs\Jzc\ThinkPHP\Library\Think\Db\Driver\Mysql.class.php 第 52 行.
SQL: SHOW COLUMNS FROM `yaj_user` [ RunTime:0.007000s ]
SQL: SELECT u.id,u.userpic,u.username,d.style,d.worktime,d.education FROM `yaj_user` as u LEFT JOIN yaj_userdetails d on u.id=d.uid  WHERE u.type = '2' ORDER BY d.worktime desc  [ RunTime:0.009000s ]
NOTIC: [8] Undefined index: serve D:\xampp\htdocs\Jzc\Application\Home\Controller\IndexController.class.php 第 317 行.
NOTIC: [8] Undefined variable: res1 D:\xampp\htdocs\Jzc\Application\Home\Controller\IndexController.class.php 第 325 行.
SQL: SHOW COLUMNS FROM `yaj_drawing` [ RunTime:0.009000s ]
SQL: SELECT `id`,`name`,`depict` FROM `yaj_drawing` WHERE `stylistId` = 20 AND `state` = 1 LIMIT 1   [ RunTime:0.007000s ]
SQL: SHOW COLUMNS FROM `yaj_drawingimg` [ RunTime:0.006000s ]
SQL: SELECT `img` FROM `yaj_drawingimg` WHERE `pid` = null LIMIT 3   [ RunTime:0.005000s ]
NOTIC: [2] Invalid argument supplied for foreach() D:\xampp\htdocs\Jzc\Application\Home\Controller\IndexController.class.php 第 333 行.
SQL: SELECT `id`,`name`,`depict` FROM `yaj_drawing` WHERE `stylistId` = 19 AND `state` = 1 LIMIT 1   [ RunTime:0.006000s ]
SQL: SELECT `img` FROM `yaj_drawingimg` WHERE `pid` = 1 LIMIT 3   [ RunTime:0.005000s ]
SQL: SELECT `id`,`name`,`depict` FROM `yaj_drawing` WHERE `stylistId` = 18 AND `state` = 1 LIMIT 1   [ RunTime:0.005000s ]
SQL: SELECT `img` FROM `yaj_drawingimg` WHERE `pid` = 7 LIMIT 3   [ RunTime:0.007000s ]
SQL: SELECT `id`,`name`,`depict` FROM `yaj_drawing` WHERE `stylistId` = 17 AND `state` = 1 LIMIT 1   [ RunTime:0.007000s ]
SQL: SELECT `img` FROM `yaj_drawingimg` WHERE `pid` = 3 LIMIT 3   [ RunTime:0.007000s ]
SQL: SELECT `id`,`name`,`depict` FROM `yaj_drawing` WHERE `stylistId` = 29 AND `state` = 1 LIMIT 1   [ RunTime:0.006000s ]
SQL: SELECT `img` FROM `yaj_drawingimg` WHERE `pid` = null LIMIT 3   [ RunTime:0.005000s ]
NOTIC: [2] Invalid argument supplied for foreach() D:\xampp\htdocs\Jzc\Application\Home\Controller\IndexController.class.php 第 333 行.
SQL: SELECT `id`,`name`,`depict` FROM `yaj_drawing` WHERE `stylistId` = 31 AND `state` = 1 LIMIT 1   [ RunTime:0.006000s ]
SQL: SELECT `img` FROM `yaj_drawingimg` WHERE `pid` = null LIMIT 3   [ RunTime:0.006000s ]
NOTIC: [2] Invalid argument supplied for foreach() D:\xampp\htdocs\Jzc\Application\Home\Controller\IndexController.class.php 第 333 行.
SQL: SELECT `id`,`name`,`depict` FROM `yaj_drawing` WHERE `stylistId` = 30 AND `state` = 1 LIMIT 1   [ RunTime:0.011000s ]
SQL: SELECT `img` FROM `yaj_drawingimg` WHERE `pid` = null LIMIT 3   [ RunTime:0.005000s ]
NOTIC: [2] Invalid argument supplied for foreach() D:\xampp\htdocs\Jzc\Application\Home\Controller\IndexController.class.php 第 333 行.
NOTIC: [8] Undefined offset: 0 D:\xampp\htdocs\Jzc\Application\Home\Controller\IndexController.class.php 第 372 行.
NOTIC: [8] Undefined offset: 1 D:\xampp\htdocs\Jzc\Application\Home\Controller\IndexController.class.php 第 372 行.
NOTIC: [8] Undefined offset: 2 D:\xampp\htdocs\Jzc\Application\Home\Controller\IndexController.class.php 第 372 行.
NOTIC: [8] Undefined offset: 3 D:\xampp\htdocs\Jzc\Application\Home\Controller\IndexController.class.php 第 372 行.
NOTIC: [8] Undefined offset: 4 D:\xampp\htdocs\Jzc\Application\Home\Controller\IndexController.class.php 第 372 行.
NOTIC: [8] Undefined offset: 5 D:\xampp\htdocs\Jzc\Application\Home\Controller\IndexController.class.php 第 372 行.
NOTIC: [8] Undefined offset: 6 D:\xampp\htdocs\Jzc\Application\Home\Controller\IndexController.class.php 第 372 行.
INFO: [ app_end ] --START--
INFO: Run Behavior\ShowPageTraceBehavior [ RunTime:0.001000s ]
INFO: [ app_end ] --END-- [ RunTime:0.001000s ]

[ 2017-11-13T11:54:04+08:00 ] 192.168.31.96 /Jzc/index.php/home/index/details
INFO: [ app_init ] --START--
INFO: Run Behavior\BuildLiteBehavior [ RunTime:0.000000s ]
INFO: [ app_init ] --END-- [ RunTime:0.001000s ]
INFO: [ app_begin ] --START--
INFO: Run Behavior\ReadHtmlCacheBehavior [ RunTime:0.001000s ]
INFO: [ app_begin ] --END-- [ RunTime:0.001000s ]
NOTIC: [8192] mysql_connect(): The mysql extension is deprecated and will be removed in the future: use mysqli or PDO instead D:\xampp\htdocs\Jzc\ThinkPHP\Library\Think\Db\Driver\Mysql.class.php 第 52 行.
SQL: SHOW COLUMNS FROM `yaj_user` [ RunTime:0.008000s ]
SQL: SELECT `username`,`userpic`,`address`,`sex`,`type`,`signature`,`introduce` FROM `yaj_user` WHERE `id` = 20 LIMIT 1   [ RunTime:0.005000s ]
SQL: SHOW COLUMNS FROM `yaj_userdetails` [ RunTime:0.007000s ]
SQL: SELECT `min`,`max`,`worktime`,`goods`,`education`,`grade`,`process`,`background` FROM `yaj_userdetails` WHERE `uid` = 20 LIMIT 1   [ RunTime:0.008000s ]
SQL: SHOW COLUMNS FROM `yaj_evaluate` [ RunTime:0.007000s ]
SQL: SELECT COUNT(*) AS tp_count FROM `yaj_evaluate` WHERE `s_id` = 20 LIMIT 1   [ RunTime:0.005000s ]
SQL: SELECT `uid`,`content` FROM `yaj_evaluate` WHERE `s_id` = 20 AND `status` = 1 ORDER BY addtime LIMIT 1   [ RunTime:0.005000s ]
SQL: SELECT `userpic`,`username` FROM `yaj_user` WHERE `id` = 14 LIMIT 1   [ RunTime:0.006000s ]
SQL: SHOW COLUMNS FROM `yaj_drawing` [ RunTime:0.006000s ]
SQL: SELECT `id`,`name`,`depict`,`style`,`acreage`,`fans` FROM `yaj_drawing` WHERE `to_uid` = 20 AND `state` = 1  [ RunTime:0.008000s ]
SQL: SHOW COLUMNS FROM `yaj_drawingimg` [ RunTime:0.006000s ]
SQL: SELECT `img` FROM `yaj_drawingimg` WHERE `pid` = 2 LIMIT 1   [ RunTime:0.005000s ]
SQL: SELECT `img` FROM `yaj_drawingimg` WHERE `pid` = 3 LIMIT 1   [ RunTime:0.005000s ]
SQL: SELECT `img` FROM `yaj_drawingimg` WHERE `pid` = 4 LIMIT 1   [ RunTime:0.006000s ]

[ 2017-11-13T11:55:09+08:00 ] ::1 /Jzc/index.php/Home/index/details
INFO: [ app_init ] --START--
INFO: Run Behavior\BuildLiteBehavior [ RunTime:0.000000s ]
INFO: [ app_init ] --END-- [ RunTime:0.000000s ]
INFO: [ app_begin ] --START--
INFO: Run Behavior\ReadHtmlCacheBehavior [ RunTime:0.000000s ]
INFO: [ app_begin ] --END-- [ RunTime:0.000000s ]
NOTIC: [8192] mysql_connect(): The mysql extension is deprecated and will be removed in the future: use mysqli or PDO instead D:\xampp\htdocs\Jzc\ThinkPHP\Library\Think\Db\Driver\Mysql.class.php 第 52 行.
SQL: SHOW COLUMNS FROM `yaj_user` [ RunTime:0.005000s ]
SQL: SELECT `username`,`userpic`,`address`,`sex`,`type`,`signature`,`introduce` FROM `yaj_user` WHERE `id` = 20 LIMIT 1   [ RunTime:0.006000s ]
SQL: SHOW COLUMNS FROM `yaj_userdetails` [ RunTime:0.006000s ]
SQL: SELECT `min`,`max`,`worktime`,`goods`,`education`,`grade`,`process`,`background` FROM `yaj_userdetails` WHERE `uid` = 20 LIMIT 1   [ RunTime:0.006000s ]
SQL: SHOW COLUMNS FROM `yaj_evaluate` [ RunTime:0.007000s ]
SQL: SELECT COUNT(*) AS tp_count FROM `yaj_evaluate` WHERE `s_id` = 20 LIMIT 1   [ RunTime:0.006000s ]
SQL: SELECT `uid`,`content` FROM `yaj_evaluate` WHERE `s_id` = 20 AND `status` = 1 ORDER BY addtime LIMIT 1   [ RunTime:0.007000s ]
SQL: SELECT `userpic`,`username` FROM `yaj_user` WHERE `id` = 14 LIMIT 1   [ RunTime:0.005000s ]
SQL: SHOW COLUMNS FROM `yaj_drawing` [ RunTime:0.007000s ]
SQL: SELECT `id`,`name`,`depict`,`style`,`acreage`,`fans` FROM `yaj_drawing` WHERE `to_uid` = 20 AND `state` = 1  [ RunTime:0.006000s ]
SQL: SHOW COLUMNS FROM `yaj_drawingimg` [ RunTime:0.005000s ]
SQL: SELECT `img` FROM `yaj_drawingimg` WHERE `pid` = 2 LIMIT 1   [ RunTime:0.005000s ]
SQL: SELECT `img` FROM `yaj_drawingimg` WHERE `pid` = 3 LIMIT 1   [ RunTime:0.005000s ]
SQL: SELECT `img` FROM `yaj_drawingimg` WHERE `pid` = 4 LIMIT 1   [ RunTime:0.006000s ]

[ 2017-11-13T12:57:44+08:00 ] ::1 /Jzc/index.php/Home/shop/goodslist
INFO: [ app_init ] --START--
INFO: Run Behavior\BuildLiteBehavior [ RunTime:0.000000s ]
INFO: [ app_init ] --END-- [ RunTime:0.000000s ]
INFO: [ app_begin ] --START--
INFO: Run Behavior\ReadHtmlCacheBehavior [ RunTime:0.000000s ]
INFO: [ app_begin ] --END-- [ RunTime:0.000000s ]
NOTIC: [8] Undefined index: desc D:\xampp\htdocs\Jzc\Application\Home\Controller\ShopController.class.php 第 196 行.
NOTIC: [8] Undefined index: asc D:\xampp\htdocs\Jzc\Application\Home\Controller\ShopController.class.php 第 196 行.
NOTIC: [8] Undefined index: hot D:\xampp\htdocs\Jzc\Application\Home\Controller\ShopController.class.php 第 196 行.
NOTIC: [8] Undefined index: page D:\xampp\htdocs\Jzc\Application\Home\Controller\ShopController.class.php 第 200 行.
NOTIC: [8] Undefined index: type D:\xampp\htdocs\Jzc\Application\Home\Controller\ShopController.class.php 第 201 行.
NOTIC: [8] Undefined index: asc D:\xampp\htdocs\Jzc\Application\Home\Controller\ShopController.class.php 第 203 行.
NOTIC: [8] Undefined index: desc D:\xampp\htdocs\Jzc\Application\Home\Controller\ShopController.class.php 第 207 行.
NOTIC: [8] Undefined index: min D:\xampp\htdocs\Jzc\Application\Home\Controller\ShopController.class.php 第 210 行.
NOTIC: [8] Undefined index: max D:\xampp\htdocs\Jzc\Application\Home\Controller\ShopController.class.php 第 210 行.
NOTIC: [8] Undefined index: search D:\xampp\htdocs\Jzc\Application\Home\Controller\ShopController.class.php 第 221 行.
NOTIC: [8] Undefined index: id D:\xampp\htdocs\Jzc\Application\Home\Controller\ShopController.class.php 第 255 行.
NOTIC: [8192] mysql_connect(): The mysql extension is deprecated and will be removed in the future: use mysqli or PDO instead D:\xampp\htdocs\Jzc\ThinkPHP\Library\Think\Db\Driver\Mysql.class.php 第 52 行.
SQL: SHOW COLUMNS FROM `yaj_product` [ RunTime:0.006000s ]
ERR: 1146:Table 'yaj.yaj_product' doesn't exist
 [ SQL语句 ] : SHOW COLUMNS FROM `yaj_product`
NOTIC: [8] Undefined variable: order D:\xampp\htdocs\Jzc\Application\Home\Controller\ShopController.class.php 第 259 行.
SQL: SELECT `id`,`name`,`img`,`promote_price`,`price` FROM `yaj_product` WHERE `is_best` = 1 AND `state` = 1 LIMIT 0,15   [ RunTime:0.005000s ]
ERR: 1146:Table 'yaj.yaj_product' doesn't exist
 [ SQL语句 ] : SELECT `id`,`name`,`img`,`promote_price`,`price` FROM `yaj_product` WHERE `is_best` = 1 AND `state` = 1 LIMIT 0,15  
NOTIC: [2] Invalid argument supplied for foreach() D:\xampp\htdocs\Jzc\Application\Home\Controller\ShopController.class.php 第 260 行.
SQL: SELECT COUNT(*) AS tp_count FROM `yaj_product` WHERE `is_best` = 1 AND `state` = 1 LIMIT 1   [ RunTime:0.006000s ]
ERR: 1146:Table 'yaj.yaj_product' doesn't exist
 [ SQL语句 ] : SELECT COUNT(*) AS tp_count FROM `yaj_product` WHERE `is_best` = 1 AND `state` = 1 LIMIT 1  
INFO: [ app_end ] --START--
INFO: Run Behavior\ShowPageTraceBehavior [ RunTime:0.001000s ]
INFO: [ app_end ] --END-- [ RunTime:0.001000s ]

[ 2017-11-13T12:58:54+08:00 ] ::1 /Jzc/index.php/Home/shop/goodslist
INFO: [ app_init ] --START--
INFO: Run Behavior\BuildLiteBehavior [ RunTime:0.000000s ]
INFO: [ app_init ] --END-- [ RunTime:0.000000s ]
INFO: [ app_begin ] --START--
INFO: Run Behavior\ReadHtmlCacheBehavior [ RunTime:0.000000s ]
INFO: [ app_begin ] --END-- [ RunTime:0.000000s ]
NOTIC: [8] Undefined index: desc D:\xampp\htdocs\Jzc\Application\Home\Controller\ShopController.class.php 第 196 行.
NOTIC: [8] Undefined index: asc D:\xampp\htdocs\Jzc\Application\Home\Controller\ShopController.class.php 第 196 行.
NOTIC: [8] Undefined index: hot D:\xampp\htdocs\Jzc\Application\Home\Controller\ShopController.class.php 第 196 行.
NOTIC: [8] Undefined index: page D:\xampp\htdocs\Jzc\Application\Home\Controller\ShopController.class.php 第 200 行.
NOTIC: [8] Undefined index: type D:\xampp\htdocs\Jzc\Application\Home\Controller\ShopController.class.php 第 201 行.
NOTIC: [8] Undefined index: search D:\xampp\htdocs\Jzc\Application\Home\Controller\ShopController.class.php 第 204 行.
NOTIC: [8] Undefined index: id D:\xampp\htdocs\Jzc\Application\Home\Controller\ShopController.class.php 第 238 行.
NOTIC: [8192] mysql_connect(): The mysql extension is deprecated and will be removed in the future: use mysqli or PDO instead D:\xampp\htdocs\Jzc\ThinkPHP\Library\Think\Db\Driver\Mysql.class.php 第 52 行.
SQL: SHOW COLUMNS FROM `yaj_product` [ RunTime:0.005000s ]
ERR: 1146:Table 'yaj.yaj_product' doesn't exist
 [ SQL语句 ] : SHOW COLUMNS FROM `yaj_product`
NOTIC: [8] Undefined variable: order D:\xampp\htdocs\Jzc\Application\Home\Controller\ShopController.class.php 第 242 行.
SQL: SELECT `id`,`name`,`img`,`promote_price`,`price` FROM `yaj_product` WHERE `is_best` = 1 AND `state` = 1 LIMIT 0,15   [ RunTime:0.007000s ]
ERR: 1146:Table 'yaj.yaj_product' doesn't exist
 [ SQL语句 ] : SELECT `id`,`name`,`img`,`promote_price`,`price` FROM `yaj_product` WHERE `is_best` = 1 AND `state` = 1 LIMIT 0,15  

[ 2017-11-13T13:00:12+08:00 ] ::1 /Jzc/index.php/Home/shop/goodslist
INFO: [ app_init ] --START--
INFO: Run Behavior\BuildLiteBehavior [ RunTime:0.000000s ]
INFO: [ app_init ] --END-- [ RunTime:0.000000s ]
INFO: [ app_begin ] --START--
INFO: Run Behavior\ReadHtmlCacheBehavior [ RunTime:0.000000s ]
INFO: [ app_begin ] --END-- [ RunTime:0.000000s ]
NOTIC: [8] Undefined index: desc D:\xampp\htdocs\Jzc\Application\Home\Controller\ShopController.class.php 第 196 行.
NOTIC: [8] Undefined index: asc D:\xampp\htdocs\Jzc\Application\Home\Controller\ShopController.class.php 第 196 行.
NOTIC: [8] Undefined index: hot D:\xampp\htdocs\Jzc\Application\Home\Controller\ShopController.class.php 第 196 行.
NOTIC: [8] Undefined index: page D:\xampp\htdocs\Jzc\Application\Home\Controller\ShopController.class.php 第 200 行.
NOTIC: [8] Undefined index: type D:\xampp\htdocs\Jzc\Application\Home\Controller\ShopController.class.php 第 201 行.
NOTIC: [8] Undefined index: search D:\xampp\htdocs\Jzc\Application\Home\Controller\ShopController.class.php 第 204 行.
NOTIC: [8] Undefined index: id D:\xampp\htdocs\Jzc\Application\Home\Controller\ShopController.class.php 第 238 行.
NOTIC: [8192] mysql_connect(): The mysql extension is deprecated and will be removed in the future: use mysqli or PDO instead D:\xampp\htdocs\Jzc\ThinkPHP\Library\Think\Db\Driver\Mysql.class.php 第 52 行.
SQL: SHOW COLUMNS FROM `yaj_goods` [ RunTime:0.011000s ]
NOTIC: [8] Undefined variable: order D:\xampp\htdocs\Jzc\Application\Home\Controller\ShopController.class.php 第 242 行.
SQL: SELECT `id`,`name`,`img`,`promote_price`,`price` FROM `yaj_goods` WHERE `is_best` = 1 AND `state` = 1 LIMIT 0,15   [ RunTime:0.008000s ]
SQL: SELECT COUNT(*) AS tp_count FROM `yaj_goods` WHERE `is_best` = 1 AND `state` = 1 LIMIT 1   [ RunTime:0.006000s ]
INFO: [ app_end ] --START--
INFO: Run Behavior\ShowPageTraceBehavior [ RunTime:0.001000s ]
INFO: [ app_end ] --END-- [ RunTime:0.001000s ]

[ 2017-11-13T13:04:06+08:00 ] ::1 /Jzc/index.php/Home/shop/goodslist
INFO: [ app_init ] --START--
INFO: Run Behavior\BuildLiteBehavior [ RunTime:0.000000s ]
INFO: [ app_init ] --END-- [ RunTime:0.000000s ]
INFO: [ app_begin ] --START--
INFO: Run Behavior\ReadHtmlCacheBehavior [ RunTime:0.000000s ]
INFO: [ app_begin ] --END-- [ RunTime:0.000000s ]
NOTIC: [8] Undefined index: desc D:\xampp\htdocs\Jzc\Application\Home\Controller\ShopController.class.php 第 196 行.
NOTIC: [8] Undefined index: asc D:\xampp\htdocs\Jzc\Application\Home\Controller\ShopController.class.php 第 196 行.
NOTIC: [8] Undefined index: hot D:\xampp\htdocs\Jzc\Application\Home\Controller\ShopController.class.php 第 196 行.
NOTIC: [8] Undefined index: page D:\xampp\htdocs\Jzc\Application\Home\Controller\ShopController.class.php 第 200 行.
NOTIC: [8] Undefined index: type D:\xampp\htdocs\Jzc\Application\Home\Controller\ShopController.class.php 第 201 行.
NOTIC: [8] Undefined index: search D:\xampp\htdocs\Jzc\Application\Home\Controller\ShopController.class.php 第 204 行.
NOTIC: [8] Undefined index: id D:\xampp\htdocs\Jzc\Application\Home\Controller\ShopController.class.php 第 238 行.
NOTIC: [8192] mysql_connect(): The mysql extension is deprecated and will be removed in the future: use mysqli or PDO instead D:\xampp\htdocs\Jzc\ThinkPHP\Library\Think\Db\Driver\Mysql.class.php 第 52 行.
SQL: SHOW COLUMNS FROM `yaj_goods` [ RunTime:0.007000s ]
NOTIC: [8] Undefined variable: order D:\xampp\htdocs\Jzc\Application\Home\Controller\ShopController.class.php 第 242 行.
SQL: SELECT `id`,`name`,`img`,`promote_price`,`price` FROM `yaj_goods` WHERE `is_best` = 1 AND `state` = 1 LIMIT 0,15   [ RunTime:0.008000s ]
SQL: SELECT COUNT(*) AS tp_count FROM `yaj_goods` WHERE `is_best` = 1 AND `state` = 1 LIMIT 1   [ RunTime:0.006000s ]
INFO: [ app_end ] --START--
INFO: Run Behavior\ShowPageTraceBehavior [ RunTime:0.002000s ]
INFO: [ app_end ] --END-- [ RunTime:0.002000s ]

[ 2017-11-13T13:05:19+08:00 ] ::1 /Jzc/index.php/Home/shop/goodslist
INFO: [ app_init ] --START--
INFO: Run Behavior\BuildLiteBehavior [ RunTime:0.000000s ]
INFO: [ app_init ] --END-- [ RunTime:0.000000s ]
INFO: [ app_begin ] --START--
INFO: Run Behavior\ReadHtmlCacheBehavior [ RunTime:0.000000s ]
INFO: [ app_begin ] --END-- [ RunTime:0.000000s ]
NOTIC: [8] Undefined index: page D:\xampp\htdocs\Jzc\Application\Home\Controller\ShopController.class.php 第 197 行.
NOTIC: [8] Undefined index: type D:\xampp\htdocs\Jzc\Application\Home\Controller\ShopController.class.php 第 198 行.
NOTIC: [8] Undefined index: search D:\xampp\htdocs\Jzc\Application\Home\Controller\ShopController.class.php 第 201 行.
NOTIC: [8] Undefined index: id D:\xampp\htdocs\Jzc\Application\Home\Controller\ShopController.class.php 第 235 行.
NOTIC: [8192] mysql_connect(): The mysql extension is deprecated and will be removed in the future: use mysqli or PDO instead D:\xampp\htdocs\Jzc\ThinkPHP\Library\Think\Db\Driver\Mysql.class.php 第 52 行.
SQL: SHOW COLUMNS FROM `yaj_goods` [ RunTime:0.007000s ]
NOTIC: [8] Undefined variable: order D:\xampp\htdocs\Jzc\Application\Home\Controller\ShopController.class.php 第 239 行.
SQL: SELECT `id`,`name`,`img`,`promote_price`,`price` FROM `yaj_goods` WHERE `state` = 1 LIMIT 0,15   [ RunTime:0.006000s ]
SQL: SELECT COUNT(*) AS tp_count FROM `yaj_goods` WHERE `state` = 1 LIMIT 1   [ RunTime:0.007000s ]
INFO: [ app_end ] --START--
INFO: Run Behavior\ShowPageTraceBehavior [ RunTime:0.001000s ]
INFO: [ app_end ] --END-- [ RunTime:0.001000s ]

[ 2017-11-13T13:05:48+08:00 ] ::1 /Jzc/index.php/Home/shop/goodslist
INFO: [ app_init ] --START--
INFO: Run Behavior\BuildLiteBehavior [ RunTime:0.000000s ]
INFO: [ app_init ] --END-- [ RunTime:0.001000s ]
INFO: [ app_begin ] --START--
INFO: Run Behavior\ReadHtmlCacheBehavior [ RunTime:0.000000s ]
INFO: [ app_begin ] --END-- [ RunTime:0.000000s ]
NOTIC: [8] Undefined index: page D:\xampp\htdocs\Jzc\Application\Home\Controller\ShopController.class.php 第 197 行.
NOTIC: [8] Undefined index: type D:\xampp\htdocs\Jzc\Application\Home\Controller\ShopController.class.php 第 198 行.
NOTIC: [8] Undefined index: search D:\xampp\htdocs\Jzc\Application\Home\Controller\ShopController.class.php 第 201 行.
NOTIC: [8] Undefined index: id D:\xampp\htdocs\Jzc\Application\Home\Controller\ShopController.class.php 第 235 行.
NOTIC: [8192] mysql_connect(): The mysql extension is deprecated and will be removed in the future: use mysqli or PDO instead D:\xampp\htdocs\Jzc\ThinkPHP\Library\Think\Db\Driver\Mysql.class.php 第 52 行.
SQL: SHOW COLUMNS FROM `yaj_goods` [ RunTime:0.005000s ]
SQL: SELECT `id`,`name`,`img`,`promote_price`,`price` FROM `yaj_goods` WHERE `state` = 1 ORDER BY is_bese addtime LIMIT 0,15   [ RunTime:0.004000s ]
ERR: 1064:You have an error in your SQL syntax; check the manual that corresponds to your MySQL server version for the right syntax to use near 'addtime LIMIT 0,15' at line 1
 [ SQL语句 ] : SELECT `id`,`name`,`img`,`promote_price`,`price` FROM `yaj_goods` WHERE `state` = 1 ORDER BY is_bese addtime LIMIT 0,15  
NOTIC: [2] Invalid argument supplied for foreach() D:\xampp\htdocs\Jzc\Application\Home\Controller\ShopController.class.php 第 242 行.
SQL: SELECT COUNT(*) AS tp_count FROM `yaj_goods` WHERE `state` = 1 LIMIT 1   [ RunTime:0.004000s ]
INFO: [ app_end ] --START--
INFO: Run Behavior\ShowPageTraceBehavior [ RunTime:0.000000s ]
INFO: [ app_end ] --END-- [ RunTime:0.000000s ]

[ 2017-11-13T13:06:01+08:00 ] ::1 /Jzc/index.php/Home/shop/goodslist
INFO: [ app_init ] --START--
INFO: Run Behavior\BuildLiteBehavior [ RunTime:0.000000s ]
INFO: [ app_init ] --END-- [ RunTime:0.000000s ]
INFO: [ app_begin ] --START--
INFO: Run Behavior\ReadHtmlCacheBehavior [ RunTime:0.000000s ]
INFO: [ app_begin ] --END-- [ RunTime:0.000000s ]
NOTIC: [8] Undefined index: page D:\xampp\htdocs\Jzc\Application\Home\Controller\ShopController.class.php 第 197 行.
NOTIC: [8] Undefined index: type D:\xampp\htdocs\Jzc\Application\Home\Controller\ShopController.class.php 第 198 行.
NOTIC: [8] Undefined index: search D:\xampp\htdocs\Jzc\Application\Home\Controller\ShopController.class.php 第 201 行.
NOTIC: [8] Undefined index: id D:\xampp\htdocs\Jzc\Application\Home\Controller\ShopController.class.php 第 235 行.
NOTIC: [8192] mysql_connect(): The mysql extension is deprecated and will be removed in the future: use mysqli or PDO instead D:\xampp\htdocs\Jzc\ThinkPHP\Library\Think\Db\Driver\Mysql.class.php 第 52 行.
SQL: SHOW COLUMNS FROM `yaj_goods` [ RunTime:0.006000s ]
SQL: SELECT `id`,`name`,`img`,`promote_price`,`price` FROM `yaj_goods` WHERE `state` = 1 ORDER BY is_bese,addtime LIMIT 0,15   [ RunTime:0.005000s ]
ERR: 1054:Unknown column 'is_bese' in 'order clause'
 [ SQL语句 ] : SELECT `id`,`name`,`img`,`promote_price`,`price` FROM `yaj_goods` WHERE `state` = 1 ORDER BY is_bese,addtime LIMIT 0,15  
NOTIC: [2] Invalid argument supplied for foreach() D:\xampp\htdocs\Jzc\Application\Home\Controller\ShopController.class.php 第 242 行.
SQL: SELECT COUNT(*) AS tp_count FROM `yaj_goods` WHERE `state` = 1 LIMIT 1   [ RunTime:0.005000s ]
INFO: [ app_end ] --START--
INFO: Run Behavior\ShowPageTraceBehavior [ RunTime:0.001000s ]
INFO: [ app_end ] --END-- [ RunTime:0.001000s ]

[ 2017-11-13T13:06:17+08:00 ] ::1 /Jzc/index.php/Home/shop/goodslist
INFO: [ app_init ] --START--
INFO: Run Behavior\BuildLiteBehavior [ RunTime:0.000000s ]
INFO: [ app_init ] --END-- [ RunTime:0.000000s ]
INFO: [ app_begin ] --START--
INFO: Run Behavior\ReadHtmlCacheBehavior [ RunTime:0.000000s ]
INFO: [ app_begin ] --END-- [ RunTime:0.000000s ]
NOTIC: [8] Undefined index: page D:\xampp\htdocs\Jzc\Application\Home\Controller\ShopController.class.php 第 197 行.
NOTIC: [8] Undefined index: type D:\xampp\htdocs\Jzc\Application\Home\Controller\ShopController.class.php 第 198 行.
NOTIC: [8] Undefined index: search D:\xampp\htdocs\Jzc\Application\Home\Controller\ShopController.class.php 第 201 行.
NOTIC: [8] Undefined index: id D:\xampp\htdocs\Jzc\Application\Home\Controller\ShopController.class.php 第 235 行.
NOTIC: [8192] mysql_connect(): The mysql extension is deprecated and will be removed in the future: use mysqli or PDO instead D:\xampp\htdocs\Jzc\ThinkPHP\Library\Think\Db\Driver\Mysql.class.php 第 52 行.
SQL: SHOW COLUMNS FROM `yaj_goods` [ RunTime:0.008000s ]

[ 2017-11-13T13:07:26+08:00 ] ::1 /Jzc/index.php/Home/shop/goodslist
INFO: [ app_init ] --START--
INFO: Run Behavior\BuildLiteBehavior [ RunTime:0.000000s ]
INFO: [ app_init ] --END-- [ RunTime:0.000000s ]
INFO: [ app_begin ] --START--
INFO: Run Behavior\ReadHtmlCacheBehavior [ RunTime:0.000000s ]
INFO: [ app_begin ] --END-- [ RunTime:0.000000s ]
NOTIC: [8] Undefined index: page D:\xampp\htdocs\Jzc\Application\Home\Controller\ShopController.class.php 第 197 行.
NOTIC: [8] Undefined index: type D:\xampp\htdocs\Jzc\Application\Home\Controller\ShopController.class.php 第 198 行.
NOTIC: [8] Undefined index: search D:\xampp\htdocs\Jzc\Application\Home\Controller\ShopController.class.php 第 201 行.
NOTIC: [8] Undefined index: id D:\xampp\htdocs\Jzc\Application\Home\Controller\ShopController.class.php 第 235 行.
NOTIC: [8192] mysql_connect(): The mysql extension is deprecated and will be removed in the future: use mysqli or PDO instead D:\xampp\htdocs\Jzc\ThinkPHP\Library\Think\Db\Driver\Mysql.class.php 第 52 行.
SQL: SHOW COLUMNS FROM `yaj_goods` [ RunTime:0.008000s ]
SQL: SELECT `id`,`name`,`img`,`promote_price`,`price` FROM `yaj_goods` WHERE `state` = 1 LIMIT 0,15   [ RunTime:0.006000s ]
SQL: SELECT COUNT(*) AS tp_count FROM `yaj_goods` WHERE `state` = 1 LIMIT 1   [ RunTime:0.006000s ]
INFO: [ app_end ] --START--
INFO: Run Behavior\ShowPageTraceBehavior [ RunTime:0.000000s ]
INFO: [ app_end ] --END-- [ RunTime:0.000000s ]

[ 2017-11-13T13:07:54+08:00 ] ::1 /Jzc/index.php/Home/shop/goodslist
INFO: [ app_init ] --START--
INFO: Run Behavior\BuildLiteBehavior [ RunTime:0.000000s ]
INFO: [ app_init ] --END-- [ RunTime:0.000000s ]
INFO: [ app_begin ] --START--
INFO: Run Behavior\ReadHtmlCacheBehavior [ RunTime:0.000000s ]
INFO: [ app_begin ] --END-- [ RunTime:0.000000s ]
NOTIC: [8] Undefined index: page D:\xampp\htdocs\Jzc\Application\Home\Controller\ShopController.class.php 第 197 行.
NOTIC: [8] Undefined index: type D:\xampp\htdocs\Jzc\Application\Home\Controller\ShopController.class.php 第 198 行.
NOTIC: [8] Undefined index: search D:\xampp\htdocs\Jzc\Application\Home\Controller\ShopController.class.php 第 201 行.
NOTIC: [8] Undefined index: id D:\xampp\htdocs\Jzc\Application\Home\Controller\ShopController.class.php 第 235 行.
NOTIC: [8192] mysql_connect(): The mysql extension is deprecated and will be removed in the future: use mysqli or PDO instead D:\xampp\htdocs\Jzc\ThinkPHP\Library\Think\Db\Driver\Mysql.class.php 第 52 行.
SQL: SHOW COLUMNS FROM `yaj_goods` [ RunTime:0.007000s ]
NOTIC: [2] Invalid argument supplied for foreach() D:\xampp\htdocs\Jzc\Application\Home\Controller\ShopController.class.php 第 240 行.
SQL: SELECT COUNT(*) AS tp_count FROM `yaj_goods` WHERE `state` = 1 LIMIT 1   [ RunTime:0.009000s ]
INFO: [ app_end ] --START--
INFO: Run Behavior\ShowPageTraceBehavior [ RunTime:0.000000s ]
INFO: [ app_end ] --END-- [ RunTime:0.000000s ]

[ 2017-11-13T13:08:02+08:00 ] ::1 /Jzc/index.php/Home/shop/goodslist
INFO: [ app_init ] --START--
INFO: Run Behavior\BuildLiteBehavior [ RunTime:0.000000s ]
INFO: [ app_init ] --END-- [ RunTime:0.000000s ]
INFO: [ app_begin ] --START--
INFO: Run Behavior\ReadHtmlCacheBehavior [ RunTime:0.000000s ]
INFO: [ app_begin ] --END-- [ RunTime:0.000000s ]
NOTIC: [8] Undefined index: page D:\xampp\htdocs\Jzc\Application\Home\Controller\ShopController.class.php 第 197 行.
NOTIC: [8] Undefined index: type D:\xampp\htdocs\Jzc\Application\Home\Controller\ShopController.class.php 第 198 行.
NOTIC: [8] Undefined index: search D:\xampp\htdocs\Jzc\Application\Home\Controller\ShopController.class.php 第 201 行.
NOTIC: [8] Undefined index: id D:\xampp\htdocs\Jzc\Application\Home\Controller\ShopController.class.php 第 235 行.
NOTIC: [8192] mysql_connect(): The mysql extension is deprecated and will be removed in the future: use mysqli or PDO instead D:\xampp\htdocs\Jzc\ThinkPHP\Library\Think\Db\Driver\Mysql.class.php 第 52 行.
SQL: SHOW COLUMNS FROM `yaj_goods` [ RunTime:0.009000s ]
SQL: SELECT `id`,`name`,`img`,`promote_price`,`price` FROM `yaj_goods` WHERE `state` = 1 ORDER BY is_bese,add_time LIMIT 0,15   [ RunTime:0.006000s ]
ERR: 1054:Unknown column 'is_bese' in 'order clause'
 [ SQL语句 ] : SELECT `id`,`name`,`img`,`promote_price`,`price` FROM `yaj_goods` WHERE `state` = 1 ORDER BY is_bese,add_time LIMIT 0,15  
NOTIC: [2] Invalid argument supplied for foreach() D:\xampp\htdocs\Jzc\Application\Home\Controller\ShopController.class.php 第 240 行.
SQL: SELECT COUNT(*) AS tp_count FROM `yaj_goods` WHERE `state` = 1 LIMIT 1   [ RunTime:0.009000s ]
INFO: [ app_end ] --START--
INFO: Run Behavior\ShowPageTraceBehavior [ RunTime:0.000000s ]
INFO: [ app_end ] --END-- [ RunTime:0.000000s ]

[ 2017-11-13T13:08:19+08:00 ] ::1 /Jzc/index.php/Home/shop/goodslist
INFO: [ app_init ] --START--
INFO: Run Behavior\BuildLiteBehavior [ RunTime:0.000000s ]
INFO: [ app_init ] --END-- [ RunTime:0.001000s ]
INFO: [ app_begin ] --START--
INFO: Run Behavior\ReadHtmlCacheBehavior [ RunTime:0.001000s ]
INFO: [ app_begin ] --END-- [ RunTime:0.001000s ]
NOTIC: [8] Undefined index: page D:\xampp\htdocs\Jzc\Application\Home\Controller\ShopController.class.php 第 197 行.
NOTIC: [8] Undefined index: type D:\xampp\htdocs\Jzc\Application\Home\Controller\ShopController.class.php 第 198 行.
NOTIC: [8] Undefined index: search D:\xampp\htdocs\Jzc\Application\Home\Controller\ShopController.class.php 第 201 行.
NOTIC: [8] Undefined index: id D:\xampp\htdocs\Jzc\Application\Home\Controller\ShopController.class.php 第 235 行.
NOTIC: [8192] mysql_connect(): The mysql extension is deprecated and will be removed in the future: use mysqli or PDO instead D:\xampp\htdocs\Jzc\ThinkPHP\Library\Think\Db\Driver\Mysql.class.php 第 52 行.
SQL: SHOW COLUMNS FROM `yaj_goods` [ RunTime:0.008000s ]
SQL: SELECT `id`,`name`,`img`,`promote_price`,`price` FROM `yaj_goods` WHERE `state` = 1 ORDER BY is_best,add_time LIMIT 0,15   [ RunTime:0.006000s ]
SQL: SELECT COUNT(*) AS tp_count FROM `yaj_goods` WHERE `state` = 1 LIMIT 1   [ RunTime:0.006000s ]
INFO: [ app_end ] --START--
INFO: Run Behavior\ShowPageTraceBehavior [ RunTime:0.001000s ]
INFO: [ app_end ] --END-- [ RunTime:0.002000s ]

[ 2017-11-13T13:08:49+08:00 ] ::1 /Jzc/index.php/Home/shop/goodslist
INFO: [ app_init ] --START--
INFO: Run Behavior\BuildLiteBehavior [ RunTime:0.000000s ]
INFO: [ app_init ] --END-- [ RunTime:0.000000s ]
INFO: [ app_begin ] --START--
INFO: Run Behavior\ReadHtmlCacheBehavior [ RunTime:0.000000s ]
INFO: [ app_begin ] --END-- [ RunTime:0.000000s ]
NOTIC: [8] Undefined index: page D:\xampp\htdocs\Jzc\Application\Home\Controller\ShopController.class.php 第 197 行.
NOTIC: [8] Undefined index: type D:\xampp\htdocs\Jzc\Application\Home\Controller\ShopController.class.php 第 198 行.
NOTIC: [8] Undefined index: search D:\xampp\htdocs\Jzc\Application\Home\Controller\ShopController.class.php 第 201 行.
NOTIC: [8] Undefined index: id D:\xampp\htdocs\Jzc\Application\Home\Controller\ShopController.class.php 第 235 行.
NOTIC: [8192] mysql_connect(): The mysql extension is deprecated and will be removed in the future: use mysqli or PDO instead D:\xampp\htdocs\Jzc\ThinkPHP\Library\Think\Db\Driver\Mysql.class.php 第 52 行.
SQL: SHOW COLUMNS FROM `yaj_goods` [ RunTime:0.006000s ]
SQL: SELECT `id`,`name`,`img`,`promote_price`,`price` FROM `yaj_goods` WHERE `state` = 1 ORDER BY is_best desc,add_time LIMIT 0,15   [ RunTime:0.005000s ]
SQL: SELECT COUNT(*) AS tp_count FROM `yaj_goods` WHERE `state` = 1 LIMIT 1   [ RunTime:0.005000s ]
INFO: [ app_end ] --START--
INFO: Run Behavior\ShowPageTraceBehavior [ RunTime:0.000000s ]
INFO: [ app_end ] --END-- [ RunTime:0.000000s ]

[ 2017-11-13T13:16:29+08:00 ] 192.168.31.96 /Jzc/index.php/home/index/details
INFO: [ app_init ] --START--
INFO: Run Behavior\BuildLiteBehavior [ RunTime:0.001000s ]
INFO: [ app_init ] --END-- [ RunTime:0.001000s ]
INFO: [ app_begin ] --START--
INFO: Run Behavior\ReadHtmlCacheBehavior [ RunTime:0.001000s ]
INFO: [ app_begin ] --END-- [ RunTime:0.001000s ]
NOTIC: [8192] mysql_connect(): The mysql extension is deprecated and will be removed in the future: use mysqli or PDO instead D:\xampp\htdocs\Jzc\ThinkPHP\Library\Think\Db\Driver\Mysql.class.php 第 52 行.
SQL: SHOW COLUMNS FROM `yaj_user` [ RunTime:0.033000s ]
SQL: SELECT `username`,`userpic`,`address`,`sex`,`type`,`signature`,`introduce` FROM `yaj_user` WHERE `id` = 20 LIMIT 1   [ RunTime:0.036000s ]
SQL: SHOW COLUMNS FROM `yaj_userdetails` [ RunTime:0.007000s ]
SQL: SELECT `min`,`max`,`worktime`,`goods`,`education`,`grade`,`process`,`background` FROM `yaj_userdetails` WHERE `uid` = 20 LIMIT 1   [ RunTime:0.031000s ]
SQL: SHOW COLUMNS FROM `yaj_evaluate` [ RunTime:0.011000s ]
SQL: SELECT COUNT(*) AS tp_count FROM `yaj_evaluate` WHERE `s_id` = 20 LIMIT 1   [ RunTime:0.009000s ]
SQL: SELECT `uid`,`content` FROM `yaj_evaluate` WHERE `s_id` = 20 AND `status` = 1 ORDER BY addtime LIMIT 1   [ RunTime:0.039000s ]
SQL: SELECT `userpic`,`username` FROM `yaj_user` WHERE `id` = 14 LIMIT 1   [ RunTime:0.057000s ]
SQL: SHOW COLUMNS FROM `yaj_drawing` [ RunTime:0.026000s ]
SQL: SELECT `id`,`name`,`depict`,`style`,`acreage`,`fans` FROM `yaj_drawing` WHERE `to_uid` = 20 AND `state` = 1  [ RunTime:0.013000s ]
SQL: SHOW COLUMNS FROM `yaj_drawingimg` [ RunTime:0.010000s ]
SQL: SELECT `img` FROM `yaj_drawingimg` WHERE `pid` = 2 LIMIT 1   [ RunTime:0.015000s ]
SQL: SELECT `img` FROM `yaj_drawingimg` WHERE `pid` = 3 LIMIT 1   [ RunTime:0.007000s ]
SQL: SELECT `img` FROM `yaj_drawingimg` WHERE `pid` = 4 LIMIT 1   [ RunTime:0.010000s ]

[ 2017-11-13T13:18:43+08:00 ] 192.168.31.96 /Jzc/index.php/home/index/details
INFO: [ app_init ] --START--
INFO: Run Behavior\BuildLiteBehavior [ RunTime:0.000000s ]
INFO: [ app_init ] --END-- [ RunTime:0.001000s ]
INFO: [ app_begin ] --START--
INFO: Run Behavior\ReadHtmlCacheBehavior [ RunTime:0.001000s ]
INFO: [ app_begin ] --END-- [ RunTime:0.001000s ]
NOTIC: [8192] mysql_connect(): The mysql extension is deprecated and will be removed in the future: use mysqli or PDO instead D:\xampp\htdocs\Jzc\ThinkPHP\Library\Think\Db\Driver\Mysql.class.php 第 52 行.
SQL: SHOW COLUMNS FROM `yaj_user` [ RunTime:0.016000s ]
SQL: SELECT `username`,`userpic`,`address`,`sex`,`type`,`signature`,`introduce` FROM `yaj_user` WHERE `id` = 21 LIMIT 1   [ RunTime:0.006000s ]
SQL: SHOW COLUMNS FROM `yaj_userdetails` [ RunTime:0.006000s ]
SQL: SELECT `min`,`max`,`worktime`,`goods`,`place`,`grade`,`process`,`education`,`background`,`area` FROM `yaj_userdetails` WHERE `uid` = 21 LIMIT 1   [ RunTime:0.006000s ]
SQL: SHOW COLUMNS FROM `yaj_evaluate` [ RunTime:0.005000s ]
SQL: SELECT COUNT(*) AS tp_count FROM `yaj_evaluate` WHERE `s_id` = 21 LIMIT 1   [ RunTime:0.005000s ]
SQL: SELECT `uid`,`content` FROM `yaj_evaluate` WHERE `s_id` = 21 AND `status` = 1 ORDER BY addtime LIMIT 1   [ RunTime:0.005000s ]
SQL: SELECT `userpic`,`username` FROM `yaj_user` WHERE `id` = null LIMIT 1   [ RunTime:0.005000s ]
SQL: SHOW COLUMNS FROM `yaj_drawing` [ RunTime:0.006000s ]
SQL: SELECT `id`,`name`,`depict`,`style`,`acreage`,`fans` FROM `yaj_drawing` WHERE `to_uid` = 21 AND `state` = 1  [ RunTime:0.006000s ]

[ 2017-11-13T13:23:45+08:00 ] ::1 /Jzc/index.php/Home/shop/goodslist
INFO: [ app_init ] --START--
INFO: Run Behavior\BuildLiteBehavior [ RunTime:0.000000s ]
INFO: [ app_init ] --END-- [ RunTime:0.000000s ]
INFO: [ app_begin ] --START--
INFO: Run Behavior\ReadHtmlCacheBehavior [ RunTime:0.001000s ]
INFO: [ app_begin ] --END-- [ RunTime:0.001000s ]
NOTIC: [8] Undefined index: page D:\xampp\htdocs\Jzc\Application\Home\Controller\ShopController.class.php 第 197 行.
NOTIC: [8] Undefined index: type D:\xampp\htdocs\Jzc\Application\Home\Controller\ShopController.class.php 第 198 行.
NOTIC: [8] Undefined index: search D:\xampp\htdocs\Jzc\Application\Home\Controller\ShopController.class.php 第 201 行.
NOTIC: [8] Undefined index: id D:\xampp\htdocs\Jzc\Application\Home\Controller\ShopController.class.php 第 235 行.
NOTIC: [8192] mysql_connect(): The mysql extension is deprecated and will be removed in the future: use mysqli or PDO instead D:\xampp\htdocs\Jzc\ThinkPHP\Library\Think\Db\Driver\Mysql.class.php 第 52 行.
SQL: SHOW COLUMNS FROM `yaj_goods` [ RunTime:0.007000s ]
SQL: SELECT `id`,`name`,`img`,`promote_price`,`price` FROM `yaj_goods` WHERE `state` = 1 ORDER BY is_best desc,add_time desc LIMIT 0,15   [ RunTime:0.007000s ]
NOTIC: [8] Undefined index: desc D:\xampp\htdocs\Jzc\Application\Home\Controller\ShopController.class.php 第 241 行.
SQL: SELECT `id`,`name`,`img`,`promote_price`,`price` FROM `yaj_goods` WHERE `state` = 1 ORDER BY is_best desc,add_time desc,sales asc LIMIT 0,15   [ RunTime:0.006000s ]
SQL: SELECT COUNT(*) AS tp_count FROM `yaj_goods` WHERE `state` = 1 LIMIT 1   [ RunTime:0.007000s ]
INFO: [ app_end ] --START--
INFO: Run Behavior\ShowPageTraceBehavior [ RunTime:0.000000s ]
INFO: [ app_end ] --END-- [ RunTime:0.000000s ]

[ 2017-11-13T13:23:56+08:00 ] ::1 /Jzc/index.php/Home/shop/goodslist
INFO: [ app_init ] --START--
INFO: Run Behavior\BuildLiteBehavior [ RunTime:0.000000s ]
INFO: [ app_init ] --END-- [ RunTime:0.000000s ]
INFO: [ app_begin ] --START--
INFO: Run Behavior\ReadHtmlCacheBehavior [ RunTime:0.000000s ]
INFO: [ app_begin ] --END-- [ RunTime:0.000000s ]
NOTIC: [8] Undefined index: page D:\xampp\htdocs\Jzc\Application\Home\Controller\ShopController.class.php 第 197 行.
NOTIC: [8] Undefined index: type D:\xampp\htdocs\Jzc\Application\Home\Controller\ShopController.class.php 第 198 行.
NOTIC: [8] Undefined index: search D:\xampp\htdocs\Jzc\Application\Home\Controller\ShopController.class.php 第 201 行.
NOTIC: [8] Undefined index: id D:\xampp\htdocs\Jzc\Application\Home\Controller\ShopController.class.php 第 235 行.
NOTIC: [8192] mysql_connect(): The mysql extension is deprecated and will be removed in the future: use mysqli or PDO instead D:\xampp\htdocs\Jzc\ThinkPHP\Library\Think\Db\Driver\Mysql.class.php 第 52 行.
SQL: SHOW COLUMNS FROM `yaj_goods` [ RunTime:0.006000s ]
SQL: SELECT `id`,`name`,`img`,`promote_price`,`price` FROM `yaj_goods` WHERE `state` = 1 ORDER BY is_best desc,add_time desc LIMIT 0,15   [ RunTime:0.006000s ]
SQL: SELECT `id`,`name`,`img`,`promote_price`,`price` FROM `yaj_goods` WHERE `state` = 1 ORDER BY is_best desc,add_time desc,sales desc LIMIT 0,15   [ RunTime:0.005000s ]
NOTIC: [8] Undefined index: asc D:\xampp\htdocs\Jzc\Application\Home\Controller\ShopController.class.php 第 244 行.
SQL: SELECT COUNT(*) AS tp_count FROM `yaj_goods` WHERE `state` = 1 LIMIT 1   [ RunTime:0.005000s ]
INFO: [ app_end ] --START--
INFO: Run Behavior\ShowPageTraceBehavior [ RunTime:0.000000s ]
INFO: [ app_end ] --END-- [ RunTime:0.000000s ]

[ 2017-11-13T15:11:55+08:00 ] ::1 /Jzc/index.php/Home/shop/goods_details
INFO: [ app_init ] --START--
INFO: Run Behavior\BuildLiteBehavior [ RunTime:0.000000s ]
INFO: [ app_init ] --END-- [ RunTime:0.000000s ]
INFO: [ app_begin ] --START--
INFO: Run Behavior\ReadHtmlCacheBehavior [ RunTime:0.001000s ]
INFO: [ app_begin ] --END-- [ RunTime:0.001000s ]
NOTIC: [8192] mysql_connect(): The mysql extension is deprecated and will be removed in the future: use mysqli or PDO instead D:\xampp\htdocs\Jzc\ThinkPHP\Library\Think\Db\Driver\Mysql.class.php 第 52 行.
SQL: SHOW COLUMNS FROM `yaj_goods` [ RunTime:0.008000s ]
SQL: UPDATE `yaj_goods` SET `click_count`=click_count+1 WHERE `id` = 3 [ RunTime:0.006000s ]
SQL: SELECT `id`,`name`,`price`,`promote_price`,`postprice`,`showimg`,`state`,`stock` FROM `yaj_goods` WHERE `id` = 3 LIMIT 1   [ RunTime:0.007000s ]
SQL: SHOW COLUMNS FROM `yaj_goodsconfig` [ RunTime:0.005000s ]
SQL: SELECT `color`,`standard`,`capacity` FROM `yaj_goodsconfig` WHERE `gid` = 3 LIMIT 1   [ RunTime:0.008000s ]
NOTIC: [8] Undefined index: uid D:\xampp\htdocs\Jzc\Application\Home\Controller\ShopController.class.php 第 321 行.
NOTIC: [8] Undefined variable: details D:\xampp\htdocs\Jzc\Application\Home\Controller\ShopController.class.php 第 333 行.
INFO: [ app_end ] --START--
INFO: Run Behavior\ShowPageTraceBehavior [ RunTime:0.001000s ]
INFO: [ app_end ] --END-- [ RunTime:0.001000s ]

[ 2017-11-13T17:16:23+08:00 ] ::1 /Jzc/index.php/Home/shop/goods_details
INFO: [ app_init ] --START--
INFO: Run Behavior\BuildLiteBehavior [ RunTime:0.000000s ]
INFO: [ app_init ] --END-- [ RunTime:0.002000s ]
INFO: [ app_begin ] --START--
INFO: Run Behavior\ReadHtmlCacheBehavior [ RunTime:0.007000s ]
INFO: [ app_begin ] --END-- [ RunTime:0.007000s ]
NOTIC: [8192] mysql_connect(): The mysql extension is deprecated and will be removed in the future: use mysqli or PDO instead D:\xampp\htdocs\Jzc\ThinkPHP\Library\Think\Db\Driver\Mysql.class.php 第 52 行.
SQL: SHOW COLUMNS FROM `yaj_goods` [ RunTime:0.013000s ]
SQL: UPDATE `yaj_goods` SET `click_count`=click_count+1 WHERE `id` = 3 [ RunTime:0.007000s ]
SQL: SELECT `id`,`name`,`price`,`promote_price`,`postprice`,`showimg`,`state`,`stock` FROM `yaj_goods` WHERE `id` = 3 LIMIT 1   [ RunTime:0.007000s ]
SQL: SHOW COLUMNS FROM `yaj_goodsconfig` [ RunTime:0.007000s ]
SQL: SELECT `color`,`standard`,`capacity` FROM `yaj_goodsconfig` WHERE `gid` = 3 LIMIT 1   [ RunTime:0.007000s ]
NOTIC: [8] Undefined index: uid D:\xampp\htdocs\Jzc\Application\Home\Controller\ShopController.class.php 第 321 行.
NOTIC: [8] Undefined variable: details D:\xampp\htdocs\Jzc\Application\Home\Controller\ShopController.class.php 第 333 行.
INFO: [ app_end ] --START--
INFO: Run Behavior\ShowPageTraceBehavior [ RunTime:0.002000s ]
INFO: [ app_end ] --END-- [ RunTime:0.002000s ]

[ 2017-11-13T17:17:53+08:00 ] ::1 /Jzc/index.php/Home/shop/goods_details
INFO: [ app_init ] --START--
INFO: Run Behavior\BuildLiteBehavior [ RunTime:0.000000s ]
INFO: [ app_init ] --END-- [ RunTime:0.000000s ]
INFO: [ app_begin ] --START--
INFO: Run Behavior\ReadHtmlCacheBehavior [ RunTime:0.000000s ]
INFO: [ app_begin ] --END-- [ RunTime:0.000000s ]
NOTIC: [8192] mysql_connect(): The mysql extension is deprecated and will be removed in the future: use mysqli or PDO instead D:\xampp\htdocs\Jzc\ThinkPHP\Library\Think\Db\Driver\Mysql.class.php 第 52 行.
SQL: SHOW COLUMNS FROM `yaj_goods` [ RunTime:0.008000s ]
SQL: UPDATE `yaj_goods` SET `click_count`=click_count+1 WHERE `id` = 3 [ RunTime:0.016000s ]
SQL: SELECT `id`,`name`,`price`,`promote_price`,`postprice`,`showimg`,`state`,`stock` FROM `yaj_goods` WHERE `id` = 3 LIMIT 1   [ RunTime:0.007000s ]
SQL: SHOW COLUMNS FROM `yaj_goodsconfig` [ RunTime:0.009000s ]
SQL: SELECT `color`,`standard`,`capacity` FROM `yaj_goodsconfig` WHERE `gid` = 3 LIMIT 1   [ RunTime:0.006000s ]
NOTIC: [8] Undefined index: uid D:\xampp\htdocs\Jzc\Application\Home\Controller\ShopController.class.php 第 321 行.
NOTIC: [8] Undefined variable: details D:\xampp\htdocs\Jzc\Application\Home\Controller\ShopController.class.php 第 333 行.
INFO: [ app_end ] --START--
INFO: Run Behavior\ShowPageTraceBehavior [ RunTime:0.001000s ]
INFO: [ app_end ] --END-- [ RunTime:0.001000s ]

[ 2017-11-13T17:18:21+08:00 ] ::1 /Jzc/index.php/Home/shop/goods_details
INFO: [ app_init ] --START--
INFO: Run Behavior\BuildLiteBehavior [ RunTime:0.000000s ]
INFO: [ app_init ] --END-- [ RunTime:0.000000s ]
INFO: [ app_begin ] --START--
INFO: Run Behavior\ReadHtmlCacheBehavior [ RunTime:0.000000s ]
INFO: [ app_begin ] --END-- [ RunTime:0.000000s ]
NOTIC: [8192] mysql_connect(): The mysql extension is deprecated and will be removed in the future: use mysqli or PDO instead D:\xampp\htdocs\Jzc\ThinkPHP\Library\Think\Db\Driver\Mysql.class.php 第 52 行.
SQL: SHOW COLUMNS FROM `yaj_goods` [ RunTime:0.007000s ]
SQL: UPDATE `yaj_goods` SET `click_count`=click_count+1 WHERE `id` = 3 [ RunTime:0.005000s ]
SQL: SELECT `id`,`name`,`price`,`promote_price`,`postprice`,`showimg`,`state`,`stock` FROM `yaj_goods` WHERE `id` = 3 LIMIT 1   [ RunTime:0.008000s ]
SQL: SHOW COLUMNS FROM `yaj_goodsconfig` [ RunTime:0.007000s ]
SQL: SELECT `color`,`standard`,`capacity` FROM `yaj_goodsconfig` WHERE `gid` = 3 LIMIT 1   [ RunTime:0.006000s ]
SQL: SHOW COLUMNS FROM `yaj_collect` [ RunTime:0.009000s ]
SQL: SELECT * FROM `yaj_collect` WHERE `uid` = 54 AND `collect_id` = 3 AND `type` = 4 LIMIT 1   [ RunTime:0.007000s ]
NOTIC: [8] Undefined variable: details D:\xampp\htdocs\Jzc\Application\Home\Controller\ShopController.class.php 第 333 行.
INFO: [ app_end ] --START--
INFO: Run Behavior\ShowPageTraceBehavior [ RunTime:0.001000s ]
INFO: [ app_end ] --END-- [ RunTime:0.001000s ]

