[ 2017-10-23T09:21:32+08:00 ] 192.168.31.96 /Jzc/index.php/home/login/loginto
INFO: [ app_init ] --START--
INFO: Run Behavior\BuildLiteBehavior [ RunTime:0.000000s ]
INFO: [ app_init ] --END-- [ RunTime:0.026000s ]
INFO: [ app_begin ] --START--
INFO: Run Behavior\ReadHtmlCacheBehavior [ RunTime:0.005000s ]
INFO: [ app_begin ] --END-- [ RunTime:0.007000s ]
NOTIC: [8192] mysql_connect(): The mysql extension is deprecated and will be removed in the future: use mysqli or PDO instead D:\xampp\htdocs\Jzc\ThinkPHP\Library\Think\Db\Driver\Mysql.class.php 第 52 行.
SQL: SHOW COLUMNS FROM `yaj_user` [ RunTime:0.007000s ]
SQL: SELECT * FROM `yaj_user` WHERE `phoneNum` = '17600026191' LIMIT 1   [ RunTime:0.006000s ]
SQL: SHOW COLUMNS FROM `yaj_code` [ RunTime:0.006000s ]
SQL: SELECT * FROM `yaj_code` WHERE `phoneNum` = '17600026191' AND `code` = '111111' LIMIT 1   [ RunTime:0.005000s ]
SQL: SELECT * FROM `yaj_user` WHERE `phoneNum` = '17600026191' LIMIT 1   [ RunTime:0.006000s ]
SQL: UPDATE `yaj_user` SET `usertoken`='4f073789cb5f39fe6fc5ecf18bd63452' WHERE `id` = 22 [ RunTime:0.018000s ]
INFO: [ app_end ] --START--
INFO: Run Behavior\ShowPageTraceBehavior [ RunTime:0.003000s ]
INFO: [ app_end ] --END-- [ RunTime:0.003000s ]

[ 2017-10-23T09:21:33+08:00 ] 192.168.31.96 /Jzc/index.php/home/index/index
INFO: [ app_init ] --START--
INFO: Run Behavior\BuildLiteBehavior [ RunTime:0.000000s ]
INFO: [ app_init ] --END-- [ RunTime:0.001000s ]
INFO: [ app_begin ] --START--
INFO: Run Behavior\ReadHtmlCacheBehavior [ RunTime:0.001000s ]
INFO: [ app_begin ] --END-- [ RunTime:0.001000s ]
NOTIC: [8] Undefined index: page D:\xampp\htdocs\Jzc\Application\Home\Controller\IndexController.class.php 第 14 行.
NOTIC: [8192] mysql_connect(): The mysql extension is deprecated and will be removed in the future: use mysqli or PDO instead D:\xampp\htdocs\Jzc\ThinkPHP\Library\Think\Db\Driver\Mysql.class.php 第 52 行.
SQL: SHOW COLUMNS FROM `yaj_carousel` [ RunTime:0.008000s ]
SQL: SELECT `id`,`img`,`is_package` FROM `yaj_carousel` WHERE `state` = 1  [ RunTime:0.007000s ]
NOTIC: [8] Undefined index: page D:\xampp\htdocs\Jzc\Application\Home\Controller\IndexController.class.php 第 21 行.
SQL: SHOW COLUMNS FROM `yaj_package` [ RunTime:0.008000s ]
SQL: SELECT `id`,`name`,`depict`,`style`,`lunbo_img` FROM `yaj_package` ORDER BY edittime desc LIMIT 0,3   [ RunTime:0.008000s ]
SQL: SHOW COLUMNS FROM `yaj_collect` [ RunTime:0.007000s ]
SQL: SELECT COUNT(*) AS tp_count FROM `yaj_collect` WHERE `collect_id` = 1 AND `type` = 1 LIMIT 1   [ RunTime:0.006000s ]
SQL: SELECT COUNT(*) AS tp_count FROM `yaj_collect` WHERE `collect_id` = 2 AND `type` = 1 LIMIT 1   [ RunTime:0.009000s ]
SQL: SELECT COUNT(*) AS tp_count FROM `yaj_collect` WHERE `collect_id` = 3 AND `type` = 1 LIMIT 1   [ RunTime:0.007000s ]
INFO: [ app_end ] --START--
INFO: Run Behavior\ShowPageTraceBehavior [ RunTime:0.001000s ]
INFO: [ app_end ] --END-- [ RunTime:0.001000s ]

[ 2017-10-23T09:33:19+08:00 ] 192.168.31.96 /Jzc/index.php/home/login/loginto
INFO: [ app_init ] --START--
INFO: Run Behavior\BuildLiteBehavior [ RunTime:0.000000s ]
INFO: [ app_init ] --END-- [ RunTime:0.001000s ]
INFO: [ app_begin ] --START--
INFO: Run Behavior\ReadHtmlCacheBehavior [ RunTime:0.001000s ]
INFO: [ app_begin ] --END-- [ RunTime:0.001000s ]
NOTIC: [8192] mysql_connect(): The mysql extension is deprecated and will be removed in the future: use mysqli or PDO instead D:\xampp\htdocs\Jzc\ThinkPHP\Library\Think\Db\Driver\Mysql.class.php 第 52 行.
SQL: SHOW COLUMNS FROM `yaj_user` [ RunTime:0.010000s ]
SQL: SELECT * FROM `yaj_user` WHERE `phoneNum` = '17600026191' LIMIT 1   [ RunTime:0.006000s ]
SQL: SHOW COLUMNS FROM `yaj_code` [ RunTime:0.007000s ]
SQL: SELECT * FROM `yaj_code` WHERE `phoneNum` = '17600026191' AND `code` = '111111' LIMIT 1   [ RunTime:0.005000s ]
SQL: SELECT * FROM `yaj_user` WHERE `phoneNum` = '17600026191' LIMIT 1   [ RunTime:0.006000s ]
SQL: UPDATE `yaj_user` SET `usertoken`='d5d225c878431f08a161c416b95109d4' WHERE `id` = 22 [ RunTime:0.020000s ]
INFO: [ app_end ] --START--
INFO: Run Behavior\ShowPageTraceBehavior [ RunTime:0.002000s ]
INFO: [ app_end ] --END-- [ RunTime:0.002000s ]

[ 2017-10-23T09:33:19+08:00 ] 192.168.31.96 /Jzc/index.php/home/index/index
INFO: [ app_init ] --START--
INFO: Run Behavior\BuildLiteBehavior [ RunTime:0.000000s ]
INFO: [ app_init ] --END-- [ RunTime:0.001000s ]
INFO: [ app_begin ] --START--
INFO: Run Behavior\ReadHtmlCacheBehavior [ RunTime:0.001000s ]
INFO: [ app_begin ] --END-- [ RunTime:0.001000s ]
NOTIC: [8] Undefined index: page D:\xampp\htdocs\Jzc\Application\Home\Controller\IndexController.class.php 第 14 行.
NOTIC: [8192] mysql_connect(): The mysql extension is deprecated and will be removed in the future: use mysqli or PDO instead D:\xampp\htdocs\Jzc\ThinkPHP\Library\Think\Db\Driver\Mysql.class.php 第 52 行.
SQL: SHOW COLUMNS FROM `yaj_carousel` [ RunTime:0.007000s ]
SQL: SELECT `id`,`img`,`is_package` FROM `yaj_carousel` WHERE `state` = 1  [ RunTime:0.008000s ]
NOTIC: [8] Undefined index: page D:\xampp\htdocs\Jzc\Application\Home\Controller\IndexController.class.php 第 21 行.
SQL: SHOW COLUMNS FROM `yaj_package` [ RunTime:0.007000s ]
SQL: SELECT `id`,`name`,`depict`,`style`,`lunbo_img` FROM `yaj_package` ORDER BY edittime desc LIMIT 0,3   [ RunTime:0.008000s ]
SQL: SHOW COLUMNS FROM `yaj_collect` [ RunTime:0.010000s ]
SQL: SELECT COUNT(*) AS tp_count FROM `yaj_collect` WHERE `collect_id` = 1 AND `type` = 1 LIMIT 1   [ RunTime:0.007000s ]
SQL: SELECT COUNT(*) AS tp_count FROM `yaj_collect` WHERE `collect_id` = 2 AND `type` = 1 LIMIT 1   [ RunTime:0.007000s ]
SQL: SELECT COUNT(*) AS tp_count FROM `yaj_collect` WHERE `collect_id` = 3 AND `type` = 1 LIMIT 1   [ RunTime:0.008000s ]
INFO: [ app_end ] --START--
INFO: Run Behavior\ShowPageTraceBehavior [ RunTime:0.001000s ]
INFO: [ app_end ] --END-- [ RunTime:0.001000s ]

