[ 2017-11-20T11:53:17+08:00 ] ::1 /Jzc/index.php/Home/shop/goodsconfig
INFO: [ app_init ] --START--
INFO: Run Behavior\BuildLiteBehavior [ RunTime:0.000000s ]
INFO: [ app_init ] --END-- [ RunTime:0.023000s ]
INFO: [ app_begin ] --START--
INFO: Run Behavior\ReadHtmlCacheBehavior [ RunTime:0.005000s ]
INFO: [ app_begin ] --END-- [ RunTime:0.005000s ]
NOTIC: [8192] mysql_connect(): The mysql extension is deprecated and will be removed in the future: use mysqli or PDO instead D:\xampp\htdocs\Jzc\ThinkPHP\Library\Think\Db\Driver\Mysql.class.php Á¨¨ 52 Ë°å.
SQL: SHOW COLUMNS FROM `yaj_goodsconfig` [ RunTime:0.006000s ]
SQL: SELECT `color`,`standard`,`capacity` FROM `yaj_goodsconfig` WHERE `gid` = 2  [ RunTime:0.005000s ]
SQL: SELECT `productimg`,`stock`,`price` FROM `yaj_goodsconfig` WHERE `gid` = 2 LIMIT 1   [ RunTime:0.006000s ]
SQL: SHOW COLUMNS FROM `yaj_goods` [ RunTime:0.017000s ]
SQL: SELECT `name` FROM `yaj_goods` WHERE `id` = 2 LIMIT 1   [ RunTime:0.005000s ]
SQL: SHOW COLUMNS FROM `yaj_configvalue` [ RunTime:0.006000s ]
SQL: SELECT `value` FROM `yaj_configvalue` WHERE `id` = 49 LIMIT 1   [ RunTime:0.004000s ]
SQL: SELECT `pid` FROM `yaj_configvalue` WHERE `id` = 49 LIMIT 1   [ RunTime:0.005000s ]
SQL: SHOW COLUMNS FROM `yaj_configname` [ RunTime:0.005000s ]
SQL: SELECT `name` FROM `yaj_configname` WHERE `id` = 4 LIMIT 1   [ RunTime:0.014000s ]
SQL: SELECT `value` FROM `yaj_configvalue` WHERE `id` = 52 LIMIT 1   [ RunTime:0.006000s ]
SQL: SELECT `pid` FROM `yaj_configvalue` WHERE `id` = 52 LIMIT 1   [ RunTime:0.007000s ]
SQL: SELECT `name` FROM `yaj_configname` WHERE `id` = 4 LIMIT 1   [ RunTime:0.022000s ]
SQL: SELECT `value` FROM `yaj_configvalue` WHERE `id` = 50 LIMIT 1   [ RunTime:0.006000s ]
SQL: SELECT `pid` FROM `yaj_configvalue` WHERE `id` = 50 LIMIT 1   [ RunTime:0.005000s ]
SQL: SELECT `name` FROM `yaj_configname` WHERE `id` = 4 LIMIT 1   [ RunTime:0.006000s ]
SQL: SELECT `value` FROM `yaj_configvalue` WHERE `id` = 53 LIMIT 1   [ RunTime:0.016000s ]
SQL: SELECT `pid` FROM `yaj_configvalue` WHERE `id` = 53 LIMIT 1   [ RunTime:0.007000s ]
SQL: SELECT `name` FROM `yaj_configname` WHERE `id` = 4 LIMIT 1   [ RunTime:0.004000s ]
SQL: SELECT `value` FROM `yaj_configvalue` WHERE `id` = 50 LIMIT 1   [ RunTime:0.016000s ]
SQL: SELECT `pid` FROM `yaj_configvalue` WHERE `id` = 50 LIMIT 1   [ RunTime:0.007000s ]
SQL: SELECT `name` FROM `yaj_configname` WHERE `id` = 4 LIMIT 1   [ RunTime:0.006000s ]
SQL: SELECT `value` FROM `yaj_configvalue` WHERE `id` = 52 LIMIT 1   [ RunTime:0.017000s ]
SQL: SELECT `pid` FROM `yaj_configvalue` WHERE `id` = 52 LIMIT 1   [ RunTime:0.007000s ]
SQL: SELECT `name` FROM `yaj_configname` WHERE `id` = 4 LIMIT 1   [ RunTime:0.005000s ]
INFO: [ app_end ] --START--
INFO: Run Behavior\ShowPageTraceBehavior [ RunTime:0.018000s ]
INFO: [ app_end ] --END-- [ RunTime:0.018000s ]

[ 2017-11-20T16:03:59+08:00 ] 192.168.31.96 /Jzc/index.php/home/shop/index
INFO: [ app_init ] --START--
INFO: Run Behavior\BuildLiteBehavior [ RunTime:0.000000s ]
INFO: [ app_init ] --END-- [ RunTime:0.000000s ]
INFO: [ app_begin ] --START--
INFO: Run Behavior\ReadHtmlCacheBehavior [ RunTime:0.000000s ]
INFO: [ app_begin ] --END-- [ RunTime:0.000000s ]
NOTIC: [8] Undefined index: page D:\xampp\htdocs\Jzc\Application\Home\Controller\ShopController.class.php Á¨¨ 14 Ë°å.
NOTIC: [8192] mysql_connect(): The mysql extension is deprecated and will be removed in the future: use mysqli or PDO instead D:\xampp\htdocs\Jzc\ThinkPHP\Library\Think\Db\Driver\Mysql.class.php Á¨¨ 52 Ë°å.
SQL: SHOW COLUMNS FROM `yaj_goods_banner` [ RunTime:0.008000s ]
SQL: SELECT `img` FROM `yaj_goods_banner` WHERE `type` = 1 LIMIT 1   [ RunTime:0.005000s ]
SQL: SHOW COLUMNS FROM `yaj_classify` [ RunTime:0.007000s ]
SQL: SELECT `id`,`name`,`img` FROM `yaj_classify` WHERE `pid` = 0 AND `state` = 1 AND `is_show` = 1 LIMIT 3   [ RunTime:0.006000s ]
SQL: SELECT `id`,`img` FROM `yaj_goods_banner` WHERE `type` = 2 AND `state` = 1 ORDER BY addtime  [ RunTime:0.008000s ]
SQL: SHOW COLUMNS FROM `yaj_goods_make` [ RunTime:0.006000s ]
SQL: SELECT `id`,`img` FROM `yaj_goods_make` WHERE `state` = 1 ORDER BY addtime  [ RunTime:0.009000s ]
SQL: SHOW COLUMNS FROM `yaj_collect` [ RunTime:0.006000s ]
SQL: SELECT `collect_id` FROM `yaj_collect` WHERE `uid` = 21 AND `type` = 4 LIMIT 3   [ RunTime:0.006000s ]
NOTIC: [8] Undefined variable: map D:\xampp\htdocs\Jzc\Application\Home\Controller\ShopController.class.php Á¨¨ 45 Ë°å.
SQL: SELECT count(*) as count,`collect_id` FROM `yaj_collect` GROUP BY collect_id ORDER BY count desc LIMIT 3   [ RunTime:0.006000s ]
NOTIC: [2] Invalid argument supplied for foreach() D:\xampp\htdocs\Jzc\Application\Home\Controller\ShopController.class.php Á¨¨ 46 Ë°å.
SQL: SHOW COLUMNS FROM `yaj_goods` [ RunTime:0.006000s ]
SQL: SELECT `id` FROM `yaj_goods` WHERE `state` = 1 AND `id` = 3  [ RunTime:0.005000s ]
SQL: SELECT `id` FROM `yaj_goods` WHERE `state` = 1 AND `id` = 5  [ RunTime:0.006000s ]
SQL: SELECT `id` FROM `yaj_goods` WHERE `state` = 1 AND `id` = 1  [ RunTime:0.006000s ]
SQL: SELECT `collect_id` FROM `yaj_collect`  [ RunTime:0.005000s ]
SQL: SELECT `id` FROM `yaj_goods` WHERE `id` NOT IN ('1','2','3','5','3','3','5','5')  [ RunTime:0.005000s ]
SQL: SELECT `id`,`name`,`presentation`,`price`,`classifyId` FROM `yaj_goods` WHERE `id` = 3 LIMIT 0,5   [ RunTime:0.006000s ]
SQL: SELECT `id`,`name`,`presentation`,`price`,`classifyId` FROM `yaj_goods` WHERE `id` = 5 LIMIT 0,5   [ RunTime:0.006000s ]
SQL: SELECT `id`,`name`,`presentation`,`price`,`classifyId` FROM `yaj_goods` WHERE `id` = 1 LIMIT 0,5   [ RunTime:0.008000s ]
SQL: SELECT `id`,`name`,`presentation`,`price`,`classifyId` FROM `yaj_goods` WHERE `id` = 4 LIMIT 0,5   [ RunTime:0.006000s ]
SQL: SELECT `id`,`name`,`presentation`,`price`,`classifyId` FROM `yaj_goods` WHERE `id` = 6 LIMIT 0,5   [ RunTime:0.008000s ]
SQL: SELECT `id`,`name`,`presentation`,`price`,`classifyId` FROM `yaj_goods` WHERE `id` = 7 LIMIT 0,5   [ RunTime:0.006000s ]
SQL: SELECT `id`,`name`,`presentation`,`price`,`classifyId` FROM `yaj_goods` WHERE `id` = 8 LIMIT 0,5   [ RunTime:0.006000s ]
SQL: SELECT `name` FROM `yaj_classify` WHERE `id` = 33 LIMIT 1   [ RunTime:0.005000s ]
SQL: SELECT `name` FROM `yaj_classify` WHERE `id` = 33 LIMIT 1   [ RunTime:0.006000s ]
SQL: SELECT `name` FROM `yaj_classify` WHERE `id` = 33 LIMIT 1   [ RunTime:0.013000s ]
SQL: SELECT `name` FROM `yaj_classify` WHERE `id` = 33 LIMIT 1   [ RunTime:0.006000s ]
SQL: SELECT `name` FROM `yaj_classify` WHERE `id` = 33 LIMIT 1   [ RunTime:0.007000s ]
SQL: SELECT `name` FROM `yaj_classify` WHERE `id` = 33 LIMIT 1   [ RunTime:0.007000s ]
SQL: SELECT `name` FROM `yaj_classify` WHERE `id` = 33 LIMIT 1   [ RunTime:0.005000s ]
INFO: [ app_end ] --START--
INFO: Run Behavior\ShowPageTraceBehavior [ RunTime:0.000000s ]
INFO: [ app_end ] --END-- [ RunTime:0.000000s ]

[ 2017-11-20T16:49:24+08:00 ] ::1 /Jzc/index.php/Home/shop/index
INFO: [ app_init ] --START--
INFO: Run Behavior\BuildLiteBehavior [ RunTime:0.000000s ]
INFO: [ app_init ] --END-- [ RunTime:0.000000s ]
INFO: [ app_begin ] --START--
INFO: Run Behavior\ReadHtmlCacheBehavior [ RunTime:0.000000s ]
INFO: [ app_begin ] --END-- [ RunTime:0.000000s ]
NOTIC: [8] Undefined index: page D:\xampp\htdocs\Jzc\Application\Home\Controller\ShopController.class.php Á¨¨ 14 Ë°å.
NOTIC: [8192] mysql_connect(): The mysql extension is deprecated and will be removed in the future: use mysqli or PDO instead D:\xampp\htdocs\Jzc\ThinkPHP\Library\Think\Db\Driver\Mysql.class.php Á¨¨ 52 Ë°å.
SQL: SHOW COLUMNS FROM `yaj_goods_banner` [ RunTime:0.007000s ]
SQL: SELECT `img` FROM `yaj_goods_banner` WHERE `type` = 1 LIMIT 1   [ RunTime:0.006000s ]
SQL: SHOW COLUMNS FROM `yaj_classify` [ RunTime:0.006000s ]
SQL: SELECT `id`,`name`,`img` FROM `yaj_classify` WHERE `pid` = 0 AND `state` = 1 AND `is_show` = 1 LIMIT 3   [ RunTime:0.006000s ]
SQL: SELECT `id`,`img` FROM `yaj_goods_banner` WHERE `type` = 2 AND `state` = 1 ORDER BY addtime  [ RunTime:0.005000s ]
SQL: SHOW COLUMNS FROM `yaj_goods_make` [ RunTime:0.006000s ]
SQL: SELECT `id`,`img`,`price`,`unit` FROM `yaj_goods_make` WHERE `state` = 1 ORDER BY addtime  [ RunTime:0.006000s ]
SQL: SHOW COLUMNS FROM `yaj_collect` [ RunTime:0.009000s ]
SQL: SELECT `collect_id` FROM `yaj_collect` WHERE `uid` = 14 AND `type` = 4 LIMIT 3   [ RunTime:0.006000s ]
SQL: SELECT count(*) as count,`collect_id` FROM `yaj_collect` WHERE ( id <> 1 and id <> 2 ) GROUP BY collect_id ORDER BY count desc LIMIT 3   [ RunTime:0.007000s ]
SQL: SHOW COLUMNS FROM `yaj_goods` [ RunTime:0.007000s ]
SQL: SELECT `id` FROM `yaj_goods` WHERE `id` = 1 AND `state` = 1  [ RunTime:0.010000s ]
SQL: SELECT `id` FROM `yaj_goods` WHERE `id` = 2 AND `state` = 1  [ RunTime:0.009000s ]
SQL: SELECT `id` FROM `yaj_goods` WHERE `state` = 1 AND `id` = 3  [ RunTime:0.006000s ]
SQL: SELECT `id` FROM `yaj_goods` WHERE `state` = 1 AND `id` = 5  [ RunTime:0.007000s ]
SQL: SELECT `collect_id` FROM `yaj_collect`  [ RunTime:0.006000s ]
SQL: SELECT `id` FROM `yaj_goods` WHERE `id` NOT IN ('1','2','3','5','3','3','5','5')  [ RunTime:0.005000s ]
SQL: SELECT `id`,`name`,`presentation`,`price`,`classifyId` FROM `yaj_goods` WHERE `id` = 1 LIMIT 0,5   [ RunTime:0.005000s ]
SQL: SELECT `id`,`name`,`presentation`,`price`,`classifyId` FROM `yaj_goods` WHERE `id` = 2 LIMIT 0,5   [ RunTime:0.006000s ]
SQL: SELECT `id`,`name`,`presentation`,`price`,`classifyId` FROM `yaj_goods` WHERE `id` = 3 LIMIT 0,5   [ RunTime:0.007000s ]
SQL: SELECT `id`,`name`,`presentation`,`price`,`classifyId` FROM `yaj_goods` WHERE `id` = 5 LIMIT 0,5   [ RunTime:0.006000s ]
SQL: SELECT `id`,`name`,`presentation`,`price`,`classifyId` FROM `yaj_goods` WHERE `id` = 4 LIMIT 0,5   [ RunTime:0.009000s ]
SQL: SELECT `id`,`name`,`presentation`,`price`,`classifyId` FROM `yaj_goods` WHERE `id` = 6 LIMIT 0,5   [ RunTime:0.006000s ]
SQL: SELECT `id`,`name`,`presentation`,`price`,`classifyId` FROM `yaj_goods` WHERE `id` = 7 LIMIT 0,5   [ RunTime:0.010000s ]
SQL: SELECT `id`,`name`,`presentation`,`price`,`classifyId` FROM `yaj_goods` WHERE `id` = 8 LIMIT 0,5   [ RunTime:0.008000s ]
SQL: SELECT `name` FROM `yaj_classify` WHERE `id` = 33 LIMIT 1   [ RunTime:0.007000s ]
SQL: SELECT `name` FROM `yaj_classify` WHERE `id` = 33 LIMIT 1   [ RunTime:0.010000s ]
SQL: SELECT `name` FROM `yaj_classify` WHERE `id` = 33 LIMIT 1   [ RunTime:0.006000s ]
SQL: SELECT `name` FROM `yaj_classify` WHERE `id` = 33 LIMIT 1   [ RunTime:0.006000s ]
SQL: SELECT `name` FROM `yaj_classify` WHERE `id` = 33 LIMIT 1   [ RunTime:0.006000s ]
SQL: SELECT `name` FROM `yaj_classify` WHERE `id` = 33 LIMIT 1   [ RunTime:0.006000s ]
SQL: SELECT `name` FROM `yaj_classify` WHERE `id` = 33 LIMIT 1   [ RunTime:0.006000s ]
SQL: SELECT `name` FROM `yaj_classify` WHERE `id` = 33 LIMIT 1   [ RunTime:0.006000s ]
INFO: [ app_end ] --START--
INFO: Run Behavior\ShowPageTraceBehavior [ RunTime:0.001000s ]
INFO: [ app_end ] --END-- [ RunTime:0.001000s ]

[ 2017-11-20T16:58:26+08:00 ] ::1 /Jzc/index.php/Home/shop/index
INFO: [ app_init ] --START--
INFO: Run Behavior\BuildLiteBehavior [ RunTime:0.000000s ]
INFO: [ app_init ] --END-- [ RunTime:0.000000s ]
INFO: [ app_begin ] --START--
INFO: Run Behavior\ReadHtmlCacheBehavior [ RunTime:0.000000s ]
INFO: [ app_begin ] --END-- [ RunTime:0.000000s ]
NOTIC: [8] Undefined index: page D:\xampp\htdocs\Jzc\Application\Home\Controller\ShopController.class.php Á¨¨ 14 Ë°å.
NOTIC: [8192] mysql_connect(): The mysql extension is deprecated and will be removed in the future: use mysqli or PDO instead D:\xampp\htdocs\Jzc\ThinkPHP\Library\Think\Db\Driver\Mysql.class.php Á¨¨ 52 Ë°å.
SQL: SHOW COLUMNS FROM `yaj_goods_banner` [ RunTime:0.006000s ]
SQL: SELECT `img` FROM `yaj_goods_banner` WHERE `type` = 1 LIMIT 1   [ RunTime:0.005000s ]
SQL: SHOW COLUMNS FROM `yaj_classify` [ RunTime:0.012000s ]
SQL: SELECT `id`,`name`,`img` FROM `yaj_classify` WHERE `pid` = 0 AND `state` = 1 AND `is_show` = 1 LIMIT 3   [ RunTime:0.005000s ]
SQL: SELECT `id`,`img` FROM `yaj_goods_banner` WHERE `type` = 2 AND `state` = 1 ORDER BY addtime  [ RunTime:0.005000s ]
SQL: SHOW COLUMNS FROM `yaj_goods_make` [ RunTime:0.006000s ]
SQL: SELECT `id`,`img`,`price`,`unit`,`name`,`banner` FROM `yaj_goods_make` WHERE `state` = 1 ORDER BY addtime  [ RunTime:0.005000s ]
ERR: 1054:Unknown column 'banner' in 'field list'
 [ SQLËØ≠Âè• ] : SELECT `id`,`img`,`price`,`unit`,`name`,`banner` FROM `yaj_goods_make` WHERE `state` = 1 ORDER BY addtime 
NOTIC: [2] Invalid argument supplied for foreach() D:\xampp\htdocs\Jzc\Application\Home\Controller\ShopController.class.php Á¨¨ 31 Ë°å.
SQL: SHOW COLUMNS FROM `yaj_collect` [ RunTime:0.005000s ]
SQL: SELECT `collect_id` FROM `yaj_collect` WHERE `uid` = 14 AND `type` = 4 LIMIT 3   [ RunTime:0.006000s ]
SQL: SELECT count(*) as count,`collect_id` FROM `yaj_collect` WHERE ( id <> 1 and id <> 2 ) GROUP BY collect_id ORDER BY count desc LIMIT 3   [ RunTime:0.007000s ]
SQL: SHOW COLUMNS FROM `yaj_goods` [ RunTime:0.007000s ]
SQL: SELECT `id` FROM `yaj_goods` WHERE `id` = 1 AND `state` = 1  [ RunTime:0.007000s ]
SQL: SELECT `id` FROM `yaj_goods` WHERE `id` = 2 AND `state` = 1  [ RunTime:0.005000s ]
SQL: SELECT `id` FROM `yaj_goods` WHERE `state` = 1 AND `id` = 3  [ RunTime:0.005000s ]
SQL: SELECT `id` FROM `yaj_goods` WHERE `state` = 1 AND `id` = 5  [ RunTime:0.007000s ]
SQL: SELECT `collect_id` FROM `yaj_collect`  [ RunTime:0.007000s ]
SQL: SELECT `id` FROM `yaj_goods` WHERE `id` NOT IN ('1','2','3','5','3','3','5','5')  [ RunTime:0.006000s ]
SQL: SELECT `id`,`name`,`presentation`,`price`,`classifyId` FROM `yaj_goods` WHERE `id` = 1 LIMIT 0,5   [ RunTime:0.009000s ]
SQL: SELECT `id`,`name`,`presentation`,`price`,`classifyId` FROM `yaj_goods` WHERE `id` = 2 LIMIT 0,5   [ RunTime:0.008000s ]
SQL: SELECT `id`,`name`,`presentation`,`price`,`classifyId` FROM `yaj_goods` WHERE `id` = 3 LIMIT 0,5   [ RunTime:0.006000s ]
SQL: SELECT `id`,`name`,`presentation`,`price`,`classifyId` FROM `yaj_goods` WHERE `id` = 5 LIMIT 0,5   [ RunTime:0.005000s ]
SQL: SELECT `id`,`name`,`presentation`,`price`,`classifyId` FROM `yaj_goods` WHERE `id` = 4 LIMIT 0,5   [ RunTime:0.008000s ]
SQL: SELECT `id`,`name`,`presentation`,`price`,`classifyId` FROM `yaj_goods` WHERE `id` = 6 LIMIT 0,5   [ RunTime:0.005000s ]
SQL: SELECT `id`,`name`,`presentation`,`price`,`classifyId` FROM `yaj_goods` WHERE `id` = 7 LIMIT 0,5   [ RunTime:0.009000s ]
SQL: SELECT `id`,`name`,`presentation`,`price`,`classifyId` FROM `yaj_goods` WHERE `id` = 8 LIMIT 0,5   [ RunTime:0.010000s ]
SQL: SELECT `name` FROM `yaj_classify` WHERE `id` = 33 LIMIT 1   [ RunTime:0.008000s ]
SQL: SELECT `name` FROM `yaj_classify` WHERE `id` = 33 LIMIT 1   [ RunTime:0.006000s ]
SQL: SELECT `name` FROM `yaj_classify` WHERE `id` = 33 LIMIT 1   [ RunTime:0.006000s ]
SQL: SELECT `name` FROM `yaj_classify` WHERE `id` = 33 LIMIT 1   [ RunTime:0.006000s ]
SQL: SELECT `name` FROM `yaj_classify` WHERE `id` = 33 LIMIT 1   [ RunTime:0.006000s ]
SQL: SELECT `name` FROM `yaj_classify` WHERE `id` = 33 LIMIT 1   [ RunTime:0.007000s ]
SQL: SELECT `name` FROM `yaj_classify` WHERE `id` = 33 LIMIT 1   [ RunTime:0.007000s ]
SQL: SELECT `name` FROM `yaj_classify` WHERE `id` = 33 LIMIT 1   [ RunTime:0.008000s ]
INFO: [ app_end ] --START--
INFO: Run Behavior\ShowPageTraceBehavior [ RunTime:0.001000s ]
INFO: [ app_end ] --END-- [ RunTime:0.001000s ]

[ 2017-11-20T16:58:48+08:00 ] ::1 /Jzc/index.php/Home/shop/index
INFO: [ app_init ] --START--
INFO: Run Behavior\BuildLiteBehavior [ RunTime:0.000000s ]
INFO: [ app_init ] --END-- [ RunTime:0.000000s ]
INFO: [ app_begin ] --START--
INFO: Run Behavior\ReadHtmlCacheBehavior [ RunTime:0.001000s ]
INFO: [ app_begin ] --END-- [ RunTime:0.001000s ]
NOTIC: [8] Undefined index: page D:\xampp\htdocs\Jzc\Application\Home\Controller\ShopController.class.php Á¨¨ 14 Ë°å.
NOTIC: [8192] mysql_connect(): The mysql extension is deprecated and will be removed in the future: use mysqli or PDO instead D:\xampp\htdocs\Jzc\ThinkPHP\Library\Think\Db\Driver\Mysql.class.php Á¨¨ 52 Ë°å.
SQL: SHOW COLUMNS FROM `yaj_goods_banner` [ RunTime:0.007000s ]
SQL: SELECT `img` FROM `yaj_goods_banner` WHERE `type` = 1 LIMIT 1   [ RunTime:0.010000s ]
SQL: SHOW COLUMNS FROM `yaj_classify` [ RunTime:0.008000s ]
SQL: SELECT `id`,`name`,`img` FROM `yaj_classify` WHERE `pid` = 0 AND `state` = 1 AND `is_show` = 1 LIMIT 3   [ RunTime:0.023000s ]
SQL: SELECT `id`,`img` FROM `yaj_goods_banner` WHERE `type` = 2 AND `state` = 1 ORDER BY addtime  [ RunTime:0.006000s ]
SQL: SHOW COLUMNS FROM `yaj_goods_make` [ RunTime:0.021000s ]
SQL: SELECT `id`,`img`,`price`,`unit`,`name`,`brand` FROM `yaj_goods_make` WHERE `state` = 1 ORDER BY addtime  [ RunTime:0.018000s ]
SQL: SHOW COLUMNS FROM `yaj_collect` [ RunTime:0.009000s ]
SQL: SELECT `collect_id` FROM `yaj_collect` WHERE `uid` = 14 AND `type` = 4 LIMIT 3   [ RunTime:0.015000s ]
SQL: SELECT count(*) as count,`collect_id` FROM `yaj_collect` WHERE ( id <> 1 and id <> 2 ) GROUP BY collect_id ORDER BY count desc LIMIT 3   [ RunTime:0.015000s ]
SQL: SHOW COLUMNS FROM `yaj_goods` [ RunTime:0.042000s ]
SQL: SELECT `id` FROM `yaj_goods` WHERE `id` = 1 AND `state` = 1  [ RunTime:0.066000s ]
SQL: SELECT `id` FROM `yaj_goods` WHERE `id` = 2 AND `state` = 1  [ RunTime:0.007000s ]
SQL: SELECT `id` FROM `yaj_goods` WHERE `state` = 1 AND `id` = 3  [ RunTime:0.036000s ]
SQL: SELECT `id` FROM `yaj_goods` WHERE `state` = 1 AND `id` = 5  [ RunTime:0.013000s ]
SQL: SELECT `collect_id` FROM `yaj_collect`  [ RunTime:0.013000s ]
SQL: SELECT `id` FROM `yaj_goods` WHERE `id` NOT IN ('1','2','3','5','3','3','5','5')  [ RunTime:0.014000s ]
SQL: SELECT `id`,`name`,`presentation`,`price`,`classifyId` FROM `yaj_goods` WHERE `id` = 1 LIMIT 0,5   [ RunTime:0.011000s ]
SQL: SELECT `id`,`name`,`presentation`,`price`,`classifyId` FROM `yaj_goods` WHERE `id` = 2 LIMIT 0,5   [ RunTime:0.008000s ]
SQL: SELECT `id`,`name`,`presentation`,`price`,`classifyId` FROM `yaj_goods` WHERE `id` = 3 LIMIT 0,5   [ RunTime:0.009000s ]
SQL: SELECT `id`,`name`,`presentation`,`price`,`classifyId` FROM `yaj_goods` WHERE `id` = 5 LIMIT 0,5   [ RunTime:0.017000s ]
SQL: SELECT `id`,`name`,`presentation`,`price`,`classifyId` FROM `yaj_goods` WHERE `id` = 4 LIMIT 0,5   [ RunTime:0.008000s ]
SQL: SELECT `id`,`name`,`presentation`,`price`,`classifyId` FROM `yaj_goods` WHERE `id` = 6 LIMIT 0,5   [ RunTime:0.005000s ]
SQL: SELECT `id`,`name`,`presentation`,`price`,`classifyId` FROM `yaj_goods` WHERE `id` = 7 LIMIT 0,5   [ RunTime:0.037000s ]
SQL: SELECT `id`,`name`,`presentation`,`price`,`classifyId` FROM `yaj_goods` WHERE `id` = 8 LIMIT 0,5   [ RunTime:0.014000s ]
SQL: SELECT `name` FROM `yaj_classify` WHERE `id` = 33 LIMIT 1   [ RunTime:0.009000s ]
SQL: SELECT `name` FROM `yaj_classify` WHERE `id` = 33 LIMIT 1   [ RunTime:0.008000s ]
SQL: SELECT `name` FROM `yaj_classify` WHERE `id` = 33 LIMIT 1   [ RunTime:0.024000s ]
SQL: SELECT `name` FROM `yaj_classify` WHERE `id` = 33 LIMIT 1   [ RunTime:0.013000s ]
SQL: SELECT `name` FROM `yaj_classify` WHERE `id` = 33 LIMIT 1   [ RunTime:0.006000s ]
SQL: SELECT `name` FROM `yaj_classify` WHERE `id` = 33 LIMIT 1   [ RunTime:0.010000s ]
SQL: SELECT `name` FROM `yaj_classify` WHERE `id` = 33 LIMIT 1   [ RunTime:0.008000s ]
SQL: SELECT `name` FROM `yaj_classify` WHERE `id` = 33 LIMIT 1   [ RunTime:0.008000s ]
INFO: [ app_end ] --START--
INFO: Run Behavior\ShowPageTraceBehavior [ RunTime:0.001000s ]
INFO: [ app_end ] --END-- [ RunTime:0.001000s ]

[ 2017-11-20T16:59:40+08:00 ] ::1 /Jzc/index.php/Home/shop/index
INFO: [ app_init ] --START--
INFO: Run Behavior\BuildLiteBehavior [ RunTime:0.000000s ]
INFO: [ app_init ] --END-- [ RunTime:0.000000s ]
INFO: [ app_begin ] --START--
INFO: Run Behavior\ReadHtmlCacheBehavior [ RunTime:0.001000s ]
INFO: [ app_begin ] --END-- [ RunTime:0.001000s ]
NOTIC: [8] Undefined index: page D:\xampp\htdocs\Jzc\Application\Home\Controller\ShopController.class.php Á¨¨ 14 Ë°å.
NOTIC: [8192] mysql_connect(): The mysql extension is deprecated and will be removed in the future: use mysqli or PDO instead D:\xampp\htdocs\Jzc\ThinkPHP\Library\Think\Db\Driver\Mysql.class.php Á¨¨ 52 Ë°å.
NOTIC: [2] mysql_connect():  D:\xampp\htdocs\Jzc\ThinkPHP\Library\Think\Db\Driver\Mysql.class.php Á¨¨ 52 Ë°å.
ERR: ”…”⁄¡¨Ω”∑Ω‘⁄“ª∂Œ ±º‰∫Û√ª”–’˝»∑¥∏¥ªÚ¡¨Ω”µƒ÷˜ª˙√ª”–∑¥”¶£¨¡¨Ω”≥¢ ‘ ß∞‹°£


[ 2017-11-20T16:59:46+08:00 ] ::1 /Jzc/index.php/Home/shop/index
INFO: [ app_init ] --START--
INFO: Run Behavior\BuildLiteBehavior [ RunTime:0.000000s ]
INFO: [ app_init ] --END-- [ RunTime:0.000000s ]
INFO: [ app_begin ] --START--
INFO: Run Behavior\ReadHtmlCacheBehavior [ RunTime:0.000000s ]
INFO: [ app_begin ] --END-- [ RunTime:0.001000s ]
NOTIC: [8] Undefined index: page D:\xampp\htdocs\Jzc\Application\Home\Controller\ShopController.class.php Á¨¨ 14 Ë°å.
NOTIC: [8192] mysql_connect(): The mysql extension is deprecated and will be removed in the future: use mysqli or PDO instead D:\xampp\htdocs\Jzc\ThinkPHP\Library\Think\Db\Driver\Mysql.class.php Á¨¨ 52 Ë°å.
NOTIC: [2] mysql_connect():  D:\xampp\htdocs\Jzc\ThinkPHP\Library\Think\Db\Driver\Mysql.class.php Á¨¨ 52 Ë°å.
ERR: ”…”⁄¡¨Ω”∑Ω‘⁄“ª∂Œ ±º‰∫Û√ª”–’˝»∑¥∏¥ªÚ¡¨Ω”µƒ÷˜ª˙√ª”–∑¥”¶£¨¡¨Ω”≥¢ ‘ ß∞‹°£


[ 2017-11-20T16:59:52+08:00 ] ::1 /Jzc/index.php/Home/shop/index
INFO: [ app_init ] --START--
INFO: Run Behavior\BuildLiteBehavior [ RunTime:0.000000s ]
INFO: [ app_init ] --END-- [ RunTime:0.001000s ]
INFO: [ app_begin ] --START--
INFO: Run Behavior\ReadHtmlCacheBehavior [ RunTime:0.001000s ]
INFO: [ app_begin ] --END-- [ RunTime:0.001000s ]
NOTIC: [8] Undefined index: page D:\xampp\htdocs\Jzc\Application\Home\Controller\ShopController.class.php Á¨¨ 14 Ë°å.
NOTIC: [8192] mysql_connect(): The mysql extension is deprecated and will be removed in the future: use mysqli or PDO instead D:\xampp\htdocs\Jzc\ThinkPHP\Library\Think\Db\Driver\Mysql.class.php Á¨¨ 52 Ë°å.
NOTIC: [2] mysql_connect():  D:\xampp\htdocs\Jzc\ThinkPHP\Library\Think\Db\Driver\Mysql.class.php Á¨¨ 52 Ë°å.
ERR: ”…”⁄¡¨Ω”∑Ω‘⁄“ª∂Œ ±º‰∫Û√ª”–’˝»∑¥∏¥ªÚ¡¨Ω”µƒ÷˜ª˙√ª”–∑¥”¶£¨¡¨Ω”≥¢ ‘ ß∞‹°£


[ 2017-11-20T17:00:35+08:00 ] ::1 /Jzc/index.php/Home/shop/index
INFO: [ app_init ] --START--
INFO: Run Behavior\BuildLiteBehavior [ RunTime:0.000000s ]
INFO: [ app_init ] --END-- [ RunTime:0.000000s ]
INFO: [ app_begin ] --START--
INFO: Run Behavior\ReadHtmlCacheBehavior [ RunTime:0.001000s ]
INFO: [ app_begin ] --END-- [ RunTime:0.001000s ]
NOTIC: [8] Undefined index: page D:\xampp\htdocs\Jzc\Application\Home\Controller\ShopController.class.php Á¨¨ 14 Ë°å.
NOTIC: [8192] mysql_connect(): The mysql extension is deprecated and will be removed in the future: use mysqli or PDO instead D:\xampp\htdocs\Jzc\ThinkPHP\Library\Think\Db\Driver\Mysql.class.php Á¨¨ 52 Ë°å.
SQL: SHOW COLUMNS FROM `yaj_goods_banner` [ RunTime:0.007000s ]
SQL: SELECT `img` FROM `yaj_goods_banner` WHERE `type` = 1 LIMIT 1   [ RunTime:0.008000s ]
SQL: SHOW COLUMNS FROM `yaj_classify` [ RunTime:0.009000s ]
SQL: SELECT `id`,`name`,`img` FROM `yaj_classify` WHERE `pid` = 0 AND `state` = 1 AND `is_show` = 1 LIMIT 3   [ RunTime:0.006000s ]
SQL: SELECT `id`,`img` FROM `yaj_goods_banner` WHERE `type` = 2 AND `state` = 1 ORDER BY addtime  [ RunTime:0.006000s ]
SQL: SHOW COLUMNS FROM `yaj_goods_make` [ RunTime:0.007000s ]
SQL: SELECT `id`,`img`,`price`,`unit`,`name`,`brand` FROM `yaj_goods_make` WHERE `state` = 1 ORDER BY addtime  [ RunTime:0.007000s ]
SQL: SHOW COLUMNS FROM `yaj_collect` [ RunTime:0.006000s ]
SQL: SELECT `collect_id` FROM `yaj_collect` WHERE `uid` = 14 AND `type` = 4 LIMIT 3   [ RunTime:0.012000s ]
SQL: SELECT count(*) as count,`collect_id` FROM `yaj_collect` WHERE ( id <> 1 and id <> 2 ) GROUP BY collect_id ORDER BY count desc LIMIT 3   [ RunTime:0.006000s ]
SQL: SHOW COLUMNS FROM `yaj_goods` [ RunTime:0.006000s ]
SQL: SELECT `id` FROM `yaj_goods` WHERE `id` = 1 AND `state` = 1  [ RunTime:0.006000s ]
SQL: SELECT `id` FROM `yaj_goods` WHERE `id` = 2 AND `state` = 1  [ RunTime:0.006000s ]
SQL: SELECT `id` FROM `yaj_goods` WHERE `state` = 1 AND `id` = 3  [ RunTime:0.005000s ]
SQL: SELECT `id` FROM `yaj_goods` WHERE `state` = 1 AND `id` = 5  [ RunTime:0.008000s ]
SQL: SELECT `collect_id` FROM `yaj_collect`  [ RunTime:0.005000s ]
SQL: SELECT `id` FROM `yaj_goods` WHERE `id` NOT IN ('1','2','3','5','3','3','5','5')  [ RunTime:0.006000s ]
SQL: SELECT `id`,`name`,`presentation`,`price`,`classifyId` FROM `yaj_goods` WHERE `id` = 1 LIMIT 0,5   [ RunTime:0.007000s ]
SQL: SELECT `id`,`name`,`presentation`,`price`,`classifyId` FROM `yaj_goods` WHERE `id` = 2 LIMIT 0,5   [ RunTime:0.007000s ]
SQL: SELECT `id`,`name`,`presentation`,`price`,`classifyId` FROM `yaj_goods` WHERE `id` = 3 LIMIT 0,5   [ RunTime:0.008000s ]
SQL: SELECT `id`,`name`,`presentation`,`price`,`classifyId` FROM `yaj_goods` WHERE `id` = 5 LIMIT 0,5   [ RunTime:0.006000s ]
SQL: SELECT `id`,`name`,`presentation`,`price`,`classifyId` FROM `yaj_goods` WHERE `id` = 4 LIMIT 0,5   [ RunTime:0.011000s ]
SQL: SELECT `id`,`name`,`presentation`,`price`,`classifyId` FROM `yaj_goods` WHERE `id` = 6 LIMIT 0,5   [ RunTime:0.006000s ]
SQL: SELECT `id`,`name`,`presentation`,`price`,`classifyId` FROM `yaj_goods` WHERE `id` = 7 LIMIT 0,5   [ RunTime:0.005000s ]
SQL: SELECT `id`,`name`,`presentation`,`price`,`classifyId` FROM `yaj_goods` WHERE `id` = 8 LIMIT 0,5   [ RunTime:0.006000s ]
SQL: SELECT `name` FROM `yaj_classify` WHERE `id` = 33 LIMIT 1   [ RunTime:0.033000s ]
SQL: SELECT `name` FROM `yaj_classify` WHERE `id` = 33 LIMIT 1   [ RunTime:0.010000s ]
SQL: SELECT `name` FROM `yaj_classify` WHERE `id` = 33 LIMIT 1   [ RunTime:0.006000s ]
SQL: SELECT `name` FROM `yaj_classify` WHERE `id` = 33 LIMIT 1   [ RunTime:0.006000s ]
SQL: SELECT `name` FROM `yaj_classify` WHERE `id` = 33 LIMIT 1   [ RunTime:0.006000s ]
SQL: SELECT `name` FROM `yaj_classify` WHERE `id` = 33 LIMIT 1   [ RunTime:0.005000s ]
SQL: SELECT `name` FROM `yaj_classify` WHERE `id` = 33 LIMIT 1   [ RunTime:0.005000s ]
SQL: SELECT `name` FROM `yaj_classify` WHERE `id` = 33 LIMIT 1   [ RunTime:0.006000s ]
INFO: [ app_end ] --START--
INFO: Run Behavior\ShowPageTraceBehavior [ RunTime:0.001000s ]
INFO: [ app_end ] --END-- [ RunTime:0.001000s ]

[ 2017-11-20T17:13:04+08:00 ] 192.168.31.96 /Jzc/index.php/home/shop/index
INFO: [ app_init ] --START--
INFO: Run Behavior\BuildLiteBehavior [ RunTime:0.000000s ]
INFO: [ app_init ] --END-- [ RunTime:0.000000s ]
INFO: [ app_begin ] --START--
INFO: Run Behavior\ReadHtmlCacheBehavior [ RunTime:0.001000s ]
INFO: [ app_begin ] --END-- [ RunTime:0.001000s ]
NOTIC: [8] Undefined index: page D:\xampp\htdocs\Jzc\Application\Home\Controller\ShopController.class.php Á¨¨ 14 Ë°å.
NOTIC: [8192] mysql_connect(): The mysql extension is deprecated and will be removed in the future: use mysqli or PDO instead D:\xampp\htdocs\Jzc\ThinkPHP\Library\Think\Db\Driver\Mysql.class.php Á¨¨ 52 Ë°å.
SQL: SHOW COLUMNS FROM `yaj_goods_banner` [ RunTime:0.007000s ]
SQL: SELECT `img` FROM `yaj_goods_banner` WHERE `type` = 1 LIMIT 1   [ RunTime:0.006000s ]
SQL: SHOW COLUMNS FROM `yaj_classify` [ RunTime:0.007000s ]
SQL: SELECT `id`,`name`,`img` FROM `yaj_classify` WHERE `pid` = 0 AND `state` = 1 AND `is_show` = 1 LIMIT 3   [ RunTime:0.009000s ]
SQL: SELECT `id`,`img` FROM `yaj_goods_banner` WHERE `type` = 2 AND `state` = 1 ORDER BY addtime  [ RunTime:0.007000s ]
SQL: SHOW COLUMNS FROM `yaj_goods_make` [ RunTime:0.006000s ]
SQL: SELECT `id`,`img`,`price`,`unit`,`name`,`brand` FROM `yaj_goods_make` WHERE `state` = 1 ORDER BY addtime  [ RunTime:0.009000s ]
SQL: SHOW COLUMNS FROM `yaj_collect` [ RunTime:0.006000s ]
SQL: SELECT `collect_id` FROM `yaj_collect` WHERE `uid` = 21 AND `type` = 4 LIMIT 3   [ RunTime:0.007000s ]
NOTIC: [8] Undefined variable: map D:\xampp\htdocs\Jzc\Application\Home\Controller\ShopController.class.php Á¨¨ 45 Ë°å.
SQL: SELECT count(*) as count,`collect_id` FROM `yaj_collect` GROUP BY collect_id ORDER BY count desc LIMIT 3   [ RunTime:0.011000s ]
NOTIC: [2] Invalid argument supplied for foreach() D:\xampp\htdocs\Jzc\Application\Home\Controller\ShopController.class.php Á¨¨ 46 Ë°å.
SQL: SHOW COLUMNS FROM `yaj_goods` [ RunTime:0.009000s ]
SQL: SELECT `id` FROM `yaj_goods` WHERE `state` = 1 AND `id` = 3  [ RunTime:0.006000s ]
SQL: SELECT `id` FROM `yaj_goods` WHERE `state` = 1 AND `id` = 5  [ RunTime:0.006000s ]
SQL: SELECT `id` FROM `yaj_goods` WHERE `state` = 1 AND `id` = 1  [ RunTime:0.005000s ]
SQL: SELECT `collect_id` FROM `yaj_collect`  [ RunTime:0.007000s ]
SQL: SELECT `id` FROM `yaj_goods` WHERE `id` NOT IN ('1','2','3','5','3','3','5','5')  [ RunTime:0.006000s ]
SQL: SELECT `id`,`name`,`presentation`,`price`,`classifyId` FROM `yaj_goods` WHERE `id` = 3 LIMIT 0,5   [ RunTime:0.008000s ]
SQL: SELECT `id`,`name`,`presentation`,`price`,`classifyId` FROM `yaj_goods` WHERE `id` = 5 LIMIT 0,5   [ RunTime:0.007000s ]
SQL: SELECT `id`,`name`,`presentation`,`price`,`classifyId` FROM `yaj_goods` WHERE `id` = 1 LIMIT 0,5   [ RunTime:0.008000s ]
SQL: SELECT `id`,`name`,`presentation`,`price`,`classifyId` FROM `yaj_goods` WHERE `id` = 4 LIMIT 0,5   [ RunTime:0.007000s ]
SQL: SELECT `id`,`name`,`presentation`,`price`,`classifyId` FROM `yaj_goods` WHERE `id` = 6 LIMIT 0,5   [ RunTime:0.009000s ]
SQL: SELECT `id`,`name`,`presentation`,`price`,`classifyId` FROM `yaj_goods` WHERE `id` = 7 LIMIT 0,5   [ RunTime:0.006000s ]
SQL: SELECT `id`,`name`,`presentation`,`price`,`classifyId` FROM `yaj_goods` WHERE `id` = 8 LIMIT 0,5   [ RunTime:0.006000s ]
SQL: SELECT `name` FROM `yaj_classify` WHERE `id` = 33 LIMIT 1   [ RunTime:0.005000s ]
SQL: SELECT `name` FROM `yaj_classify` WHERE `id` = 33 LIMIT 1   [ RunTime:0.006000s ]
SQL: SELECT `name` FROM `yaj_classify` WHERE `id` = 33 LIMIT 1   [ RunTime:0.006000s ]
SQL: SELECT `name` FROM `yaj_classify` WHERE `id` = 33 LIMIT 1   [ RunTime:0.006000s ]
SQL: SELECT `name` FROM `yaj_classify` WHERE `id` = 33 LIMIT 1   [ RunTime:0.006000s ]
SQL: SELECT `name` FROM `yaj_classify` WHERE `id` = 33 LIMIT 1   [ RunTime:0.005000s ]
SQL: SELECT `name` FROM `yaj_classify` WHERE `id` = 33 LIMIT 1   [ RunTime:0.007000s ]
INFO: [ app_end ] --START--
INFO: Run Behavior\ShowPageTraceBehavior [ RunTime:0.001000s ]
INFO: [ app_end ] --END-- [ RunTime:0.001000s ]

[ 2017-11-20T18:58:39+08:00 ] 192.168.31.96 /Jzc/index.php/home/shop/index
INFO: [ app_init ] --START--
INFO: Run Behavior\BuildLiteBehavior [ RunTime:0.000000s ]
INFO: [ app_init ] --END-- [ RunTime:0.001000s ]
INFO: [ app_begin ] --START--
INFO: Run Behavior\ReadHtmlCacheBehavior [ RunTime:0.001000s ]
INFO: [ app_begin ] --END-- [ RunTime:0.001000s ]
NOTIC: [8] Undefined index: page D:\xampp\htdocs\Jzc\Application\Home\Controller\ShopController.class.php Á¨¨ 14 Ë°å.
NOTIC: [8192] mysql_connect(): The mysql extension is deprecated and will be removed in the future: use mysqli or PDO instead D:\xampp\htdocs\Jzc\ThinkPHP\Library\Think\Db\Driver\Mysql.class.php Á¨¨ 52 Ë°å.
SQL: SHOW COLUMNS FROM `yaj_goods_banner` [ RunTime:0.008000s ]
SQL: SELECT `img` FROM `yaj_goods_banner` WHERE `type` = 1 LIMIT 1   [ RunTime:0.006000s ]
SQL: SHOW COLUMNS FROM `yaj_classify` [ RunTime:0.012000s ]
SQL: SELECT `id`,`name`,`img` FROM `yaj_classify` WHERE `pid` = 0 AND `state` = 1 AND `is_show` = 1 LIMIT 3   [ RunTime:0.009000s ]
SQL: SELECT `id`,`img` FROM `yaj_goods_banner` WHERE `type` = 2 AND `state` = 1 ORDER BY addtime  [ RunTime:0.010000s ]
SQL: SHOW COLUMNS FROM `yaj_goods_make` [ RunTime:0.009000s ]
SQL: SELECT `id`,`img`,`price`,`unit`,`name`,`brand` FROM `yaj_goods_make` WHERE `state` = 1 ORDER BY addtime  [ RunTime:0.007000s ]
SQL: SHOW COLUMNS FROM `yaj_collect` [ RunTime:0.006000s ]
SQL: SELECT `collect_id` FROM `yaj_collect` WHERE `uid` = 21 AND `type` = 4 LIMIT 3   [ RunTime:0.007000s ]
NOTIC: [8] Undefined variable: map D:\xampp\htdocs\Jzc\Application\Home\Controller\ShopController.class.php Á¨¨ 45 Ë°å.
SQL: SELECT count(*) as count,`collect_id` FROM `yaj_collect` GROUP BY collect_id ORDER BY count desc LIMIT 3   [ RunTime:0.007000s ]
NOTIC: [2] Invalid argument supplied for foreach() D:\xampp\htdocs\Jzc\Application\Home\Controller\ShopController.class.php Á¨¨ 46 Ë°å.
SQL: SHOW COLUMNS FROM `yaj_goods` [ RunTime:0.008000s ]
SQL: SELECT `id` FROM `yaj_goods` WHERE `state` = 1 AND `id` = 3  [ RunTime:0.008000s ]
SQL: SELECT `id` FROM `yaj_goods` WHERE `state` = 1 AND `id` = 5  [ RunTime:0.008000s ]
SQL: SELECT `id` FROM `yaj_goods` WHERE `state` = 1 AND `id` = 1  [ RunTime:0.008000s ]
SQL: SELECT `collect_id` FROM `yaj_collect`  [ RunTime:0.016000s ]
SQL: SELECT `id` FROM `yaj_goods` WHERE `id` NOT IN ('1','2','3','5','3','3','5','5')  [ RunTime:0.008000s ]
SQL: SELECT `id`,`name`,`presentation`,`price`,`classifyId` FROM `yaj_goods` WHERE `id` = 3 LIMIT 0,5   [ RunTime:0.010000s ]
SQL: SELECT `id`,`name`,`presentation`,`price`,`classifyId` FROM `yaj_goods` WHERE `id` = 5 LIMIT 0,5   [ RunTime:0.007000s ]
SQL: SELECT `id`,`name`,`presentation`,`price`,`classifyId` FROM `yaj_goods` WHERE `id` = 1 LIMIT 0,5   [ RunTime:0.006000s ]
SQL: SELECT `id`,`name`,`presentation`,`price`,`classifyId` FROM `yaj_goods` WHERE `id` = 4 LIMIT 0,5   [ RunTime:0.006000s ]
SQL: SELECT `id`,`name`,`presentation`,`price`,`classifyId` FROM `yaj_goods` WHERE `id` = 6 LIMIT 0,5   [ RunTime:0.008000s ]
SQL: SELECT `id`,`name`,`presentation`,`price`,`classifyId` FROM `yaj_goods` WHERE `id` = 7 LIMIT 0,5   [ RunTime:0.006000s ]
SQL: SELECT `id`,`name`,`presentation`,`price`,`classifyId` FROM `yaj_goods` WHERE `id` = 8 LIMIT 0,5   [ RunTime:0.009000s ]
SQL: SELECT `name` FROM `yaj_classify` WHERE `id` = 33 LIMIT 1   [ RunTime:0.007000s ]
SQL: SELECT `name` FROM `yaj_classify` WHERE `id` = 33 LIMIT 1   [ RunTime:0.005000s ]
SQL: SELECT `name` FROM `yaj_classify` WHERE `id` = 33 LIMIT 1   [ RunTime:0.009000s ]
SQL: SELECT `name` FROM `yaj_classify` WHERE `id` = 33 LIMIT 1   [ RunTime:0.011000s ]
SQL: SELECT `name` FROM `yaj_classify` WHERE `id` = 33 LIMIT 1   [ RunTime:0.008000s ]
SQL: SELECT `name` FROM `yaj_classify` WHERE `id` = 33 LIMIT 1   [ RunTime:0.007000s ]
SQL: SELECT `name` FROM `yaj_classify` WHERE `id` = 33 LIMIT 1   [ RunTime:0.010000s ]
INFO: [ app_end ] --START--
INFO: Run Behavior\ShowPageTraceBehavior [ RunTime:0.001000s ]
INFO: [ app_end ] --END-- [ RunTime:0.001000s ]

